<?xml version="1.0" encoding="UTF-8"?>
<TestRun id="208947a3-abde-4c1f-8251-afefe128e2af" name="abhishk@ABHISHK-DT 2017-08-22 13:31:54" runUser="FAREAST\abhishk" xmlns="http://microsoft.com/schemas/VisualStudio/TeamTest/2010">
  <TestSettings name="Default Test Settings" id="d8201975-c466-4728-a8d7-daea62ebd0fc">
    <Execution>
      <TestTypeSpecific />
      <AgentRule name="Execution Agents">
      </AgentRule>
    </Execution>
    <Deployment runDeploymentRoot="abhishk_ABHISHK-DT 2017-08-22 13_31_54" />
    <Properties />
  </TestSettings>
  <Times creation="2017-08-22T13:31:54.0243116+05:30" queuing="2017-08-22T13:31:54.4330121+05:30" start="2017-08-22T13:31:54.5011984+05:30" finish="2017-08-22T13:31:57.0241771+05:30" />
  <ResultSummary outcome="Completed">
    <Counters total="4" executed="4" passed="4" error="0" failed="0" timeout="0" aborted="0" inconclusive="0" passedButRunAborted="0" notRunnable="0" notExecuted="0" disconnected="0" warning="0" completed="0" inProgress="0" pending="0" />
  </ResultSummary>
  <TestDefinitions>
    <UnitTest name="CodedUITestMethod1" storage="c:\users\abhishk\source\repos\abhishkproject\codeduitestproject2\codeduitestproject2\bin\debug\codeduitestproject2.dll" id="893e51f9-d8eb-1c15-2ce4-3fccdd36113a">
      <DeploymentItems>
        <DeploymentItem filename="data1.csv" />
      </DeploymentItems>
      <Execution id="5de57367-f188-484a-b0eb-8f6243182369" />
      <TestMethod codeBase="C:/Users/abhishk/Source/Repos/abhishkProject/CodedUITestProject2/CodedUITestProject2/bin/Debug/CodedUITestProject2.DLL" adapterTypeName="Microsoft.VisualStudio.TestTools.TestTypes.Unit.UnitTestAdapter, Microsoft.VisualStudio.QualityTools.Tips.UnitTest.Adapter, Version=15.0.0.0, Culture=neutral, PublicKeyToken=b03f5f7f11d50a3a" className="CodedUITestProject2.CodedUITest1, CodedUITestProject2, Version=1.0.0.0, Culture=neutral, PublicKeyToken=null" name="CodedUITestMethod1" />
      <DataSource connectionString="|DataDirectory|\data1.csv" providerInvariantName="Microsoft.VisualStudio.TestTools.DataSource.CSV" tableName="data1#csv" />
      <Extension>Microsoft.VisualStudio.TestTools.UITesting.CodedUITestAttribute, Microsoft.VisualStudio.QualityTools.CodedUITestFramework, Version=15.0.0.0, Culture=neutral, PublicKeyToken=b03f5f7f11d50a3a</Extension>
    </UnitTest>
  </TestDefinitions>
  <TestLists>
    <TestList name="Results Not in a List" id="8c84fa94-04c1-424b-9868-57a2d4851a1d" />
    <TestList name="All Loaded Results" id="19431567-8539-422a-85d7-44ee4e166bda" />
  </TestLists>
  <TestEntries>
    <TestEntry testId="893e51f9-d8eb-1c15-2ce4-3fccdd36113a" executionId="5de57367-f188-484a-b0eb-8f6243182369" testListId="8c84fa94-04c1-424b-9868-57a2d4851a1d" />
  </TestEntries>
  <Results>
    <UnitTestResult executionId="5de57367-f188-484a-b0eb-8f6243182369" testId="893e51f9-d8eb-1c15-2ce4-3fccdd36113a" testName="CodedUITestMethod1" computerName="ABHISHK-DT" duration="00:00:00.4884508" startTime="2017-08-22T13:31:54.6245399+05:30" endTime="2017-08-22T13:31:56.7538366+05:30" testType="13cdc9d9-ddb5-4fa4-a97d-d965ccfc6d4b" outcome="Passed" testListId="8c84fa94-04c1-424b-9868-57a2d4851a1d" relativeResultsDirectory="5de57367-f188-484a-b0eb-8f6243182369" resultType="DataDrivenTest">
      <Counters error="0" failed="0" timeout="0" aborted="0" inconclusive="0" passedButRunAborted="0" notRunnable="0" notExecuted="0" disconnected="0" warning="0" passed="3" completed="0" inProgress="0" pending="0" />
      <InnerResults>
        <UnitTestResult executionId="a6f3e314-1ec8-4d78-b01a-355eda911e72" parentExecutionId="5de57367-f188-484a-b0eb-8f6243182369" testId="893e51f9-d8eb-1c15-2ce4-3fccdd36113a" testName="CodedUITestMethod1" computerName="ABHISHK-DT" duration="00:00:00.3331812" startTime="2017-08-22T13:31:56.3464207+05:30" endTime="2017-08-22T13:31:56.6841297+05:30" testType="13cdc9d9-ddb5-4fa4-a97d-d965ccfc6d4b" outcome="Passed" testListId="8c84fa94-04c1-424b-9868-57a2d4851a1d" relativeResultsDirectory="5de57367-f188-484a-b0eb-8f6243182369" dataRowInfo="0" resultType="DataDrivenDataRow" />
        <UnitTestResult executionId="ef4ab142-6d67-45fa-b90d-d931a9ab77aa" parentExecutionId="5de57367-f188-484a-b0eb-8f6243182369" testId="893e51f9-d8eb-1c15-2ce4-3fccdd36113a" testName="CodedUITestMethod1" computerName="ABHISHK-DT" duration="00:00:00.0433052" startTime="2017-08-22T13:31:56.6841297+05:30" endTime="2017-08-22T13:31:56.7272380+05:30" testType="13cdc9d9-ddb5-4fa4-a97d-d965ccfc6d4b" outcome="Passed" testListId="8c84fa94-04c1-424b-9868-57a2d4851a1d" relativeResultsDirectory="5de57367-f188-484a-b0eb-8f6243182369" dataRowInfo="1" resultType="DataDrivenDataRow" />
        <UnitTestResult executionId="5601cd08-c32c-4c32-a63a-e1e006f7afa3" parentExecutionId="5de57367-f188-484a-b0eb-8f6243182369" testId="893e51f9-d8eb-1c15-2ce4-3fccdd36113a" testName="CodedUITestMethod1" computerName="ABHISHK-DT" duration="00:00:00.0120587" startTime="2017-08-22T13:31:56.7272380+05:30" endTime="2017-08-22T13:31:56.7392687+05:30" testType="13cdc9d9-ddb5-4fa4-a97d-d965ccfc6d4b" outcome="Passed" testListId="8c84fa94-04c1-424b-9868-57a2d4851a1d" relativeResultsDirectory="5de57367-f188-484a-b0eb-8f6243182369" dataRowInfo="2" resultType="DataDrivenDataRow" />
      </InnerResults>
    </UnitTestResult>
  </Results>
</TestRun>