<?xml version="1.0" encoding="utf-8"?><TestRun id="a9b5c84e-4e02-4c25-a143-2a76dbddbbe7" name="vseqa1@V-NAGAB77931A 2018-07-02 20:12:42" runUser="REDMOND\vseqa1" xmlns="http://microsoft.com/schemas/VisualStudio/TeamTest/2010"><Times creation="2018-07-02T20:12:42.9954265-07:00" queuing="2018-07-02T20:12:42.9954265-07:00" start="2018-07-02T20:11:33.9668096-07:00" finish="2018-07-02T20:16:18.4182519-07:00" /><TestSettings name="default" id="3a885339-2271-4ffd-83e5-9b1b298f35b7"><Deployment runDeploymentRoot="vseqa1_V-NAGAB77931A_2018-07-02_20_12_42" /></TestSettings><Results><UnitTestResult executionId="7b9c184a-53b8-4adb-83ab-ec25501133f5" testId="a9a6a987-2186-23b2-456a-70960f444b9f" testName="AddTestcasesToRootSuite" computerName="V-NAGAB77931A" duration="00:01:06.2478342" startTime="2018-07-02T20:11:36.6464648-07:00" endTime="2018-07-02T20:12:42.9485852-07:00" testType="13cdc9d9-ddb5-4fa4-a97d-d965ccfc6d4b" outcome="Passed" testListId="8c84fa94-04c1-424b-9868-57a2d4851a1d" relativeResultsDirectory="7b9c184a-53b8-4adb-83ab-ec25501133f5"><Output><StdOut>Debug Trace:
00:00.002  Test Start: 7/2/2018 8:11:36 PM (local) / 7/3/2018 3:11:36 AM (UTC)&#xD;
00:00.199  Could not load test plugins from assembly 'C:\t1\_work\t\TCM ExtendedClient L2 OnPrem\Microsoft.VisualStudio.Services.CloudConfiguration.dll': System.IO.FileNotFoundException: Could not load file or assembly 'Microsoft.Cloud.Metrics.Client, Version=2.2018.322.907, Culture=neutral, PublicKeyToken=31bf3856ad364e35' or one of its dependencies. The system cannot find the file specified.&#xD;
          File name: 'Microsoft.Cloud.Metrics.Client, Version=2.2018.322.907, Culture=neutral, PublicKeyToken=31bf3856ad364e35'&#xD;
             at System.Reflection.RuntimeAssembly.GetExportedTypes(RuntimeAssembly assembly, ObjectHandleOnStack retTypes)&#xD;
             at System.Reflection.RuntimeAssembly.GetExportedTypes()&#xD;
             at Vssf.TestFramework.Client.Common.Internal.PluginManager.GetPluginTypes(Type pluginBaseType, IEnumerable`1 assemblies) in D:\v2.0\P1\_work\2\s\Vssf\Client\TestFramework\Common\Framework\PluginManager.cs:line 66&#xD;
          &#xD;
          WRN: Assembly binding logging is turned OFF.&#xD;
          To enable assembly bind failure logging, set the registry value [HKLM\Software\Microsoft\Fusion!EnableLog] (DWORD) to 1.&#xD;
          Note: There is some performance penalty associated with assembly bind failure logging.&#xD;
          To turn this feature off, remove the registry value [HKLM\Software\Microsoft\Fusion!EnableLog].&#xD;
          .&#xD;
00:00.207  Loaded plugin types: LightRailSettingProviderPlugin, HostedDeploymentSettingsPlugin, OnPremisesSettingProviderPlugin&#xD;
00:00.225  HostedDeploymentSettingsPlugin: Please provide a valid SPS/MPS URL in runsettings as value for SPS/MPS target.&#xD;
00:00.226  No targets specified in the run settings, assuming this is an OnPrem run.&#xD;
00:00.400  Random Seed for this test: 66458937&#xD;
00:00.404  Created new TimeoutScope, 'Test: AddTestcasesToRootSuite:1@0', for 00:01:00 on thread 16.&#xD;
00:00.405  Created new TimeoutScope, 'TestFrameworkTestInitialize:2@1', for 00:00:10 on thread 16.&#xD;
00:00.406  TimeoutScope, 'Test: AddTestcasesToRootSuite:1', has been paused after 00:00:00.0017631.&#xD;
00:00.448  HostedDeploymentSettingsPlugin: Unable to query deploymentSettings of service with tag 'TfsOnPremises', as no valid SPS/MPS URL was provided in runsettings as value for SPS/MPS target.&#xD;
00:00.463  Could not load test plugins from assembly 'C:\t1\_work\t\TCM ExtendedClient L2 OnPrem\Microsoft.VisualStudio.Services.CloudConfiguration.dll': System.IO.FileNotFoundException: Could not load file or assembly 'Microsoft.Cloud.Metrics.Client, Version=2.2018.322.907, Culture=neutral, PublicKeyToken=31bf3856ad364e35' or one of its dependencies. The system cannot find the file specified.&#xD;
          File name: 'Microsoft.Cloud.Metrics.Client, Version=2.2018.322.907, Culture=neutral, PublicKeyToken=31bf3856ad364e35'&#xD;
             at System.Reflection.RuntimeAssembly.GetExportedTypes(RuntimeAssembly assembly, ObjectHandleOnStack retTypes)&#xD;
             at System.Reflection.RuntimeAssembly.GetExportedTypes()&#xD;
             at Vssf.TestFramework.Client.Common.Internal.PluginManager.GetPluginTypes(Type pluginBaseType, IEnumerable`1 assemblies) in D:\v2.0\P1\_work\2\s\Vssf\Client\TestFramework\Common\Framework\PluginManager.cs:line 66&#xD;
          &#xD;
          WRN: Assembly binding logging is turned OFF.&#xD;
          To enable assembly bind failure logging, set the registry value [HKLM\Software\Microsoft\Fusion!EnableLog] (DWORD) to 1.&#xD;
          Note: There is some performance penalty associated with assembly bind failure logging.&#xD;
          To turn this feature off, remove the registry value [HKLM\Software\Microsoft\Fusion!EnableLog].&#xD;
          .&#xD;
00:00.465  Loaded plugin types: ProjectHelperClientBase, ProjectHelperClient, TfsHostCreationHelper, HostCreationHelper, OrganizationHelperClient, FeatureAvailabilityHelperClient, IdentityHelperClient, UserHelperClient, TestFrameworkTagHelper&#xD;
00:00.467  Created new TimeoutScope, 'GetDeploymentId:3@2', for 00:04:00 on thread 16.&#xD;
00:00.467  TimeoutScope, 'TestFrameworkTestInitialize:2', has been paused after 00:00:00.0603042.&#xD;
Getting credentials for identifier '' and identityType 'L2.Administrator' =&gt; Authorization: Bearer eyJ0eXAiOiJKV1QiLCJhbGciOiJOb25lIn0.eyJJZGVudGl0eVR5cGVDbGFpbSI6IkwyLkFkbWluaXN0cmF0b3IiLCJpc3MiOiJMMiIsImF1ZCI6IkwyIiwibmJmIjoxNTMwNTg3NDk3LCJleHAiOjI1MzQwMjMwMDgwMH0.&#xD;
00:00.757  Web method running: [http://v-nagab77931a:8080/tfs/_apis/connectionData?connectOptions=1&amp;lastChangeId=-1&amp;lastChangeId64=-1] (GET)connectionData[connectionData] E2EId: 83941096-c41c-4105-8a65-f944c8751710&#xD;
00:01.640  Web method response: [http://v-nagab77931a:8080/tfs/_apis/connectionData?connectOptions=1&amp;lastChangeId=-1&amp;lastChangeId64=-1] (GET)connectionData[connectionData] E2EId: 83941096-c41c-4105-8a65-f944c8751710, ActivityId: 68e95179-022d-4bd6-90df-91127d95539f 882 ms&#xD;
00:01.857  TimeoutScope 'GetDeploymentId:3' ended after '00:00:01.3903019'.&#xD;
00:01.857  TimeoutScope, 'TestFrameworkTestInitialize:2', has been resumed at 00:00:00.0603069.&#xD;
00:01.858  TimeoutScope 'TestFrameworkTestInitialize:2' ended after '00:00:00.0604545'.&#xD;
00:01.858  TimeoutScope, 'Test: AddTestcasesToRootSuite:1', has been resumed at 00:00:00.0017640.&#xD;
00:01.872  Created new TimeoutScope, 'GetDeploymentId:4@1', for 00:04:00 on thread 16.&#xD;
00:01.872  TimeoutScope, 'Test: AddTestcasesToRootSuite:1', has been paused after 00:00:00.0158671.&#xD;
00:01.921  Web method running: [http://v-nagab77931a:8080/tfs/_apis/connectionData?connectOptions=0&amp;lastChangeId=6&amp;lastChangeId64=6] (GET)connectionData[connectionData] E2EId: 6edf607a-33a2-4f53-b823-69c382b4152c&#xD;
00:01.930  Web method response: [http://v-nagab77931a:8080/tfs/_apis/connectionData?connectOptions=0&amp;lastChangeId=6&amp;lastChangeId64=6] (GET)connectionData[connectionData] E2EId: 6edf607a-33a2-4f53-b823-69c382b4152c, ActivityId: 68e9517a-022d-4bd6-90df-91127d95539f 8 ms&#xD;
00:01.936  TimeoutScope 'GetDeploymentId:4' ended after '00:00:00.0645132'.&#xD;
00:01.936  TimeoutScope, 'Test: AddTestcasesToRootSuite:1', has been resumed at 00:00:00.0158681.&#xD;
00:01.940  Tag: Default, Collection creation context: null&#xD;
00:01.943  TagHelper is getting a tag 'CollectionHostCreation.Default' on host 'ae82e5da-d7b7-47f0-b079-60f6f5bb4c44'.&#xD;
00:01.944  TagHelper did not find any cached tag 'CollectionHostCreation.Default' on host 'ae82e5da-d7b7-47f0-b079-60f6f5bb4c44'.&#xD;
00:01.944  TagHelper is retrieving tags from the source.&#xD;
00:01.949  Reading entries from the registry service with path: '/Configuration/TestFrameworkTag/**'.&#xD;
00:02.046  Web method running: [http://v-nagab77931a:8080/tfs/_apis/registry/registry?queryPath=%2FConfiguration%2FTestFrameworkTag%2F%2A%2A] (GET)registry[registry] E2EId: 8442a027-a458-412d-9bf5-b96370af7af2&#xD;
00:02.213  Web method response: [http://v-nagab77931a:8080/tfs/_apis/registry/registry?queryPath=%2FConfiguration%2FTestFrameworkTag%2F%2A%2A] (GET)registry[registry] E2EId: 8442a027-a458-412d-9bf5-b96370af7af2, ActivityId: 68e9517b-022d-4bd6-90df-91127d95539f 167 ms&#xD;
00:02.232  Web method running: [http://v-nagab77931a:8080/tfs/_apis/testcollection/testcollections] (GET)testcollections[testcollection] E2EId: 557f0f08-858c-4b63-88e8-07a6cdffcd0d&#xD;
00:02.456  Web method response: [http://v-nagab77931a:8080/tfs/_apis/testcollection/testcollections] (GET)testcollections[testcollection] E2EId: 557f0f08-858c-4b63-88e8-07a6cdffcd0d, ActivityId: 68e9517c-022d-4bd6-90df-91127d95539f 224 ms&#xD;
00:02.469  TagHelper is setting a tag 'CollectionHostCreation.Default' on host 'ae82e5da-d7b7-47f0-b079-60f6f5bb4c44' to '{"Id":"de108ff5-f4a8-4948-b1ec-3147b31f1465","Name":"46407190-89f3-4e58-9bad-783cbf2637fb_","Url":"http://v-nagab77931a:8080/tfs/46407190-89f3-4e58-9bad-783cbf2637fb_/","OrganizationId":"ae82e5da-d7b7-47f0-b079-60f6f5bb4c44","TenantId":"00000000-0000-0000-0000-000000000000"}'.&#xD;
00:02.471  Writing items to the registry service:&#xD;
00:02.471  /Configuration/TestFrameworkTag/ae82e5da-d7b7-47f0-b079-60f6f5bb4c44/CollectionHostCreation.Default: {"Id":"de108ff5-f4a8-4948-b1ec-3147b31f1465","Name":"46407190-89f3-4e58-9bad-783cbf2637fb_","Url":"http://v-nagab77931a:8080/tfs/46407190-89f3-4e58-9bad-783cbf2637fb_/","OrganizationId":"ae82e5da-d7b7-47f0-b079-60f6f5bb4c44","TenantId":"00000000-0000-0000-0000-000000000000"}&#xD;
00:02.480  Web method running: [http://v-nagab77931a:8080/tfs/_apis/registry/registry] (POST)registry[registry] E2EId: 2b5c866d-c21c-4bbd-91cd-358e88d8e0ba&#xD;
00:02.608  Web method response: [http://v-nagab77931a:8080/tfs/_apis/registry/registry] (POST)registry[registry] E2EId: 2b5c866d-c21c-4bbd-91cd-358e88d8e0ba, ActivityId: 68e9517d-022d-4bd6-90df-91127d95539f 127 ms&#xD;
00:02.615  Created new TimeoutScope, 'RetryHelper:5@1', for 00:00:10 on thread 16.&#xD;
00:02.615  TimeoutScope, 'Test: AddTestcasesToRootSuite:1', has been paused after 00:00:00.6948321.&#xD;
00:02.616  Looking for collection 'de108ff5-f4a8-4948-b1ec-3147b31f1465'.&#xD;
00:02.642  Web method running: [http://v-nagab77931a:8080/tfs/_apis/testcollection/testcollections/de108ff5-f4a8-4948-b1ec-3147b31f1465] (GET)de108ff5-f4a8-4948-b1ec-3147b31f1465[testcollection] E2EId: 60d90a3d-9eb1-4b09-9120-138ef797f7e7&#xD;
00:02.657  Web method response: [http://v-nagab77931a:8080/tfs/_apis/testcollection/testcollections/de108ff5-f4a8-4948-b1ec-3147b31f1465] (GET)de108ff5-f4a8-4948-b1ec-3147b31f1465[testcollection] E2EId: 60d90a3d-9eb1-4b09-9120-138ef797f7e7, ActivityId: 68e9517e-022d-4bd6-90df-91127d95539f 15 ms&#xD;
00:02.658  Retry succeeded after 1 tries and time of 00:00:00.0426268.&#xD;
00:02.658  TimeoutScope 'RetryHelper:5' ended after '00:00:00.0430087'.&#xD;
00:02.658  TimeoutScope, 'Test: AddTestcasesToRootSuite:1', has been resumed at 00:00:00.6948328.&#xD;
00:02.659  Test host created for ProjectCollection host de108ff5-f4a8-4948-b1ec-3147b31f1465 representing artifact http://v-nagab77931a:8080/tfs/46407190-89f3-4e58-9bad-783cbf2637fb_/ on service TfsOnPremises.&#xD;
00:02.669  TagHelper is getting a tag 'Project.PrivateAgileGit' on host 'de108ff5-f4a8-4948-b1ec-3147b31f1465'.&#xD;
00:02.669  TagHelper did not find any cached tag 'Project.PrivateAgileGit' on host 'de108ff5-f4a8-4948-b1ec-3147b31f1465'.&#xD;
00:02.724  Web method running: [http://v-nagab77931a:8080/tfs/46407190-89f3-4e58-9bad-783cbf2637fb_/_apis/connectionData?connectOptions=1&amp;lastChangeId=-1&amp;lastChangeId64=-1] (GET)connectionData[connectionData] E2EId: 7be30186-7954-41e7-adea-a3f0b1bd1213&#xD;
00:03.048  Web method response: [http://v-nagab77931a:8080/tfs/46407190-89f3-4e58-9bad-783cbf2637fb_/_apis/connectionData?connectOptions=1&amp;lastChangeId=-1&amp;lastChangeId64=-1] (GET)connectionData[connectionData] E2EId: 7be30186-7954-41e7-adea-a3f0b1bd1213, ActivityId: 68e9517f-022d-4bd6-90df-91127d95539f 323 ms&#xD;
00:03.128  Creating project: sdentifies people online. Impllowssy!n8d5e05805548ee6.&#xD;
00:03.129  Web method running: [http://v-nagab77931a:8080/tfs/46407190-89f3-4e58-9bad-783cbf2637fb_/_apis/projects] (POST)projects[projects] E2EId: 17bc8f35-523f-4b21-8bc9-7526dd14e05d&#xD;
00:04.106  Web method response: [http://v-nagab77931a:8080/tfs/46407190-89f3-4e58-9bad-783cbf2637fb_/_apis/projects] (POST)projects[projects] E2EId: 17bc8f35-523f-4b21-8bc9-7526dd14e05d, ActivityId: 68e95160-022d-4bd6-90df-91127d95539f 976 ms&#xD;
00:04.111  Created new TimeoutScope, 'RetryHelper:6@1', for 00:00:10 on thread 16.&#xD;
00:04.111  TimeoutScope, 'Test: AddTestcasesToRootSuite:1', has been paused after 00:00:02.1477693.&#xD;
00:04.111  Looking for collection 'de108ff5-f4a8-4948-b1ec-3147b31f1465'.&#xD;
00:04.111  Web method running: [http://v-nagab77931a:8080/tfs/_apis/testcollection/testcollections/de108ff5-f4a8-4948-b1ec-3147b31f1465] (GET)de108ff5-f4a8-4948-b1ec-3147b31f1465[testcollection] E2EId: 4a2e547e-b06e-47e3-8d23-4a88b50a85ed&#xD;
00:04.117  Web method response: [http://v-nagab77931a:8080/tfs/_apis/testcollection/testcollections/de108ff5-f4a8-4948-b1ec-3147b31f1465] (GET)de108ff5-f4a8-4948-b1ec-3147b31f1465[testcollection] E2EId: 4a2e547e-b06e-47e3-8d23-4a88b50a85ed, ActivityId: 68e95161-022d-4bd6-90df-91127d95539f 5 ms&#xD;
00:04.117  Retry succeeded after 1 tries and time of 00:00:00.0057866.&#xD;
00:04.117  TimeoutScope 'RetryHelper:6' ended after '00:00:00.0057782'.&#xD;
00:04.117  TimeoutScope, 'Test: AddTestcasesToRootSuite:1', has been resumed at 00:00:02.1477699.&#xD;
00:04.117  Test host created for ProjectCollection host de108ff5-f4a8-4948-b1ec-3147b31f1465 representing artifact http://v-nagab77931a:8080/tfs/46407190-89f3-4e58-9bad-783cbf2637fb_/ on service TfsOnPremises.&#xD;
00:04.162  Wait for job ea08d3e3-1b05-4e87-b004-7e2d71fbf645 to complete...&#xD;
00:04.162  Created new TimeoutScope, 'RetryHelper:7@1', for 00:02:00 on thread 16.&#xD;
00:04.162  TimeoutScope, 'Test: AddTestcasesToRootSuite:1', has been paused after 00:00:02.1924622.&#xD;
00:04.165  Web method running: [http://v-nagab77931a:8080/tfs/46407190-89f3-4e58-9bad-783cbf2637fb_/_apis/operations/ea08d3e3-1b05-4e87-b004-7e2d71fbf645] (GET)ea08d3e3-1b05-4e87-b004-7e2d71fbf645[operations] E2EId: d4705d6e-e42b-4b57-ad42-c13d13fc848c&#xD;
00:04.250  Web method response: [http://v-nagab77931a:8080/tfs/46407190-89f3-4e58-9bad-783cbf2637fb_/_apis/operations/ea08d3e3-1b05-4e87-b004-7e2d71fbf645] (GET)ea08d3e3-1b05-4e87-b004-7e2d71fbf645[operations] E2EId: d4705d6e-e42b-4b57-ad42-c13d13fc848c, ActivityId: 68e95162-022d-4bd6-90df-91127d95539f 85 ms&#xD;
00:04.259  Operation 'ea08d3e3-1b05-4e87-b004-7e2d71fbf645': Queued.&#xD;
00:05.266  Web method running: [http://v-nagab77931a:8080/tfs/46407190-89f3-4e58-9bad-783cbf2637fb_/_apis/operations/ea08d3e3-1b05-4e87-b004-7e2d71fbf645] (GET)ea08d3e3-1b05-4e87-b004-7e2d71fbf645[operations] E2EId: cc39da88-ebbe-4c48-a49e-edd9fdd04d06&#xD;
00:05.275  Web method response: [http://v-nagab77931a:8080/tfs/46407190-89f3-4e58-9bad-783cbf2637fb_/_apis/operations/ea08d3e3-1b05-4e87-b004-7e2d71fbf645] (GET)ea08d3e3-1b05-4e87-b004-7e2d71fbf645[operations] E2EId: cc39da88-ebbe-4c48-a49e-edd9fdd04d06, ActivityId: 68e95163-022d-4bd6-90df-91127d95539f 8 ms&#xD;
00:05.275  Operation 'ea08d3e3-1b05-4e87-b004-7e2d71fbf645': InProgress.&#xD;
00:06.282  Web method running: [http://v-nagab77931a:8080/tfs/46407190-89f3-4e58-9bad-783cbf2637fb_/_apis/operations/ea08d3e3-1b05-4e87-b004-7e2d71fbf645] (GET)ea08d3e3-1b05-4e87-b004-7e2d71fbf645[operations] E2EId: aade89c0-d978-4b64-8c1c-d960c2b71fb9&#xD;
00:06.288  Web method response: [http://v-nagab77931a:8080/tfs/46407190-89f3-4e58-9bad-783cbf2637fb_/_apis/operations/ea08d3e3-1b05-4e87-b004-7e2d71fbf645] (GET)ea08d3e3-1b05-4e87-b004-7e2d71fbf645[operations] E2EId: aade89c0-d978-4b64-8c1c-d960c2b71fb9, ActivityId: 68e95164-022d-4bd6-90df-91127d95539f 5 ms&#xD;
00:07.303  Web method running: [http://v-nagab77931a:8080/tfs/46407190-89f3-4e58-9bad-783cbf2637fb_/_apis/operations/ea08d3e3-1b05-4e87-b004-7e2d71fbf645] (GET)ea08d3e3-1b05-4e87-b004-7e2d71fbf645[operations] E2EId: b0fa0fb8-80c4-41a0-8037-f297ca53b86e&#xD;
00:07.310  Web method response: [http://v-nagab77931a:8080/tfs/46407190-89f3-4e58-9bad-783cbf2637fb_/_apis/operations/ea08d3e3-1b05-4e87-b004-7e2d71fbf645] (GET)ea08d3e3-1b05-4e87-b004-7e2d71fbf645[operations] E2EId: b0fa0fb8-80c4-41a0-8037-f297ca53b86e, ActivityId: 68e95165-022d-4bd6-90df-91127d95539f 7 ms&#xD;
00:08.318  Web method running: [http://v-nagab77931a:8080/tfs/46407190-89f3-4e58-9bad-783cbf2637fb_/_apis/operations/ea08d3e3-1b05-4e87-b004-7e2d71fbf645] (GET)ea08d3e3-1b05-4e87-b004-7e2d71fbf645[operations] E2EId: c17a3ec3-7c0b-400d-91b1-f65bc50225bb&#xD;
00:08.325  Web method response: [http://v-nagab77931a:8080/tfs/46407190-89f3-4e58-9bad-783cbf2637fb_/_apis/operations/ea08d3e3-1b05-4e87-b004-7e2d71fbf645] (GET)ea08d3e3-1b05-4e87-b004-7e2d71fbf645[operations] E2EId: c17a3ec3-7c0b-400d-91b1-f65bc50225bb, ActivityId: 68e95166-022d-4bd6-90df-91127d95539f 7 ms&#xD;
00:09.327  Web method running: [http://v-nagab77931a:8080/tfs/46407190-89f3-4e58-9bad-783cbf2637fb_/_apis/operations/ea08d3e3-1b05-4e87-b004-7e2d71fbf645] (GET)ea08d3e3-1b05-4e87-b004-7e2d71fbf645[operations] E2EId: 93d77e70-9676-44a8-bf37-eaeefb9ebd37&#xD;
00:09.334  Web method response: [http://v-nagab77931a:8080/tfs/46407190-89f3-4e58-9bad-783cbf2637fb_/_apis/operations/ea08d3e3-1b05-4e87-b004-7e2d71fbf645] (GET)ea08d3e3-1b05-4e87-b004-7e2d71fbf645[operations] E2EId: 93d77e70-9676-44a8-bf37-eaeefb9ebd37, ActivityId: 68e95167-022d-4bd6-90df-91127d95539f 6 ms&#xD;
00:10.356  Web method running: [http://v-nagab77931a:8080/tfs/46407190-89f3-4e58-9bad-783cbf2637fb_/_apis/operations/ea08d3e3-1b05-4e87-b004-7e2d71fbf645] (GET)ea08d3e3-1b05-4e87-b004-7e2d71fbf645[operations] E2EId: b2cd17ed-4878-41e5-b7ca-f327cd9bcd33&#xD;
00:10.364  Web method response: [http://v-nagab77931a:8080/tfs/46407190-89f3-4e58-9bad-783cbf2637fb_/_apis/operations/ea08d3e3-1b05-4e87-b004-7e2d71fbf645] (GET)ea08d3e3-1b05-4e87-b004-7e2d71fbf645[operations] E2EId: b2cd17ed-4878-41e5-b7ca-f327cd9bcd33, ActivityId: 68e95168-022d-4bd6-90df-91127d95539f 8 ms&#xD;
00:11.365  Web method running: [http://v-nagab77931a:8080/tfs/46407190-89f3-4e58-9bad-783cbf2637fb_/_apis/operations/ea08d3e3-1b05-4e87-b004-7e2d71fbf645] (GET)ea08d3e3-1b05-4e87-b004-7e2d71fbf645[operations] E2EId: c29becfa-a9c9-47e8-9a20-3d4688fa888c&#xD;
00:11.372  Web method response: [http://v-nagab77931a:8080/tfs/46407190-89f3-4e58-9bad-783cbf2637fb_/_apis/operations/ea08d3e3-1b05-4e87-b004-7e2d71fbf645] (GET)ea08d3e3-1b05-4e87-b004-7e2d71fbf645[operations] E2EId: c29becfa-a9c9-47e8-9a20-3d4688fa888c, ActivityId: 68e95169-022d-4bd6-90df-91127d95539f 6 ms&#xD;
00:12.381  Web method running: [http://v-nagab77931a:8080/tfs/46407190-89f3-4e58-9bad-783cbf2637fb_/_apis/operations/ea08d3e3-1b05-4e87-b004-7e2d71fbf645] (GET)ea08d3e3-1b05-4e87-b004-7e2d71fbf645[operations] E2EId: fe4bcad6-3a2b-4c5a-9e06-37894308283d&#xD;
00:12.389  Web method response: [http://v-nagab77931a:8080/tfs/46407190-89f3-4e58-9bad-783cbf2637fb_/_apis/operations/ea08d3e3-1b05-4e87-b004-7e2d71fbf645] (GET)ea08d3e3-1b05-4e87-b004-7e2d71fbf645[operations] E2EId: fe4bcad6-3a2b-4c5a-9e06-37894308283d, ActivityId: 68e9516a-022d-4bd6-90df-91127d95539f 7 ms&#xD;
00:13.396  Web method running: [http://v-nagab77931a:8080/tfs/46407190-89f3-4e58-9bad-783cbf2637fb_/_apis/operations/ea08d3e3-1b05-4e87-b004-7e2d71fbf645] (GET)ea08d3e3-1b05-4e87-b004-7e2d71fbf645[operations] E2EId: 13719d16-ca45-47a3-865e-ab17dcf2f54a&#xD;
00:13.403  Web method response: [http://v-nagab77931a:8080/tfs/46407190-89f3-4e58-9bad-783cbf2637fb_/_apis/operations/ea08d3e3-1b05-4e87-b004-7e2d71fbf645] (GET)ea08d3e3-1b05-4e87-b004-7e2d71fbf645[operations] E2EId: 13719d16-ca45-47a3-865e-ab17dcf2f54a, ActivityId: 68e9516b-022d-4bd6-90df-91127d95539f 7 ms&#xD;
00:14.413  Web method running: [http://v-nagab77931a:8080/tfs/46407190-89f3-4e58-9bad-783cbf2637fb_/_apis/operations/ea08d3e3-1b05-4e87-b004-7e2d71fbf645] (GET)ea08d3e3-1b05-4e87-b004-7e2d71fbf645[operations] E2EId: f6f9f84d-156d-48aa-9ed7-6cdefcfb73b5&#xD;
00:14.420  Web method response: [http://v-nagab77931a:8080/tfs/46407190-89f3-4e58-9bad-783cbf2637fb_/_apis/operations/ea08d3e3-1b05-4e87-b004-7e2d71fbf645] (GET)ea08d3e3-1b05-4e87-b004-7e2d71fbf645[operations] E2EId: f6f9f84d-156d-48aa-9ed7-6cdefcfb73b5, ActivityId: 68e9516c-022d-4bd6-90df-91127d95539f 7 ms&#xD;
00:15.428  Web method running: [http://v-nagab77931a:8080/tfs/46407190-89f3-4e58-9bad-783cbf2637fb_/_apis/operations/ea08d3e3-1b05-4e87-b004-7e2d71fbf645] (GET)ea08d3e3-1b05-4e87-b004-7e2d71fbf645[operations] E2EId: 83f2cdcb-1d26-486d-ac4d-9513c5f6edf4&#xD;
00:15.435  Web method response: [http://v-nagab77931a:8080/tfs/46407190-89f3-4e58-9bad-783cbf2637fb_/_apis/operations/ea08d3e3-1b05-4e87-b004-7e2d71fbf645] (GET)ea08d3e3-1b05-4e87-b004-7e2d71fbf645[operations] E2EId: 83f2cdcb-1d26-486d-ac4d-9513c5f6edf4, ActivityId: 68e9516d-022d-4bd6-90df-91127d95539f 6 ms&#xD;
00:16.444  Web method running: [http://v-nagab77931a:8080/tfs/46407190-89f3-4e58-9bad-783cbf2637fb_/_apis/operations/ea08d3e3-1b05-4e87-b004-7e2d71fbf645] (GET)ea08d3e3-1b05-4e87-b004-7e2d71fbf645[operations] E2EId: 69e331c4-62f8-4e0d-b3e0-2eee962934ec&#xD;
00:16.477  Web method response: [http://v-nagab77931a:8080/tfs/46407190-89f3-4e58-9bad-783cbf2637fb_/_apis/operations/ea08d3e3-1b05-4e87-b004-7e2d71fbf645] (GET)ea08d3e3-1b05-4e87-b004-7e2d71fbf645[operations] E2EId: 69e331c4-62f8-4e0d-b3e0-2eee962934ec, ActivityId: 68e9516e-022d-4bd6-90df-91127d95539f 32 ms&#xD;
00:17.491  Web method running: [http://v-nagab77931a:8080/tfs/46407190-89f3-4e58-9bad-783cbf2637fb_/_apis/operations/ea08d3e3-1b05-4e87-b004-7e2d71fbf645] (GET)ea08d3e3-1b05-4e87-b004-7e2d71fbf645[operations] E2EId: f2ff8ea3-846f-4b18-9cd2-e4415465a316&#xD;
00:17.498  Web method response: [http://v-nagab77931a:8080/tfs/46407190-89f3-4e58-9bad-783cbf2637fb_/_apis/operations/ea08d3e3-1b05-4e87-b004-7e2d71fbf645] (GET)ea08d3e3-1b05-4e87-b004-7e2d71fbf645[operations] E2EId: f2ff8ea3-846f-4b18-9cd2-e4415465a316, ActivityId: 68e9516f-022d-4bd6-90df-91127d95539f 7 ms&#xD;
00:18.510  Web method running: [http://v-nagab77931a:8080/tfs/46407190-89f3-4e58-9bad-783cbf2637fb_/_apis/operations/ea08d3e3-1b05-4e87-b004-7e2d71fbf645] (GET)ea08d3e3-1b05-4e87-b004-7e2d71fbf645[operations] E2EId: 5cb81483-8532-43d4-9ee7-2fbe4157fcf0&#xD;
00:18.517  Web method response: [http://v-nagab77931a:8080/tfs/46407190-89f3-4e58-9bad-783cbf2637fb_/_apis/operations/ea08d3e3-1b05-4e87-b004-7e2d71fbf645] (GET)ea08d3e3-1b05-4e87-b004-7e2d71fbf645[operations] E2EId: 5cb81483-8532-43d4-9ee7-2fbe4157fcf0, ActivityId: 68e95150-022d-4bd6-90df-91127d95539f 7 ms&#xD;
00:19.524  Web method running: [http://v-nagab77931a:8080/tfs/46407190-89f3-4e58-9bad-783cbf2637fb_/_apis/operations/ea08d3e3-1b05-4e87-b004-7e2d71fbf645] (GET)ea08d3e3-1b05-4e87-b004-7e2d71fbf645[operations] E2EId: 5ff82672-b32d-4ae8-a1c3-c7419fafedf5&#xD;
00:19.536  Web method response: [http://v-nagab77931a:8080/tfs/46407190-89f3-4e58-9bad-783cbf2637fb_/_apis/operations/ea08d3e3-1b05-4e87-b004-7e2d71fbf645] (GET)ea08d3e3-1b05-4e87-b004-7e2d71fbf645[operations] E2EId: 5ff82672-b32d-4ae8-a1c3-c7419fafedf5, ActivityId: 68e95151-022d-4bd6-90df-91127d95539f 11 ms&#xD;
00:20.547  Web method running: [http://v-nagab77931a:8080/tfs/46407190-89f3-4e58-9bad-783cbf2637fb_/_apis/operations/ea08d3e3-1b05-4e87-b004-7e2d71fbf645] (GET)ea08d3e3-1b05-4e87-b004-7e2d71fbf645[operations] E2EId: d3bc57d7-7b4a-490b-9a62-34a84e723e4b&#xD;
00:20.554  Web method response: [http://v-nagab77931a:8080/tfs/46407190-89f3-4e58-9bad-783cbf2637fb_/_apis/operations/ea08d3e3-1b05-4e87-b004-7e2d71fbf645] (GET)ea08d3e3-1b05-4e87-b004-7e2d71fbf645[operations] E2EId: d3bc57d7-7b4a-490b-9a62-34a84e723e4b, ActivityId: 68e95152-022d-4bd6-90df-91127d95539f 6 ms&#xD;
00:21.569  Web method running: [http://v-nagab77931a:8080/tfs/46407190-89f3-4e58-9bad-783cbf2637fb_/_apis/operations/ea08d3e3-1b05-4e87-b004-7e2d71fbf645] (GET)ea08d3e3-1b05-4e87-b004-7e2d71fbf645[operations] E2EId: 3f124188-e5ff-4e2d-a45e-ba9f816f2c41&#xD;
00:21.577  Web method response: [http://v-nagab77931a:8080/tfs/46407190-89f3-4e58-9bad-783cbf2637fb_/_apis/operations/ea08d3e3-1b05-4e87-b004-7e2d71fbf645] (GET)ea08d3e3-1b05-4e87-b004-7e2d71fbf645[operations] E2EId: 3f124188-e5ff-4e2d-a45e-ba9f816f2c41, ActivityId: 68e95153-022d-4bd6-90df-91127d95539f 7 ms&#xD;
00:22.593  Web method running: [http://v-nagab77931a:8080/tfs/46407190-89f3-4e58-9bad-783cbf2637fb_/_apis/operations/ea08d3e3-1b05-4e87-b004-7e2d71fbf645] (GET)ea08d3e3-1b05-4e87-b004-7e2d71fbf645[operations] E2EId: 589a950f-fa0e-47b4-981b-82e3a8f4b88c&#xD;
00:22.600  Web method response: [http://v-nagab77931a:8080/tfs/46407190-89f3-4e58-9bad-783cbf2637fb_/_apis/operations/ea08d3e3-1b05-4e87-b004-7e2d71fbf645] (GET)ea08d3e3-1b05-4e87-b004-7e2d71fbf645[operations] E2EId: 589a950f-fa0e-47b4-981b-82e3a8f4b88c, ActivityId: 68e95154-022d-4bd6-90df-91127d95539f 6 ms&#xD;
00:23.609  Web method running: [http://v-nagab77931a:8080/tfs/46407190-89f3-4e58-9bad-783cbf2637fb_/_apis/operations/ea08d3e3-1b05-4e87-b004-7e2d71fbf645] (GET)ea08d3e3-1b05-4e87-b004-7e2d71fbf645[operations] E2EId: 658afd54-62e5-44da-b871-8d252f915c71&#xD;
00:23.619  Web method response: [http://v-nagab77931a:8080/tfs/46407190-89f3-4e58-9bad-783cbf2637fb_/_apis/operations/ea08d3e3-1b05-4e87-b004-7e2d71fbf645] (GET)ea08d3e3-1b05-4e87-b004-7e2d71fbf645[operations] E2EId: 658afd54-62e5-44da-b871-8d252f915c71, ActivityId: 68e95155-022d-4bd6-90df-91127d95539f 9 ms&#xD;
00:24.648  Web method running: [http://v-nagab77931a:8080/tfs/46407190-89f3-4e58-9bad-783cbf2637fb_/_apis/operations/ea08d3e3-1b05-4e87-b004-7e2d71fbf645] (GET)ea08d3e3-1b05-4e87-b004-7e2d71fbf645[operations] E2EId: 4d5d9b5e-c1eb-4876-831e-5f5186819c4a&#xD;
00:24.656  Web method response: [http://v-nagab77931a:8080/tfs/46407190-89f3-4e58-9bad-783cbf2637fb_/_apis/operations/ea08d3e3-1b05-4e87-b004-7e2d71fbf645] (GET)ea08d3e3-1b05-4e87-b004-7e2d71fbf645[operations] E2EId: 4d5d9b5e-c1eb-4876-831e-5f5186819c4a, ActivityId: 68e95156-022d-4bd6-90df-91127d95539f 8 ms&#xD;
00:25.664  Web method running: [http://v-nagab77931a:8080/tfs/46407190-89f3-4e58-9bad-783cbf2637fb_/_apis/operations/ea08d3e3-1b05-4e87-b004-7e2d71fbf645] (GET)ea08d3e3-1b05-4e87-b004-7e2d71fbf645[operations] E2EId: ae8d9dfb-6bd2-4b6d-85e3-00526ec81c4c&#xD;
00:25.671  Web method response: [http://v-nagab77931a:8080/tfs/46407190-89f3-4e58-9bad-783cbf2637fb_/_apis/operations/ea08d3e3-1b05-4e87-b004-7e2d71fbf645] (GET)ea08d3e3-1b05-4e87-b004-7e2d71fbf645[operations] E2EId: ae8d9dfb-6bd2-4b6d-85e3-00526ec81c4c, ActivityId: 68e95157-022d-4bd6-90df-91127d95539f 7 ms&#xD;
00:26.687  Web method running: [http://v-nagab77931a:8080/tfs/46407190-89f3-4e58-9bad-783cbf2637fb_/_apis/operations/ea08d3e3-1b05-4e87-b004-7e2d71fbf645] (GET)ea08d3e3-1b05-4e87-b004-7e2d71fbf645[operations] E2EId: 6d814787-f1ec-4a75-bdfc-0628f068667f&#xD;
00:26.694  Web method response: [http://v-nagab77931a:8080/tfs/46407190-89f3-4e58-9bad-783cbf2637fb_/_apis/operations/ea08d3e3-1b05-4e87-b004-7e2d71fbf645] (GET)ea08d3e3-1b05-4e87-b004-7e2d71fbf645[operations] E2EId: 6d814787-f1ec-4a75-bdfc-0628f068667f, ActivityId: 68e95158-022d-4bd6-90df-91127d95539f 6 ms&#xD;
00:27.709  Web method running: [http://v-nagab77931a:8080/tfs/46407190-89f3-4e58-9bad-783cbf2637fb_/_apis/operations/ea08d3e3-1b05-4e87-b004-7e2d71fbf645] (GET)ea08d3e3-1b05-4e87-b004-7e2d71fbf645[operations] E2EId: 6bc977a0-6fe7-4a73-b46e-1829169175be&#xD;
00:27.716  Web method response: [http://v-nagab77931a:8080/tfs/46407190-89f3-4e58-9bad-783cbf2637fb_/_apis/operations/ea08d3e3-1b05-4e87-b004-7e2d71fbf645] (GET)ea08d3e3-1b05-4e87-b004-7e2d71fbf645[operations] E2EId: 6bc977a0-6fe7-4a73-b46e-1829169175be, ActivityId: 68e95159-022d-4bd6-90df-91127d95539f 6 ms&#xD;
00:28.721  Web method running: [http://v-nagab77931a:8080/tfs/46407190-89f3-4e58-9bad-783cbf2637fb_/_apis/operations/ea08d3e3-1b05-4e87-b004-7e2d71fbf645] (GET)ea08d3e3-1b05-4e87-b004-7e2d71fbf645[operations] E2EId: 5b81692b-fd53-44c6-8233-3473238e5173&#xD;
00:28.728  Web method response: [http://v-nagab77931a:8080/tfs/46407190-89f3-4e58-9bad-783cbf2637fb_/_apis/operations/ea08d3e3-1b05-4e87-b004-7e2d71fbf645] (GET)ea08d3e3-1b05-4e87-b004-7e2d71fbf645[operations] E2EId: 5b81692b-fd53-44c6-8233-3473238e5173, ActivityId: 68e9515a-022d-4bd6-90df-91127d95539f 6 ms&#xD;
00:29.742  Web method running: [http://v-nagab77931a:8080/tfs/46407190-89f3-4e58-9bad-783cbf2637fb_/_apis/operations/ea08d3e3-1b05-4e87-b004-7e2d71fbf645] (GET)ea08d3e3-1b05-4e87-b004-7e2d71fbf645[operations] E2EId: 73920df1-2091-4646-9b84-47647ed6811d&#xD;
00:29.749  Web method response: [http://v-nagab77931a:8080/tfs/46407190-89f3-4e58-9bad-783cbf2637fb_/_apis/operations/ea08d3e3-1b05-4e87-b004-7e2d71fbf645] (GET)ea08d3e3-1b05-4e87-b004-7e2d71fbf645[operations] E2EId: 73920df1-2091-4646-9b84-47647ed6811d, ActivityId: 68e9515b-022d-4bd6-90df-91127d95539f 6 ms&#xD;
00:30.753  Web method running: [http://v-nagab77931a:8080/tfs/46407190-89f3-4e58-9bad-783cbf2637fb_/_apis/operations/ea08d3e3-1b05-4e87-b004-7e2d71fbf645] (GET)ea08d3e3-1b05-4e87-b004-7e2d71fbf645[operations] E2EId: 92222762-3187-42e7-9066-bf01bd25100f&#xD;
00:30.760  Web method response: [http://v-nagab77931a:8080/tfs/46407190-89f3-4e58-9bad-783cbf2637fb_/_apis/operations/ea08d3e3-1b05-4e87-b004-7e2d71fbf645] (GET)ea08d3e3-1b05-4e87-b004-7e2d71fbf645[operations] E2EId: 92222762-3187-42e7-9066-bf01bd25100f, ActivityId: 68e9515c-022d-4bd6-90df-91127d95539f 7 ms&#xD;
00:31.767  Web method running: [http://v-nagab77931a:8080/tfs/46407190-89f3-4e58-9bad-783cbf2637fb_/_apis/operations/ea08d3e3-1b05-4e87-b004-7e2d71fbf645] (GET)ea08d3e3-1b05-4e87-b004-7e2d71fbf645[operations] E2EId: 8eaa4fd6-35a1-44c4-a376-1f50f4f4d832&#xD;
00:31.775  Web method response: [http://v-nagab77931a:8080/tfs/46407190-89f3-4e58-9bad-783cbf2637fb_/_apis/operations/ea08d3e3-1b05-4e87-b004-7e2d71fbf645] (GET)ea08d3e3-1b05-4e87-b004-7e2d71fbf645[operations] E2EId: 8eaa4fd6-35a1-44c4-a376-1f50f4f4d832, ActivityId: 68e9515d-022d-4bd6-90df-91127d95539f 7 ms&#xD;
00:32.788  Web method running: [http://v-nagab77931a:8080/tfs/46407190-89f3-4e58-9bad-783cbf2637fb_/_apis/operations/ea08d3e3-1b05-4e87-b004-7e2d71fbf645] (GET)ea08d3e3-1b05-4e87-b004-7e2d71fbf645[operations] E2EId: 7a0e92b3-cfa0-4baa-aebb-dd65040b8e31&#xD;
00:32.795  Web method response: [http://v-nagab77931a:8080/tfs/46407190-89f3-4e58-9bad-783cbf2637fb_/_apis/operations/ea08d3e3-1b05-4e87-b004-7e2d71fbf645] (GET)ea08d3e3-1b05-4e87-b004-7e2d71fbf645[operations] E2EId: 7a0e92b3-cfa0-4baa-aebb-dd65040b8e31, ActivityId: 68e9515e-022d-4bd6-90df-91127d95539f 6 ms&#xD;
00:33.807  Web method running: [http://v-nagab77931a:8080/tfs/46407190-89f3-4e58-9bad-783cbf2637fb_/_apis/operations/ea08d3e3-1b05-4e87-b004-7e2d71fbf645] (GET)ea08d3e3-1b05-4e87-b004-7e2d71fbf645[operations] E2EId: cce97d4b-1edf-45ed-918f-2d7c3ac32a0d&#xD;
00:33.814  Web method response: [http://v-nagab77931a:8080/tfs/46407190-89f3-4e58-9bad-783cbf2637fb_/_apis/operations/ea08d3e3-1b05-4e87-b004-7e2d71fbf645] (GET)ea08d3e3-1b05-4e87-b004-7e2d71fbf645[operations] E2EId: cce97d4b-1edf-45ed-918f-2d7c3ac32a0d, ActivityId: 68e9515f-022d-4bd6-90df-91127d95539f 6 ms&#xD;
00:34.819  Web method running: [http://v-nagab77931a:8080/tfs/46407190-89f3-4e58-9bad-783cbf2637fb_/_apis/operations/ea08d3e3-1b05-4e87-b004-7e2d71fbf645] (GET)ea08d3e3-1b05-4e87-b004-7e2d71fbf645[operations] E2EId: 291e8aa5-dc75-4e87-abb0-385e41f503da&#xD;
00:34.826  Web method response: [http://v-nagab77931a:8080/tfs/46407190-89f3-4e58-9bad-783cbf2637fb_/_apis/operations/ea08d3e3-1b05-4e87-b004-7e2d71fbf645] (GET)ea08d3e3-1b05-4e87-b004-7e2d71fbf645[operations] E2EId: 291e8aa5-dc75-4e87-abb0-385e41f503da, ActivityId: 68e95140-022d-4bd6-90df-91127d95539f 7 ms&#xD;
00:35.836  Web method running: [http://v-nagab77931a:8080/tfs/46407190-89f3-4e58-9bad-783cbf2637fb_/_apis/operations/ea08d3e3-1b05-4e87-b004-7e2d71fbf645] (GET)ea08d3e3-1b05-4e87-b004-7e2d71fbf645[operations] E2EId: 477d627a-3056-4980-aedb-90e22c8df963&#xD;
00:35.843  Web method response: [http://v-nagab77931a:8080/tfs/46407190-89f3-4e58-9bad-783cbf2637fb_/_apis/operations/ea08d3e3-1b05-4e87-b004-7e2d71fbf645] (GET)ea08d3e3-1b05-4e87-b004-7e2d71fbf645[operations] E2EId: 477d627a-3056-4980-aedb-90e22c8df963, ActivityId: 68e95141-022d-4bd6-90df-91127d95539f 7 ms&#xD;
00:36.857  Web method running: [http://v-nagab77931a:8080/tfs/46407190-89f3-4e58-9bad-783cbf2637fb_/_apis/operations/ea08d3e3-1b05-4e87-b004-7e2d71fbf645] (GET)ea08d3e3-1b05-4e87-b004-7e2d71fbf645[operations] E2EId: 0cae14b9-e30b-451d-804d-3c08bf598538&#xD;
00:36.866  Web method response: [http://v-nagab77931a:8080/tfs/46407190-89f3-4e58-9bad-783cbf2637fb_/_apis/operations/ea08d3e3-1b05-4e87-b004-7e2d71fbf645] (GET)ea08d3e3-1b05-4e87-b004-7e2d71fbf645[operations] E2EId: 0cae14b9-e30b-451d-804d-3c08bf598538, ActivityId: 68e95142-022d-4bd6-90df-91127d95539f 8 ms&#xD;
00:37.875  Web method running: [http://v-nagab77931a:8080/tfs/46407190-89f3-4e58-9bad-783cbf2637fb_/_apis/operations/ea08d3e3-1b05-4e87-b004-7e2d71fbf645] (GET)ea08d3e3-1b05-4e87-b004-7e2d71fbf645[operations] E2EId: 4184d5a5-303f-47ea-b799-8d19ae66654c&#xD;
00:37.882  Web method response: [http://v-nagab77931a:8080/tfs/46407190-89f3-4e58-9bad-783cbf2637fb_/_apis/operations/ea08d3e3-1b05-4e87-b004-7e2d71fbf645] (GET)ea08d3e3-1b05-4e87-b004-7e2d71fbf645[operations] E2EId: 4184d5a5-303f-47ea-b799-8d19ae66654c, ActivityId: 68e95143-022d-4bd6-90df-91127d95539f 6 ms&#xD;
00:38.884  Web method running: [http://v-nagab77931a:8080/tfs/46407190-89f3-4e58-9bad-783cbf2637fb_/_apis/operations/ea08d3e3-1b05-4e87-b004-7e2d71fbf645] (GET)ea08d3e3-1b05-4e87-b004-7e2d71fbf645[operations] E2EId: 35c97647-95d3-4ff1-b857-8b5de6e60a55&#xD;
00:38.891  Web method response: [http://v-nagab77931a:8080/tfs/46407190-89f3-4e58-9bad-783cbf2637fb_/_apis/operations/ea08d3e3-1b05-4e87-b004-7e2d71fbf645] (GET)ea08d3e3-1b05-4e87-b004-7e2d71fbf645[operations] E2EId: 35c97647-95d3-4ff1-b857-8b5de6e60a55, ActivityId: 68e95144-022d-4bd6-90df-91127d95539f 7 ms&#xD;
00:39.900  Web method running: [http://v-nagab77931a:8080/tfs/46407190-89f3-4e58-9bad-783cbf2637fb_/_apis/operations/ea08d3e3-1b05-4e87-b004-7e2d71fbf645] (GET)ea08d3e3-1b05-4e87-b004-7e2d71fbf645[operations] E2EId: 522d3442-2d11-400c-be35-d5b9ddf6a8c9&#xD;
00:39.906  Web method response: [http://v-nagab77931a:8080/tfs/46407190-89f3-4e58-9bad-783cbf2637fb_/_apis/operations/ea08d3e3-1b05-4e87-b004-7e2d71fbf645] (GET)ea08d3e3-1b05-4e87-b004-7e2d71fbf645[operations] E2EId: 522d3442-2d11-400c-be35-d5b9ddf6a8c9, ActivityId: 68e95145-022d-4bd6-90df-91127d95539f 6 ms&#xD;
00:40.915  Web method running: [http://v-nagab77931a:8080/tfs/46407190-89f3-4e58-9bad-783cbf2637fb_/_apis/operations/ea08d3e3-1b05-4e87-b004-7e2d71fbf645] (GET)ea08d3e3-1b05-4e87-b004-7e2d71fbf645[operations] E2EId: 04a6c22a-901a-4289-8f1c-19beae84f126&#xD;
00:40.922  Web method response: [http://v-nagab77931a:8080/tfs/46407190-89f3-4e58-9bad-783cbf2637fb_/_apis/operations/ea08d3e3-1b05-4e87-b004-7e2d71fbf645] (GET)ea08d3e3-1b05-4e87-b004-7e2d71fbf645[operations] E2EId: 04a6c22a-901a-4289-8f1c-19beae84f126, ActivityId: 68e95146-022d-4bd6-90df-91127d95539f 6 ms&#xD;
00:41.931  Web method running: [http://v-nagab77931a:8080/tfs/46407190-89f3-4e58-9bad-783cbf2637fb_/_apis/operations/ea08d3e3-1b05-4e87-b004-7e2d71fbf645] (GET)ea08d3e3-1b05-4e87-b004-7e2d71fbf645[operations] E2EId: ddd8d991-fb07-47c1-af6b-c8734aa00f62&#xD;
00:41.938  Web method response: [http://v-nagab77931a:8080/tfs/46407190-89f3-4e58-9bad-783cbf2637fb_/_apis/operations/ea08d3e3-1b05-4e87-b004-7e2d71fbf645] (GET)ea08d3e3-1b05-4e87-b004-7e2d71fbf645[operations] E2EId: ddd8d991-fb07-47c1-af6b-c8734aa00f62, ActivityId: 68e95147-022d-4bd6-90df-91127d95539f 7 ms&#xD;
00:42.947  Web method running: [http://v-nagab77931a:8080/tfs/46407190-89f3-4e58-9bad-783cbf2637fb_/_apis/operations/ea08d3e3-1b05-4e87-b004-7e2d71fbf645] (GET)ea08d3e3-1b05-4e87-b004-7e2d71fbf645[operations] E2EId: c8c784c2-f380-411d-801f-4ed36d10f00b&#xD;
00:42.954  Web method response: [http://v-nagab77931a:8080/tfs/46407190-89f3-4e58-9bad-783cbf2637fb_/_apis/operations/ea08d3e3-1b05-4e87-b004-7e2d71fbf645] (GET)ea08d3e3-1b05-4e87-b004-7e2d71fbf645[operations] E2EId: c8c784c2-f380-411d-801f-4ed36d10f00b, ActivityId: 68e95148-022d-4bd6-90df-91127d95539f 6 ms&#xD;
00:43.957  Web method running: [http://v-nagab77931a:8080/tfs/46407190-89f3-4e58-9bad-783cbf2637fb_/_apis/operations/ea08d3e3-1b05-4e87-b004-7e2d71fbf645] (GET)ea08d3e3-1b05-4e87-b004-7e2d71fbf645[operations] E2EId: e0d13209-f41f-4962-8457-79ff8a4e352b&#xD;
00:43.965  Web method response: [http://v-nagab77931a:8080/tfs/46407190-89f3-4e58-9bad-783cbf2637fb_/_apis/operations/ea08d3e3-1b05-4e87-b004-7e2d71fbf645] (GET)ea08d3e3-1b05-4e87-b004-7e2d71fbf645[operations] E2EId: e0d13209-f41f-4962-8457-79ff8a4e352b, ActivityId: 68e95149-022d-4bd6-90df-91127d95539f 7 ms&#xD;
00:44.980  Web method running: [http://v-nagab77931a:8080/tfs/46407190-89f3-4e58-9bad-783cbf2637fb_/_apis/operations/ea08d3e3-1b05-4e87-b004-7e2d71fbf645] (GET)ea08d3e3-1b05-4e87-b004-7e2d71fbf645[operations] E2EId: 62e12d39-4827-4ea8-b4fb-7399f25b131d&#xD;
00:44.986  Web method response: [http://v-nagab77931a:8080/tfs/46407190-89f3-4e58-9bad-783cbf2637fb_/_apis/operations/ea08d3e3-1b05-4e87-b004-7e2d71fbf645] (GET)ea08d3e3-1b05-4e87-b004-7e2d71fbf645[operations] E2EId: 62e12d39-4827-4ea8-b4fb-7399f25b131d, ActivityId: 68e9514a-022d-4bd6-90df-91127d95539f 6 ms&#xD;
00:45.995  Web method running: [http://v-nagab77931a:8080/tfs/46407190-89f3-4e58-9bad-783cbf2637fb_/_apis/operations/ea08d3e3-1b05-4e87-b004-7e2d71fbf645] (GET)ea08d3e3-1b05-4e87-b004-7e2d71fbf645[operations] E2EId: 708d4164-0241-446d-8154-1fcadc1a8395&#xD;
00:46.006  Web method response: [http://v-nagab77931a:8080/tfs/46407190-89f3-4e58-9bad-783cbf2637fb_/_apis/operations/ea08d3e3-1b05-4e87-b004-7e2d71fbf645] (GET)ea08d3e3-1b05-4e87-b004-7e2d71fbf645[operations] E2EId: 708d4164-0241-446d-8154-1fcadc1a8395, ActivityId: 68e9514b-022d-4bd6-90df-91127d95539f 10 ms&#xD;
00:47.014  Web method running: [http://v-nagab77931a:8080/tfs/46407190-89f3-4e58-9bad-783cbf2637fb_/_apis/operations/ea08d3e3-1b05-4e87-b004-7e2d71fbf645] (GET)ea08d3e3-1b05-4e87-b004-7e2d71fbf645[operations] E2EId: 22913ee7-fe42-4785-a263-731272373bd0&#xD;
00:47.020  Web method response: [http://v-nagab77931a:8080/tfs/46407190-89f3-4e58-9bad-783cbf2637fb_/_apis/operations/ea08d3e3-1b05-4e87-b004-7e2d71fbf645] (GET)ea08d3e3-1b05-4e87-b004-7e2d71fbf645[operations] E2EId: 22913ee7-fe42-4785-a263-731272373bd0, ActivityId: 68e9514c-022d-4bd6-90df-91127d95539f 6 ms&#xD;
00:48.029  Web method running: [http://v-nagab77931a:8080/tfs/46407190-89f3-4e58-9bad-783cbf2637fb_/_apis/operations/ea08d3e3-1b05-4e87-b004-7e2d71fbf645] (GET)ea08d3e3-1b05-4e87-b004-7e2d71fbf645[operations] E2EId: 2b01de1c-4618-42f0-8da7-6f96223461a7&#xD;
00:48.036  Web method response: [http://v-nagab77931a:8080/tfs/46407190-89f3-4e58-9bad-783cbf2637fb_/_apis/operations/ea08d3e3-1b05-4e87-b004-7e2d71fbf645] (GET)ea08d3e3-1b05-4e87-b004-7e2d71fbf645[operations] E2EId: 2b01de1c-4618-42f0-8da7-6f96223461a7, ActivityId: 68e9514d-022d-4bd6-90df-91127d95539f 6 ms&#xD;
00:49.037  Web method running: [http://v-nagab77931a:8080/tfs/46407190-89f3-4e58-9bad-783cbf2637fb_/_apis/operations/ea08d3e3-1b05-4e87-b004-7e2d71fbf645] (GET)ea08d3e3-1b05-4e87-b004-7e2d71fbf645[operations] E2EId: ac9e1436-e1de-4033-b0a3-64c088a02a80&#xD;
00:49.046  Web method response: [http://v-nagab77931a:8080/tfs/46407190-89f3-4e58-9bad-783cbf2637fb_/_apis/operations/ea08d3e3-1b05-4e87-b004-7e2d71fbf645] (GET)ea08d3e3-1b05-4e87-b004-7e2d71fbf645[operations] E2EId: ac9e1436-e1de-4033-b0a3-64c088a02a80, ActivityId: 68e9514e-022d-4bd6-90df-91127d95539f 9 ms&#xD;
00:50.053  Web method running: [http://v-nagab77931a:8080/tfs/46407190-89f3-4e58-9bad-783cbf2637fb_/_apis/operations/ea08d3e3-1b05-4e87-b004-7e2d71fbf645] (GET)ea08d3e3-1b05-4e87-b004-7e2d71fbf645[operations] E2EId: 309c3a07-74f2-4d5c-9745-366e55eb13c7&#xD;
00:50.060  Web method response: [http://v-nagab77931a:8080/tfs/46407190-89f3-4e58-9bad-783cbf2637fb_/_apis/operations/ea08d3e3-1b05-4e87-b004-7e2d71fbf645] (GET)ea08d3e3-1b05-4e87-b004-7e2d71fbf645[operations] E2EId: 309c3a07-74f2-4d5c-9745-366e55eb13c7, ActivityId: 68e9514f-022d-4bd6-90df-91127d95539f 7 ms&#xD;
00:51.068  Web method running: [http://v-nagab77931a:8080/tfs/46407190-89f3-4e58-9bad-783cbf2637fb_/_apis/operations/ea08d3e3-1b05-4e87-b004-7e2d71fbf645] (GET)ea08d3e3-1b05-4e87-b004-7e2d71fbf645[operations] E2EId: 4ebbcf15-137a-46ef-b0d1-e0d3b1310e70&#xD;
00:51.104  Web method response: [http://v-nagab77931a:8080/tfs/46407190-89f3-4e58-9bad-783cbf2637fb_/_apis/operations/ea08d3e3-1b05-4e87-b004-7e2d71fbf645] (GET)ea08d3e3-1b05-4e87-b004-7e2d71fbf645[operations] E2EId: 4ebbcf15-137a-46ef-b0d1-e0d3b1310e70, ActivityId: 68e95130-022d-4bd6-90df-91127d95539f 35 ms&#xD;
00:52.118  Web method running: [http://v-nagab77931a:8080/tfs/46407190-89f3-4e58-9bad-783cbf2637fb_/_apis/operations/ea08d3e3-1b05-4e87-b004-7e2d71fbf645] (GET)ea08d3e3-1b05-4e87-b004-7e2d71fbf645[operations] E2EId: db402f78-ece5-493e-9cb7-86b96190cff9&#xD;
00:52.124  Web method response: [http://v-nagab77931a:8080/tfs/46407190-89f3-4e58-9bad-783cbf2637fb_/_apis/operations/ea08d3e3-1b05-4e87-b004-7e2d71fbf645] (GET)ea08d3e3-1b05-4e87-b004-7e2d71fbf645[operations] E2EId: db402f78-ece5-493e-9cb7-86b96190cff9, ActivityId: 68e95131-022d-4bd6-90df-91127d95539f 6 ms&#xD;
00:53.134  Web method running: [http://v-nagab77931a:8080/tfs/46407190-89f3-4e58-9bad-783cbf2637fb_/_apis/operations/ea08d3e3-1b05-4e87-b004-7e2d71fbf645] (GET)ea08d3e3-1b05-4e87-b004-7e2d71fbf645[operations] E2EId: 02de1d85-2434-4894-97df-9991197666b6&#xD;
00:53.140  Web method response: [http://v-nagab77931a:8080/tfs/46407190-89f3-4e58-9bad-783cbf2637fb_/_apis/operations/ea08d3e3-1b05-4e87-b004-7e2d71fbf645] (GET)ea08d3e3-1b05-4e87-b004-7e2d71fbf645[operations] E2EId: 02de1d85-2434-4894-97df-9991197666b6, ActivityId: 68e95132-022d-4bd6-90df-91127d95539f 6 ms&#xD;
00:54.149  Web method running: [http://v-nagab77931a:8080/tfs/46407190-89f3-4e58-9bad-783cbf2637fb_/_apis/operations/ea08d3e3-1b05-4e87-b004-7e2d71fbf645] (GET)ea08d3e3-1b05-4e87-b004-7e2d71fbf645[operations] E2EId: bc9d43e4-e72a-4d8f-8a80-66b4e8ea0015&#xD;
00:54.156  Web method response: [http://v-nagab77931a:8080/tfs/46407190-89f3-4e58-9bad-783cbf2637fb_/_apis/operations/ea08d3e3-1b05-4e87-b004-7e2d71fbf645] (GET)ea08d3e3-1b05-4e87-b004-7e2d71fbf645[operations] E2EId: bc9d43e4-e72a-4d8f-8a80-66b4e8ea0015, ActivityId: 68e95133-022d-4bd6-90df-91127d95539f 6 ms&#xD;
00:55.165  Web method running: [http://v-nagab77931a:8080/tfs/46407190-89f3-4e58-9bad-783cbf2637fb_/_apis/operations/ea08d3e3-1b05-4e87-b004-7e2d71fbf645] (GET)ea08d3e3-1b05-4e87-b004-7e2d71fbf645[operations] E2EId: 9b9c3a5b-94d5-4466-a0ef-83070ec28711&#xD;
00:55.172  Web method response: [http://v-nagab77931a:8080/tfs/46407190-89f3-4e58-9bad-783cbf2637fb_/_apis/operations/ea08d3e3-1b05-4e87-b004-7e2d71fbf645] (GET)ea08d3e3-1b05-4e87-b004-7e2d71fbf645[operations] E2EId: 9b9c3a5b-94d5-4466-a0ef-83070ec28711, ActivityId: 68e95134-022d-4bd6-90df-91127d95539f 6 ms&#xD;
00:56.173  Web method running: [http://v-nagab77931a:8080/tfs/46407190-89f3-4e58-9bad-783cbf2637fb_/_apis/operations/ea08d3e3-1b05-4e87-b004-7e2d71fbf645] (GET)ea08d3e3-1b05-4e87-b004-7e2d71fbf645[operations] E2EId: 42f456af-ca8b-4318-871f-51686472a163&#xD;
00:56.259  Web method response: [http://v-nagab77931a:8080/tfs/46407190-89f3-4e58-9bad-783cbf2637fb_/_apis/operations/ea08d3e3-1b05-4e87-b004-7e2d71fbf645] (GET)ea08d3e3-1b05-4e87-b004-7e2d71fbf645[operations] E2EId: 42f456af-ca8b-4318-871f-51686472a163, ActivityId: 68e95135-022d-4bd6-90df-91127d95539f 85 ms&#xD;
00:56.260  Operation 'ea08d3e3-1b05-4e87-b004-7e2d71fbf645': Succeeded.&#xD;
00:56.260  Retry succeeded after 52 tries and time of 00:00:52.0980470.&#xD;
00:56.260  TimeoutScope 'RetryHelper:7' ended after '00:00:52.0980345'.&#xD;
00:56.260  TimeoutScope, 'Test: AddTestcasesToRootSuite:1', has been resumed at 00:00:02.1924629.&#xD;
00:56.260  Getting new project info from the server.&#xD;
00:56.262  Web method running: [http://v-nagab77931a:8080/tfs/46407190-89f3-4e58-9bad-783cbf2637fb_/_apis/projects/sdentifies%20people%20online.%20Impllowssy!n8d5e05805548ee6?includeCapabilities=True&amp;includeHistory=False] (GET)sdentifies%20people%20online.%20Impllowssy!n8d5e05805548ee6[projects] E2EId: 634bd140-de8f-4508-b1a2-1c520a712d0f&#xD;
00:56.443  Web method response: [http://v-nagab77931a:8080/tfs/46407190-89f3-4e58-9bad-783cbf2637fb_/_apis/projects/sdentifies%20people%20online.%20Impllowssy!n8d5e05805548ee6?includeCapabilities=True&amp;includeHistory=False] (GET)sdentifies%20people%20online.%20Impllowssy!n8d5e05805548ee6[projects] E2EId: 634bd140-de8f-4508-b1a2-1c520a712d0f, ActivityId: 68e95136-022d-4bd6-90df-91127d95539f 180 ms&#xD;
00:56.448  TagHelper is setting a tag 'Project.PrivateAgileGit' on host 'de108ff5-f4a8-4948-b1ec-3147b31f1465' to '05e49bc7-ac67-4dc4-b85e-4a41b611b532'.&#xD;
00:56.448  Writing items to the registry service:&#xD;
00:56.448  /Configuration/TestFrameworkTag/de108ff5-f4a8-4948-b1ec-3147b31f1465/Project.PrivateAgileGit: 05e49bc7-ac67-4dc4-b85e-4a41b611b532&#xD;
00:56.448  Web method running: [http://v-nagab77931a:8080/tfs/_apis/registry/registry] (POST)registry[registry] E2EId: 481a4481-4c10-4f8c-a146-2751d766f5d9&#xD;
00:56.462  Web method response: [http://v-nagab77931a:8080/tfs/_apis/registry/registry] (POST)registry[registry] E2EId: 481a4481-4c10-4f8c-a146-2751d766f5d9, ActivityId: 68e95137-022d-4bd6-90df-91127d95539f 13 ms&#xD;
00:56.472  Create User called.&#xD;
00:56.489  IdentityHelperClient.CreateUser called with user properties {"$type":"Vssf.TestFramework.Client.Common.CreateUserProperties, Vssf.TestFramework.Client.Common","EntityType":"User","OriginDirectory":null,"HomeDirectory":null,"TenantId":null,"OriginId":"00000000-0000-0000-0000-000000000000","LocalId":"00000000-0000-0000-0000-000000000000","MasterId":"00000000-0000-0000-0000-000000000000","PrincipalName":null,"DisplayName":null,"Profile":null,"License":4,"LocalGroups":[{"$type":"Vssf.TestFramework.Client.Common.GroupReference, Vssf.TestFramework.Client.Common","Identifier":"S-1-9-1551374245-1204400969-2402986413-2179408616-0-0-0-0-1"}],"LocalPermissions":null,"UserType":0,"CreateUserTranslations":null}&#xD;
00:56.490  Created new TimeoutScope, 'CreateUser:8@1', for 00:00:30 on thread 16.&#xD;
00:56.490  TimeoutScope, 'Test: AddTestcasesToRootSuite:1', has been paused after 00:00:02.4223969.&#xD;
00:56.536  IdentityHelperClient.AddMember was called with parameters {"$type":"Vssf.TestFramework.Client.L2.Identity.AddMemberRequest, Vssf.TestFramework.Client.L2","EntityDescriptor":{"$type":"Microsoft.VisualStudio.Services.Directories.DirectoryEntityDescriptor, Microsoft.VisualStudio.Services.WebApi","entityType":"User","originDirectory":null,"localId":null,"originId":null,"invitationMethod":"CreateUser@TeamFoundationServer","createIfNotFound":true},"Profile":null,"License":"Optimal","LocalGroups":["S-1-9-1551374245-1204400969-2402986413-2179408616-0-0-0-0-1"]}&#xD;
00:56.585  Web method running: [http://v-nagab77931a:8080/tfs/46407190-89f3-4e58-9bad-783cbf2637fb_/_apis/Directory/Members?license=Optimal&amp;localGroups=S-1-9-1551374245-1204400969-2402986413-2179408616-0-0-0-0-1&amp;propertiesToReturn=LocalDescriptor] (POST)Members[Directory] E2EId: 4577ed42-13e7-43ab-b066-c7e9785444c7&#xD;
00:57.052  Web method response: [http://v-nagab77931a:8080/tfs/46407190-89f3-4e58-9bad-783cbf2637fb_/_apis/Directory/Members?license=Optimal&amp;localGroups=S-1-9-1551374245-1204400969-2402986413-2179408616-0-0-0-0-1&amp;propertiesToReturn=LocalDescriptor] (POST)Members[Directory] E2EId: 4577ed42-13e7-43ab-b066-c7e9785444c7, ActivityId: 68e95138-022d-4bd6-90df-91127d95539f 466 ms&#xD;
00:57.090  DirectoryHttpClient.AddMemberAsync returned {"$type":"Microsoft.VisualStudio.Services.Directories.DirectoryEntityResult, Microsoft.VisualStudio.Services.WebApi","Entity":{"$type":"Microsoft.VisualStudio.Services.Directories.DirectoryUser, Microsoft.VisualStudio.Services.WebApi","EntityId":"vss.ds.v1.ims.user.b4537c14cc5c443a9af3cb63f9a97d41","EntityType":"User","OriginDirectory":"vsd","OriginId":"b4537c14-cc5c-443a-9af3-cb63f9a97d41","LocalDirectory":"vsd","LocalId":"b4537c14-cc5c-443a-9af3-cb63f9a97d41","principalName":"fake-vsd-5bf526ae-5b38-4c1d-b259-bf7ee5cd0ef0","displayName":"fake-vsd-5bf526ae-5b38-4c1d-b259-bf7ee5cd0ef0","localDescriptor":"System.Security.Principal.WindowsIdentity;S-1-5-21-1389882523-1725124155-1294357522-1644854500-1320567815-879900326-3350054413"},"EntityState":"LocalCreate","Status":"Success"}&#xD;
00:57.134  Web method running: [http://v-nagab77931a:8080/tfs/46407190-89f3-4e58-9bad-783cbf2637fb_/_apis/Identities/b4537c14-cc5c-443a-9af3-cb63f9a97d41?queryMembership=Direct] (GET)b4537c14-cc5c-443a-9af3-cb63f9a97d41[Identities] E2EId: 422a05f9-8d30-457a-a06a-07cd175a45ed&#xD;
00:57.194  Web method response: [http://v-nagab77931a:8080/tfs/46407190-89f3-4e58-9bad-783cbf2637fb_/_apis/Identities/b4537c14-cc5c-443a-9af3-cb63f9a97d41?queryMembership=Direct] (GET)b4537c14-cc5c-443a-9af3-cb63f9a97d41[Identities] E2EId: 422a05f9-8d30-457a-a06a-07cd175a45ed, ActivityId: 68e95139-022d-4bd6-90df-91127d95539f 59 ms&#xD;
00:57.213  TimeoutScope 'CreateUser:8' ended after '00:00:00.7237630'.&#xD;
00:57.213  TimeoutScope, 'Test: AddTestcasesToRootSuite:1', has been resumed at 00:00:02.4223998.&#xD;
00:57.234  IdentityHelperClient.CreateUser called service and returned {"$type":"Microsoft.VisualStudio.Services.Identity.Identity, Microsoft.VisualStudio.Services.WebApi","Id":"b4537c14-cc5c-443a-9af3-cb63f9a97d41","Descriptor":"System.Security.Principal.WindowsIdentity;S-1-5-21-1389882523-1725124155-1294357522-1644854500-1320567815-879900326-3350054413","SubjectDescriptor":"win.Uy0xLTUtMjEtMTM4OTg4MjUyMy0xNzI1MTI0MTU1LTEyOTQzNTc1MjItMTY0NDg1NDUwMC0xMzIwNTY3ODE1LTg3OTkwMDMyNi0zMzUwMDU0NDEz","ProviderDisplayName":"fake-vsd-5bf526ae-5b38-4c1d-b259-bf7ee5cd0ef0","IsActive":true,"Members":[],"MemberOf":["Microsoft.TeamFoundation.Identity;S-1-9-1551374245-4119793886-2834581577-2985046343-3005158501-0-0-0-0-1"],"MemberIds":[],"MasterId":"ffffffff-ffff-ffff-ffff-ffffffffffff","Properties":{"$type":"Microsoft.VisualStudio.Services.WebApi.PropertiesCollection, Microsoft.VisualStudio.Services.WebApi","SchemaClassName":{"$type":"System.String","$value":"User"},"Description":{"$type":"System.String","$value":"L2"},"Domain":{"$type":"System.String","$value":"L2"},"Account":{"$type":"System.String","$value":"fake-vsd-5bf526ae-5b38-4c1d-b259-bf7ee5cd0ef0"},"DN":{"$type":"System.String","$value":""},"Mail":{"$type":"System.String","$value":"fake-vsd-5bf526ae-5b38-4c1d-b259-bf7ee5cd0ef0@someprovider.com"},"SpecialType":{"$type":"System.String","$value":"Generic"},"ComplianceValidated":{"$type":"System.DateTime","$value":"2018-07-03T00:00:00Z"},"DirectoryAlias":{"$type":"System.String","$value":"fake-vsd-5bf526ae-5b38-4c1d-b259-bf7ee5cd0ef0"}},"ResourceVersion":2,"MetaTypeId":255}&#xD;
00:57.234  Created User successfully.&#xD;
00:57.234  Client Credentials called.&#xD;
Getting credentials for descriptor 'System.Security.Principal.WindowsIdentity;S-1-5-21-1389882523-1725124155-1294357522-1644854500-1320567815-879900326-3350054413' =&gt; Authorization: Bearer eyJ0eXAiOiJKV1QiLCJhbGciOiJOb25lIn0.eyJuYW1laWQiOiJTLTEtNS0yMS0xMzg5ODgyNTIzLTE3MjUxMjQxNTUtMTI5NDM1NzUyMi0xNjQ0ODU0NTAwLTEzMjA1Njc4MTUtODc5OTAwMzI2LTMzNTAwNTQ0MTMiLCJJZGVudGl0eVR5cGVDbGFpbSI6IlN5c3RlbS5TZWN1cml0eS5QcmluY2lwYWwuV2luZG93c0lkZW50aXR5IiwiaXNzIjoiTDIiLCJhdWQiOiJMMiIsIm5iZiI6MTUzMDU4NzU1NCwiZXhwIjoyNTM0MDIzMDA4MDB9.&#xD;
00:57.236  Client Credentials received successfully.&#xD;
Getting credentials for descriptor 'System.Security.Principal.WindowsIdentity;S-1-5-21-1389882523-1725124155-1294357522-1644854500-1320567815-879900326-3350054413' =&gt; Authorization: Bearer eyJ0eXAiOiJKV1QiLCJhbGciOiJOb25lIn0.eyJuYW1laWQiOiJTLTEtNS0yMS0xMzg5ODgyNTIzLTE3MjUxMjQxNTUtMTI5NDM1NzUyMi0xNjQ0ODU0NTAwLTEzMjA1Njc4MTUtODc5OTAwMzI2LTMzNTAwNTQ0MTMiLCJJZGVudGl0eVR5cGVDbGFpbSI6IlN5c3RlbS5TZWN1cml0eS5QcmluY2lwYWwuV2luZG93c0lkZW50aXR5IiwiaXNzIjoiTDIiLCJhdWQiOiJMMiIsIm5iZiI6MTUzMDU4NzU1NCwiZXhwIjoyNTM0MDIzMDA4MDB9.&#xD;
00:59.952  Created new TimeoutScope, 'RefreshWorkItemStoreCache:9@1', for 00:01:00 on thread 16.&#xD;
00:59.952  TimeoutScope, 'Test: AddTestcasesToRootSuite:1', has been paused after 00:00:05.1610463.&#xD;
01:00.060  TimeoutScope 'RefreshWorkItemStoreCache:9' ended after '00:00:00.1081532'.&#xD;
01:00.060  TimeoutScope, 'Test: AddTestcasesToRootSuite:1', has been resumed at 00:00:05.1610471.&#xD;
01:06.224  Performing CommonTestBase Cleanup...&#xD;
01:06.224  TimeoutScope 'Test: AddTestcasesToRootSuite:1' ended after '00:00:11.3243201'.&#xD;
01:06.224  Created new TimeoutScope, 'TestFrameworkTestCleanup:10@0', for 00:00:10 on thread 16.&#xD;
01:06.230  TimeoutScope 'TestFrameworkTestCleanup:10' ended after '00:00:00.0053726'.&#xD;
01:06.231  Test End: 7/2/2018 8:12:42 PM (local) / 7/3/2018 3:12:42 AM (UTC).</StdOut></Output></UnitTestResult><UnitTestResult executionId="756d2429-3957-4e51-8e64-3d1e441893c2" testId="60bf5eec-aefc-c280-4f69-3dceb41a2f6b" testName="SuiteState" computerName="V-NAGAB77931A" duration="00:00:03.0150658" startTime="2018-07-02T20:13:36.2599017-07:00" endTime="2018-07-02T20:13:39.2662631-07:00" testType="13cdc9d9-ddb5-4fa4-a97d-d965ccfc6d4b" outcome="Passed" testListId="8c84fa94-04c1-424b-9868-57a2d4851a1d" relativeResultsDirectory="756d2429-3957-4e51-8e64-3d1e441893c2"><Output><StdOut>Debug Trace:
00:00.000  Test Start: 7/2/2018 8:13:36 PM (local) / 7/3/2018 3:13:36 AM (UTC)&#xD;
00:00.000  Random Seed for this test: 1258061929&#xD;
00:00.000  Created new TimeoutScope, 'Test: SuiteState:91@0', for 00:00:30 on thread 16.&#xD;
00:00.000  Created new TimeoutScope, 'TestFrameworkTestInitialize:92@1', for 00:00:10 on thread 16.&#xD;
00:00.000  TimeoutScope, 'Test: SuiteState:91', has been paused after 00:00:00.0000256.&#xD;
00:00.000  TimeoutScope 'TestFrameworkTestInitialize:92' ended after '00:00:00.0000379'.&#xD;
00:00.000  TimeoutScope, 'Test: SuiteState:91', has been resumed at 00:00:00.0000263.&#xD;
00:00.000  TagHelper is getting a tag 'Project.PrivateAgileGit' on host 'de108ff5-f4a8-4948-b1ec-3147b31f1465'.&#xD;
00:00.000  TagHelper found cached tag 'Project.PrivateAgileGit' on host 'de108ff5-f4a8-4948-b1ec-3147b31f1465' with value '05e49bc7-ac67-4dc4-b85e-4a41b611b532'.&#xD;
00:00.000  Searching for project '05e49bc7-ac67-4dc4-b85e-4a41b611b532'.&#xD;
00:00.000  Web method running: [http://v-nagab77931a:8080/tfs/46407190-89f3-4e58-9bad-783cbf2637fb_/_apis/projects/05e49bc7-ac67-4dc4-b85e-4a41b611b532?includeHistory=False] (GET)05e49bc7-ac67-4dc4-b85e-4a41b611b532[projects] E2EId: 7e345d2b-45ba-4696-bdfe-8a91793e6c45&#xD;
00:00.007  Web method response: [http://v-nagab77931a:8080/tfs/46407190-89f3-4e58-9bad-783cbf2637fb_/_apis/projects/05e49bc7-ac67-4dc4-b85e-4a41b611b532?includeHistory=False] (GET)05e49bc7-ac67-4dc4-b85e-4a41b611b532[projects] E2EId: 7e345d2b-45ba-4696-bdfe-8a91793e6c45, ActivityId: 68e953e6-022d-4bd6-90df-91127d95539f 6 ms&#xD;
00:00.007  Found matching project 'sdentifies people online. Impllowssy!n8d5e05805548ee6' (05e49bc7-ac67-4dc4-b85e-4a41b611b532).&#xD;
00:00.007  Create User called.&#xD;
00:00.007  IdentityHelperClient.CreateUser called with user properties {"$type":"Vssf.TestFramework.Client.Common.CreateUserProperties, Vssf.TestFramework.Client.Common","EntityType":"User","OriginDirectory":null,"HomeDirectory":null,"TenantId":null,"OriginId":"00000000-0000-0000-0000-000000000000","LocalId":"00000000-0000-0000-0000-000000000000","MasterId":"00000000-0000-0000-0000-000000000000","PrincipalName":null,"DisplayName":null,"Profile":null,"License":4,"LocalGroups":[{"$type":"Vssf.TestFramework.Client.Common.GroupReference, Vssf.TestFramework.Client.Common","Identifier":"S-1-9-1551374245-1204400969-2402986413-2179408616-0-0-0-0-1"}],"LocalPermissions":null,"UserType":0,"CreateUserTranslations":null}&#xD;
00:00.008  Created new TimeoutScope, 'CreateUser:93@1', for 00:00:30 on thread 16.&#xD;
00:00.008  TimeoutScope, 'Test: SuiteState:91', has been paused after 00:00:00.0077170.&#xD;
00:00.008  IdentityHelperClient.AddMember was called with parameters {"$type":"Vssf.TestFramework.Client.L2.Identity.AddMemberRequest, Vssf.TestFramework.Client.L2","EntityDescriptor":{"$type":"Microsoft.VisualStudio.Services.Directories.DirectoryEntityDescriptor, Microsoft.VisualStudio.Services.WebApi","entityType":"User","originDirectory":null,"localId":null,"originId":null,"invitationMethod":"CreateUser@TeamFoundationServer","createIfNotFound":true},"Profile":null,"License":"Optimal","LocalGroups":["S-1-9-1551374245-1204400969-2402986413-2179408616-0-0-0-0-1"]}&#xD;
00:00.081  Web method running: [http://v-nagab77931a:8080/tfs/46407190-89f3-4e58-9bad-783cbf2637fb_/_apis/Directory/Members?license=Optimal&amp;localGroups=S-1-9-1551374245-1204400969-2402986413-2179408616-0-0-0-0-1&amp;propertiesToReturn=LocalDescriptor] (POST)Members[Directory] E2EId: 190ca62a-008f-4872-aee1-e39260eeb2c6&#xD;
00:00.217  Web method response: [http://v-nagab77931a:8080/tfs/46407190-89f3-4e58-9bad-783cbf2637fb_/_apis/Directory/Members?license=Optimal&amp;localGroups=S-1-9-1551374245-1204400969-2402986413-2179408616-0-0-0-0-1&amp;propertiesToReturn=LocalDescriptor] (POST)Members[Directory] E2EId: 190ca62a-008f-4872-aee1-e39260eeb2c6, ActivityId: 68e953e7-022d-4bd6-90df-91127d95539f 136 ms&#xD;
00:00.218  DirectoryHttpClient.AddMemberAsync returned {"$type":"Microsoft.VisualStudio.Services.Directories.DirectoryEntityResult, Microsoft.VisualStudio.Services.WebApi","Entity":{"$type":"Microsoft.VisualStudio.Services.Directories.DirectoryUser, Microsoft.VisualStudio.Services.WebApi","EntityId":"vss.ds.v1.ims.user.8620cba136614c79ace26fe79a701b2f","EntityType":"User","OriginDirectory":"vsd","OriginId":"8620cba1-3661-4c79-ace2-6fe79a701b2f","LocalDirectory":"vsd","LocalId":"8620cba1-3661-4c79-ace2-6fe79a701b2f","principalName":"fake-vsd-6ed97066-f17c-469c-95d9-b400e98ea0bb","displayName":"fake-vsd-6ed97066-f17c-469c-95d9-b400e98ea0bb","localDescriptor":"System.Security.Principal.WindowsIdentity;S-1-5-21-1389882523-1725124155-1294357522-188703303-1100668596-3918244748-2561548192"},"EntityState":"LocalCreate","Status":"Success"}&#xD;
00:00.256  Web method running: [http://v-nagab77931a:8080/tfs/46407190-89f3-4e58-9bad-783cbf2637fb_/_apis/Identities/8620cba1-3661-4c79-ace2-6fe79a701b2f?queryMembership=Direct] (GET)8620cba1-3661-4c79-ace2-6fe79a701b2f[Identities] E2EId: 55484be2-0c3a-4800-895b-ef1e0573c5a0&#xD;
00:00.272  Web method response: [http://v-nagab77931a:8080/tfs/46407190-89f3-4e58-9bad-783cbf2637fb_/_apis/Identities/8620cba1-3661-4c79-ace2-6fe79a701b2f?queryMembership=Direct] (GET)8620cba1-3661-4c79-ace2-6fe79a701b2f[Identities] E2EId: 55484be2-0c3a-4800-895b-ef1e0573c5a0, ActivityId: 68e953e8-022d-4bd6-90df-91127d95539f 15 ms&#xD;
00:00.272  TimeoutScope 'CreateUser:93' ended after '00:00:00.2645962'.&#xD;
00:00.272  TimeoutScope, 'Test: SuiteState:91', has been resumed at 00:00:00.0077181.&#xD;
00:00.272  IdentityHelperClient.CreateUser called service and returned {"$type":"Microsoft.VisualStudio.Services.Identity.Identity, Microsoft.VisualStudio.Services.WebApi","Id":"8620cba1-3661-4c79-ace2-6fe79a701b2f","Descriptor":"System.Security.Principal.WindowsIdentity;S-1-5-21-1389882523-1725124155-1294357522-188703303-1100668596-3918244748-2561548192","SubjectDescriptor":"win.Uy0xLTUtMjEtMTM4OTg4MjUyMy0xNzI1MTI0MTU1LTEyOTQzNTc1MjItMTg4NzAzMzAzLTExMDA2Njg1OTYtMzkxODI0NDc0OC0yNTYxNTQ4MTky","ProviderDisplayName":"fake-vsd-6ed97066-f17c-469c-95d9-b400e98ea0bb","IsActive":true,"Members":[],"MemberOf":["Microsoft.TeamFoundation.Identity;S-1-9-1551374245-4119793886-2834581577-2985046343-3005158501-0-0-0-0-1"],"MemberIds":[],"MasterId":"ffffffff-ffff-ffff-ffff-ffffffffffff","Properties":{"$type":"Microsoft.VisualStudio.Services.WebApi.PropertiesCollection, Microsoft.VisualStudio.Services.WebApi","SchemaClassName":{"$type":"System.String","$value":"User"},"Description":{"$type":"System.String","$value":"L2"},"Domain":{"$type":"System.String","$value":"L2"},"Account":{"$type":"System.String","$value":"fake-vsd-6ed97066-f17c-469c-95d9-b400e98ea0bb"},"DN":{"$type":"System.String","$value":""},"Mail":{"$type":"System.String","$value":"fake-vsd-6ed97066-f17c-469c-95d9-b400e98ea0bb@someprovider.com"},"SpecialType":{"$type":"System.String","$value":"Generic"},"ComplianceValidated":{"$type":"System.DateTime","$value":"2018-07-03T00:00:00Z"},"DirectoryAlias":{"$type":"System.String","$value":"fake-vsd-6ed97066-f17c-469c-95d9-b400e98ea0bb"}},"ResourceVersion":2,"MetaTypeId":255}&#xD;
00:00.272  Created User successfully.&#xD;
00:00.272  Client Credentials called.&#xD;
Getting credentials for descriptor 'System.Security.Principal.WindowsIdentity;S-1-5-21-1389882523-1725124155-1294357522-188703303-1100668596-3918244748-2561548192' =&gt; Authorization: Bearer eyJ0eXAiOiJKV1QiLCJhbGciOiJOb25lIn0.eyJuYW1laWQiOiJTLTEtNS0yMS0xMzg5ODgyNTIzLTE3MjUxMjQxNTUtMTI5NDM1NzUyMi0xODg3MDMzMDMtMTEwMDY2ODU5Ni0zOTE4MjQ0NzQ4LTI1NjE1NDgxOTIiLCJJZGVudGl0eVR5cGVDbGFpbSI6IlN5c3RlbS5TZWN1cml0eS5QcmluY2lwYWwuV2luZG93c0lkZW50aXR5IiwiaXNzIjoiTDIiLCJhdWQiOiJMMiIsIm5iZiI6MTUzMDU4NzYxNywiZXhwIjoyNTM0MDIzMDA4MDB9.&#xD;
00:00.272  Client Credentials received successfully.&#xD;
Getting credentials for descriptor 'System.Security.Principal.WindowsIdentity;S-1-5-21-1389882523-1725124155-1294357522-188703303-1100668596-3918244748-2561548192' =&gt; Authorization: Bearer eyJ0eXAiOiJKV1QiLCJhbGciOiJOb25lIn0.eyJuYW1laWQiOiJTLTEtNS0yMS0xMzg5ODgyNTIzLTE3MjUxMjQxNTUtMTI5NDM1NzUyMi0xODg3MDMzMDMtMTEwMDY2ODU5Ni0zOTE4MjQ0NzQ4LTI1NjE1NDgxOTIiLCJJZGVudGl0eVR5cGVDbGFpbSI6IlN5c3RlbS5TZWN1cml0eS5QcmluY2lwYWwuV2luZG93c0lkZW50aXR5IiwiaXNzIjoiTDIiLCJhdWQiOiJMMiIsIm5iZiI6MTUzMDU4NzYxNywiZXhwIjoyNTM0MDIzMDA4MDB9.&#xD;
00:00.378  Created new TimeoutScope, 'RefreshWorkItemStoreCache:94@1', for 00:01:00 on thread 16.&#xD;
00:00.378  TimeoutScope, 'Test: SuiteState:91', has been paused after 00:00:00.1138083.&#xD;
00:00.539  TimeoutScope 'RefreshWorkItemStoreCache:94' ended after '00:00:00.1610200'.&#xD;
00:00.539  TimeoutScope, 'Test: SuiteState:91', has been resumed at 00:00:00.1138093.&#xD;
00:01.480  Performing CommonTestBase Cleanup...&#xD;
00:01.480  TimeoutScope 'Test: SuiteState:91' ended after '00:00:01.0547945'.&#xD;
00:03.014  Created new TimeoutScope, 'TestFrameworkTestCleanup:95@0', for 00:00:10 on thread 16.&#xD;
00:03.015  TimeoutScope 'TestFrameworkTestCleanup:95' ended after '00:00:00.0000487'.&#xD;
00:03.015  Test End: 7/2/2018 8:13:39 PM (local) / 7/3/2018 3:13:39 AM (UTC).</StdOut></Output></UnitTestResult><UnitTestResult executionId="c7853c60-0811-43f5-89ab-320550a6aead" testId="bb3fc108-e107-0f83-889c-b176c596eecc" testName="FindTestSuite" computerName="V-NAGAB77931A" duration="00:00:02.5688324" startTime="2018-07-02T20:14:24.7801637-07:00" endTime="2018-07-02T20:14:27.3583164-07:00" testType="13cdc9d9-ddb5-4fa4-a97d-d965ccfc6d4b" outcome="Passed" testListId="8c84fa94-04c1-424b-9868-57a2d4851a1d" relativeResultsDirectory="c7853c60-0811-43f5-89ab-320550a6aead"><Output><StdOut>Debug Trace:
00:00.000  Test Start: 7/2/2018 8:14:24 PM (local) / 7/3/2018 3:14:24 AM (UTC)&#xD;
00:00.000  Random Seed for this test: 1743420824&#xD;
00:00.000  Created new TimeoutScope, 'Test: FindTestSuite:156@0', for 00:00:30 on thread 16.&#xD;
00:00.000  Created new TimeoutScope, 'TestFrameworkTestInitialize:157@1', for 00:00:10 on thread 16.&#xD;
00:00.000  TimeoutScope, 'Test: FindTestSuite:156', has been paused after 00:00:00.0000265.&#xD;
00:00.000  TimeoutScope 'TestFrameworkTestInitialize:157' ended after '00:00:00.0000098'.&#xD;
00:00.000  TimeoutScope, 'Test: FindTestSuite:156', has been resumed at 00:00:00.0000271.&#xD;
00:00.000  TagHelper is getting a tag 'Project.PrivateAgileGit' on host 'de108ff5-f4a8-4948-b1ec-3147b31f1465'.&#xD;
00:00.000  TagHelper found cached tag 'Project.PrivateAgileGit' on host 'de108ff5-f4a8-4948-b1ec-3147b31f1465' with value '05e49bc7-ac67-4dc4-b85e-4a41b611b532'.&#xD;
00:00.000  Searching for project '05e49bc7-ac67-4dc4-b85e-4a41b611b532'.&#xD;
00:00.001  Web method running: [http://v-nagab77931a:8080/tfs/46407190-89f3-4e58-9bad-783cbf2637fb_/_apis/projects/05e49bc7-ac67-4dc4-b85e-4a41b611b532?includeHistory=False] (GET)05e49bc7-ac67-4dc4-b85e-4a41b611b532[projects] E2EId: 7319e581-bcce-4b15-95e0-459e82ff4892&#xD;
00:00.007  Web method response: [http://v-nagab77931a:8080/tfs/46407190-89f3-4e58-9bad-783cbf2637fb_/_apis/projects/05e49bc7-ac67-4dc4-b85e-4a41b611b532?includeHistory=False] (GET)05e49bc7-ac67-4dc4-b85e-4a41b611b532[projects] E2EId: 7319e581-bcce-4b15-95e0-459e82ff4892, ActivityId: 68e955d3-022d-4bd6-90df-91127d95539f 6 ms&#xD;
00:00.008  Found matching project 'sdentifies people online. Impllowssy!n8d5e05805548ee6' (05e49bc7-ac67-4dc4-b85e-4a41b611b532).&#xD;
00:00.008  Create User called.&#xD;
00:00.008  IdentityHelperClient.CreateUser called with user properties {"$type":"Vssf.TestFramework.Client.Common.CreateUserProperties, Vssf.TestFramework.Client.Common","EntityType":"User","OriginDirectory":null,"HomeDirectory":null,"TenantId":null,"OriginId":"00000000-0000-0000-0000-000000000000","LocalId":"00000000-0000-0000-0000-000000000000","MasterId":"00000000-0000-0000-0000-000000000000","PrincipalName":null,"DisplayName":null,"Profile":null,"License":4,"LocalGroups":[{"$type":"Vssf.TestFramework.Client.Common.GroupReference, Vssf.TestFramework.Client.Common","Identifier":"S-1-9-1551374245-1204400969-2402986413-2179408616-0-0-0-0-1"}],"LocalPermissions":null,"UserType":0,"CreateUserTranslations":null}&#xD;
00:00.008  Created new TimeoutScope, 'CreateUser:158@1', for 00:00:30 on thread 16.&#xD;
00:00.008  TimeoutScope, 'Test: FindTestSuite:156', has been paused after 00:00:00.0080517.&#xD;
00:00.008  IdentityHelperClient.AddMember was called with parameters {"$type":"Vssf.TestFramework.Client.L2.Identity.AddMemberRequest, Vssf.TestFramework.Client.L2","EntityDescriptor":{"$type":"Microsoft.VisualStudio.Services.Directories.DirectoryEntityDescriptor, Microsoft.VisualStudio.Services.WebApi","entityType":"User","originDirectory":null,"localId":null,"originId":null,"invitationMethod":"CreateUser@TeamFoundationServer","createIfNotFound":true},"Profile":null,"License":"Optimal","LocalGroups":["S-1-9-1551374245-1204400969-2402986413-2179408616-0-0-0-0-1"]}&#xD;
00:00.046  Web method running: [http://v-nagab77931a:8080/tfs/46407190-89f3-4e58-9bad-783cbf2637fb_/_apis/Directory/Members?license=Optimal&amp;localGroups=S-1-9-1551374245-1204400969-2402986413-2179408616-0-0-0-0-1&amp;propertiesToReturn=LocalDescriptor] (POST)Members[Directory] E2EId: a9beb914-dd19-4495-957a-6c7e6f3ad718&#xD;
00:00.153  Web method response: [http://v-nagab77931a:8080/tfs/46407190-89f3-4e58-9bad-783cbf2637fb_/_apis/Directory/Members?license=Optimal&amp;localGroups=S-1-9-1551374245-1204400969-2402986413-2179408616-0-0-0-0-1&amp;propertiesToReturn=LocalDescriptor] (POST)Members[Directory] E2EId: a9beb914-dd19-4495-957a-6c7e6f3ad718, ActivityId: 68e955d4-022d-4bd6-90df-91127d95539f 106 ms&#xD;
00:00.153  DirectoryHttpClient.AddMemberAsync returned {"$type":"Microsoft.VisualStudio.Services.Directories.DirectoryEntityResult, Microsoft.VisualStudio.Services.WebApi","Entity":{"$type":"Microsoft.VisualStudio.Services.Directories.DirectoryUser, Microsoft.VisualStudio.Services.WebApi","EntityId":"vss.ds.v1.ims.user.7143802552114fe7b531f306ad4a0b6f","EntityType":"User","OriginDirectory":"vsd","OriginId":"71438025-5211-4fe7-b531-f306ad4a0b6f","LocalDirectory":"vsd","LocalId":"71438025-5211-4fe7-b531-f306ad4a0b6f","principalName":"fake-vsd-19ef7eb7-f37b-468a-88fc-a1004364b2be","displayName":"fake-vsd-19ef7eb7-f37b-468a-88fc-a1004364b2be","localDescriptor":"System.Security.Principal.WindowsIdentity;S-1-5-21-1389882523-1725124155-1294357522-2876126695-1192065732-1805299334-362228598"},"EntityState":"LocalCreate","Status":"Success"}&#xD;
00:00.225  Web method running: [http://v-nagab77931a:8080/tfs/46407190-89f3-4e58-9bad-783cbf2637fb_/_apis/Identities/71438025-5211-4fe7-b531-f306ad4a0b6f?queryMembership=Direct] (GET)71438025-5211-4fe7-b531-f306ad4a0b6f[Identities] E2EId: cdfa22e7-4eb8-4e17-8f53-98434522fe27&#xD;
00:00.239  Web method response: [http://v-nagab77931a:8080/tfs/46407190-89f3-4e58-9bad-783cbf2637fb_/_apis/Identities/71438025-5211-4fe7-b531-f306ad4a0b6f?queryMembership=Direct] (GET)71438025-5211-4fe7-b531-f306ad4a0b6f[Identities] E2EId: cdfa22e7-4eb8-4e17-8f53-98434522fe27, ActivityId: 68e955d5-022d-4bd6-90df-91127d95539f 13 ms&#xD;
00:00.239  TimeoutScope 'CreateUser:158' ended after '00:00:00.2314426'.&#xD;
00:00.239  TimeoutScope, 'Test: FindTestSuite:156', has been resumed at 00:00:00.0080528.&#xD;
00:00.240  IdentityHelperClient.CreateUser called service and returned {"$type":"Microsoft.VisualStudio.Services.Identity.Identity, Microsoft.VisualStudio.Services.WebApi","Id":"71438025-5211-4fe7-b531-f306ad4a0b6f","Descriptor":"System.Security.Principal.WindowsIdentity;S-1-5-21-1389882523-1725124155-1294357522-2876126695-1192065732-1805299334-362228598","SubjectDescriptor":"win.Uy0xLTUtMjEtMTM4OTg4MjUyMy0xNzI1MTI0MTU1LTEyOTQzNTc1MjItMjg3NjEyNjY5NS0xMTkyMDY1NzMyLTE4MDUyOTkzMzQtMzYyMjI4NTk4","ProviderDisplayName":"fake-vsd-19ef7eb7-f37b-468a-88fc-a1004364b2be","IsActive":true,"Members":[],"MemberOf":["Microsoft.TeamFoundation.Identity;S-1-9-1551374245-4119793886-2834581577-2985046343-3005158501-0-0-0-0-1"],"MemberIds":[],"MasterId":"ffffffff-ffff-ffff-ffff-ffffffffffff","Properties":{"$type":"Microsoft.VisualStudio.Services.WebApi.PropertiesCollection, Microsoft.VisualStudio.Services.WebApi","SchemaClassName":{"$type":"System.String","$value":"User"},"Description":{"$type":"System.String","$value":"L2"},"Domain":{"$type":"System.String","$value":"L2"},"Account":{"$type":"System.String","$value":"fake-vsd-19ef7eb7-f37b-468a-88fc-a1004364b2be"},"DN":{"$type":"System.String","$value":""},"Mail":{"$type":"System.String","$value":"fake-vsd-19ef7eb7-f37b-468a-88fc-a1004364b2be@someprovider.com"},"SpecialType":{"$type":"System.String","$value":"Generic"},"ComplianceValidated":{"$type":"System.DateTime","$value":"2018-07-03T00:00:00Z"},"DirectoryAlias":{"$type":"System.String","$value":"fake-vsd-19ef7eb7-f37b-468a-88fc-a1004364b2be"}},"ResourceVersion":2,"MetaTypeId":255}&#xD;
00:00.240  Created User successfully.&#xD;
00:00.240  Client Credentials called.&#xD;
Getting credentials for descriptor 'System.Security.Principal.WindowsIdentity;S-1-5-21-1389882523-1725124155-1294357522-2876126695-1192065732-1805299334-362228598' =&gt; Authorization: Bearer eyJ0eXAiOiJKV1QiLCJhbGciOiJOb25lIn0.eyJuYW1laWQiOiJTLTEtNS0yMS0xMzg5ODgyNTIzLTE3MjUxMjQxNTUtMTI5NDM1NzUyMi0yODc2MTI2Njk1LTExOTIwNjU3MzItMTgwNTI5OTMzNC0zNjIyMjg1OTgiLCJJZGVudGl0eVR5cGVDbGFpbSI6IlN5c3RlbS5TZWN1cml0eS5QcmluY2lwYWwuV2luZG93c0lkZW50aXR5IiwiaXNzIjoiTDIiLCJhdWQiOiJMMiIsIm5iZiI6MTUzMDU4NzY2NSwiZXhwIjoyNTM0MDIzMDA4MDB9.&#xD;
00:00.240  Client Credentials received successfully.&#xD;
Getting credentials for descriptor 'System.Security.Principal.WindowsIdentity;S-1-5-21-1389882523-1725124155-1294357522-2876126695-1192065732-1805299334-362228598' =&gt; Authorization: Bearer eyJ0eXAiOiJKV1QiLCJhbGciOiJOb25lIn0.eyJuYW1laWQiOiJTLTEtNS0yMS0xMzg5ODgyNTIzLTE3MjUxMjQxNTUtMTI5NDM1NzUyMi0yODc2MTI2Njk1LTExOTIwNjU3MzItMTgwNTI5OTMzNC0zNjIyMjg1OTgiLCJJZGVudGl0eVR5cGVDbGFpbSI6IlN5c3RlbS5TZWN1cml0eS5QcmluY2lwYWwuV2luZG93c0lkZW50aXR5IiwiaXNzIjoiTDIiLCJhdWQiOiJMMiIsIm5iZiI6MTUzMDU4NzY2NSwiZXhwIjoyNTM0MDIzMDA4MDB9.&#xD;
00:00.321  Created new TimeoutScope, 'RefreshWorkItemStoreCache:159@1', for 00:01:00 on thread 16.&#xD;
00:00.321  TimeoutScope, 'Test: FindTestSuite:156', has been paused after 00:00:00.0897179.&#xD;
00:00.441  TimeoutScope 'RefreshWorkItemStoreCache:159' ended after '00:00:00.1194127'.&#xD;
00:00.441  TimeoutScope, 'Test: FindTestSuite:156', has been resumed at 00:00:00.0897189.&#xD;
00:01.402  Performing CommonTestBase Cleanup...&#xD;
00:01.402  TimeoutScope 'Test: FindTestSuite:156' ended after '00:00:01.0508309'.&#xD;
00:02.568  Created new TimeoutScope, 'TestFrameworkTestCleanup:160@0', for 00:00:10 on thread 16.&#xD;
00:02.568  TimeoutScope 'TestFrameworkTestCleanup:160' ended after '00:00:00.0000660'.&#xD;
00:02.568  Test End: 7/2/2018 8:14:27 PM (local) / 7/3/2018 3:14:27 AM (UTC).</StdOut></Output></UnitTestResult><UnitTestResult executionId="6fb64c84-a7e4-4bb6-a3d7-5bbc243be77b" testId="7ba8efab-a80a-92f1-7a75-601f23212762" testName="SuiteUpdate" computerName="V-NAGAB77931A" duration="00:00:04.0652432" startTime="2018-07-02T20:13:32.1977626-07:00" endTime="2018-07-02T20:13:36.2599017-07:00" testType="13cdc9d9-ddb5-4fa4-a97d-d965ccfc6d4b" outcome="Passed" testListId="8c84fa94-04c1-424b-9868-57a2d4851a1d" relativeResultsDirectory="6fb64c84-a7e4-4bb6-a3d7-5bbc243be77b"><Output><StdOut>Debug Trace:
00:00.000  Test Start: 7/2/2018 8:13:32 PM (local) / 7/3/2018 3:13:32 AM (UTC)&#xD;
00:00.000  Random Seed for this test: 1217440538&#xD;
00:00.000  Created new TimeoutScope, 'Test: SuiteUpdate:86@0', for 00:00:30 on thread 16.&#xD;
00:00.000  Created new TimeoutScope, 'TestFrameworkTestInitialize:87@1', for 00:00:10 on thread 16.&#xD;
00:00.000  TimeoutScope, 'Test: SuiteUpdate:86', has been paused after 00:00:00.0000338.&#xD;
00:00.000  TimeoutScope 'TestFrameworkTestInitialize:87' ended after '00:00:00.0000304'.&#xD;
00:00.000  TimeoutScope, 'Test: SuiteUpdate:86', has been resumed at 00:00:00.0000345.&#xD;
00:00.000  TagHelper is getting a tag 'Project.PrivateAgileGit' on host 'de108ff5-f4a8-4948-b1ec-3147b31f1465'.&#xD;
00:00.000  TagHelper found cached tag 'Project.PrivateAgileGit' on host 'de108ff5-f4a8-4948-b1ec-3147b31f1465' with value '05e49bc7-ac67-4dc4-b85e-4a41b611b532'.&#xD;
00:00.000  Searching for project '05e49bc7-ac67-4dc4-b85e-4a41b611b532'.&#xD;
00:00.001  Web method running: [http://v-nagab77931a:8080/tfs/46407190-89f3-4e58-9bad-783cbf2637fb_/_apis/projects/05e49bc7-ac67-4dc4-b85e-4a41b611b532?includeHistory=False] (GET)05e49bc7-ac67-4dc4-b85e-4a41b611b532[projects] E2EId: 6cf0d364-b390-4e34-a9e3-b72adaeebe7e&#xD;
00:00.008  Web method response: [http://v-nagab77931a:8080/tfs/46407190-89f3-4e58-9bad-783cbf2637fb_/_apis/projects/05e49bc7-ac67-4dc4-b85e-4a41b611b532?includeHistory=False] (GET)05e49bc7-ac67-4dc4-b85e-4a41b611b532[projects] E2EId: 6cf0d364-b390-4e34-a9e3-b72adaeebe7e, ActivityId: 68e95306-022d-4bd6-90df-91127d95539f 7 ms&#xD;
00:00.008  Found matching project 'sdentifies people online. Impllowssy!n8d5e05805548ee6' (05e49bc7-ac67-4dc4-b85e-4a41b611b532).&#xD;
00:00.008  Create User called.&#xD;
00:00.008  IdentityHelperClient.CreateUser called with user properties {"$type":"Vssf.TestFramework.Client.Common.CreateUserProperties, Vssf.TestFramework.Client.Common","EntityType":"User","OriginDirectory":null,"HomeDirectory":null,"TenantId":null,"OriginId":"00000000-0000-0000-0000-000000000000","LocalId":"00000000-0000-0000-0000-000000000000","MasterId":"00000000-0000-0000-0000-000000000000","PrincipalName":null,"DisplayName":null,"Profile":null,"License":4,"LocalGroups":[{"$type":"Vssf.TestFramework.Client.Common.GroupReference, Vssf.TestFramework.Client.Common","Identifier":"S-1-9-1551374245-1204400969-2402986413-2179408616-0-0-0-0-1"}],"LocalPermissions":null,"UserType":0,"CreateUserTranslations":null}&#xD;
00:00.008  Created new TimeoutScope, 'CreateUser:88@1', for 00:00:30 on thread 16.&#xD;
00:00.008  TimeoutScope, 'Test: SuiteUpdate:86', has been paused after 00:00:00.0084692.&#xD;
00:00.008  IdentityHelperClient.AddMember was called with parameters {"$type":"Vssf.TestFramework.Client.L2.Identity.AddMemberRequest, Vssf.TestFramework.Client.L2","EntityDescriptor":{"$type":"Microsoft.VisualStudio.Services.Directories.DirectoryEntityDescriptor, Microsoft.VisualStudio.Services.WebApi","entityType":"User","originDirectory":null,"localId":null,"originId":null,"invitationMethod":"CreateUser@TeamFoundationServer","createIfNotFound":true},"Profile":null,"License":"Optimal","LocalGroups":["S-1-9-1551374245-1204400969-2402986413-2179408616-0-0-0-0-1"]}&#xD;
00:00.088  Web method running: [http://v-nagab77931a:8080/tfs/46407190-89f3-4e58-9bad-783cbf2637fb_/_apis/Directory/Members?license=Optimal&amp;localGroups=S-1-9-1551374245-1204400969-2402986413-2179408616-0-0-0-0-1&amp;propertiesToReturn=LocalDescriptor] (POST)Members[Directory] E2EId: ad33ce3d-f5d2-4346-99c3-4c22ef7b78c9&#xD;
00:00.192  Web method response: [http://v-nagab77931a:8080/tfs/46407190-89f3-4e58-9bad-783cbf2637fb_/_apis/Directory/Members?license=Optimal&amp;localGroups=S-1-9-1551374245-1204400969-2402986413-2179408616-0-0-0-0-1&amp;propertiesToReturn=LocalDescriptor] (POST)Members[Directory] E2EId: ad33ce3d-f5d2-4346-99c3-4c22ef7b78c9, ActivityId: 68e95307-022d-4bd6-90df-91127d95539f 103 ms&#xD;
00:00.192  DirectoryHttpClient.AddMemberAsync returned {"$type":"Microsoft.VisualStudio.Services.Directories.DirectoryEntityResult, Microsoft.VisualStudio.Services.WebApi","Entity":{"$type":"Microsoft.VisualStudio.Services.Directories.DirectoryUser, Microsoft.VisualStudio.Services.WebApi","EntityId":"vss.ds.v1.ims.user.1bdc0516c3864798840920347d944e47","EntityType":"User","OriginDirectory":"vsd","OriginId":"1bdc0516-c386-4798-8409-20347d944e47","LocalDirectory":"vsd","LocalId":"1bdc0516-c386-4798-8409-20347d944e47","principalName":"fake-vsd-ee8c9260-e5c7-4080-a256-13117966319f","displayName":"fake-vsd-ee8c9260-e5c7-4080-a256-13117966319f","localDescriptor":"System.Security.Principal.WindowsIdentity;S-1-5-21-1389882523-1725124155-1294357522-977715200-1252007251-3371078533-4238405449"},"EntityState":"LocalCreate","Status":"Success"}&#xD;
00:00.226  Web method running: [http://v-nagab77931a:8080/tfs/46407190-89f3-4e58-9bad-783cbf2637fb_/_apis/Identities/1bdc0516-c386-4798-8409-20347d944e47?queryMembership=Direct] (GET)1bdc0516-c386-4798-8409-20347d944e47[Identities] E2EId: 43ce3bac-b774-433a-aab4-ae11641ec63a&#xD;
00:00.240  Web method response: [http://v-nagab77931a:8080/tfs/46407190-89f3-4e58-9bad-783cbf2637fb_/_apis/Identities/1bdc0516-c386-4798-8409-20347d944e47?queryMembership=Direct] (GET)1bdc0516-c386-4798-8409-20347d944e47[Identities] E2EId: 43ce3bac-b774-433a-aab4-ae11641ec63a, ActivityId: 68e95308-022d-4bd6-90df-91127d95539f 14 ms&#xD;
00:00.240  TimeoutScope 'CreateUser:88' ended after '00:00:00.2320794'.&#xD;
00:00.240  TimeoutScope, 'Test: SuiteUpdate:86', has been resumed at 00:00:00.0084701.&#xD;
00:00.241  IdentityHelperClient.CreateUser called service and returned {"$type":"Microsoft.VisualStudio.Services.Identity.Identity, Microsoft.VisualStudio.Services.WebApi","Id":"1bdc0516-c386-4798-8409-20347d944e47","Descriptor":"System.Security.Principal.WindowsIdentity;S-1-5-21-1389882523-1725124155-1294357522-977715200-1252007251-3371078533-4238405449","SubjectDescriptor":"win.Uy0xLTUtMjEtMTM4OTg4MjUyMy0xNzI1MTI0MTU1LTEyOTQzNTc1MjItOTc3NzE1MjAwLTEyNTIwMDcyNTEtMzM3MTA3ODUzMy00MjM4NDA1NDQ5","ProviderDisplayName":"fake-vsd-ee8c9260-e5c7-4080-a256-13117966319f","IsActive":true,"Members":[],"MemberOf":["Microsoft.TeamFoundation.Identity;S-1-9-1551374245-4119793886-2834581577-2985046343-3005158501-0-0-0-0-1"],"MemberIds":[],"MasterId":"ffffffff-ffff-ffff-ffff-ffffffffffff","Properties":{"$type":"Microsoft.VisualStudio.Services.WebApi.PropertiesCollection, Microsoft.VisualStudio.Services.WebApi","SchemaClassName":{"$type":"System.String","$value":"User"},"Description":{"$type":"System.String","$value":"L2"},"Domain":{"$type":"System.String","$value":"L2"},"Account":{"$type":"System.String","$value":"fake-vsd-ee8c9260-e5c7-4080-a256-13117966319f"},"DN":{"$type":"System.String","$value":""},"Mail":{"$type":"System.String","$value":"fake-vsd-ee8c9260-e5c7-4080-a256-13117966319f@someprovider.com"},"SpecialType":{"$type":"System.String","$value":"Generic"},"ComplianceValidated":{"$type":"System.DateTime","$value":"2018-07-03T00:00:00Z"},"DirectoryAlias":{"$type":"System.String","$value":"fake-vsd-ee8c9260-e5c7-4080-a256-13117966319f"}},"ResourceVersion":2,"MetaTypeId":255}&#xD;
00:00.241  Created User successfully.&#xD;
00:00.241  Client Credentials called.&#xD;
Getting credentials for descriptor 'System.Security.Principal.WindowsIdentity;S-1-5-21-1389882523-1725124155-1294357522-977715200-1252007251-3371078533-4238405449' =&gt; Authorization: Bearer eyJ0eXAiOiJKV1QiLCJhbGciOiJOb25lIn0.eyJuYW1laWQiOiJTLTEtNS0yMS0xMzg5ODgyNTIzLTE3MjUxMjQxNTUtMTI5NDM1NzUyMi05Nzc3MTUyMDAtMTI1MjAwNzI1MS0zMzcxMDc4NTMzLTQyMzg0MDU0NDkiLCJJZGVudGl0eVR5cGVDbGFpbSI6IlN5c3RlbS5TZWN1cml0eS5QcmluY2lwYWwuV2luZG93c0lkZW50aXR5IiwiaXNzIjoiTDIiLCJhdWQiOiJMMiIsIm5iZiI6MTUzMDU4NzYxMiwiZXhwIjoyNTM0MDIzMDA4MDB9.&#xD;
00:00.241  Client Credentials received successfully.&#xD;
Getting credentials for descriptor 'System.Security.Principal.WindowsIdentity;S-1-5-21-1389882523-1725124155-1294357522-977715200-1252007251-3371078533-4238405449' =&gt; Authorization: Bearer eyJ0eXAiOiJKV1QiLCJhbGciOiJOb25lIn0.eyJuYW1laWQiOiJTLTEtNS0yMS0xMzg5ODgyNTIzLTE3MjUxMjQxNTUtMTI5NDM1NzUyMi05Nzc3MTUyMDAtMTI1MjAwNzI1MS0zMzcxMDc4NTMzLTQyMzg0MDU0NDkiLCJJZGVudGl0eVR5cGVDbGFpbSI6IlN5c3RlbS5TZWN1cml0eS5QcmluY2lwYWwuV2luZG93c0lkZW50aXR5IiwiaXNzIjoiTDIiLCJhdWQiOiJMMiIsIm5iZiI6MTUzMDU4NzYxMiwiZXhwIjoyNTM0MDIzMDA4MDB9.&#xD;
00:00.321  Created new TimeoutScope, 'RefreshWorkItemStoreCache:89@1', for 00:01:00 on thread 16.&#xD;
00:00.321  TimeoutScope, 'Test: SuiteUpdate:86', has been paused after 00:00:00.0886922.&#xD;
00:00.439  TimeoutScope 'RefreshWorkItemStoreCache:89' ended after '00:00:00.1186619'.&#xD;
00:00.439  TimeoutScope, 'Test: SuiteUpdate:86', has been resumed at 00:00:00.0886931.&#xD;
00:01.276  Performing CommonTestBase Cleanup...&#xD;
00:01.276  TimeoutScope 'Test: SuiteUpdate:86' ended after '00:00:00.9254064'.&#xD;
00:04.065  Created new TimeoutScope, 'TestFrameworkTestCleanup:90@0', for 00:00:10 on thread 16.&#xD;
00:04.065  TimeoutScope 'TestFrameworkTestCleanup:90' ended after '00:00:00.0000457'.&#xD;
00:04.065  Test End: 7/2/2018 8:13:36 PM (local) / 7/3/2018 3:13:36 AM (UTC).</StdOut></Output></UnitTestResult><UnitTestResult executionId="6c27b3e7-6e3a-424a-bcac-a33018c579d2" testId="f9057581-aedc-99aa-b856-2f016e802061" testName="QueryTestSuitesReferencingCase" computerName="V-NAGAB77931A" duration="00:00:02.7647194" startTime="2018-07-02T20:14:33.3287183-07:00" endTime="2018-07-02T20:14:36.0943172-07:00" testType="13cdc9d9-ddb5-4fa4-a97d-d965ccfc6d4b" outcome="Passed" testListId="8c84fa94-04c1-424b-9868-57a2d4851a1d" relativeResultsDirectory="6c27b3e7-6e3a-424a-bcac-a33018c579d2"><Output><StdOut>CreateX: Creating 2 test cases&#xD;
Looking for test case id: 186&#xD;
&#xD;


Debug Trace:
00:00.000  Test Start: 7/2/2018 8:14:33 PM (local) / 7/3/2018 3:14:33 AM (UTC)&#xD;
00:00.000  Random Seed for this test: 1828750095&#xD;
00:00.000  Created new TimeoutScope, 'Test: QueryTestSuitesReferencingCase:171@0', for 00:00:30 on thread 16.&#xD;
00:00.000  Created new TimeoutScope, 'TestFrameworkTestInitialize:172@1', for 00:00:10 on thread 16.&#xD;
00:00.000  TimeoutScope, 'Test: QueryTestSuitesReferencingCase:171', has been paused after 00:00:00.0000294.&#xD;
00:00.000  TimeoutScope 'TestFrameworkTestInitialize:172' ended after '00:00:00.0000131'.&#xD;
00:00.000  TimeoutScope, 'Test: QueryTestSuitesReferencingCase:171', has been resumed at 00:00:00.0000300.&#xD;
00:00.000  TagHelper is getting a tag 'Project.PrivateAgileGit' on host 'de108ff5-f4a8-4948-b1ec-3147b31f1465'.&#xD;
00:00.000  TagHelper found cached tag 'Project.PrivateAgileGit' on host 'de108ff5-f4a8-4948-b1ec-3147b31f1465' with value '05e49bc7-ac67-4dc4-b85e-4a41b611b532'.&#xD;
00:00.000  Searching for project '05e49bc7-ac67-4dc4-b85e-4a41b611b532'.&#xD;
00:00.001  Web method running: [http://v-nagab77931a:8080/tfs/46407190-89f3-4e58-9bad-783cbf2637fb_/_apis/projects/05e49bc7-ac67-4dc4-b85e-4a41b611b532?includeHistory=False] (GET)05e49bc7-ac67-4dc4-b85e-4a41b611b532[projects] E2EId: ed938978-d8bf-44a8-b429-7afe4a4c1b33&#xD;
00:00.007  Web method response: [http://v-nagab77931a:8080/tfs/46407190-89f3-4e58-9bad-783cbf2637fb_/_apis/projects/05e49bc7-ac67-4dc4-b85e-4a41b611b532?includeHistory=False] (GET)05e49bc7-ac67-4dc4-b85e-4a41b611b532[projects] E2EId: ed938978-d8bf-44a8-b429-7afe4a4c1b33, ActivityId: 68e9547b-022d-4bd6-90df-91127d95539f 6 ms&#xD;
00:00.008  Found matching project 'sdentifies people online. Impllowssy!n8d5e05805548ee6' (05e49bc7-ac67-4dc4-b85e-4a41b611b532).&#xD;
00:00.008  Create User called.&#xD;
00:00.008  IdentityHelperClient.CreateUser called with user properties {"$type":"Vssf.TestFramework.Client.Common.CreateUserProperties, Vssf.TestFramework.Client.Common","EntityType":"User","OriginDirectory":null,"HomeDirectory":null,"TenantId":null,"OriginId":"00000000-0000-0000-0000-000000000000","LocalId":"00000000-0000-0000-0000-000000000000","MasterId":"00000000-0000-0000-0000-000000000000","PrincipalName":null,"DisplayName":null,"Profile":null,"License":4,"LocalGroups":[{"$type":"Vssf.TestFramework.Client.Common.GroupReference, Vssf.TestFramework.Client.Common","Identifier":"S-1-9-1551374245-1204400969-2402986413-2179408616-0-0-0-0-1"}],"LocalPermissions":null,"UserType":0,"CreateUserTranslations":null}&#xD;
00:00.008  Created new TimeoutScope, 'CreateUser:173@1', for 00:00:30 on thread 16.&#xD;
00:00.008  TimeoutScope, 'Test: QueryTestSuitesReferencingCase:171', has been paused after 00:00:00.0079147.&#xD;
00:00.008  IdentityHelperClient.AddMember was called with parameters {"$type":"Vssf.TestFramework.Client.L2.Identity.AddMemberRequest, Vssf.TestFramework.Client.L2","EntityDescriptor":{"$type":"Microsoft.VisualStudio.Services.Directories.DirectoryEntityDescriptor, Microsoft.VisualStudio.Services.WebApi","entityType":"User","originDirectory":null,"localId":null,"originId":null,"invitationMethod":"CreateUser@TeamFoundationServer","createIfNotFound":true},"Profile":null,"License":"Optimal","LocalGroups":["S-1-9-1551374245-1204400969-2402986413-2179408616-0-0-0-0-1"]}&#xD;
00:00.048  Web method running: [http://v-nagab77931a:8080/tfs/46407190-89f3-4e58-9bad-783cbf2637fb_/_apis/Directory/Members?license=Optimal&amp;localGroups=S-1-9-1551374245-1204400969-2402986413-2179408616-0-0-0-0-1&amp;propertiesToReturn=LocalDescriptor] (POST)Members[Directory] E2EId: a56e4aa0-97a8-40b5-b0c5-9efbabb6f160&#xD;
00:00.146  Web method response: [http://v-nagab77931a:8080/tfs/46407190-89f3-4e58-9bad-783cbf2637fb_/_apis/Directory/Members?license=Optimal&amp;localGroups=S-1-9-1551374245-1204400969-2402986413-2179408616-0-0-0-0-1&amp;propertiesToReturn=LocalDescriptor] (POST)Members[Directory] E2EId: a56e4aa0-97a8-40b5-b0c5-9efbabb6f160, ActivityId: 68e9547c-022d-4bd6-90df-91127d95539f 98 ms&#xD;
00:00.147  DirectoryHttpClient.AddMemberAsync returned {"$type":"Microsoft.VisualStudio.Services.Directories.DirectoryEntityResult, Microsoft.VisualStudio.Services.WebApi","Entity":{"$type":"Microsoft.VisualStudio.Services.Directories.DirectoryUser, Microsoft.VisualStudio.Services.WebApi","EntityId":"vss.ds.v1.ims.user.5289eba46a01408899fbaf3e82855de6","EntityType":"User","OriginDirectory":"vsd","OriginId":"5289eba4-6a01-4088-99fb-af3e82855de6","LocalDirectory":"vsd","LocalId":"5289eba4-6a01-4088-99fb-af3e82855de6","principalName":"fake-vsd-d6012770-7a4a-480a-85b7-8c3a4f7619b7","displayName":"fake-vsd-d6012770-7a4a-480a-85b7-8c3a4f7619b7","localDescriptor":"System.Security.Principal.WindowsIdentity;S-1-5-21-1389882523-1725124155-1294357522-2019224730-1329493534-2053419962-420980687"},"EntityState":"LocalCreate","Status":"Success"}&#xD;
00:00.216  Web method running: [http://v-nagab77931a:8080/tfs/46407190-89f3-4e58-9bad-783cbf2637fb_/_apis/Identities/5289eba4-6a01-4088-99fb-af3e82855de6?queryMembership=Direct] (GET)5289eba4-6a01-4088-99fb-af3e82855de6[Identities] E2EId: 04d4fc60-aff8-477e-93a1-a2d2053ec64c&#xD;
00:00.230  Web method response: [http://v-nagab77931a:8080/tfs/46407190-89f3-4e58-9bad-783cbf2637fb_/_apis/Identities/5289eba4-6a01-4088-99fb-af3e82855de6?queryMembership=Direct] (GET)5289eba4-6a01-4088-99fb-af3e82855de6[Identities] E2EId: 04d4fc60-aff8-477e-93a1-a2d2053ec64c, ActivityId: 68e9547d-022d-4bd6-90df-91127d95539f 13 ms&#xD;
00:00.230  TimeoutScope 'CreateUser:173' ended after '00:00:00.2225499'.&#xD;
00:00.230  TimeoutScope, 'Test: QueryTestSuitesReferencingCase:171', has been resumed at 00:00:00.0079156.&#xD;
00:00.230  IdentityHelperClient.CreateUser called service and returned {"$type":"Microsoft.VisualStudio.Services.Identity.Identity, Microsoft.VisualStudio.Services.WebApi","Id":"5289eba4-6a01-4088-99fb-af3e82855de6","Descriptor":"System.Security.Principal.WindowsIdentity;S-1-5-21-1389882523-1725124155-1294357522-2019224730-1329493534-2053419962-420980687","SubjectDescriptor":"win.Uy0xLTUtMjEtMTM4OTg4MjUyMy0xNzI1MTI0MTU1LTEyOTQzNTc1MjItMjAxOTIyNDczMC0xMzI5NDkzNTM0LTIwNTM0MTk5NjItNDIwOTgwNjg3","ProviderDisplayName":"fake-vsd-d6012770-7a4a-480a-85b7-8c3a4f7619b7","IsActive":true,"Members":[],"MemberOf":["Microsoft.TeamFoundation.Identity;S-1-9-1551374245-4119793886-2834581577-2985046343-3005158501-0-0-0-0-1"],"MemberIds":[],"MasterId":"ffffffff-ffff-ffff-ffff-ffffffffffff","Properties":{"$type":"Microsoft.VisualStudio.Services.WebApi.PropertiesCollection, Microsoft.VisualStudio.Services.WebApi","SchemaClassName":{"$type":"System.String","$value":"User"},"Description":{"$type":"System.String","$value":"L2"},"Domain":{"$type":"System.String","$value":"L2"},"Account":{"$type":"System.String","$value":"fake-vsd-d6012770-7a4a-480a-85b7-8c3a4f7619b7"},"DN":{"$type":"System.String","$value":""},"Mail":{"$type":"System.String","$value":"fake-vsd-d6012770-7a4a-480a-85b7-8c3a4f7619b7@someprovider.com"},"SpecialType":{"$type":"System.String","$value":"Generic"},"ComplianceValidated":{"$type":"System.DateTime","$value":"2018-07-03T00:00:00Z"},"DirectoryAlias":{"$type":"System.String","$value":"fake-vsd-d6012770-7a4a-480a-85b7-8c3a4f7619b7"}},"ResourceVersion":2,"MetaTypeId":255}&#xD;
00:00.230  Created User successfully.&#xD;
00:00.230  Client Credentials called.&#xD;
Getting credentials for descriptor 'System.Security.Principal.WindowsIdentity;S-1-5-21-1389882523-1725124155-1294357522-2019224730-1329493534-2053419962-420980687' =&gt; Authorization: Bearer eyJ0eXAiOiJKV1QiLCJhbGciOiJOb25lIn0.eyJuYW1laWQiOiJTLTEtNS0yMS0xMzg5ODgyNTIzLTE3MjUxMjQxNTUtMTI5NDM1NzUyMi0yMDE5MjI0NzMwLTEzMjk0OTM1MzQtMjA1MzQxOTk2Mi00MjA5ODA2ODciLCJJZGVudGl0eVR5cGVDbGFpbSI6IlN5c3RlbS5TZWN1cml0eS5QcmluY2lwYWwuV2luZG93c0lkZW50aXR5IiwiaXNzIjoiTDIiLCJhdWQiOiJMMiIsIm5iZiI6MTUzMDU4NzY3NCwiZXhwIjoyNTM0MDIzMDA4MDB9.&#xD;
00:00.231  Client Credentials received successfully.&#xD;
Getting credentials for descriptor 'System.Security.Principal.WindowsIdentity;S-1-5-21-1389882523-1725124155-1294357522-2019224730-1329493534-2053419962-420980687' =&gt; Authorization: Bearer eyJ0eXAiOiJKV1QiLCJhbGciOiJOb25lIn0.eyJuYW1laWQiOiJTLTEtNS0yMS0xMzg5ODgyNTIzLTE3MjUxMjQxNTUtMTI5NDM1NzUyMi0yMDE5MjI0NzMwLTEzMjk0OTM1MzQtMjA1MzQxOTk2Mi00MjA5ODA2ODciLCJJZGVudGl0eVR5cGVDbGFpbSI6IlN5c3RlbS5TZWN1cml0eS5QcmluY2lwYWwuV2luZG93c0lkZW50aXR5IiwiaXNzIjoiTDIiLCJhdWQiOiJMMiIsIm5iZiI6MTUzMDU4NzY3NCwiZXhwIjoyNTM0MDIzMDA4MDB9.&#xD;
00:00.304  Created new TimeoutScope, 'RefreshWorkItemStoreCache:174@1', for 00:01:00 on thread 16.&#xD;
00:00.304  TimeoutScope, 'Test: QueryTestSuitesReferencingCase:171', has been paused after 00:00:00.0812626.&#xD;
00:00.417  TimeoutScope 'RefreshWorkItemStoreCache:174' ended after '00:00:00.1128603'.&#xD;
00:00.417  TimeoutScope, 'Test: QueryTestSuitesReferencingCase:171', has been resumed at 00:00:00.0812636.&#xD;
00:01.917  Performing CommonTestBase Cleanup...&#xD;
00:01.917  TimeoutScope 'Test: QueryTestSuitesReferencingCase:171' ended after '00:00:01.5815376'.&#xD;
00:02.764  Created new TimeoutScope, 'TestFrameworkTestCleanup:175@0', for 00:00:10 on thread 16.&#xD;
00:02.764  TimeoutScope 'TestFrameworkTestCleanup:175' ended after '00:00:00.0000504'.&#xD;
00:02.764  Test End: 7/2/2018 8:14:36 PM (local) / 7/3/2018 3:14:36 AM (UTC).</StdOut></Output></UnitTestResult><UnitTestResult executionId="8121f42c-c433-44eb-bc69-e49ab598c1c9" testId="596d5f49-2b57-ef61-a518-abc98035e919" testName="QueryTestSuitesReferencingDuplicateTestCase" computerName="V-NAGAB77931A" duration="00:00:03.2799512" startTime="2018-07-02T20:14:43.7703690-07:00" endTime="2018-07-02T20:14:47.0516196-07:00" testType="13cdc9d9-ddb5-4fa4-a97d-d965ccfc6d4b" outcome="Passed" testListId="8c84fa94-04c1-424b-9868-57a2d4851a1d" relativeResultsDirectory="8121f42c-c433-44eb-bc69-e49ab598c1c9"><Output><StdOut>Debug Trace:
00:00.000  Test Start: 7/2/2018 8:14:43 PM (local) / 7/3/2018 3:14:43 AM (UTC)&#xD;
00:00.000  Random Seed for this test: 1933166602&#xD;
00:00.000  Created new TimeoutScope, 'Test: QueryTestSuitesReferencingDuplicateTestCase:191@0', for 00:00:30 on thread 16.&#xD;
00:00.000  Created new TimeoutScope, 'TestFrameworkTestInitialize:192@1', for 00:00:10 on thread 16.&#xD;
00:00.000  TimeoutScope, 'Test: QueryTestSuitesReferencingDuplicateTestCase:191', has been paused after 00:00:00.0000288.&#xD;
00:00.000  TimeoutScope 'TestFrameworkTestInitialize:192' ended after '00:00:00.0000105'.&#xD;
00:00.000  TimeoutScope, 'Test: QueryTestSuitesReferencingDuplicateTestCase:191', has been resumed at 00:00:00.0000295.&#xD;
00:00.000  TagHelper is getting a tag 'Project.PrivateAgileGit' on host 'de108ff5-f4a8-4948-b1ec-3147b31f1465'.&#xD;
00:00.000  TagHelper found cached tag 'Project.PrivateAgileGit' on host 'de108ff5-f4a8-4948-b1ec-3147b31f1465' with value '05e49bc7-ac67-4dc4-b85e-4a41b611b532'.&#xD;
00:00.000  Searching for project '05e49bc7-ac67-4dc4-b85e-4a41b611b532'.&#xD;
00:00.000  Web method running: [http://v-nagab77931a:8080/tfs/46407190-89f3-4e58-9bad-783cbf2637fb_/_apis/projects/05e49bc7-ac67-4dc4-b85e-4a41b611b532?includeHistory=False] (GET)05e49bc7-ac67-4dc4-b85e-4a41b611b532[projects] E2EId: d212faa6-6001-4636-8ccb-6e3a787a8951&#xD;
00:00.007  Web method response: [http://v-nagab77931a:8080/tfs/46407190-89f3-4e58-9bad-783cbf2637fb_/_apis/projects/05e49bc7-ac67-4dc4-b85e-4a41b611b532?includeHistory=False] (GET)05e49bc7-ac67-4dc4-b85e-4a41b611b532[projects] E2EId: d212faa6-6001-4636-8ccb-6e3a787a8951, ActivityId: 68e954ea-022d-4bd6-90df-91127d95539f 6 ms&#xD;
00:00.008  Found matching project 'sdentifies people online. Impllowssy!n8d5e05805548ee6' (05e49bc7-ac67-4dc4-b85e-4a41b611b532).&#xD;
00:00.008  Create User called.&#xD;
00:00.008  IdentityHelperClient.CreateUser called with user properties {"$type":"Vssf.TestFramework.Client.Common.CreateUserProperties, Vssf.TestFramework.Client.Common","EntityType":"User","OriginDirectory":null,"HomeDirectory":null,"TenantId":null,"OriginId":"00000000-0000-0000-0000-000000000000","LocalId":"00000000-0000-0000-0000-000000000000","MasterId":"00000000-0000-0000-0000-000000000000","PrincipalName":null,"DisplayName":null,"Profile":null,"License":4,"LocalGroups":[{"$type":"Vssf.TestFramework.Client.Common.GroupReference, Vssf.TestFramework.Client.Common","Identifier":"S-1-9-1551374245-1204400969-2402986413-2179408616-0-0-0-0-1"}],"LocalPermissions":null,"UserType":0,"CreateUserTranslations":null}&#xD;
00:00.008  Created new TimeoutScope, 'CreateUser:193@1', for 00:00:30 on thread 16.&#xD;
00:00.008  TimeoutScope, 'Test: QueryTestSuitesReferencingDuplicateTestCase:191', has been paused after 00:00:00.0081419.&#xD;
00:00.008  IdentityHelperClient.AddMember was called with parameters {"$type":"Vssf.TestFramework.Client.L2.Identity.AddMemberRequest, Vssf.TestFramework.Client.L2","EntityDescriptor":{"$type":"Microsoft.VisualStudio.Services.Directories.DirectoryEntityDescriptor, Microsoft.VisualStudio.Services.WebApi","entityType":"User","originDirectory":null,"localId":null,"originId":null,"invitationMethod":"CreateUser@TeamFoundationServer","createIfNotFound":true},"Profile":null,"License":"Optimal","LocalGroups":["S-1-9-1551374245-1204400969-2402986413-2179408616-0-0-0-0-1"]}&#xD;
00:00.047  Web method running: [http://v-nagab77931a:8080/tfs/46407190-89f3-4e58-9bad-783cbf2637fb_/_apis/Directory/Members?license=Optimal&amp;localGroups=S-1-9-1551374245-1204400969-2402986413-2179408616-0-0-0-0-1&amp;propertiesToReturn=LocalDescriptor] (POST)Members[Directory] E2EId: 599e10db-367a-4930-8376-1787dc5f5177&#xD;
00:00.155  Web method response: [http://v-nagab77931a:8080/tfs/46407190-89f3-4e58-9bad-783cbf2637fb_/_apis/Directory/Members?license=Optimal&amp;localGroups=S-1-9-1551374245-1204400969-2402986413-2179408616-0-0-0-0-1&amp;propertiesToReturn=LocalDescriptor] (POST)Members[Directory] E2EId: 599e10db-367a-4930-8376-1787dc5f5177, ActivityId: 68e954eb-022d-4bd6-90df-91127d95539f 107 ms&#xD;
00:00.155  DirectoryHttpClient.AddMemberAsync returned {"$type":"Microsoft.VisualStudio.Services.Directories.DirectoryEntityResult, Microsoft.VisualStudio.Services.WebApi","Entity":{"$type":"Microsoft.VisualStudio.Services.Directories.DirectoryUser, Microsoft.VisualStudio.Services.WebApi","EntityId":"vss.ds.v1.ims.user.7f15abbe5d91463a8b5360f02c9a2df7","EntityType":"User","OriginDirectory":"vsd","OriginId":"7f15abbe-5d91-463a-8b53-60f02c9a2df7","LocalDirectory":"vsd","LocalId":"7f15abbe-5d91-463a-8b53-60f02c9a2df7","principalName":"fake-vsd-1aac9093-fc90-481c-9676-8b435fbfe1c5","displayName":"fake-vsd-1aac9093-fc90-481c-9676-8b435fbfe1c5","localDescriptor":"System.Security.Principal.WindowsIdentity;S-1-5-21-1389882523-1725124155-1294357522-2666170034-1193734883-4022828716-484216640"},"EntityState":"LocalCreate","Status":"Success"}&#xD;
00:00.237  Web method running: [http://v-nagab77931a:8080/tfs/46407190-89f3-4e58-9bad-783cbf2637fb_/_apis/Identities/7f15abbe-5d91-463a-8b53-60f02c9a2df7?queryMembership=Direct] (GET)7f15abbe-5d91-463a-8b53-60f02c9a2df7[Identities] E2EId: 0d5b1c38-4e5d-46d3-8481-ceec7440fbfe&#xD;
00:00.251  Web method response: [http://v-nagab77931a:8080/tfs/46407190-89f3-4e58-9bad-783cbf2637fb_/_apis/Identities/7f15abbe-5d91-463a-8b53-60f02c9a2df7?queryMembership=Direct] (GET)7f15abbe-5d91-463a-8b53-60f02c9a2df7[Identities] E2EId: 0d5b1c38-4e5d-46d3-8481-ceec7440fbfe, ActivityId: 68e954ec-022d-4bd6-90df-91127d95539f 14 ms&#xD;
00:00.252  TimeoutScope 'CreateUser:193' ended after '00:00:00.2435488'.&#xD;
00:00.252  TimeoutScope, 'Test: QueryTestSuitesReferencingDuplicateTestCase:191', has been resumed at 00:00:00.0081429.&#xD;
00:00.252  IdentityHelperClient.CreateUser called service and returned {"$type":"Microsoft.VisualStudio.Services.Identity.Identity, Microsoft.VisualStudio.Services.WebApi","Id":"7f15abbe-5d91-463a-8b53-60f02c9a2df7","Descriptor":"System.Security.Principal.WindowsIdentity;S-1-5-21-1389882523-1725124155-1294357522-2666170034-1193734883-4022828716-484216640","SubjectDescriptor":"win.Uy0xLTUtMjEtMTM4OTg4MjUyMy0xNzI1MTI0MTU1LTEyOTQzNTc1MjItMjY2NjE3MDAzNC0xMTkzNzM0ODgzLTQwMjI4Mjg3MTYtNDg0MjE2NjQw","ProviderDisplayName":"fake-vsd-1aac9093-fc90-481c-9676-8b435fbfe1c5","IsActive":true,"Members":[],"MemberOf":["Microsoft.TeamFoundation.Identity;S-1-9-1551374245-4119793886-2834581577-2985046343-3005158501-0-0-0-0-1"],"MemberIds":[],"MasterId":"ffffffff-ffff-ffff-ffff-ffffffffffff","Properties":{"$type":"Microsoft.VisualStudio.Services.WebApi.PropertiesCollection, Microsoft.VisualStudio.Services.WebApi","SchemaClassName":{"$type":"System.String","$value":"User"},"Description":{"$type":"System.String","$value":"L2"},"Domain":{"$type":"System.String","$value":"L2"},"Account":{"$type":"System.String","$value":"fake-vsd-1aac9093-fc90-481c-9676-8b435fbfe1c5"},"DN":{"$type":"System.String","$value":""},"Mail":{"$type":"System.String","$value":"fake-vsd-1aac9093-fc90-481c-9676-8b435fbfe1c5@someprovider.com"},"SpecialType":{"$type":"System.String","$value":"Generic"},"ComplianceValidated":{"$type":"System.DateTime","$value":"2018-07-03T00:00:00Z"},"DirectoryAlias":{"$type":"System.String","$value":"fake-vsd-1aac9093-fc90-481c-9676-8b435fbfe1c5"}},"ResourceVersion":2,"MetaTypeId":255}&#xD;
00:00.252  Created User successfully.&#xD;
00:00.252  Client Credentials called.&#xD;
Getting credentials for descriptor 'System.Security.Principal.WindowsIdentity;S-1-5-21-1389882523-1725124155-1294357522-2666170034-1193734883-4022828716-484216640' =&gt; Authorization: Bearer eyJ0eXAiOiJKV1QiLCJhbGciOiJOb25lIn0.eyJuYW1laWQiOiJTLTEtNS0yMS0xMzg5ODgyNTIzLTE3MjUxMjQxNTUtMTI5NDM1NzUyMi0yNjY2MTcwMDM0LTExOTM3MzQ4ODMtNDAyMjgyODcxNi00ODQyMTY2NDAiLCJJZGVudGl0eVR5cGVDbGFpbSI6IlN5c3RlbS5TZWN1cml0eS5QcmluY2lwYWwuV2luZG93c0lkZW50aXR5IiwiaXNzIjoiTDIiLCJhdWQiOiJMMiIsIm5iZiI6MTUzMDU4NzY4NCwiZXhwIjoyNTM0MDIzMDA4MDB9.&#xD;
00:00.252  Client Credentials received successfully.&#xD;
Getting credentials for descriptor 'System.Security.Principal.WindowsIdentity;S-1-5-21-1389882523-1725124155-1294357522-2666170034-1193734883-4022828716-484216640' =&gt; Authorization: Bearer eyJ0eXAiOiJKV1QiLCJhbGciOiJOb25lIn0.eyJuYW1laWQiOiJTLTEtNS0yMS0xMzg5ODgyNTIzLTE3MjUxMjQxNTUtMTI5NDM1NzUyMi0yNjY2MTcwMDM0LTExOTM3MzQ4ODMtNDAyMjgyODcxNi00ODQyMTY2NDAiLCJJZGVudGl0eVR5cGVDbGFpbSI6IlN5c3RlbS5TZWN1cml0eS5QcmluY2lwYWwuV2luZG93c0lkZW50aXR5IiwiaXNzIjoiTDIiLCJhdWQiOiJMMiIsIm5iZiI6MTUzMDU4NzY4NCwiZXhwIjoyNTM0MDIzMDA4MDB9.&#xD;
00:00.354  Created new TimeoutScope, 'RefreshWorkItemStoreCache:194@1', for 00:01:00 on thread 16.&#xD;
00:00.354  TimeoutScope, 'Test: QueryTestSuitesReferencingDuplicateTestCase:191', has been paused after 00:00:00.1108421.&#xD;
00:00.536  TimeoutScope 'RefreshWorkItemStoreCache:194' ended after '00:00:00.1819782'.&#xD;
00:00.536  TimeoutScope, 'Test: QueryTestSuitesReferencingDuplicateTestCase:191', has been resumed at 00:00:00.1108430.&#xD;
00:01.714  Performing CommonTestBase Cleanup...&#xD;
00:01.714  TimeoutScope 'Test: QueryTestSuitesReferencingDuplicateTestCase:191' ended after '00:00:01.2884046'.&#xD;
00:03.279  Created new TimeoutScope, 'TestFrameworkTestCleanup:195@0', for 00:00:10 on thread 16.&#xD;
00:03.279  TimeoutScope 'TestFrameworkTestCleanup:195' ended after '00:00:00.0000416'.&#xD;
00:03.279  Test End: 7/2/2018 8:14:47 PM (local) / 7/3/2018 3:14:47 AM (UTC).</StdOut></Output></UnitTestResult><UnitTestResult executionId="22049378-ac91-49a5-850a-a17fd661bc12" testId="ec00b749-44b9-8127-0075-02ab0586bbb7" testName="QueryTestSuitesReferencingTestCaseEmpty" computerName="V-NAGAB77931A" duration="00:00:01.6542022" startTime="2018-07-02T20:14:36.0943172-07:00" endTime="2018-07-02T20:14:37.7527082-07:00" testType="13cdc9d9-ddb5-4fa4-a97d-d965ccfc6d4b" outcome="Passed" testListId="8c84fa94-04c1-424b-9868-57a2d4851a1d" relativeResultsDirectory="22049378-ac91-49a5-850a-a17fd661bc12"><Output><StdOut>Debug Trace:
00:00.000  Test Start: 7/2/2018 8:14:36 PM (local) / 7/3/2018 3:14:36 AM (UTC)&#xD;
00:00.000  Random Seed for this test: 1856406084&#xD;
00:00.000  Created new TimeoutScope, 'Test: QueryTestSuitesReferencingTestCaseEmpty:176@0', for 00:00:30 on thread 16.&#xD;
00:00.000  Created new TimeoutScope, 'TestFrameworkTestInitialize:177@1', for 00:00:10 on thread 16.&#xD;
00:00.000  TimeoutScope, 'Test: QueryTestSuitesReferencingTestCaseEmpty:176', has been paused after 00:00:00.0000791.&#xD;
00:00.000  TimeoutScope 'TestFrameworkTestInitialize:177' ended after '00:00:00.0000115'.&#xD;
00:00.000  TimeoutScope, 'Test: QueryTestSuitesReferencingTestCaseEmpty:176', has been resumed at 00:00:00.0000796.&#xD;
00:00.000  TagHelper is getting a tag 'Project.PrivateAgileGit' on host 'de108ff5-f4a8-4948-b1ec-3147b31f1465'.&#xD;
00:00.000  TagHelper found cached tag 'Project.PrivateAgileGit' on host 'de108ff5-f4a8-4948-b1ec-3147b31f1465' with value '05e49bc7-ac67-4dc4-b85e-4a41b611b532'.&#xD;
00:00.000  Searching for project '05e49bc7-ac67-4dc4-b85e-4a41b611b532'.&#xD;
00:00.000  Web method running: [http://v-nagab77931a:8080/tfs/46407190-89f3-4e58-9bad-783cbf2637fb_/_apis/projects/05e49bc7-ac67-4dc4-b85e-4a41b611b532?includeHistory=False] (GET)05e49bc7-ac67-4dc4-b85e-4a41b611b532[projects] E2EId: 37f8a8ca-c5b3-4752-822a-79a94bbe9235&#xD;
00:00.007  Web method response: [http://v-nagab77931a:8080/tfs/46407190-89f3-4e58-9bad-783cbf2637fb_/_apis/projects/05e49bc7-ac67-4dc4-b85e-4a41b611b532?includeHistory=False] (GET)05e49bc7-ac67-4dc4-b85e-4a41b611b532[projects] E2EId: 37f8a8ca-c5b3-4752-822a-79a94bbe9235, ActivityId: 68e95447-022d-4bd6-90df-91127d95539f 6 ms&#xD;
00:00.007  Found matching project 'sdentifies people online. Impllowssy!n8d5e05805548ee6' (05e49bc7-ac67-4dc4-b85e-4a41b611b532).&#xD;
00:00.007  Create User called.&#xD;
00:00.007  IdentityHelperClient.CreateUser called with user properties {"$type":"Vssf.TestFramework.Client.Common.CreateUserProperties, Vssf.TestFramework.Client.Common","EntityType":"User","OriginDirectory":null,"HomeDirectory":null,"TenantId":null,"OriginId":"00000000-0000-0000-0000-000000000000","LocalId":"00000000-0000-0000-0000-000000000000","MasterId":"00000000-0000-0000-0000-000000000000","PrincipalName":null,"DisplayName":null,"Profile":null,"License":4,"LocalGroups":[{"$type":"Vssf.TestFramework.Client.Common.GroupReference, Vssf.TestFramework.Client.Common","Identifier":"S-1-9-1551374245-1204400969-2402986413-2179408616-0-0-0-0-1"}],"LocalPermissions":null,"UserType":0,"CreateUserTranslations":null}&#xD;
00:00.007  Created new TimeoutScope, 'CreateUser:178@1', for 00:00:30 on thread 16.&#xD;
00:00.007  TimeoutScope, 'Test: QueryTestSuitesReferencingTestCaseEmpty:176', has been paused after 00:00:00.0075662.&#xD;
00:00.008  IdentityHelperClient.AddMember was called with parameters {"$type":"Vssf.TestFramework.Client.L2.Identity.AddMemberRequest, Vssf.TestFramework.Client.L2","EntityDescriptor":{"$type":"Microsoft.VisualStudio.Services.Directories.DirectoryEntityDescriptor, Microsoft.VisualStudio.Services.WebApi","entityType":"User","originDirectory":null,"localId":null,"originId":null,"invitationMethod":"CreateUser@TeamFoundationServer","createIfNotFound":true},"Profile":null,"License":"Optimal","LocalGroups":["S-1-9-1551374245-1204400969-2402986413-2179408616-0-0-0-0-1"]}&#xD;
00:00.046  Web method running: [http://v-nagab77931a:8080/tfs/46407190-89f3-4e58-9bad-783cbf2637fb_/_apis/Directory/Members?license=Optimal&amp;localGroups=S-1-9-1551374245-1204400969-2402986413-2179408616-0-0-0-0-1&amp;propertiesToReturn=LocalDescriptor] (POST)Members[Directory] E2EId: fdf42dcc-cc5c-463b-bf98-b5ba59e92d59&#xD;
00:00.144  Web method response: [http://v-nagab77931a:8080/tfs/46407190-89f3-4e58-9bad-783cbf2637fb_/_apis/Directory/Members?license=Optimal&amp;localGroups=S-1-9-1551374245-1204400969-2402986413-2179408616-0-0-0-0-1&amp;propertiesToReturn=LocalDescriptor] (POST)Members[Directory] E2EId: fdf42dcc-cc5c-463b-bf98-b5ba59e92d59, ActivityId: 68e95448-022d-4bd6-90df-91127d95539f 98 ms&#xD;
00:00.145  DirectoryHttpClient.AddMemberAsync returned {"$type":"Microsoft.VisualStudio.Services.Directories.DirectoryEntityResult, Microsoft.VisualStudio.Services.WebApi","Entity":{"$type":"Microsoft.VisualStudio.Services.Directories.DirectoryUser, Microsoft.VisualStudio.Services.WebApi","EntityId":"vss.ds.v1.ims.user.43f53fb6e686494481cfe696deb9a7b2","EntityType":"User","OriginDirectory":"vsd","OriginId":"43f53fb6-e686-4944-81cf-e696deb9a7b2","LocalDirectory":"vsd","LocalId":"43f53fb6-e686-4944-81cf-e696deb9a7b2","principalName":"fake-vsd-f26d9562-b328-4c98-a1f0-9a6d6b32c695","displayName":"fake-vsd-f26d9562-b328-4c98-a1f0-9a6d6b32c695","localDescriptor":"System.Security.Principal.WindowsIdentity;S-1-5-21-1389882523-1725124155-1294357522-3874741909-1300875992-1846485939-464440213"},"EntityState":"LocalCreate","Status":"Success"}&#xD;
00:00.221  Web method running: [http://v-nagab77931a:8080/tfs/46407190-89f3-4e58-9bad-783cbf2637fb_/_apis/Identities/43f53fb6-e686-4944-81cf-e696deb9a7b2?queryMembership=Direct] (GET)43f53fb6-e686-4944-81cf-e696deb9a7b2[Identities] E2EId: 2e92344d-3ab7-4987-a7c6-8433da3e20e9&#xD;
00:00.234  Web method response: [http://v-nagab77931a:8080/tfs/46407190-89f3-4e58-9bad-783cbf2637fb_/_apis/Identities/43f53fb6-e686-4944-81cf-e696deb9a7b2?queryMembership=Direct] (GET)43f53fb6-e686-4944-81cf-e696deb9a7b2[Identities] E2EId: 2e92344d-3ab7-4987-a7c6-8433da3e20e9, ActivityId: 68e95449-022d-4bd6-90df-91127d95539f 13 ms&#xD;
00:00.235  TimeoutScope 'CreateUser:178' ended after '00:00:00.2271176'.&#xD;
00:00.235  TimeoutScope, 'Test: QueryTestSuitesReferencingTestCaseEmpty:176', has been resumed at 00:00:00.0075672.&#xD;
00:00.235  IdentityHelperClient.CreateUser called service and returned {"$type":"Microsoft.VisualStudio.Services.Identity.Identity, Microsoft.VisualStudio.Services.WebApi","Id":"43f53fb6-e686-4944-81cf-e696deb9a7b2","Descriptor":"System.Security.Principal.WindowsIdentity;S-1-5-21-1389882523-1725124155-1294357522-3874741909-1300875992-1846485939-464440213","SubjectDescriptor":"win.Uy0xLTUtMjEtMTM4OTg4MjUyMy0xNzI1MTI0MTU1LTEyOTQzNTc1MjItMzg3NDc0MTkwOS0xMzAwODc1OTkyLTE4NDY0ODU5MzktNDY0NDQwMjEz","ProviderDisplayName":"fake-vsd-f26d9562-b328-4c98-a1f0-9a6d6b32c695","IsActive":true,"Members":[],"MemberOf":["Microsoft.TeamFoundation.Identity;S-1-9-1551374245-4119793886-2834581577-2985046343-3005158501-0-0-0-0-1"],"MemberIds":[],"MasterId":"ffffffff-ffff-ffff-ffff-ffffffffffff","Properties":{"$type":"Microsoft.VisualStudio.Services.WebApi.PropertiesCollection, Microsoft.VisualStudio.Services.WebApi","SchemaClassName":{"$type":"System.String","$value":"User"},"Description":{"$type":"System.String","$value":"L2"},"Domain":{"$type":"System.String","$value":"L2"},"Account":{"$type":"System.String","$value":"fake-vsd-f26d9562-b328-4c98-a1f0-9a6d6b32c695"},"DN":{"$type":"System.String","$value":""},"Mail":{"$type":"System.String","$value":"fake-vsd-f26d9562-b328-4c98-a1f0-9a6d6b32c695@someprovider.com"},"SpecialType":{"$type":"System.String","$value":"Generic"},"ComplianceValidated":{"$type":"System.DateTime","$value":"2018-07-03T00:00:00Z"},"DirectoryAlias":{"$type":"System.String","$value":"fake-vsd-f26d9562-b328-4c98-a1f0-9a6d6b32c695"}},"ResourceVersion":2,"MetaTypeId":255}&#xD;
00:00.235  Created User successfully.&#xD;
00:00.235  Client Credentials called.&#xD;
Getting credentials for descriptor 'System.Security.Principal.WindowsIdentity;S-1-5-21-1389882523-1725124155-1294357522-3874741909-1300875992-1846485939-464440213' =&gt; Authorization: Bearer eyJ0eXAiOiJKV1QiLCJhbGciOiJOb25lIn0.eyJuYW1laWQiOiJTLTEtNS0yMS0xMzg5ODgyNTIzLTE3MjUxMjQxNTUtMTI5NDM1NzUyMi0zODc0NzQxOTA5LTEzMDA4NzU5OTItMTg0NjQ4NTkzOS00NjQ0NDAyMTMiLCJJZGVudGl0eVR5cGVDbGFpbSI6IlN5c3RlbS5TZWN1cml0eS5QcmluY2lwYWwuV2luZG93c0lkZW50aXR5IiwiaXNzIjoiTDIiLCJhdWQiOiJMMiIsIm5iZiI6MTUzMDU4NzY3NiwiZXhwIjoyNTM0MDIzMDA4MDB9.&#xD;
00:00.235  Client Credentials received successfully.&#xD;
Getting credentials for descriptor 'System.Security.Principal.WindowsIdentity;S-1-5-21-1389882523-1725124155-1294357522-3874741909-1300875992-1846485939-464440213' =&gt; Authorization: Bearer eyJ0eXAiOiJKV1QiLCJhbGciOiJOb25lIn0.eyJuYW1laWQiOiJTLTEtNS0yMS0xMzg5ODgyNTIzLTE3MjUxMjQxNTUtMTI5NDM1NzUyMi0zODc0NzQxOTA5LTEzMDA4NzU5OTItMTg0NjQ4NTkzOS00NjQ0NDAyMTMiLCJJZGVudGl0eVR5cGVDbGFpbSI6IlN5c3RlbS5TZWN1cml0eS5QcmluY2lwYWwuV2luZG93c0lkZW50aXR5IiwiaXNzIjoiTDIiLCJhdWQiOiJMMiIsIm5iZiI6MTUzMDU4NzY3NiwiZXhwIjoyNTM0MDIzMDA4MDB9.&#xD;
00:00.321  Created new TimeoutScope, 'RefreshWorkItemStoreCache:179@1', for 00:01:00 on thread 16.&#xD;
00:00.321  TimeoutScope, 'Test: QueryTestSuitesReferencingTestCaseEmpty:176', has been paused after 00:00:00.0944008.&#xD;
00:00.433  TimeoutScope 'RefreshWorkItemStoreCache:179' ended after '00:00:00.1116366'.&#xD;
00:00.433  TimeoutScope, 'Test: QueryTestSuitesReferencingTestCaseEmpty:176', has been resumed at 00:00:00.0944018.&#xD;
00:00.819  Performing CommonTestBase Cleanup...&#xD;
00:00.819  TimeoutScope 'Test: QueryTestSuitesReferencingTestCaseEmpty:176' ended after '00:00:00.4803937'.&#xD;
00:01.654  Created new TimeoutScope, 'TestFrameworkTestCleanup:180@0', for 00:00:10 on thread 16.&#xD;
00:01.654  TimeoutScope 'TestFrameworkTestCleanup:180' ended after '00:00:00.0000455'.&#xD;
00:01.654  Test End: 7/2/2018 8:14:37 PM (local) / 7/3/2018 3:14:37 AM (UTC).</StdOut></Output></UnitTestResult><UnitTestResult executionId="25bcba4c-071f-4d4b-9d7c-e6679f9c54de" testId="8e2ddff8-3348-fe77-b0c2-776443e3b5f0" testName="TwoLevelNesting" computerName="V-NAGAB77931A" duration="00:00:03.2433654" startTime="2018-07-02T20:14:18.7019260-07:00" endTime="2018-07-02T20:14:21.9363623-07:00" testType="13cdc9d9-ddb5-4fa4-a97d-d965ccfc6d4b" outcome="Passed" testListId="8c84fa94-04c1-424b-9868-57a2d4851a1d" relativeResultsDirectory="25bcba4c-071f-4d4b-9d7c-e6679f9c54de"><Output><StdOut>root&#xD;
StaticTestSuite [156] #111 with 1 entries&#xD;
endroot&#xD;
root&#xD;
StaticTestSuite [156] #111 with 1 entries&#xD;
endroot&#xD;
root&#xD;
StaticTestSuite [156] #111 with 1 entries&#xD;
endroot&#xD;
&#xD;


Debug Trace:
00:00.000  Test Start: 7/2/2018 8:14:18 PM (local) / 7/3/2018 3:14:18 AM (UTC)&#xD;
00:00.000  Random Seed for this test: 1682482172&#xD;
00:00.000  Created new TimeoutScope, 'Test: TwoLevelNesting:146@0', for 00:00:30 on thread 16.&#xD;
00:00.000  Created new TimeoutScope, 'TestFrameworkTestInitialize:147@1', for 00:00:10 on thread 16.&#xD;
00:00.000  TimeoutScope, 'Test: TwoLevelNesting:146', has been paused after 00:00:00.0000279.&#xD;
00:00.000  TimeoutScope 'TestFrameworkTestInitialize:147' ended after '00:00:00.0000287'.&#xD;
00:00.000  TimeoutScope, 'Test: TwoLevelNesting:146', has been resumed at 00:00:00.0000285.&#xD;
00:00.000  TagHelper is getting a tag 'Project.PrivateAgileGit' on host 'de108ff5-f4a8-4948-b1ec-3147b31f1465'.&#xD;
00:00.000  TagHelper found cached tag 'Project.PrivateAgileGit' on host 'de108ff5-f4a8-4948-b1ec-3147b31f1465' with value '05e49bc7-ac67-4dc4-b85e-4a41b611b532'.&#xD;
00:00.000  Searching for project '05e49bc7-ac67-4dc4-b85e-4a41b611b532'.&#xD;
00:00.001  Web method running: [http://v-nagab77931a:8080/tfs/46407190-89f3-4e58-9bad-783cbf2637fb_/_apis/projects/05e49bc7-ac67-4dc4-b85e-4a41b611b532?includeHistory=False] (GET)05e49bc7-ac67-4dc4-b85e-4a41b611b532[projects] E2EId: 21ca111f-0222-44a1-817d-1a4fb52873ab&#xD;
00:00.007  Web method response: [http://v-nagab77931a:8080/tfs/46407190-89f3-4e58-9bad-783cbf2637fb_/_apis/projects/05e49bc7-ac67-4dc4-b85e-4a41b611b532?includeHistory=False] (GET)05e49bc7-ac67-4dc4-b85e-4a41b611b532[projects] E2EId: 21ca111f-0222-44a1-817d-1a4fb52873ab, ActivityId: 68e95536-022d-4bd6-90df-91127d95539f 6 ms&#xD;
00:00.008  Found matching project 'sdentifies people online. Impllowssy!n8d5e05805548ee6' (05e49bc7-ac67-4dc4-b85e-4a41b611b532).&#xD;
00:00.008  Create User called.&#xD;
00:00.008  IdentityHelperClient.CreateUser called with user properties {"$type":"Vssf.TestFramework.Client.Common.CreateUserProperties, Vssf.TestFramework.Client.Common","EntityType":"User","OriginDirectory":null,"HomeDirectory":null,"TenantId":null,"OriginId":"00000000-0000-0000-0000-000000000000","LocalId":"00000000-0000-0000-0000-000000000000","MasterId":"00000000-0000-0000-0000-000000000000","PrincipalName":null,"DisplayName":null,"Profile":null,"License":4,"LocalGroups":[{"$type":"Vssf.TestFramework.Client.Common.GroupReference, Vssf.TestFramework.Client.Common","Identifier":"S-1-9-1551374245-1204400969-2402986413-2179408616-0-0-0-0-1"}],"LocalPermissions":null,"UserType":0,"CreateUserTranslations":null}&#xD;
00:00.008  Created new TimeoutScope, 'CreateUser:148@1', for 00:00:30 on thread 16.&#xD;
00:00.008  TimeoutScope, 'Test: TwoLevelNesting:146', has been paused after 00:00:00.0081813.&#xD;
00:00.008  IdentityHelperClient.AddMember was called with parameters {"$type":"Vssf.TestFramework.Client.L2.Identity.AddMemberRequest, Vssf.TestFramework.Client.L2","EntityDescriptor":{"$type":"Microsoft.VisualStudio.Services.Directories.DirectoryEntityDescriptor, Microsoft.VisualStudio.Services.WebApi","entityType":"User","originDirectory":null,"localId":null,"originId":null,"invitationMethod":"CreateUser@TeamFoundationServer","createIfNotFound":true},"Profile":null,"License":"Optimal","LocalGroups":["S-1-9-1551374245-1204400969-2402986413-2179408616-0-0-0-0-1"]}&#xD;
00:00.045  Web method running: [http://v-nagab77931a:8080/tfs/46407190-89f3-4e58-9bad-783cbf2637fb_/_apis/Directory/Members?license=Optimal&amp;localGroups=S-1-9-1551374245-1204400969-2402986413-2179408616-0-0-0-0-1&amp;propertiesToReturn=LocalDescriptor] (POST)Members[Directory] E2EId: eaba30b8-9a8b-43c5-84e6-96dfd4f85a26&#xD;
00:00.193  Web method response: [http://v-nagab77931a:8080/tfs/46407190-89f3-4e58-9bad-783cbf2637fb_/_apis/Directory/Members?license=Optimal&amp;localGroups=S-1-9-1551374245-1204400969-2402986413-2179408616-0-0-0-0-1&amp;propertiesToReturn=LocalDescriptor] (POST)Members[Directory] E2EId: eaba30b8-9a8b-43c5-84e6-96dfd4f85a26, ActivityId: 68e95537-022d-4bd6-90df-91127d95539f 147 ms&#xD;
00:00.193  DirectoryHttpClient.AddMemberAsync returned {"$type":"Microsoft.VisualStudio.Services.Directories.DirectoryEntityResult, Microsoft.VisualStudio.Services.WebApi","Entity":{"$type":"Microsoft.VisualStudio.Services.Directories.DirectoryUser, Microsoft.VisualStudio.Services.WebApi","EntityId":"vss.ds.v1.ims.user.f73db4e2b63746e6a248469701d0b395","EntityType":"User","OriginDirectory":"vsd","OriginId":"f73db4e2-b637-46e6-a248-469701d0b395","LocalDirectory":"vsd","LocalId":"f73db4e2-b637-46e6-a248-469701d0b395","principalName":"fake-vsd-7af78896-903f-4646-ba3b-695e9b30f089","displayName":"fake-vsd-7af78896-903f-4646-ba3b-695e9b30f089","localDescriptor":"System.Security.Principal.WindowsIdentity;S-1-5-21-1389882523-1725124155-1294357522-1801960074-1160331240-3161544845-3347582199"},"EntityState":"LocalCreate","Status":"Success"}&#xD;
00:00.268  Web method running: [http://v-nagab77931a:8080/tfs/46407190-89f3-4e58-9bad-783cbf2637fb_/_apis/Identities/f73db4e2-b637-46e6-a248-469701d0b395?queryMembership=Direct] (GET)f73db4e2-b637-46e6-a248-469701d0b395[Identities] E2EId: 1655026c-1176-4c7a-a639-d483730ff2e4&#xD;
00:00.281  Web method response: [http://v-nagab77931a:8080/tfs/46407190-89f3-4e58-9bad-783cbf2637fb_/_apis/Identities/f73db4e2-b637-46e6-a248-469701d0b395?queryMembership=Direct] (GET)f73db4e2-b637-46e6-a248-469701d0b395[Identities] E2EId: 1655026c-1176-4c7a-a639-d483730ff2e4, ActivityId: 68e95538-022d-4bd6-90df-91127d95539f 13 ms&#xD;
00:00.282  TimeoutScope 'CreateUser:148' ended after '00:00:00.2734697'.&#xD;
00:00.282  TimeoutScope, 'Test: TwoLevelNesting:146', has been resumed at 00:00:00.0081822.&#xD;
00:00.282  IdentityHelperClient.CreateUser called service and returned {"$type":"Microsoft.VisualStudio.Services.Identity.Identity, Microsoft.VisualStudio.Services.WebApi","Id":"f73db4e2-b637-46e6-a248-469701d0b395","Descriptor":"System.Security.Principal.WindowsIdentity;S-1-5-21-1389882523-1725124155-1294357522-1801960074-1160331240-3161544845-3347582199","SubjectDescriptor":"win.Uy0xLTUtMjEtMTM4OTg4MjUyMy0xNzI1MTI0MTU1LTEyOTQzNTc1MjItMTgwMTk2MDA3NC0xMTYwMzMxMjQwLTMxNjE1NDQ4NDUtMzM0NzU4MjE5OQ","ProviderDisplayName":"fake-vsd-7af78896-903f-4646-ba3b-695e9b30f089","IsActive":true,"Members":[],"MemberOf":["Microsoft.TeamFoundation.Identity;S-1-9-1551374245-4119793886-2834581577-2985046343-3005158501-0-0-0-0-1"],"MemberIds":[],"MasterId":"ffffffff-ffff-ffff-ffff-ffffffffffff","Properties":{"$type":"Microsoft.VisualStudio.Services.WebApi.PropertiesCollection, Microsoft.VisualStudio.Services.WebApi","SchemaClassName":{"$type":"System.String","$value":"User"},"Description":{"$type":"System.String","$value":"L2"},"Domain":{"$type":"System.String","$value":"L2"},"Account":{"$type":"System.String","$value":"fake-vsd-7af78896-903f-4646-ba3b-695e9b30f089"},"DN":{"$type":"System.String","$value":""},"Mail":{"$type":"System.String","$value":"fake-vsd-7af78896-903f-4646-ba3b-695e9b30f089@someprovider.com"},"SpecialType":{"$type":"System.String","$value":"Generic"},"ComplianceValidated":{"$type":"System.DateTime","$value":"2018-07-03T00:00:00Z"},"DirectoryAlias":{"$type":"System.String","$value":"fake-vsd-7af78896-903f-4646-ba3b-695e9b30f089"}},"ResourceVersion":2,"MetaTypeId":255}&#xD;
00:00.282  Created User successfully.&#xD;
00:00.282  Client Credentials called.&#xD;
Getting credentials for descriptor 'System.Security.Principal.WindowsIdentity;S-1-5-21-1389882523-1725124155-1294357522-1801960074-1160331240-3161544845-3347582199' =&gt; Authorization: Bearer eyJ0eXAiOiJKV1QiLCJhbGciOiJOb25lIn0.eyJuYW1laWQiOiJTLTEtNS0yMS0xMzg5ODgyNTIzLTE3MjUxMjQxNTUtMTI5NDM1NzUyMi0xODAxOTYwMDc0LTExNjAzMzEyNDAtMzE2MTU0NDg0NS0zMzQ3NTgyMTk5IiwiSWRlbnRpdHlUeXBlQ2xhaW0iOiJTeXN0ZW0uU2VjdXJpdHkuUHJpbmNpcGFsLldpbmRvd3NJZGVudGl0eSIsImlzcyI6IkwyIiwiYXVkIjoiTDIiLCJuYmYiOjE1MzA1ODc2NTksImV4cCI6MjUzNDAyMzAwODAwfQ.&#xD;
00:00.282  Client Credentials received successfully.&#xD;
Getting credentials for descriptor 'System.Security.Principal.WindowsIdentity;S-1-5-21-1389882523-1725124155-1294357522-1801960074-1160331240-3161544845-3347582199' =&gt; Authorization: Bearer eyJ0eXAiOiJKV1QiLCJhbGciOiJOb25lIn0.eyJuYW1laWQiOiJTLTEtNS0yMS0xMzg5ODgyNTIzLTE3MjUxMjQxNTUtMTI5NDM1NzUyMi0xODAxOTYwMDc0LTExNjAzMzEyNDAtMzE2MTU0NDg0NS0zMzQ3NTgyMTk5IiwiSWRlbnRpdHlUeXBlQ2xhaW0iOiJTeXN0ZW0uU2VjdXJpdHkuUHJpbmNpcGFsLldpbmRvd3NJZGVudGl0eSIsImlzcyI6IkwyIiwiYXVkIjoiTDIiLCJuYmYiOjE1MzA1ODc2NTksImV4cCI6MjUzNDAyMzAwODAwfQ.&#xD;
00:00.356  Created new TimeoutScope, 'RefreshWorkItemStoreCache:149@1', for 00:01:00 on thread 16.&#xD;
00:00.356  TimeoutScope, 'Test: TwoLevelNesting:146', has been paused after 00:00:00.0823240.&#xD;
00:00.503  TimeoutScope 'RefreshWorkItemStoreCache:149' ended after '00:00:00.1477658'.&#xD;
00:00.504  TimeoutScope, 'Test: TwoLevelNesting:146', has been resumed at 00:00:00.0823249.&#xD;
00:01.723  Performing CommonTestBase Cleanup...&#xD;
00:01.723  TimeoutScope 'Test: TwoLevelNesting:146' ended after '00:00:01.3015914'.&#xD;
00:03.243  Created new TimeoutScope, 'TestFrameworkTestCleanup:150@0', for 00:00:10 on thread 16.&#xD;
00:03.243  TimeoutScope 'TestFrameworkTestCleanup:150' ended after '00:00:00.0000473'.&#xD;
00:03.243  Test End: 7/2/2018 8:14:21 PM (local) / 7/3/2018 3:14:21 AM (UTC).</StdOut></Output></UnitTestResult><UnitTestResult executionId="602c9d7b-4aa7-4063-a769-59249c919977" testId="55aca388-0022-77b8-bb53-ce4db7574b2a" testName="StaticSuiteGetEntriesNull" computerName="V-NAGAB77931A" duration="00:00:04.1561661" startTime="2018-07-02T20:14:14.5414491-07:00" endTime="2018-07-02T20:14:18.7019260-07:00" testType="13cdc9d9-ddb5-4fa4-a97d-d965ccfc6d4b" outcome="Passed" testListId="8c84fa94-04c1-424b-9868-57a2d4851a1d" relativeResultsDirectory="602c9d7b-4aa7-4063-a769-59249c919977"><Output><StdOut>Debug Trace:
00:00.000  Test Start: 7/2/2018 8:14:14 PM (local) / 7/3/2018 3:14:14 AM (UTC)&#xD;
00:00.000  Random Seed for this test: 1640877403&#xD;
00:00.000  Created new TimeoutScope, 'Test: StaticSuiteGetEntriesNull:141@0', for 00:00:30 on thread 16.&#xD;
00:00.000  Created new TimeoutScope, 'TestFrameworkTestInitialize:142@1', for 00:00:10 on thread 16.&#xD;
00:00.000  TimeoutScope, 'Test: StaticSuiteGetEntriesNull:141', has been paused after 00:00:00.0000301.&#xD;
00:00.000  TimeoutScope 'TestFrameworkTestInitialize:142' ended after '00:00:00.0000126'.&#xD;
00:00.000  TimeoutScope, 'Test: StaticSuiteGetEntriesNull:141', has been resumed at 00:00:00.0000308.&#xD;
00:00.000  TagHelper is getting a tag 'Project.PrivateAgileGit' on host 'de108ff5-f4a8-4948-b1ec-3147b31f1465'.&#xD;
00:00.000  TagHelper found cached tag 'Project.PrivateAgileGit' on host 'de108ff5-f4a8-4948-b1ec-3147b31f1465' with value '05e49bc7-ac67-4dc4-b85e-4a41b611b532'.&#xD;
00:00.000  Searching for project '05e49bc7-ac67-4dc4-b85e-4a41b611b532'.&#xD;
00:00.001  Web method running: [http://v-nagab77931a:8080/tfs/46407190-89f3-4e58-9bad-783cbf2637fb_/_apis/projects/05e49bc7-ac67-4dc4-b85e-4a41b611b532?includeHistory=False] (GET)05e49bc7-ac67-4dc4-b85e-4a41b611b532[projects] E2EId: 676f2f24-c6d8-496e-b2d2-36e928840ccd&#xD;
00:00.007  Web method response: [http://v-nagab77931a:8080/tfs/46407190-89f3-4e58-9bad-783cbf2637fb_/_apis/projects/05e49bc7-ac67-4dc4-b85e-4a41b611b532?includeHistory=False] (GET)05e49bc7-ac67-4dc4-b85e-4a41b611b532[projects] E2EId: 676f2f24-c6d8-496e-b2d2-36e928840ccd, ActivityId: 68e9555a-022d-4bd6-90df-91127d95539f 6 ms&#xD;
00:00.008  Found matching project 'sdentifies people online. Impllowssy!n8d5e05805548ee6' (05e49bc7-ac67-4dc4-b85e-4a41b611b532).&#xD;
00:00.008  Create User called.&#xD;
00:00.008  IdentityHelperClient.CreateUser called with user properties {"$type":"Vssf.TestFramework.Client.Common.CreateUserProperties, Vssf.TestFramework.Client.Common","EntityType":"User","OriginDirectory":null,"HomeDirectory":null,"TenantId":null,"OriginId":"00000000-0000-0000-0000-000000000000","LocalId":"00000000-0000-0000-0000-000000000000","MasterId":"00000000-0000-0000-0000-000000000000","PrincipalName":null,"DisplayName":null,"Profile":null,"License":4,"LocalGroups":[{"$type":"Vssf.TestFramework.Client.Common.GroupReference, Vssf.TestFramework.Client.Common","Identifier":"S-1-9-1551374245-1204400969-2402986413-2179408616-0-0-0-0-1"}],"LocalPermissions":null,"UserType":0,"CreateUserTranslations":null}&#xD;
00:00.008  Created new TimeoutScope, 'CreateUser:143@1', for 00:00:30 on thread 16.&#xD;
00:00.008  TimeoutScope, 'Test: StaticSuiteGetEntriesNull:141', has been paused after 00:00:00.0080764.&#xD;
00:00.008  IdentityHelperClient.AddMember was called with parameters {"$type":"Vssf.TestFramework.Client.L2.Identity.AddMemberRequest, Vssf.TestFramework.Client.L2","EntityDescriptor":{"$type":"Microsoft.VisualStudio.Services.Directories.DirectoryEntityDescriptor, Microsoft.VisualStudio.Services.WebApi","entityType":"User","originDirectory":null,"localId":null,"originId":null,"invitationMethod":"CreateUser@TeamFoundationServer","createIfNotFound":true},"Profile":null,"License":"Optimal","LocalGroups":["S-1-9-1551374245-1204400969-2402986413-2179408616-0-0-0-0-1"]}&#xD;
00:00.082  Web method running: [http://v-nagab77931a:8080/tfs/46407190-89f3-4e58-9bad-783cbf2637fb_/_apis/Directory/Members?license=Optimal&amp;localGroups=S-1-9-1551374245-1204400969-2402986413-2179408616-0-0-0-0-1&amp;propertiesToReturn=LocalDescriptor] (POST)Members[Directory] E2EId: e9085b5a-7a38-4dd9-8577-b345458a8110&#xD;
00:00.219  Web method response: [http://v-nagab77931a:8080/tfs/46407190-89f3-4e58-9bad-783cbf2637fb_/_apis/Directory/Members?license=Optimal&amp;localGroups=S-1-9-1551374245-1204400969-2402986413-2179408616-0-0-0-0-1&amp;propertiesToReturn=LocalDescriptor] (POST)Members[Directory] E2EId: e9085b5a-7a38-4dd9-8577-b345458a8110, ActivityId: 68e9555b-022d-4bd6-90df-91127d95539f 136 ms&#xD;
00:00.219  DirectoryHttpClient.AddMemberAsync returned {"$type":"Microsoft.VisualStudio.Services.Directories.DirectoryEntityResult, Microsoft.VisualStudio.Services.WebApi","Entity":{"$type":"Microsoft.VisualStudio.Services.Directories.DirectoryUser, Microsoft.VisualStudio.Services.WebApi","EntityId":"vss.ds.v1.ims.user.75dee49a72aa409999314647d9809c98","EntityType":"User","OriginDirectory":"vsd","OriginId":"75dee49a-72aa-4099-9931-4647d9809c98","LocalDirectory":"vsd","LocalId":"75dee49a-72aa-4099-9931-4647d9809c98","principalName":"fake-vsd-87bdab44-f0b5-4cfb-a76c-e7abb235c6c2","displayName":"fake-vsd-87bdab44-f0b5-4cfb-a76c-e7abb235c6c2","localDescriptor":"System.Security.Principal.WindowsIdentity;S-1-5-21-1389882523-1725124155-1294357522-3303306360-1190730275-268480395-1049074643"},"EntityState":"LocalCreate","Status":"Success"}&#xD;
00:00.257  Web method running: [http://v-nagab77931a:8080/tfs/46407190-89f3-4e58-9bad-783cbf2637fb_/_apis/Identities/75dee49a-72aa-4099-9931-4647d9809c98?queryMembership=Direct] (GET)75dee49a-72aa-4099-9931-4647d9809c98[Identities] E2EId: b6446e2e-6d36-4af2-8983-c5d8548ef72c&#xD;
00:00.272  Web method response: [http://v-nagab77931a:8080/tfs/46407190-89f3-4e58-9bad-783cbf2637fb_/_apis/Identities/75dee49a-72aa-4099-9931-4647d9809c98?queryMembership=Direct] (GET)75dee49a-72aa-4099-9931-4647d9809c98[Identities] E2EId: b6446e2e-6d36-4af2-8983-c5d8548ef72c, ActivityId: 68e9555c-022d-4bd6-90df-91127d95539f 15 ms&#xD;
00:00.272  TimeoutScope 'CreateUser:143' ended after '00:00:00.2645897'.&#xD;
00:00.273  TimeoutScope, 'Test: StaticSuiteGetEntriesNull:141', has been resumed at 00:00:00.0080774.&#xD;
00:00.273  IdentityHelperClient.CreateUser called service and returned {"$type":"Microsoft.VisualStudio.Services.Identity.Identity, Microsoft.VisualStudio.Services.WebApi","Id":"75dee49a-72aa-4099-9931-4647d9809c98","Descriptor":"System.Security.Principal.WindowsIdentity;S-1-5-21-1389882523-1725124155-1294357522-3303306360-1190730275-268480395-1049074643","SubjectDescriptor":"win.Uy0xLTUtMjEtMTM4OTg4MjUyMy0xNzI1MTI0MTU1LTEyOTQzNTc1MjItMzMwMzMwNjM2MC0xMTkwNzMwMjc1LTI2ODQ4MDM5NS0xMDQ5MDc0NjQz","ProviderDisplayName":"fake-vsd-87bdab44-f0b5-4cfb-a76c-e7abb235c6c2","IsActive":true,"Members":[],"MemberOf":["Microsoft.TeamFoundation.Identity;S-1-9-1551374245-4119793886-2834581577-2985046343-3005158501-0-0-0-0-1"],"MemberIds":[],"MasterId":"ffffffff-ffff-ffff-ffff-ffffffffffff","Properties":{"$type":"Microsoft.VisualStudio.Services.WebApi.PropertiesCollection, Microsoft.VisualStudio.Services.WebApi","SchemaClassName":{"$type":"System.String","$value":"User"},"Description":{"$type":"System.String","$value":"L2"},"Domain":{"$type":"System.String","$value":"L2"},"Account":{"$type":"System.String","$value":"fake-vsd-87bdab44-f0b5-4cfb-a76c-e7abb235c6c2"},"DN":{"$type":"System.String","$value":""},"Mail":{"$type":"System.String","$value":"fake-vsd-87bdab44-f0b5-4cfb-a76c-e7abb235c6c2@someprovider.com"},"SpecialType":{"$type":"System.String","$value":"Generic"},"ComplianceValidated":{"$type":"System.DateTime","$value":"2018-07-03T00:00:00Z"},"DirectoryAlias":{"$type":"System.String","$value":"fake-vsd-87bdab44-f0b5-4cfb-a76c-e7abb235c6c2"}},"ResourceVersion":2,"MetaTypeId":255}&#xD;
00:00.273  Created User successfully.&#xD;
00:00.273  Client Credentials called.&#xD;
Getting credentials for descriptor 'System.Security.Principal.WindowsIdentity;S-1-5-21-1389882523-1725124155-1294357522-3303306360-1190730275-268480395-1049074643' =&gt; Authorization: Bearer eyJ0eXAiOiJKV1QiLCJhbGciOiJOb25lIn0.eyJuYW1laWQiOiJTLTEtNS0yMS0xMzg5ODgyNTIzLTE3MjUxMjQxNTUtMTI5NDM1NzUyMi0zMzAzMzA2MzYwLTExOTA3MzAyNzUtMjY4NDgwMzk1LTEwNDkwNzQ2NDMiLCJJZGVudGl0eVR5cGVDbGFpbSI6IlN5c3RlbS5TZWN1cml0eS5QcmluY2lwYWwuV2luZG93c0lkZW50aXR5IiwiaXNzIjoiTDIiLCJhdWQiOiJMMiIsIm5iZiI6MTUzMDU4NzY1NSwiZXhwIjoyNTM0MDIzMDA4MDB9.&#xD;
00:00.273  Client Credentials received successfully.&#xD;
Getting credentials for descriptor 'System.Security.Principal.WindowsIdentity;S-1-5-21-1389882523-1725124155-1294357522-3303306360-1190730275-268480395-1049074643' =&gt; Authorization: Bearer eyJ0eXAiOiJKV1QiLCJhbGciOiJOb25lIn0.eyJuYW1laWQiOiJTLTEtNS0yMS0xMzg5ODgyNTIzLTE3MjUxMjQxNTUtMTI5NDM1NzUyMi0zMzAzMzA2MzYwLTExOTA3MzAyNzUtMjY4NDgwMzk1LTEwNDkwNzQ2NDMiLCJJZGVudGl0eVR5cGVDbGFpbSI6IlN5c3RlbS5TZWN1cml0eS5QcmluY2lwYWwuV2luZG93c0lkZW50aXR5IiwiaXNzIjoiTDIiLCJhdWQiOiJMMiIsIm5iZiI6MTUzMDU4NzY1NSwiZXhwIjoyNTM0MDIzMDA4MDB9.&#xD;
00:00.410  Created new TimeoutScope, 'RefreshWorkItemStoreCache:144@1', for 00:01:00 on thread 16.&#xD;
00:00.410  TimeoutScope, 'Test: StaticSuiteGetEntriesNull:141', has been paused after 00:00:00.1459862.&#xD;
00:00.543  TimeoutScope 'RefreshWorkItemStoreCache:144' ended after '00:00:00.1324369'.&#xD;
00:00.543  TimeoutScope, 'Test: StaticSuiteGetEntriesNull:141', has been resumed at 00:00:00.1459872.&#xD;
00:01.810  Performing CommonTestBase Cleanup...&#xD;
00:01.810  TimeoutScope 'Test: StaticSuiteGetEntriesNull:141' ended after '00:00:01.4128908'.&#xD;
00:04.155  Created new TimeoutScope, 'TestFrameworkTestCleanup:145@0', for 00:00:10 on thread 16.&#xD;
00:04.156  TimeoutScope 'TestFrameworkTestCleanup:145' ended after '00:00:00.0001010'.&#xD;
00:04.156  Test End: 7/2/2018 8:14:18 PM (local) / 7/3/2018 3:14:18 AM (UTC).</StdOut></Output></UnitTestResult><UnitTestResult executionId="a002739a-1e4e-49b2-bf4a-7776a229e602" testId="85f9e471-f34a-aff7-12c5-c0a788c5aed3" testName="VerifyTestSuiteStateWithMultipleWitStates" computerName="V-NAGAB77931A" duration="00:00:02.9833332" startTime="2018-07-02T20:13:03.7824485-07:00" endTime="2018-07-02T20:13:06.7668253-07:00" testType="13cdc9d9-ddb5-4fa4-a97d-d965ccfc6d4b" outcome="Passed" testListId="8c84fa94-04c1-424b-9868-57a2d4851a1d" relativeResultsDirectory="a002739a-1e4e-49b2-bf4a-7776a229e602"><Output><StdOut>Uploading the Xml in WorkItemTypes &lt;?xml version="1.0" encoding="utf-16"?&gt;&lt;witd:WITD application="Work item type editor" version="1.0" xmlns:witd="http://schemas.microsoft.com/VisualStudio/2008/workitemtracking/typedef"&gt;&lt;WORKITEMTYPE name="Test Suite"&gt;&lt;DESCRIPTION&gt;Tracks test activites for a specific feature, requirement, or user story.&lt;/DESCRIPTION&gt;&lt;FIELDS&gt;&lt;FIELD name="Iteration Path" refname="System.IterationPath" type="TreePath" reportable="dimension"&gt;&lt;HELPTEXT&gt;The iteration for this test suite.&lt;/HELPTEXT&gt;&lt;/FIELD&gt;&lt;FIELD name="Iteration ID" refname="System.IterationId" type="Integer" /&gt;&lt;FIELD name="External Link Count" refname="System.ExternalLinkCount" type="Integer" /&gt;&lt;FIELD name="Team Project" refname="System.TeamProject" type="String" reportable="dimension" /&gt;&lt;FIELD name="Hyperlink Count" refname="System.HyperLinkCount" type="Integer" /&gt;&lt;FIELD name="Attached File Count" refname="System.AttachedFileCount" type="Integer" /&gt;&lt;FIELD name="Node Name" refname="System.NodeName" type="String" /&gt;&lt;FIELD name="Area Path" refname="System.AreaPath" type="TreePath" reportable="dimension"&gt;&lt;HELPTEXT&gt;The area of the product associated with this test suite.&lt;/HELPTEXT&gt;&lt;/FIELD&gt;&lt;FIELD name="Revised Date" refname="System.RevisedDate" type="DateTime" reportable="detail" /&gt;&lt;FIELD name="Changed Date" refname="System.ChangedDate" type="DateTime" reportable="dimension" /&gt;&lt;FIELD name="ID" refname="System.Id" type="Integer" reportable="dimension" /&gt;&lt;FIELD name="Area ID" refname="System.AreaId" type="Integer" /&gt;&lt;FIELD name="Authorized As" refname="System.AuthorizedAs" type="String" syncnamechanges="true" /&gt;&lt;FIELD name="Title" refname="System.Title" type="String" reportable="dimension"&gt;&lt;HELPTEXT&gt;Short description of the test suite.&lt;/HELPTEXT&gt;&lt;REQUIRED /&gt;&lt;/FIELD&gt;&lt;FIELD name="State" refname="System.State" type="String" reportable="dimension"&gt;&lt;HELPTEXT&gt;The workflow state of the test suite.&lt;/HELPTEXT&gt;&lt;/FIELD&gt;&lt;FIELD name="Authorized Date" refname="System.AuthorizedDate" type="DateTime" /&gt;&lt;FIELD name="Watermark" refname="System.Watermark" type="Integer" /&gt;&lt;FIELD name="Rev" refname="System.Rev" type="Integer" reportable="dimension" /&gt;&lt;FIELD name="Changed By" refname="System.ChangedBy" type="String" syncnamechanges="true" reportable="dimension" /&gt;&lt;FIELD name="Reason" refname="System.Reason" type="String" reportable="dimension"&gt;&lt;HELPTEXT&gt;The reason why  the current test suite is in the current state.&lt;/HELPTEXT&gt;&lt;/FIELD&gt;&lt;FIELD name="Assigned To" refname="System.AssignedTo" type="String" syncnamechanges="true" reportable="dimension"&gt;&lt;HELPTEXT&gt;The person currently assigned to the test suite.&lt;/HELPTEXT&gt;&lt;ALLOWEXISTINGVALUE /&gt;&lt;VALIDUSER /&gt;&lt;/FIELD&gt;&lt;FIELD name="Work Item Type" refname="System.WorkItemType" type="String" reportable="dimension" /&gt;&lt;FIELD name="Created Date" refname="System.CreatedDate" type="DateTime" reportable="dimension" /&gt;&lt;FIELD name="Created By" refname="System.CreatedBy" type="String" syncnamechanges="true" reportable="dimension" /&gt;&lt;FIELD name="Description" refname="System.Description" type="HTML"&gt;&lt;HELPTEXT&gt;Purpose of this test suite&lt;/HELPTEXT&gt;&lt;/FIELD&gt;&lt;FIELD name="History" refname="System.History" type="History"&gt;&lt;HELPTEXT&gt;Discussion thread plus automatic record of changes&lt;/HELPTEXT&gt;&lt;/FIELD&gt;&lt;FIELD name="Related Link Count" refname="System.RelatedLinkCount" type="Integer" /&gt;&lt;FIELD name="Tags" refname="System.Tags" type="PlainText" /&gt;&lt;FIELD name="Board Column" refname="System.BoardColumn" type="String" reportable="dimension" /&gt;&lt;FIELD name="Board Column Done" refname="System.BoardColumnDone" type="Boolean" reportable="dimension" /&gt;&lt;FIELD name="Board Lane" refname="System.BoardLane" type="String" reportable="dimension" /&gt;&lt;FIELD name="Integration Build" refname="Microsoft.VSTS.Build.IntegrationBuild" type="String" reportable="dimension"&gt;&lt;HELPTEXT&gt;The build on which the test suite was executed&lt;/HELPTEXT&gt;&lt;SUGGESTEDVALUES expanditems="true"&gt;&lt;LISTITEM value="&amp;lt;None&amp;gt;" /&gt;&lt;/SUGGESTEDVALUES&gt;&lt;/FIELD&gt;&lt;FIELD name="Test Suite Type Id" refname="Microsoft.VSTS.TCM.TestSuiteTypeId" type="Integer"&gt;&lt;REQUIRED /&gt;&lt;FROZEN /&gt;&lt;DEFAULT from="value" value="1" /&gt;&lt;/FIELD&gt;&lt;FIELD name="Test Suite Type" refname="Microsoft.VSTS.TCM.TestSuiteType" type="String" reportable="dimension"&gt;&lt;HELPTEXT&gt;Specifies the category of the test suite.&lt;/HELPTEXT&gt;&lt;REQUIRED /&gt;&lt;WHENNOTCHANGED field="Microsoft.VSTS.TCM.TestSuiteTypeId"&gt;&lt;READONLY /&gt;&lt;/WHENNOTCHANGED&gt;&lt;ALLOWEDVALUES expanditems="true"&gt;&lt;LISTITEM value="Query Based" /&gt;&lt;LISTITEM value="Requirement Based" /&gt;&lt;LISTITEM value="Static" /&gt;&lt;/ALLOWEDVALUES&gt;&lt;/FIELD&gt;&lt;FIELD name="Query Text" refname="Microsoft.VSTS.TCM.QueryText" type="PlainText"&gt;&lt;WHEN field="Microsoft.VSTS.TCM.TestSuiteTypeId" value="2"&gt;&lt;REQUIRED /&gt;&lt;/WHEN&gt;&lt;/FIELD&gt;&lt;FIELD name="Test Suite Audit" refname="Microsoft.VSTS.TCM.TestSuiteAudit" type="PlainText"&gt;&lt;HELPTEXT&gt;Captures the test suite audit trail.&lt;/HELPTEXT&gt;&lt;/FIELD&gt;&lt;/FIELDS&gt;&lt;WORKFLOW&gt;&lt;STATES&gt;&lt;STATE value="Completed" /&gt;&lt;STATE value="In Planning" /&gt;&lt;STATE value="In Progress" /&gt;&lt;STATE value="Complete1" /&gt;&lt;/STATES&gt;&lt;TRANSITIONS&gt;&lt;TRANSITION from="In Planning" to="In Progress"&gt;&lt;REASONS&gt;&lt;DEFAULTREASON value="Tests in this test suite are now active and can be run" /&gt;&lt;/REASONS&gt;&lt;/TRANSITION&gt;&lt;TRANSITION from="Completed" to="In Progress"&gt;&lt;REASONS&gt;&lt;DEFAULTREASON value="Reactivating to run tests" /&gt;&lt;/REASONS&gt;&lt;/TRANSITION&gt;&lt;TRANSITION from="" to="In Progress"&gt;&lt;REASONS&gt;&lt;DEFAULTREASON value="New test suite" /&gt;&lt;/REASONS&gt;&lt;FIELDS&gt;&lt;FIELD refname="Microsoft.VSTS.TCM.TestSuiteType"&gt;&lt;WHEN field="Microsoft.VSTS.TCM.TestSuiteTypeId" value="3"&gt;&lt;COPY from="value" value="Requirement Based" /&gt;&lt;/WHEN&gt;&lt;WHEN field="Microsoft.VSTS.TCM.TestSuiteTypeId" value="2"&gt;&lt;COPY from="value" value="Query Based" /&gt;&lt;/WHEN&gt;&lt;WHEN field="Microsoft.VSTS.TCM.TestSuiteTypeId" value="1"&gt;&lt;COPY from="value" value="Static" /&gt;&lt;/WHEN&gt;&lt;/FIELD&gt;&lt;/FIELDS&gt;&lt;/TRANSITION&gt;&lt;TRANSITION from="In Progress" to="In Planning"&gt;&lt;REASONS&gt;&lt;DEFAULTREASON value="Plan test cases for this test suite" /&gt;&lt;/REASONS&gt;&lt;/TRANSITION&gt;&lt;TRANSITION from="Completed" to="In Planning"&gt;&lt;REASONS&gt;&lt;DEFAULTREASON value="Reactivating to planning phase" /&gt;&lt;/REASONS&gt;&lt;/TRANSITION&gt;&lt;TRANSITION from="In Progress" to="Completed"&gt;&lt;REASONS&gt;&lt;DEFAULTREASON value="Completed testing for this test suite" /&gt;&lt;/REASONS&gt;&lt;/TRANSITION&gt;&lt;TRANSITION from="In Planning" to="Completed"&gt;&lt;REASONS&gt;&lt;DEFAULTREASON value="Removed from planning and test execution" /&gt;&lt;/REASONS&gt;&lt;/TRANSITION&gt;&lt;TRANSITION from="In Progress" to="Complete1"&gt;&lt;REASONS&gt;&lt;DEFAULTREASON value="Test suite is completed" /&gt;&lt;/REASONS&gt;&lt;/TRANSITION&gt;&lt;TRANSITION from="Complete1" to="In Progress"&gt;&lt;REASONS&gt;&lt;DEFAULTREASON value="Test suite is being executed" /&gt;&lt;/REASONS&gt;&lt;/TRANSITION&gt;&lt;/TRANSITIONS&gt;&lt;/WORKFLOW&gt;&lt;FORM&gt;&lt;Layout HideControlBorders="true" HideReadOnlyEmptyFields="true"&gt;&lt;Group Margin="(4,0,0,0)"&gt;&lt;Column PercentWidth="90"&gt;&lt;Control FieldName="System.Title" Type="FieldControl" LabelPosition="Top" ControlFontSize="large" EmptyText="&amp;lt;Enter title here&amp;gt;" /&gt;&lt;/Column&gt;&lt;Column PercentWidth="10"&gt;&lt;Control FieldName="System.ID" Type="FieldControl" ControlFontSize="large" /&gt;&lt;/Column&gt;&lt;/Group&gt;&lt;Group Margin="(10,0,0,0)"&gt;&lt;Column PercentWidth="50"&gt;&lt;Group Label="Status"&gt;&lt;Column PercentWidth="100"&gt;&lt;Control FieldName="System.AssignedTo" Type="FieldControl" Label="Assi&amp;amp;gned To" LabelPosition="Left" /&gt;&lt;Control FieldName="System.State" Type="FieldControl" Label="Stat&amp;amp;e" LabelPosition="Left" /&gt;&lt;/Column&gt;&lt;/Group&gt;&lt;/Column&gt;&lt;Column PercentWidth="50"&gt;&lt;Group Label="Classification"&gt;&lt;Column PercentWidth="100"&gt;&lt;Control FieldName="System.AreaPath" Type="WorkItemClassificationControl" Label="&amp;amp;Area" LabelPosition="Left" /&gt;&lt;Control FieldName="System.IterationPath" Type="WorkItemClassificationControl" Label="Ite&amp;amp;ration" LabelPosition="Left" /&gt;&lt;Control FieldName="Microsoft.VSTS.TCM.TestSuiteType" Type="FieldControl" Label="Test Suite Type" LabelPosition="Left" /&gt;&lt;/Column&gt;&lt;/Group&gt;&lt;/Column&gt;&lt;/Group&gt;&lt;Group&gt;&lt;Column PercentWidth="100"&gt;&lt;TabGroup Margin="(5,0,0,0)"&gt;&lt;Tab Label="Summary"&gt;&lt;Group&gt;&lt;Column PercentWidth="50"&gt;&lt;Control FieldName="System.Description" Type="HtmlFieldControl" Label="Description" LabelPosition="Top" Dock="Fill" /&gt;&lt;/Column&gt;&lt;Column PercentWidth="50"&gt;&lt;Control FieldName="System.History" Type="WorkItemLogControl" Label="Histor&amp;amp;y" LabelPosition="Top" Dock="Fill" /&gt;&lt;/Column&gt;&lt;/Group&gt;&lt;/Tab&gt;&lt;Tab Label="Attachments"&gt;&lt;Control Type="AttachmentsControl" LabelPosition="Top" /&gt;&lt;/Tab&gt;&lt;Tab Label="All Links"&gt;&lt;Control Type="LinksControl" Name="GeneralLinks" LabelPosition="Top"&gt;&lt;LinksControlOptions&gt;&lt;LinkColumns&gt;&lt;LinkColumn RefName="System.Id" /&gt;&lt;LinkColumn RefName="System.WorkItemType" /&gt;&lt;LinkColumn RefName="System.Title" /&gt;&lt;LinkColumn RefName="System.AssignedTo" /&gt;&lt;LinkColumn RefName="System.State" /&gt;&lt;LinkColumn LinkAttribute="System.Links.Comment" /&gt;&lt;/LinkColumns&gt;&lt;WorkItemLinkFilters FilterType="includeAll" /&gt;&lt;ExternalLinkFilters FilterType="includeAll" /&gt;&lt;WorkItemTypeFilters FilterType="includeAll" /&gt;&lt;/LinksControlOptions&gt;&lt;/Control&gt;&lt;/Tab&gt;&lt;/TabGroup&gt;&lt;/Column&gt;&lt;/Group&gt;&lt;/Layout&gt;&lt;WebLayout&gt;&lt;SystemControls&gt;&lt;Control Type="FieldControl" FieldName="System.Title" EmptyText="Enter title" /&gt;&lt;Control Label="Assi&amp;amp;gned To" Type="FieldControl" FieldName="System.AssignedTo" /&gt;&lt;Control Label="Stat&amp;amp;e" Type="FieldControl" FieldName="System.State" /&gt;&lt;Control Label="Reason" Type="FieldControl" FieldName="System.Reason" /&gt;&lt;Control Label="&amp;amp;Area" Type="WorkItemClassificationControl" FieldName="System.AreaPath" /&gt;&lt;Control Label="Ite&amp;amp;ration" Type="WorkItemClassificationControl" FieldName="System.IterationPath" /&gt;&lt;Control Label="History" Type="WorkItemLogControl" FieldName="System.History" /&gt;&lt;Control Label="Links" Type="LinksControl" Name="Links" /&gt;&lt;Control Label="Attachments" Type="AttachmentsControl" Name="Attachments" /&gt;&lt;/SystemControls&gt;&lt;Page Label="Details" LayoutMode="FirstColumnWide"&gt;&lt;Section&gt;&lt;Group Label="Description"&gt;&lt;Control Label="Description" Type="HtmlFieldControl" FieldName="System.Description" /&gt;&lt;/Group&gt;&lt;/Section&gt;&lt;Section&gt;&lt;Group Label="Classification"&gt;&lt;Control Label="Test Suite Type" Type="FieldControl" FieldName="Microsoft.VSTS.TCM.TestSuiteType" /&gt;&lt;/Group&gt;&lt;/Section&gt;&lt;/Page&gt;&lt;/WebLayout&gt;&lt;/FORM&gt;&lt;/WORKITEMTYPE&gt;&lt;/witd:WITD&gt;&#xD;
ProjectProcessConfiguration :&lt;?xml version="1.0" encoding="utf-16"?&gt;&lt;ProjectProcessConfiguration&gt;&lt;BugWorkItems category="Microsoft.BugCategory" pluralName="Bugs" singularName="Bug"&gt;&lt;States&gt;&lt;State type="Proposed" value="New" /&gt;&lt;State type="InProgress" value="Active" /&gt;&lt;State type="Complete" value="Closed" /&gt;&lt;State type="Resolved" value="Resolved" /&gt;&lt;/States&gt;&lt;/BugWorkItems&gt;&lt;FeedbackRequestWorkItems category="Microsoft.FeedbackRequestCategory" pluralName="Feedback Requests" singularName="Feedback Request"&gt;&lt;States&gt;&lt;State type="InProgress" value="Active" /&gt;&lt;State type="Complete" value="Closed" /&gt;&lt;/States&gt;&lt;/FeedbackRequestWorkItems&gt;&lt;FeedbackResponseWorkItems category="Microsoft.FeedbackResponseCategory" pluralName="Feedback Responses" singularName="Feedback Response"&gt;&lt;States&gt;&lt;State type="InProgress" value="Active" /&gt;&lt;State type="Complete" value="Closed" /&gt;&lt;/States&gt;&lt;/FeedbackResponseWorkItems&gt;&lt;PortfolioBacklogs&gt;&lt;PortfolioBacklog category="Microsoft.EpicCategory" pluralName="Epics" singularName="Epic" workItemCountLimit="1000"&gt;&lt;AddPanel&gt;&lt;Fields&gt;&lt;Field refname="System.Title" /&gt;&lt;/Fields&gt;&lt;/AddPanel&gt;&lt;Columns&gt;&lt;Column width="100" refname="System.WorkItemType" /&gt;&lt;Column width="400" refname="System.Title" /&gt;&lt;Column width="100" refname="System.State" /&gt;&lt;Column width="50" refname="Microsoft.VSTS.Scheduling.Effort" /&gt;&lt;Column width="50" refname="Microsoft.VSTS.Common.BusinessValue" /&gt;&lt;Column width="100" refname="Microsoft.VSTS.Common.ValueArea" /&gt;&lt;Column width="200" refname="System.Tags" /&gt;&lt;/Columns&gt;&lt;States&gt;&lt;State type="Proposed" value="New" /&gt;&lt;State type="InProgress" value="Active" /&gt;&lt;State type="InProgress" value="Resolved" /&gt;&lt;State type="Complete" value="Closed" /&gt;&lt;/States&gt;&lt;/PortfolioBacklog&gt;&lt;PortfolioBacklog category="Microsoft.FeatureCategory" parent="Microsoft.EpicCategory" pluralName="Features" singularName="Feature" workItemCountLimit="1000"&gt;&lt;AddPanel&gt;&lt;Fields&gt;&lt;Field refname="System.Title" /&gt;&lt;/Fields&gt;&lt;/AddPanel&gt;&lt;Columns&gt;&lt;Column width="100" refname="System.WorkItemType" /&gt;&lt;Column width="400" refname="System.Title" /&gt;&lt;Column width="100" refname="System.State" /&gt;&lt;Column width="50" refname="Microsoft.VSTS.Scheduling.Effort" /&gt;&lt;Column width="50" refname="Microsoft.VSTS.Common.BusinessValue" /&gt;&lt;Column width="100" refname="Microsoft.VSTS.Common.ValueArea" /&gt;&lt;Column width="200" refname="System.Tags" /&gt;&lt;/Columns&gt;&lt;States&gt;&lt;State type="Proposed" value="New" /&gt;&lt;State type="InProgress" value="Active" /&gt;&lt;State type="InProgress" value="Resolved" /&gt;&lt;State type="Complete" value="Closed" /&gt;&lt;/States&gt;&lt;/PortfolioBacklog&gt;&lt;/PortfolioBacklogs&gt;&lt;RequirementBacklog category="Microsoft.RequirementCategory" parent="Microsoft.FeatureCategory" pluralName="Stories" singularName="User Story" workItemCountLimit="1000"&gt;&lt;AddPanel&gt;&lt;Fields&gt;&lt;Field refname="System.Title" /&gt;&lt;/Fields&gt;&lt;/AddPanel&gt;&lt;Columns&gt;&lt;Column width="100" refname="System.WorkItemType" /&gt;&lt;Column width="400" refname="System.Title" /&gt;&lt;Column width="100" refname="System.State" /&gt;&lt;Column width="50" refname="Microsoft.VSTS.Scheduling.StoryPoints" /&gt;&lt;Column width="100" refname="Microsoft.VSTS.Common.ValueArea" /&gt;&lt;Column width="200" refname="System.IterationPath" /&gt;&lt;Column width="200" refname="System.Tags" /&gt;&lt;/Columns&gt;&lt;States&gt;&lt;State type="Proposed" value="New" /&gt;&lt;State type="InProgress" value="Active" /&gt;&lt;State type="InProgress" value="Resolved" /&gt;&lt;State type="Complete" value="Closed" /&gt;&lt;/States&gt;&lt;/RequirementBacklog&gt;&lt;TaskBacklog category="Microsoft.TaskCategory" parent="Microsoft.RequirementCategory" pluralName="Tasks" singularName="Task" workItemCountLimit="1000"&gt;&lt;AddPanel&gt;&lt;Fields&gt;&lt;Field refname="System.Title" /&gt;&lt;/Fields&gt;&lt;/AddPanel&gt;&lt;Columns&gt;&lt;Column width="400" refname="System.Title" /&gt;&lt;Column width="100" refname="System.State" /&gt;&lt;Column width="100" refname="System.AssignedTo" /&gt;&lt;Column width="50" refname="Microsoft.VSTS.Scheduling.RemainingWork" /&gt;&lt;/Columns&gt;&lt;States&gt;&lt;State type="Proposed" value="New" /&gt;&lt;State type="InProgress" value="Active" /&gt;&lt;State type="Complete" value="Closed" /&gt;&lt;/States&gt;&lt;/TaskBacklog&gt;&lt;TypeFields&gt;&lt;TypeField refname="Microsoft.VSTS.Common.Activity" type="Activity" /&gt;&lt;TypeField refname="Microsoft.VSTS.Common.StackRank" type="Order" /&gt;&lt;TypeField refname="Microsoft.VSTS.Feedback.ApplicationLaunchInstructions" type="ApplicationLaunchInstructions" /&gt;&lt;TypeField refname="Microsoft.VSTS.Feedback.ApplicationStartInformation" type="ApplicationStartInformation" /&gt;&lt;TypeField refname="Microsoft.VSTS.Feedback.ApplicationType" type="ApplicationType"&gt;&lt;TypeFieldValues&gt;&lt;TypeFieldValue type="ClientApp" value="Client application" /&gt;&lt;TypeFieldValue type="RemoteMachine" value="Remote machine" /&gt;&lt;TypeFieldValue type="WebApp" value="Web application" /&gt;&lt;/TypeFieldValues&gt;&lt;/TypeField&gt;&lt;TypeField format="{0} h" refname="Microsoft.VSTS.Scheduling.RemainingWork" type="RemainingWork" /&gt;&lt;TypeField refname="Microsoft.VSTS.Scheduling.StoryPoints" type="Effort" /&gt;&lt;TypeField refname="System.AreaPath" type="Team" /&gt;&lt;/TypeFields&gt;&lt;Weekends&gt;&lt;DayOfWeek&gt;Sunday&lt;/DayOfWeek&gt;&lt;DayOfWeek&gt;Saturday&lt;/DayOfWeek&gt;&lt;/Weekends&gt;&lt;Properties&gt;&lt;Property name="HiddenBacklogs" value="Microsoft.EpicCategory" /&gt;&lt;Property name="WorkItemTypeIcons" value="Bug=icon_insect,Code Review Request=icon_code_review,Code Review Response=icon_code_response,Epic=icon_crown,Feature=icon_trophy,Feedback Request=icon_review,Feedback Response=icon_response,Issue=icon_traffic_cone,Shared Parameter=icon_test_parameter,Shared Steps=icon_test_step,Task=icon_clipboard,Test Case=icon_test_case,Test Plan=icon_test_plan,Test Suite=icon_test_suite,User Story=icon_book" /&gt;&lt;Property name="BugsBehavior" value="AsTasks" /&gt;&lt;/Properties&gt;&lt;WorkItemColors&gt;&lt;WorkItemColor primary="FFCC293D" secondary="FFFAEAE5" name="Bug" /&gt;&lt;WorkItemColor primary="FFB4009E" secondary="FFFCEECF" name="Code Review Request" /&gt;&lt;WorkItemColor primary="FFB4009E" secondary="FFFCEECF" name="Code Review Response" /&gt;&lt;WorkItemColor primary="FFFF7B00" secondary="FFFFD7B5" name="Epic" /&gt;&lt;WorkItemColor primary="FF773B93" secondary="FFEEE2F2" name="Feature" /&gt;&lt;WorkItemColor primary="FF004B50" secondary="FFFCEECF" name="Feedback Request" /&gt;&lt;WorkItemColor primary="FF004B50" secondary="FFFCEECF" name="Feedback Response" /&gt;&lt;WorkItemColor primary="FFB4009E" secondary="FFFCEECF" name="Issue" /&gt;&lt;WorkItemColor primary="FF004B50" secondary="FFFCEECF" name="Shared Parameter" /&gt;&lt;WorkItemColor primary="FF004B50" secondary="FFFCEECF" name="Shared Steps" /&gt;&lt;WorkItemColor primary="FFF2CB1D" secondary="FFF6F5D2" name="Task" /&gt;&lt;WorkItemColor primary="FF004B50" secondary="FFFCEECF" name="Test Case" /&gt;&lt;WorkItemColor primary="FF004B50" secondary="FFFCEECF" name="Test Plan" /&gt;&lt;WorkItemColor primary="FF004B50" secondary="FFFCEECF" name="Test Suite" /&gt;&lt;WorkItemColor primary="FF009CCC" secondary="FFD6ECF2" name="User Story" /&gt;&lt;/WorkItemColors&gt;&lt;TestPlanWorkItems category="Microsoft.TestPlanCategory" singularName="Test Plan" pluralName="Test Plans"&gt;&lt;States&gt;&lt;State type="InProgress" value="Active" /&gt;&lt;State type="Complete" value="Inactive" /&gt;&lt;/States&gt;&lt;/TestPlanWorkItems&gt;&lt;TestSuiteWorkItems category="Microsoft.TestSuiteCategory" singularName="Test Suite" pluralName="Test Suites"&gt;&lt;States&gt;&lt;State type="Proposed" value="In Planning" /&gt;&lt;State type="InProgress" value="In Progress" /&gt;&lt;State type="Complete" value="Completed" /&gt;&lt;/States&gt;&lt;/TestSuiteWorkItems&gt;&lt;/ProjectProcessConfiguration&gt;&#xD;
&#xD;


Debug Trace:
00:00.000  Test Start: 7/2/2018 8:13:03 PM (local) / 7/3/2018 3:13:03 AM (UTC)&#xD;
00:00.000  Random Seed for this test: 933287397&#xD;
00:00.000  Created new TimeoutScope, 'Test: VerifyTestSuiteStateWithMultipleWitStates:46@0', for 00:00:30 on thread 16.&#xD;
00:00.000  Created new TimeoutScope, 'TestFrameworkTestInitialize:47@1', for 00:00:10 on thread 16.&#xD;
00:00.000  TimeoutScope, 'Test: VerifyTestSuiteStateWithMultipleWitStates:46', has been paused after 00:00:00.0000290.&#xD;
00:00.000  TimeoutScope 'TestFrameworkTestInitialize:47' ended after '00:00:00.0000107'.&#xD;
00:00.000  TimeoutScope, 'Test: VerifyTestSuiteStateWithMultipleWitStates:46', has been resumed at 00:00:00.0000296.&#xD;
00:00.000  TagHelper is getting a tag 'Project.PrivateAgileGit' on host 'de108ff5-f4a8-4948-b1ec-3147b31f1465'.&#xD;
00:00.000  TagHelper found cached tag 'Project.PrivateAgileGit' on host 'de108ff5-f4a8-4948-b1ec-3147b31f1465' with value '05e49bc7-ac67-4dc4-b85e-4a41b611b532'.&#xD;
00:00.000  Searching for project '05e49bc7-ac67-4dc4-b85e-4a41b611b532'.&#xD;
00:00.001  Web method running: [http://v-nagab77931a:8080/tfs/46407190-89f3-4e58-9bad-783cbf2637fb_/_apis/projects/05e49bc7-ac67-4dc4-b85e-4a41b611b532?includeHistory=False] (GET)05e49bc7-ac67-4dc4-b85e-4a41b611b532[projects] E2EId: db895d83-6080-438b-ac82-4ecf037d6159&#xD;
00:00.008  Web method response: [http://v-nagab77931a:8080/tfs/46407190-89f3-4e58-9bad-783cbf2637fb_/_apis/projects/05e49bc7-ac67-4dc4-b85e-4a41b611b532?includeHistory=False] (GET)05e49bc7-ac67-4dc4-b85e-4a41b611b532[projects] E2EId: db895d83-6080-438b-ac82-4ecf037d6159, ActivityId: 68e9502b-022d-4bd6-90df-91127d95539f 7 ms&#xD;
00:00.008  Found matching project 'sdentifies people online. Impllowssy!n8d5e05805548ee6' (05e49bc7-ac67-4dc4-b85e-4a41b611b532).&#xD;
00:00.008  Create User called.&#xD;
00:00.008  IdentityHelperClient.CreateUser called with user properties {"$type":"Vssf.TestFramework.Client.Common.CreateUserProperties, Vssf.TestFramework.Client.Common","EntityType":"User","OriginDirectory":null,"HomeDirectory":null,"TenantId":null,"OriginId":"00000000-0000-0000-0000-000000000000","LocalId":"00000000-0000-0000-0000-000000000000","MasterId":"00000000-0000-0000-0000-000000000000","PrincipalName":null,"DisplayName":null,"Profile":null,"License":4,"LocalGroups":[{"$type":"Vssf.TestFramework.Client.Common.GroupReference, Vssf.TestFramework.Client.Common","Identifier":"S-1-9-1551374245-1204400969-2402986413-2179408616-0-0-0-0-1"}],"LocalPermissions":null,"UserType":0,"CreateUserTranslations":null}&#xD;
00:00.008  Created new TimeoutScope, 'CreateUser:48@1', for 00:00:30 on thread 16.&#xD;
00:00.008  TimeoutScope, 'Test: VerifyTestSuiteStateWithMultipleWitStates:46', has been paused after 00:00:00.0083314.&#xD;
00:00.008  IdentityHelperClient.AddMember was called with parameters {"$type":"Vssf.TestFramework.Client.L2.Identity.AddMemberRequest, Vssf.TestFramework.Client.L2","EntityDescriptor":{"$type":"Microsoft.VisualStudio.Services.Directories.DirectoryEntityDescriptor, Microsoft.VisualStudio.Services.WebApi","entityType":"User","originDirectory":null,"localId":null,"originId":null,"invitationMethod":"CreateUser@TeamFoundationServer","createIfNotFound":true},"Profile":null,"License":"Optimal","LocalGroups":["S-1-9-1551374245-1204400969-2402986413-2179408616-0-0-0-0-1"]}&#xD;
00:00.055  Web method running: [http://v-nagab77931a:8080/tfs/46407190-89f3-4e58-9bad-783cbf2637fb_/_apis/Directory/Members?license=Optimal&amp;localGroups=S-1-9-1551374245-1204400969-2402986413-2179408616-0-0-0-0-1&amp;propertiesToReturn=LocalDescriptor] (POST)Members[Directory] E2EId: ac56e726-5f22-4716-8f83-eba2af200fa5&#xD;
00:00.153  Web method response: [http://v-nagab77931a:8080/tfs/46407190-89f3-4e58-9bad-783cbf2637fb_/_apis/Directory/Members?license=Optimal&amp;localGroups=S-1-9-1551374245-1204400969-2402986413-2179408616-0-0-0-0-1&amp;propertiesToReturn=LocalDescriptor] (POST)Members[Directory] E2EId: ac56e726-5f22-4716-8f83-eba2af200fa5, ActivityId: 68e9502c-022d-4bd6-90df-91127d95539f 97 ms&#xD;
00:00.153  DirectoryHttpClient.AddMemberAsync returned {"$type":"Microsoft.VisualStudio.Services.Directories.DirectoryEntityResult, Microsoft.VisualStudio.Services.WebApi","Entity":{"$type":"Microsoft.VisualStudio.Services.Directories.DirectoryUser, Microsoft.VisualStudio.Services.WebApi","EntityId":"vss.ds.v1.ims.user.ead35d8767e44eaba2db714e09e66bdd","EntityType":"User","OriginDirectory":"vsd","OriginId":"ead35d87-67e4-4eab-a2db-714e09e66bdd","LocalDirectory":"vsd","LocalId":"ead35d87-67e4-4eab-a2db-714e09e66bdd","principalName":"fake-vsd-1e59a314-8609-4772-bc54-f8a482031e6d","displayName":"fake-vsd-1e59a314-8609-4772-bc54-f8a482031e6d","localDescriptor":"System.Security.Principal.WindowsIdentity;S-1-5-21-1389882523-1725124155-1294357522-1964802667-1109026204-3635682213-746610119"},"EntityState":"LocalCreate","Status":"Success"}&#xD;
00:00.190  Web method running: [http://v-nagab77931a:8080/tfs/46407190-89f3-4e58-9bad-783cbf2637fb_/_apis/Identities/ead35d87-67e4-4eab-a2db-714e09e66bdd?queryMembership=Direct] (GET)ead35d87-67e4-4eab-a2db-714e09e66bdd[Identities] E2EId: 76755ebc-6f8c-4f69-9316-e452d65e0483&#xD;
00:00.201  Web method response: [http://v-nagab77931a:8080/tfs/46407190-89f3-4e58-9bad-783cbf2637fb_/_apis/Identities/ead35d87-67e4-4eab-a2db-714e09e66bdd?queryMembership=Direct] (GET)ead35d87-67e4-4eab-a2db-714e09e66bdd[Identities] E2EId: 76755ebc-6f8c-4f69-9316-e452d65e0483, ActivityId: 68e9502d-022d-4bd6-90df-91127d95539f 11 ms&#xD;
00:00.202  TimeoutScope 'CreateUser:48' ended after '00:00:00.1936123'.&#xD;
00:00.202  TimeoutScope, 'Test: VerifyTestSuiteStateWithMultipleWitStates:46', has been resumed at 00:00:00.0083323.&#xD;
00:00.202  IdentityHelperClient.CreateUser called service and returned {"$type":"Microsoft.VisualStudio.Services.Identity.Identity, Microsoft.VisualStudio.Services.WebApi","Id":"ead35d87-67e4-4eab-a2db-714e09e66bdd","Descriptor":"System.Security.Principal.WindowsIdentity;S-1-5-21-1389882523-1725124155-1294357522-1964802667-1109026204-3635682213-746610119","SubjectDescriptor":"win.Uy0xLTUtMjEtMTM4OTg4MjUyMy0xNzI1MTI0MTU1LTEyOTQzNTc1MjItMTk2NDgwMjY2Ny0xMTA5MDI2MjA0LTM2MzU2ODIyMTMtNzQ2NjEwMTE5","ProviderDisplayName":"fake-vsd-1e59a314-8609-4772-bc54-f8a482031e6d","IsActive":true,"Members":[],"MemberOf":["Microsoft.TeamFoundation.Identity;S-1-9-1551374245-4119793886-2834581577-2985046343-3005158501-0-0-0-0-1"],"MemberIds":[],"MasterId":"ffffffff-ffff-ffff-ffff-ffffffffffff","Properties":{"$type":"Microsoft.VisualStudio.Services.WebApi.PropertiesCollection, Microsoft.VisualStudio.Services.WebApi","SchemaClassName":{"$type":"System.String","$value":"User"},"Description":{"$type":"System.String","$value":"L2"},"Domain":{"$type":"System.String","$value":"L2"},"Account":{"$type":"System.String","$value":"fake-vsd-1e59a314-8609-4772-bc54-f8a482031e6d"},"DN":{"$type":"System.String","$value":""},"Mail":{"$type":"System.String","$value":"fake-vsd-1e59a314-8609-4772-bc54-f8a482031e6d@someprovider.com"},"SpecialType":{"$type":"System.String","$value":"Generic"},"ComplianceValidated":{"$type":"System.DateTime","$value":"2018-07-03T00:00:00Z"},"DirectoryAlias":{"$type":"System.String","$value":"fake-vsd-1e59a314-8609-4772-bc54-f8a482031e6d"}},"ResourceVersion":2,"MetaTypeId":255}&#xD;
00:00.202  Created User successfully.&#xD;
00:00.202  Client Credentials called.&#xD;
Getting credentials for descriptor 'System.Security.Principal.WindowsIdentity;S-1-5-21-1389882523-1725124155-1294357522-1964802667-1109026204-3635682213-746610119' =&gt; Authorization: Bearer eyJ0eXAiOiJKV1QiLCJhbGciOiJOb25lIn0.eyJuYW1laWQiOiJTLTEtNS0yMS0xMzg5ODgyNTIzLTE3MjUxMjQxNTUtMTI5NDM1NzUyMi0xOTY0ODAyNjY3LTExMDkwMjYyMDQtMzYzNTY4MjIxMy03NDY2MTAxMTkiLCJJZGVudGl0eVR5cGVDbGFpbSI6IlN5c3RlbS5TZWN1cml0eS5QcmluY2lwYWwuV2luZG93c0lkZW50aXR5IiwiaXNzIjoiTDIiLCJhdWQiOiJMMiIsIm5iZiI6MTUzMDU4NzU4NCwiZXhwIjoyNTM0MDIzMDA4MDB9.&#xD;
00:00.202  Client Credentials received successfully.&#xD;
Getting credentials for descriptor 'System.Security.Principal.WindowsIdentity;S-1-5-21-1389882523-1725124155-1294357522-1964802667-1109026204-3635682213-746610119' =&gt; Authorization: Bearer eyJ0eXAiOiJKV1QiLCJhbGciOiJOb25lIn0.eyJuYW1laWQiOiJTLTEtNS0yMS0xMzg5ODgyNTIzLTE3MjUxMjQxNTUtMTI5NDM1NzUyMi0xOTY0ODAyNjY3LTExMDkwMjYyMDQtMzYzNTY4MjIxMy03NDY2MTAxMTkiLCJJZGVudGl0eVR5cGVDbGFpbSI6IlN5c3RlbS5TZWN1cml0eS5QcmluY2lwYWwuV2luZG93c0lkZW50aXR5IiwiaXNzIjoiTDIiLCJhdWQiOiJMMiIsIm5iZiI6MTUzMDU4NzU4NCwiZXhwIjoyNTM0MDIzMDA4MDB9.&#xD;
00:00.277  Created new TimeoutScope, 'RefreshWorkItemStoreCache:49@1', for 00:01:00 on thread 16.&#xD;
00:00.277  TimeoutScope, 'Test: VerifyTestSuiteStateWithMultipleWitStates:46', has been paused after 00:00:00.0831687.&#xD;
00:00.422  TimeoutScope 'RefreshWorkItemStoreCache:49' ended after '00:00:00.1450706'.&#xD;
00:00.422  TimeoutScope, 'Test: VerifyTestSuiteStateWithMultipleWitStates:46', has been resumed at 00:00:00.0831697.&#xD;
Enter: ProcessConfigurationHelper.GetProcessConfiguration : 7/2/2018 8:13:05 PM&#xD;
00:02.112  Performing CommonTestBase Cleanup...&#xD;
00:02.112  TimeoutScope 'Test: VerifyTestSuiteStateWithMultipleWitStates:46' ended after '00:00:01.7734485'.&#xD;
00:02.983  Created new TimeoutScope, 'TestFrameworkTestCleanup:50@0', for 00:00:10 on thread 16.&#xD;
00:02.983  TimeoutScope 'TestFrameworkTestCleanup:50' ended after '00:00:00.0000592'.&#xD;
00:02.983  Test End: 7/2/2018 8:13:06 PM (local) / 7/3/2018 3:13:06 AM (UTC).</StdOut></Output></UnitTestResult><UnitTestResult executionId="8161c587-9ebf-40ef-9668-276f91ae0d64" testId="9e00dc12-4c33-4794-1377-7fc305abdbb9" testName="SuiteUpdateBackChanneling" computerName="V-NAGAB77931A" duration="00:00:07.4995682" startTime="2018-07-02T20:13:09.3074311-07:00" endTime="2018-07-02T20:13:16.7945443-07:00" testType="13cdc9d9-ddb5-4fa4-a97d-d965ccfc6d4b" outcome="Passed" testListId="8c84fa94-04c1-424b-9868-57a2d4851a1d" relativeResultsDirectory="8161c587-9ebf-40ef-9668-276f91ae0d64"><Output><StdOut>Test plan id = 55, name = CreateBasicWitTestPlan&#xD;
&#xD;


Debug Trace:
00:00.000  Test Start: 7/2/2018 8:13:09 PM (local) / 7/3/2018 3:13:09 AM (UTC)&#xD;
00:00.000  Random Seed for this test: 988537223&#xD;
00:00.000  Created new TimeoutScope, 'Test: SuiteUpdateBackChanneling:56@0', for 00:00:30 on thread 16.&#xD;
00:00.000  Created new TimeoutScope, 'TestFrameworkTestInitialize:57@1', for 00:00:10 on thread 16.&#xD;
00:00.000  TimeoutScope, 'Test: SuiteUpdateBackChanneling:56', has been paused after 00:00:00.0000276.&#xD;
00:00.000  TimeoutScope 'TestFrameworkTestInitialize:57' ended after '00:00:00.0000104'.&#xD;
00:00.000  TimeoutScope, 'Test: SuiteUpdateBackChanneling:56', has been resumed at 00:00:00.0000282.&#xD;
00:00.000  TagHelper is getting a tag 'Project.PrivateAgileGit' on host 'de108ff5-f4a8-4948-b1ec-3147b31f1465'.&#xD;
00:00.000  TagHelper found cached tag 'Project.PrivateAgileGit' on host 'de108ff5-f4a8-4948-b1ec-3147b31f1465' with value '05e49bc7-ac67-4dc4-b85e-4a41b611b532'.&#xD;
00:00.000  Searching for project '05e49bc7-ac67-4dc4-b85e-4a41b611b532'.&#xD;
00:00.001  Web method running: [http://v-nagab77931a:8080/tfs/46407190-89f3-4e58-9bad-783cbf2637fb_/_apis/projects/05e49bc7-ac67-4dc4-b85e-4a41b611b532?includeHistory=False] (GET)05e49bc7-ac67-4dc4-b85e-4a41b611b532[projects] E2EId: d576de3c-e327-49fd-97f1-ddffc4c8d859&#xD;
00:00.007  Web method response: [http://v-nagab77931a:8080/tfs/46407190-89f3-4e58-9bad-783cbf2637fb_/_apis/projects/05e49bc7-ac67-4dc4-b85e-4a41b611b532?includeHistory=False] (GET)05e49bc7-ac67-4dc4-b85e-4a41b611b532[projects] E2EId: d576de3c-e327-49fd-97f1-ddffc4c8d859, ActivityId: 68e950e9-022d-4bd6-90df-91127d95539f 6 ms&#xD;
00:00.008  Found matching project 'sdentifies people online. Impllowssy!n8d5e05805548ee6' (05e49bc7-ac67-4dc4-b85e-4a41b611b532).&#xD;
00:00.008  Create User called.&#xD;
00:00.008  IdentityHelperClient.CreateUser called with user properties {"$type":"Vssf.TestFramework.Client.Common.CreateUserProperties, Vssf.TestFramework.Client.Common","EntityType":"User","OriginDirectory":null,"HomeDirectory":null,"TenantId":null,"OriginId":"00000000-0000-0000-0000-000000000000","LocalId":"00000000-0000-0000-0000-000000000000","MasterId":"00000000-0000-0000-0000-000000000000","PrincipalName":null,"DisplayName":null,"Profile":null,"License":4,"LocalGroups":[{"$type":"Vssf.TestFramework.Client.Common.GroupReference, Vssf.TestFramework.Client.Common","Identifier":"S-1-9-1551374245-1204400969-2402986413-2179408616-0-0-0-0-1"}],"LocalPermissions":null,"UserType":0,"CreateUserTranslations":null}&#xD;
00:00.008  Created new TimeoutScope, 'CreateUser:58@1', for 00:00:30 on thread 16.&#xD;
00:00.008  TimeoutScope, 'Test: SuiteUpdateBackChanneling:56', has been paused after 00:00:00.0078866.&#xD;
00:00.008  IdentityHelperClient.AddMember was called with parameters {"$type":"Vssf.TestFramework.Client.L2.Identity.AddMemberRequest, Vssf.TestFramework.Client.L2","EntityDescriptor":{"$type":"Microsoft.VisualStudio.Services.Directories.DirectoryEntityDescriptor, Microsoft.VisualStudio.Services.WebApi","entityType":"User","originDirectory":null,"localId":null,"originId":null,"invitationMethod":"CreateUser@TeamFoundationServer","createIfNotFound":true},"Profile":null,"License":"Optimal","LocalGroups":["S-1-9-1551374245-1204400969-2402986413-2179408616-0-0-0-0-1"]}&#xD;
00:00.048  Web method running: [http://v-nagab77931a:8080/tfs/46407190-89f3-4e58-9bad-783cbf2637fb_/_apis/Directory/Members?license=Optimal&amp;localGroups=S-1-9-1551374245-1204400969-2402986413-2179408616-0-0-0-0-1&amp;propertiesToReturn=LocalDescriptor] (POST)Members[Directory] E2EId: e8d02dd8-f18d-4650-95fe-0021f9e192d1&#xD;
00:00.150  Web method response: [http://v-nagab77931a:8080/tfs/46407190-89f3-4e58-9bad-783cbf2637fb_/_apis/Directory/Members?license=Optimal&amp;localGroups=S-1-9-1551374245-1204400969-2402986413-2179408616-0-0-0-0-1&amp;propertiesToReturn=LocalDescriptor] (POST)Members[Directory] E2EId: e8d02dd8-f18d-4650-95fe-0021f9e192d1, ActivityId: 68e950ea-022d-4bd6-90df-91127d95539f 102 ms&#xD;
00:00.150  DirectoryHttpClient.AddMemberAsync returned {"$type":"Microsoft.VisualStudio.Services.Directories.DirectoryEntityResult, Microsoft.VisualStudio.Services.WebApi","Entity":{"$type":"Microsoft.VisualStudio.Services.Directories.DirectoryUser, Microsoft.VisualStudio.Services.WebApi","EntityId":"vss.ds.v1.ims.user.bb1b35ea5cfa4a0ab87de653fabcc89e","EntityType":"User","OriginDirectory":"vsd","OriginId":"bb1b35ea-5cfa-4a0a-b87d-e653fabcc89e","LocalDirectory":"vsd","LocalId":"bb1b35ea-5cfa-4a0a-b87d-e653fabcc89e","principalName":"fake-vsd-5091ee4c-93a2-4ebd-b815-2799cec37490","displayName":"fake-vsd-5091ee4c-93a2-4ebd-b815-2799cec37490","localDescriptor":"System.Security.Principal.WindowsIdentity;S-1-5-21-1389882523-1725124155-1294357522-2804892523-1137699006-145203894-3370295776"},"EntityState":"LocalCreate","Status":"Success"}&#xD;
00:00.189  Web method running: [http://v-nagab77931a:8080/tfs/46407190-89f3-4e58-9bad-783cbf2637fb_/_apis/Identities/bb1b35ea-5cfa-4a0a-b87d-e653fabcc89e?queryMembership=Direct] (GET)bb1b35ea-5cfa-4a0a-b87d-e653fabcc89e[Identities] E2EId: 12f68870-4cdd-4e9b-9b50-9cc293705b27&#xD;
00:00.202  Web method response: [http://v-nagab77931a:8080/tfs/46407190-89f3-4e58-9bad-783cbf2637fb_/_apis/Identities/bb1b35ea-5cfa-4a0a-b87d-e653fabcc89e?queryMembership=Direct] (GET)bb1b35ea-5cfa-4a0a-b87d-e653fabcc89e[Identities] E2EId: 12f68870-4cdd-4e9b-9b50-9cc293705b27, ActivityId: 68e950eb-022d-4bd6-90df-91127d95539f 12 ms&#xD;
00:00.202  TimeoutScope 'CreateUser:58' ended after '00:00:00.1946829'.&#xD;
00:00.202  TimeoutScope, 'Test: SuiteUpdateBackChanneling:56', has been resumed at 00:00:00.0078877.&#xD;
00:00.203  IdentityHelperClient.CreateUser called service and returned {"$type":"Microsoft.VisualStudio.Services.Identity.Identity, Microsoft.VisualStudio.Services.WebApi","Id":"bb1b35ea-5cfa-4a0a-b87d-e653fabcc89e","Descriptor":"System.Security.Principal.WindowsIdentity;S-1-5-21-1389882523-1725124155-1294357522-2804892523-1137699006-145203894-3370295776","SubjectDescriptor":"win.Uy0xLTUtMjEtMTM4OTg4MjUyMy0xNzI1MTI0MTU1LTEyOTQzNTc1MjItMjgwNDg5MjUyMy0xMTM3Njk5MDA2LTE0NTIwMzg5NC0zMzcwMjk1Nzc2","ProviderDisplayName":"fake-vsd-5091ee4c-93a2-4ebd-b815-2799cec37490","IsActive":true,"Members":[],"MemberOf":["Microsoft.TeamFoundation.Identity;S-1-9-1551374245-4119793886-2834581577-2985046343-3005158501-0-0-0-0-1"],"MemberIds":[],"MasterId":"ffffffff-ffff-ffff-ffff-ffffffffffff","Properties":{"$type":"Microsoft.VisualStudio.Services.WebApi.PropertiesCollection, Microsoft.VisualStudio.Services.WebApi","SchemaClassName":{"$type":"System.String","$value":"User"},"Description":{"$type":"System.String","$value":"L2"},"Domain":{"$type":"System.String","$value":"L2"},"Account":{"$type":"System.String","$value":"fake-vsd-5091ee4c-93a2-4ebd-b815-2799cec37490"},"DN":{"$type":"System.String","$value":""},"Mail":{"$type":"System.String","$value":"fake-vsd-5091ee4c-93a2-4ebd-b815-2799cec37490@someprovider.com"},"SpecialType":{"$type":"System.String","$value":"Generic"},"ComplianceValidated":{"$type":"System.DateTime","$value":"2018-07-03T00:00:00Z"},"DirectoryAlias":{"$type":"System.String","$value":"fake-vsd-5091ee4c-93a2-4ebd-b815-2799cec37490"}},"ResourceVersion":2,"MetaTypeId":255}&#xD;
00:00.203  Created User successfully.&#xD;
00:00.203  Client Credentials called.&#xD;
Getting credentials for descriptor 'System.Security.Principal.WindowsIdentity;S-1-5-21-1389882523-1725124155-1294357522-2804892523-1137699006-145203894-3370295776' =&gt; Authorization: Bearer eyJ0eXAiOiJKV1QiLCJhbGciOiJOb25lIn0.eyJuYW1laWQiOiJTLTEtNS0yMS0xMzg5ODgyNTIzLTE3MjUxMjQxNTUtMTI5NDM1NzUyMi0yODA0ODkyNTIzLTExMzc2OTkwMDYtMTQ1MjAzODk0LTMzNzAyOTU3NzYiLCJJZGVudGl0eVR5cGVDbGFpbSI6IlN5c3RlbS5TZWN1cml0eS5QcmluY2lwYWwuV2luZG93c0lkZW50aXR5IiwiaXNzIjoiTDIiLCJhdWQiOiJMMiIsIm5iZiI6MTUzMDU4NzU5MCwiZXhwIjoyNTM0MDIzMDA4MDB9.&#xD;
00:00.203  Client Credentials received successfully.&#xD;
Getting credentials for descriptor 'System.Security.Principal.WindowsIdentity;S-1-5-21-1389882523-1725124155-1294357522-2804892523-1137699006-145203894-3370295776' =&gt; Authorization: Bearer eyJ0eXAiOiJKV1QiLCJhbGciOiJOb25lIn0.eyJuYW1laWQiOiJTLTEtNS0yMS0xMzg5ODgyNTIzLTE3MjUxMjQxNTUtMTI5NDM1NzUyMi0yODA0ODkyNTIzLTExMzc2OTkwMDYtMTQ1MjAzODk0LTMzNzAyOTU3NzYiLCJJZGVudGl0eVR5cGVDbGFpbSI6IlN5c3RlbS5TZWN1cml0eS5QcmluY2lwYWwuV2luZG93c0lkZW50aXR5IiwiaXNzIjoiTDIiLCJhdWQiOiJMMiIsIm5iZiI6MTUzMDU4NzU5MCwiZXhwIjoyNTM0MDIzMDA4MDB9.&#xD;
00:00.328  Created new TimeoutScope, 'RefreshWorkItemStoreCache:59@1', for 00:01:00 on thread 16.&#xD;
00:00.328  TimeoutScope, 'Test: SuiteUpdateBackChanneling:56', has been paused after 00:00:00.1331059.&#xD;
00:00.430  TimeoutScope 'RefreshWorkItemStoreCache:59' ended after '00:00:00.1024472'.&#xD;
00:00.430  TimeoutScope, 'Test: SuiteUpdateBackChanneling:56', has been resumed at 00:00:00.1331088.&#xD;
00:04.812  Performing CommonTestBase Cleanup...&#xD;
00:04.812  TimeoutScope 'Test: SuiteUpdateBackChanneling:56' ended after '00:00:04.5146005'.&#xD;
00:07.499  Created new TimeoutScope, 'TestFrameworkTestCleanup:60@0', for 00:00:10 on thread 16.&#xD;
00:07.499  TimeoutScope 'TestFrameworkTestCleanup:60' ended after '00:00:00.0000604'.&#xD;
00:07.499  Test End: 7/2/2018 8:13:16 PM (local) / 7/3/2018 3:13:16 AM (UTC).</StdOut></Output></UnitTestResult><UnitTestResult executionId="d29a3e85-002f-413b-8c3d-f2ea4941223a" testId="08bffca8-de32-4b19-555f-37bf56091639" testName="StaticSuiteDeleteChildSuitesRefresh" computerName="V-NAGAB77931A" duration="00:00:02.8477347" startTime="2018-07-02T20:15:34.9080587-07:00" endTime="2018-07-02T20:15:37.7593367-07:00" testType="13cdc9d9-ddb5-4fa4-a97d-d965ccfc6d4b" outcome="Passed" testListId="8c84fa94-04c1-424b-9868-57a2d4851a1d" relativeResultsDirectory="d29a3e85-002f-413b-8c3d-f2ea4941223a"><Output><StdOut>Debug Trace:
00:00.000  Test Start: 7/2/2018 8:15:34 PM (local) / 7/3/2018 3:15:34 AM (UTC)&#xD;
00:00.000  Random Seed for this test: -1850423797&#xD;
00:00.000  Created new TimeoutScope, 'Test: StaticSuiteDeleteChildSuitesRefresh:221@0', for 00:00:30 on thread 16.&#xD;
00:00.000  Created new TimeoutScope, 'TestFrameworkTestInitialize:222@1', for 00:00:10 on thread 16.&#xD;
00:00.000  TimeoutScope, 'Test: StaticSuiteDeleteChildSuitesRefresh:221', has been paused after 00:00:00.0000319.&#xD;
00:00.000  TimeoutScope 'TestFrameworkTestInitialize:222' ended after '00:00:00.0000114'.&#xD;
00:00.000  TimeoutScope, 'Test: StaticSuiteDeleteChildSuitesRefresh:221', has been resumed at 00:00:00.0000325.&#xD;
00:00.000  TagHelper is getting a tag 'Project.PrivateAgileGit' on host 'de108ff5-f4a8-4948-b1ec-3147b31f1465'.&#xD;
00:00.000  TagHelper found cached tag 'Project.PrivateAgileGit' on host 'de108ff5-f4a8-4948-b1ec-3147b31f1465' with value '05e49bc7-ac67-4dc4-b85e-4a41b611b532'.&#xD;
00:00.000  Searching for project '05e49bc7-ac67-4dc4-b85e-4a41b611b532'.&#xD;
00:00.001  Web method running: [http://v-nagab77931a:8080/tfs/46407190-89f3-4e58-9bad-783cbf2637fb_/_apis/projects/05e49bc7-ac67-4dc4-b85e-4a41b611b532?includeHistory=False] (GET)05e49bc7-ac67-4dc4-b85e-4a41b611b532[projects] E2EId: 3b69b327-24a2-4faf-932a-9d3f760d849d&#xD;
00:00.007  Web method response: [http://v-nagab77931a:8080/tfs/46407190-89f3-4e58-9bad-783cbf2637fb_/_apis/projects/05e49bc7-ac67-4dc4-b85e-4a41b611b532?includeHistory=False] (GET)05e49bc7-ac67-4dc4-b85e-4a41b611b532[projects] E2EId: 3b69b327-24a2-4faf-932a-9d3f760d849d, ActivityId: 68e95725-022d-4bd6-90df-91127d95539f 6 ms&#xD;
00:00.008  Found matching project 'sdentifies people online. Impllowssy!n8d5e05805548ee6' (05e49bc7-ac67-4dc4-b85e-4a41b611b532).&#xD;
00:00.008  Create User called.&#xD;
00:00.008  IdentityHelperClient.CreateUser called with user properties {"$type":"Vssf.TestFramework.Client.Common.CreateUserProperties, Vssf.TestFramework.Client.Common","EntityType":"User","OriginDirectory":null,"HomeDirectory":null,"TenantId":null,"OriginId":"00000000-0000-0000-0000-000000000000","LocalId":"00000000-0000-0000-0000-000000000000","MasterId":"00000000-0000-0000-0000-000000000000","PrincipalName":null,"DisplayName":null,"Profile":null,"License":4,"LocalGroups":[{"$type":"Vssf.TestFramework.Client.Common.GroupReference, Vssf.TestFramework.Client.Common","Identifier":"S-1-9-1551374245-1204400969-2402986413-2179408616-0-0-0-0-1"}],"LocalPermissions":null,"UserType":0,"CreateUserTranslations":null}&#xD;
00:00.008  Created new TimeoutScope, 'CreateUser:223@1', for 00:00:30 on thread 16.&#xD;
00:00.008  TimeoutScope, 'Test: StaticSuiteDeleteChildSuitesRefresh:221', has been paused after 00:00:00.0081204.&#xD;
00:00.008  IdentityHelperClient.AddMember was called with parameters {"$type":"Vssf.TestFramework.Client.L2.Identity.AddMemberRequest, Vssf.TestFramework.Client.L2","EntityDescriptor":{"$type":"Microsoft.VisualStudio.Services.Directories.DirectoryEntityDescriptor, Microsoft.VisualStudio.Services.WebApi","entityType":"User","originDirectory":null,"localId":null,"originId":null,"invitationMethod":"CreateUser@TeamFoundationServer","createIfNotFound":true},"Profile":null,"License":"Optimal","LocalGroups":["S-1-9-1551374245-1204400969-2402986413-2179408616-0-0-0-0-1"]}&#xD;
00:00.044  Web method running: [http://v-nagab77931a:8080/tfs/46407190-89f3-4e58-9bad-783cbf2637fb_/_apis/Directory/Members?license=Optimal&amp;localGroups=S-1-9-1551374245-1204400969-2402986413-2179408616-0-0-0-0-1&amp;propertiesToReturn=LocalDescriptor] (POST)Members[Directory] E2EId: e412d6d4-5cec-467b-84a3-a3a195301fe7&#xD;
00:00.179  Web method response: [http://v-nagab77931a:8080/tfs/46407190-89f3-4e58-9bad-783cbf2637fb_/_apis/Directory/Members?license=Optimal&amp;localGroups=S-1-9-1551374245-1204400969-2402986413-2179408616-0-0-0-0-1&amp;propertiesToReturn=LocalDescriptor] (POST)Members[Directory] E2EId: e412d6d4-5cec-467b-84a3-a3a195301fe7, ActivityId: 68e95726-022d-4bd6-90df-91127d95539f 135 ms&#xD;
00:00.184  DirectoryHttpClient.AddMemberAsync returned {"$type":"Microsoft.VisualStudio.Services.Directories.DirectoryEntityResult, Microsoft.VisualStudio.Services.WebApi","Entity":{"$type":"Microsoft.VisualStudio.Services.Directories.DirectoryUser, Microsoft.VisualStudio.Services.WebApi","EntityId":"vss.ds.v1.ims.user.b2cc1eef34ca40f99ba1be1027080655","EntityType":"User","OriginDirectory":"vsd","OriginId":"b2cc1eef-34ca-40f9-9ba1-be1027080655","LocalDirectory":"vsd","LocalId":"b2cc1eef-34ca-40f9-9ba1-be1027080655","principalName":"fake-vsd-3a5ea070-25f5-4e08-b9ad-f7de839731d3","displayName":"fake-vsd-3a5ea070-25f5-4e08-b9ad-f7de839731d3","localDescriptor":"System.Security.Principal.WindowsIdentity;S-1-5-21-1389882523-1725124155-1294357522-93704392-1288856777-2863450812-3509795084"},"EntityState":"LocalCreate","Status":"Success"}&#xD;
00:00.232  Web method running: [http://v-nagab77931a:8080/tfs/46407190-89f3-4e58-9bad-783cbf2637fb_/_apis/Identities/b2cc1eef-34ca-40f9-9ba1-be1027080655?queryMembership=Direct] (GET)b2cc1eef-34ca-40f9-9ba1-be1027080655[Identities] E2EId: ef633a1c-e568-4e36-bdeb-506a9a3c9360&#xD;
00:00.244  Web method response: [http://v-nagab77931a:8080/tfs/46407190-89f3-4e58-9bad-783cbf2637fb_/_apis/Identities/b2cc1eef-34ca-40f9-9ba1-be1027080655?queryMembership=Direct] (GET)b2cc1eef-34ca-40f9-9ba1-be1027080655[Identities] E2EId: ef633a1c-e568-4e36-bdeb-506a9a3c9360, ActivityId: 68e95727-022d-4bd6-90df-91127d95539f 12 ms&#xD;
00:00.244  TimeoutScope 'CreateUser:223' ended after '00:00:00.2364425'.&#xD;
00:00.244  TimeoutScope, 'Test: StaticSuiteDeleteChildSuitesRefresh:221', has been resumed at 00:00:00.0081216.&#xD;
00:00.245  IdentityHelperClient.CreateUser called service and returned {"$type":"Microsoft.VisualStudio.Services.Identity.Identity, Microsoft.VisualStudio.Services.WebApi","Id":"b2cc1eef-34ca-40f9-9ba1-be1027080655","Descriptor":"System.Security.Principal.WindowsIdentity;S-1-5-21-1389882523-1725124155-1294357522-93704392-1288856777-2863450812-3509795084","SubjectDescriptor":"win.Uy0xLTUtMjEtMTM4OTg4MjUyMy0xNzI1MTI0MTU1LTEyOTQzNTc1MjItOTM3MDQzOTItMTI4ODg1Njc3Ny0yODYzNDUwODEyLTM1MDk3OTUwODQ","ProviderDisplayName":"fake-vsd-3a5ea070-25f5-4e08-b9ad-f7de839731d3","IsActive":true,"Members":[],"MemberOf":["Microsoft.TeamFoundation.Identity;S-1-9-1551374245-4119793886-2834581577-2985046343-3005158501-0-0-0-0-1"],"MemberIds":[],"MasterId":"ffffffff-ffff-ffff-ffff-ffffffffffff","Properties":{"$type":"Microsoft.VisualStudio.Services.WebApi.PropertiesCollection, Microsoft.VisualStudio.Services.WebApi","SchemaClassName":{"$type":"System.String","$value":"User"},"Description":{"$type":"System.String","$value":"L2"},"Domain":{"$type":"System.String","$value":"L2"},"Account":{"$type":"System.String","$value":"fake-vsd-3a5ea070-25f5-4e08-b9ad-f7de839731d3"},"DN":{"$type":"System.String","$value":""},"Mail":{"$type":"System.String","$value":"fake-vsd-3a5ea070-25f5-4e08-b9ad-f7de839731d3@someprovider.com"},"SpecialType":{"$type":"System.String","$value":"Generic"},"ComplianceValidated":{"$type":"System.DateTime","$value":"2018-07-03T00:00:00Z"},"DirectoryAlias":{"$type":"System.String","$value":"fake-vsd-3a5ea070-25f5-4e08-b9ad-f7de839731d3"}},"ResourceVersion":2,"MetaTypeId":255}&#xD;
00:00.245  Created User successfully.&#xD;
00:00.245  Client Credentials called.&#xD;
Getting credentials for descriptor 'System.Security.Principal.WindowsIdentity;S-1-5-21-1389882523-1725124155-1294357522-93704392-1288856777-2863450812-3509795084' =&gt; Authorization: Bearer eyJ0eXAiOiJKV1QiLCJhbGciOiJOb25lIn0.eyJuYW1laWQiOiJTLTEtNS0yMS0xMzg5ODgyNTIzLTE3MjUxMjQxNTUtMTI5NDM1NzUyMi05MzcwNDM5Mi0xMjg4ODU2Nzc3LTI4NjM0NTA4MTItMzUwOTc5NTA4NCIsIklkZW50aXR5VHlwZUNsYWltIjoiU3lzdGVtLlNlY3VyaXR5LlByaW5jaXBhbC5XaW5kb3dzSWRlbnRpdHkiLCJpc3MiOiJMMiIsImF1ZCI6IkwyIiwibmJmIjoxNTMwNTg3NzM1LCJleHAiOjI1MzQwMjMwMDgwMH0.&#xD;
00:00.245  Client Credentials received successfully.&#xD;
Getting credentials for descriptor 'System.Security.Principal.WindowsIdentity;S-1-5-21-1389882523-1725124155-1294357522-93704392-1288856777-2863450812-3509795084' =&gt; Authorization: Bearer eyJ0eXAiOiJKV1QiLCJhbGciOiJOb25lIn0.eyJuYW1laWQiOiJTLTEtNS0yMS0xMzg5ODgyNTIzLTE3MjUxMjQxNTUtMTI5NDM1NzUyMi05MzcwNDM5Mi0xMjg4ODU2Nzc3LTI4NjM0NTA4MTItMzUwOTc5NTA4NCIsIklkZW50aXR5VHlwZUNsYWltIjoiU3lzdGVtLlNlY3VyaXR5LlByaW5jaXBhbC5XaW5kb3dzSWRlbnRpdHkiLCJpc3MiOiJMMiIsImF1ZCI6IkwyIiwibmJmIjoxNTMwNTg3NzM1LCJleHAiOjI1MzQwMjMwMDgwMH0.&#xD;
00:00.334  Created new TimeoutScope, 'RefreshWorkItemStoreCache:224@1', for 00:01:00 on thread 16.&#xD;
00:00.334  TimeoutScope, 'Test: StaticSuiteDeleteChildSuitesRefresh:221', has been paused after 00:00:00.0981532.&#xD;
00:00.450  TimeoutScope 'RefreshWorkItemStoreCache:224' ended after '00:00:00.1155113'.&#xD;
00:00.450  TimeoutScope, 'Test: StaticSuiteDeleteChildSuitesRefresh:221', has been resumed at 00:00:00.0981541.&#xD;
00:01.502  Performing CommonTestBase Cleanup...&#xD;
00:01.502  TimeoutScope 'Test: StaticSuiteDeleteChildSuitesRefresh:221' ended after '00:00:01.1503188'.&#xD;
00:02.847  Created new TimeoutScope, 'TestFrameworkTestCleanup:225@0', for 00:00:10 on thread 16.&#xD;
00:02.847  TimeoutScope 'TestFrameworkTestCleanup:225' ended after '00:00:00.0000497'.&#xD;
00:02.847  Test End: 7/2/2018 8:15:37 PM (local) / 7/3/2018 3:15:37 AM (UTC).</StdOut></Output></UnitTestResult><UnitTestResult executionId="440bb4de-bf76-41d1-a6ee-39ee0035b758" testId="a5db2561-2567-ad67-fd50-a50413f13a8d" testName="TcmConfigSettings" computerName="V-NAGAB77931A" duration="00:00:00.7527708" startTime="2018-07-02T20:16:17.4807386-07:00" endTime="2018-07-02T20:16:18.2307445-07:00" testType="13cdc9d9-ddb5-4fa4-a97d-d965ccfc6d4b" outcome="Passed" testListId="8c84fa94-04c1-424b-9868-57a2d4851a1d" relativeResultsDirectory="440bb4de-bf76-41d1-a6ee-39ee0035b758"><Output><StdOut>Debug Trace:
TestResultAttachment ContentFile Setter: Id=1,ContentFile=,SanitizedFileName=tmp135E.tmp,Length=17, AttachmentType=GeneralAttachment.&#xD;
00:00.000  Test Start: 7/2/2018 8:16:17 PM (local) / 7/3/2018 3:16:17 AM (UTC)&#xD;
00:00.000  Random Seed for this test: -1424696998&#xD;
00:00.000  Created new TimeoutScope, 'Test: TcmConfigSettings:276@0', for 00:01:00 on thread 16.&#xD;
00:00.000  Created new TimeoutScope, 'TestFrameworkTestInitialize:277@1', for 00:00:10 on thread 16.&#xD;
00:00.000  TimeoutScope, 'Test: TcmConfigSettings:276', has been paused after 00:00:00.0000457.&#xD;
00:00.000  TimeoutScope 'TestFrameworkTestInitialize:277' ended after '00:00:00.0000113'.&#xD;
00:00.000  TimeoutScope, 'Test: TcmConfigSettings:276', has been resumed at 00:00:00.0000463.&#xD;
00:00.001  Create Test Configuration&#xD;
00:00.001  TagHelper is getting a tag 'Project.PrivateAgileGit' on host 'de108ff5-f4a8-4948-b1ec-3147b31f1465'.&#xD;
00:00.001  TagHelper found cached tag 'Project.PrivateAgileGit' on host 'de108ff5-f4a8-4948-b1ec-3147b31f1465' with value '05e49bc7-ac67-4dc4-b85e-4a41b611b532'.&#xD;
00:00.001  Searching for project '05e49bc7-ac67-4dc4-b85e-4a41b611b532'.&#xD;
00:00.001  Web method running: [http://v-nagab77931a:8080/tfs/46407190-89f3-4e58-9bad-783cbf2637fb_/_apis/projects/05e49bc7-ac67-4dc4-b85e-4a41b611b532?includeHistory=False] (GET)05e49bc7-ac67-4dc4-b85e-4a41b611b532[projects] E2EId: afdb8a7b-0915-4bac-abeb-8e65d9a2f5ca&#xD;
00:00.008  Web method response: [http://v-nagab77931a:8080/tfs/46407190-89f3-4e58-9bad-783cbf2637fb_/_apis/projects/05e49bc7-ac67-4dc4-b85e-4a41b611b532?includeHistory=False] (GET)05e49bc7-ac67-4dc4-b85e-4a41b611b532[projects] E2EId: afdb8a7b-0915-4bac-abeb-8e65d9a2f5ca, ActivityId: 68e956b7-022d-4bd6-90df-91127d95539f 6 ms&#xD;
00:00.008  Found matching project 'sdentifies people online. Impllowssy!n8d5e05805548ee6' (05e49bc7-ac67-4dc4-b85e-4a41b611b532).&#xD;
00:00.008  Create User called.&#xD;
00:00.008  IdentityHelperClient.CreateUser called with user properties {"$type":"Vssf.TestFramework.Client.Common.CreateUserProperties, Vssf.TestFramework.Client.Common","EntityType":"User","OriginDirectory":null,"HomeDirectory":null,"TenantId":null,"OriginId":"00000000-0000-0000-0000-000000000000","LocalId":"00000000-0000-0000-0000-000000000000","MasterId":"00000000-0000-0000-0000-000000000000","PrincipalName":null,"DisplayName":null,"Profile":null,"License":4,"LocalGroups":[{"$type":"Vssf.TestFramework.Client.Common.GroupReference, Vssf.TestFramework.Client.Common","Identifier":"S-1-9-1551374245-1204400969-2402986413-2179408616-0-0-0-0-1"}],"LocalPermissions":null,"UserType":0,"CreateUserTranslations":null}&#xD;
00:00.008  Created new TimeoutScope, 'CreateUser:278@1', for 00:00:30 on thread 16.&#xD;
00:00.008  TimeoutScope, 'Test: TcmConfigSettings:276', has been paused after 00:00:00.0085339.&#xD;
00:00.009  IdentityHelperClient.AddMember was called with parameters {"$type":"Vssf.TestFramework.Client.L2.Identity.AddMemberRequest, Vssf.TestFramework.Client.L2","EntityDescriptor":{"$type":"Microsoft.VisualStudio.Services.Directories.DirectoryEntityDescriptor, Microsoft.VisualStudio.Services.WebApi","entityType":"User","originDirectory":null,"localId":null,"originId":null,"invitationMethod":"CreateUser@TeamFoundationServer","createIfNotFound":true},"Profile":null,"License":"Optimal","LocalGroups":["S-1-9-1551374245-1204400969-2402986413-2179408616-0-0-0-0-1"]}&#xD;
00:00.087  Web method running: [http://v-nagab77931a:8080/tfs/46407190-89f3-4e58-9bad-783cbf2637fb_/_apis/Directory/Members?license=Optimal&amp;localGroups=S-1-9-1551374245-1204400969-2402986413-2179408616-0-0-0-0-1&amp;propertiesToReturn=LocalDescriptor] (POST)Members[Directory] E2EId: 0a09daba-8ac1-41dd-adad-2a7e83108a86&#xD;
00:00.261  Web method response: [http://v-nagab77931a:8080/tfs/46407190-89f3-4e58-9bad-783cbf2637fb_/_apis/Directory/Members?license=Optimal&amp;localGroups=S-1-9-1551374245-1204400969-2402986413-2179408616-0-0-0-0-1&amp;propertiesToReturn=LocalDescriptor] (POST)Members[Directory] E2EId: 0a09daba-8ac1-41dd-adad-2a7e83108a86, ActivityId: 68e956b8-022d-4bd6-90df-91127d95539f 173 ms&#xD;
00:00.261  DirectoryHttpClient.AddMemberAsync returned {"$type":"Microsoft.VisualStudio.Services.Directories.DirectoryEntityResult, Microsoft.VisualStudio.Services.WebApi","Entity":{"$type":"Microsoft.VisualStudio.Services.Directories.DirectoryUser, Microsoft.VisualStudio.Services.WebApi","EntityId":"vss.ds.v1.ims.user.a23be32f5d2145b599122cf179e20479","EntityType":"User","OriginDirectory":"vsd","OriginId":"a23be32f-5d21-45b5-9912-2cf179e20479","LocalDirectory":"vsd","LocalId":"a23be32f-5d21-45b5-9912-2cf179e20479","principalName":"fake-vsd-0388d9ac-5854-4560-9b99-a732fdb38448","displayName":"fake-vsd-0388d9ac-5854-4560-9b99-a732fdb38448","localDescriptor":"System.Security.Principal.WindowsIdentity;S-1-5-21-1389882523-1725124155-1294357522-1973851440-1232711239-530050183-1824300595"},"EntityState":"LocalCreate","Status":"Success"}&#xD;
00:00.298  Web method running: [http://v-nagab77931a:8080/tfs/46407190-89f3-4e58-9bad-783cbf2637fb_/_apis/Identities/a23be32f-5d21-45b5-9912-2cf179e20479?queryMembership=Direct] (GET)a23be32f-5d21-45b5-9912-2cf179e20479[Identities] E2EId: 8673c2df-19fb-41d9-8699-5c26ab50ba0f&#xD;
00:00.311  Web method response: [http://v-nagab77931a:8080/tfs/46407190-89f3-4e58-9bad-783cbf2637fb_/_apis/Identities/a23be32f-5d21-45b5-9912-2cf179e20479?queryMembership=Direct] (GET)a23be32f-5d21-45b5-9912-2cf179e20479[Identities] E2EId: 8673c2df-19fb-41d9-8699-5c26ab50ba0f, ActivityId: 68e956b9-022d-4bd6-90df-91127d95539f 13 ms&#xD;
00:00.312  TimeoutScope 'CreateUser:278' ended after '00:00:00.3035109'.&#xD;
00:00.312  TimeoutScope, 'Test: TcmConfigSettings:276', has been resumed at 00:00:00.0085351.&#xD;
00:00.312  IdentityHelperClient.CreateUser called service and returned {"$type":"Microsoft.VisualStudio.Services.Identity.Identity, Microsoft.VisualStudio.Services.WebApi","Id":"a23be32f-5d21-45b5-9912-2cf179e20479","Descriptor":"System.Security.Principal.WindowsIdentity;S-1-5-21-1389882523-1725124155-1294357522-1973851440-1232711239-530050183-1824300595","SubjectDescriptor":"win.Uy0xLTUtMjEtMTM4OTg4MjUyMy0xNzI1MTI0MTU1LTEyOTQzNTc1MjItMTk3Mzg1MTQ0MC0xMjMyNzExMjM5LTUzMDA1MDE4My0xODI0MzAwNTk1","ProviderDisplayName":"fake-vsd-0388d9ac-5854-4560-9b99-a732fdb38448","IsActive":true,"Members":[],"MemberOf":["Microsoft.TeamFoundation.Identity;S-1-9-1551374245-4119793886-2834581577-2985046343-3005158501-0-0-0-0-1"],"MemberIds":[],"MasterId":"ffffffff-ffff-ffff-ffff-ffffffffffff","Properties":{"$type":"Microsoft.VisualStudio.Services.WebApi.PropertiesCollection, Microsoft.VisualStudio.Services.WebApi","SchemaClassName":{"$type":"System.String","$value":"User"},"Description":{"$type":"System.String","$value":"L2"},"Domain":{"$type":"System.String","$value":"L2"},"Account":{"$type":"System.String","$value":"fake-vsd-0388d9ac-5854-4560-9b99-a732fdb38448"},"DN":{"$type":"System.String","$value":""},"Mail":{"$type":"System.String","$value":"fake-vsd-0388d9ac-5854-4560-9b99-a732fdb38448@someprovider.com"},"SpecialType":{"$type":"System.String","$value":"Generic"},"ComplianceValidated":{"$type":"System.DateTime","$value":"2018-07-03T00:00:00Z"},"DirectoryAlias":{"$type":"System.String","$value":"fake-vsd-0388d9ac-5854-4560-9b99-a732fdb38448"}},"ResourceVersion":2,"MetaTypeId":255}&#xD;
00:00.312  Created User successfully.&#xD;
00:00.312  Client Credentials called.&#xD;
Getting credentials for descriptor 'System.Security.Principal.WindowsIdentity;S-1-5-21-1389882523-1725124155-1294357522-1973851440-1232711239-530050183-1824300595' =&gt; Authorization: Bearer eyJ0eXAiOiJKV1QiLCJhbGciOiJOb25lIn0.eyJuYW1laWQiOiJTLTEtNS0yMS0xMzg5ODgyNTIzLTE3MjUxMjQxNTUtMTI5NDM1NzUyMi0xOTczODUxNDQwLTEyMzI3MTEyMzktNTMwMDUwMTgzLTE4MjQzMDA1OTUiLCJJZGVudGl0eVR5cGVDbGFpbSI6IlN5c3RlbS5TZWN1cml0eS5QcmluY2lwYWwuV2luZG93c0lkZW50aXR5IiwiaXNzIjoiTDIiLCJhdWQiOiJMMiIsIm5iZiI6MTUzMDU4Nzc3OCwiZXhwIjoyNTM0MDIzMDA4MDB9.&#xD;
00:00.312  Client Credentials received successfully.&#xD;
Getting credentials for descriptor 'System.Security.Principal.WindowsIdentity;S-1-5-21-1389882523-1725124155-1294357522-1973851440-1232711239-530050183-1824300595' =&gt; Authorization: Bearer eyJ0eXAiOiJKV1QiLCJhbGciOiJOb25lIn0.eyJuYW1laWQiOiJTLTEtNS0yMS0xMzg5ODgyNTIzLTE3MjUxMjQxNTUtMTI5NDM1NzUyMi0xOTczODUxNDQwLTEyMzI3MTEyMzktNTMwMDUwMTgzLTE4MjQzMDA1OTUiLCJJZGVudGl0eVR5cGVDbGFpbSI6IlN5c3RlbS5TZWN1cml0eS5QcmluY2lwYWwuV2luZG93c0lkZW50aXR5IiwiaXNzIjoiTDIiLCJhdWQiOiJMMiIsIm5iZiI6MTUzMDU4Nzc3OCwiZXhwIjoyNTM0MDIzMDA4MDB9.&#xD;
00:00.393  Created new TimeoutScope, 'RefreshWorkItemStoreCache:279@1', for 00:01:00 on thread 16.&#xD;
00:00.393  TimeoutScope, 'Test: TcmConfigSettings:276', has been paused after 00:00:00.0897557.&#xD;
00:00.520  TimeoutScope 'RefreshWorkItemStoreCache:279' ended after '00:00:00.1267122'.&#xD;
00:00.520  TimeoutScope, 'Test: TcmConfigSettings:276', has been resumed at 00:00:00.0897567.&#xD;
00:00.553  Verify the created configuration&#xD;
00:00.587  Create a TestSetting&#xD;
00:00.690  Verify the Created a TestSetting&#xD;
00:00.752  Performing CommonTestBase Cleanup...&#xD;
00:00.752  TimeoutScope 'Test: TcmConfigSettings:276' ended after '00:00:00.3219876'.&#xD;
00:00.752  Created new TimeoutScope, 'TestFrameworkTestCleanup:280@0', for 00:00:10 on thread 16.&#xD;
00:00.752  TimeoutScope 'TestFrameworkTestCleanup:280' ended after '00:00:00.0000385'.&#xD;
00:00.752  Test End: 7/2/2018 8:16:18 PM (local) / 7/3/2018 3:16:18 AM (UTC).</StdOut></Output></UnitTestResult><UnitTestResult executionId="946dff9c-29c8-4165-8e89-deb26203162c" testId="dcc48eb0-a844-762d-71e0-5299c2181aa3" testName="DynamicSuiteRepopulate" computerName="V-NAGAB77931A" duration="00:00:03.7420841" startTime="2018-07-02T20:13:43.9273392-07:00" endTime="2018-07-02T20:13:47.6772932-07:00" testType="13cdc9d9-ddb5-4fa4-a97d-d965ccfc6d4b" outcome="Passed" testListId="8c84fa94-04c1-424b-9868-57a2d4851a1d" relativeResultsDirectory="946dff9c-29c8-4165-8e89-deb26203162c"><Output><StdOut>Debug Trace:
00:00.000  Test Start: 7/2/2018 8:13:43 PM (local) / 7/3/2018 3:13:43 AM (UTC)&#xD;
00:00.000  Random Seed for this test: 1334736304&#xD;
00:00.000  Created new TimeoutScope, 'Test: DynamicSuiteRepopulate:106@0', for 00:00:30 on thread 16.&#xD;
00:00.000  Created new TimeoutScope, 'TestFrameworkTestInitialize:107@1', for 00:00:10 on thread 16.&#xD;
00:00.000  TimeoutScope, 'Test: DynamicSuiteRepopulate:106', has been paused after 00:00:00.0000614.&#xD;
00:00.000  TimeoutScope 'TestFrameworkTestInitialize:107' ended after '00:00:00.0000094'.&#xD;
00:00.000  TimeoutScope, 'Test: DynamicSuiteRepopulate:106', has been resumed at 00:00:00.0000620.&#xD;
00:00.000  TagHelper is getting a tag 'Project.PrivateAgileGit' on host 'de108ff5-f4a8-4948-b1ec-3147b31f1465'.&#xD;
00:00.000  TagHelper found cached tag 'Project.PrivateAgileGit' on host 'de108ff5-f4a8-4948-b1ec-3147b31f1465' with value '05e49bc7-ac67-4dc4-b85e-4a41b611b532'.&#xD;
00:00.000  Searching for project '05e49bc7-ac67-4dc4-b85e-4a41b611b532'.&#xD;
00:00.000  Web method running: [http://v-nagab77931a:8080/tfs/46407190-89f3-4e58-9bad-783cbf2637fb_/_apis/projects/05e49bc7-ac67-4dc4-b85e-4a41b611b532?includeHistory=False] (GET)05e49bc7-ac67-4dc4-b85e-4a41b611b532[projects] E2EId: ef9629d2-da3f-4df2-b1f7-416d84df39d7&#xD;
00:00.007  Web method response: [http://v-nagab77931a:8080/tfs/46407190-89f3-4e58-9bad-783cbf2637fb_/_apis/projects/05e49bc7-ac67-4dc4-b85e-4a41b611b532?includeHistory=False] (GET)05e49bc7-ac67-4dc4-b85e-4a41b611b532[projects] E2EId: ef9629d2-da3f-4df2-b1f7-416d84df39d7, ActivityId: 68e95383-022d-4bd6-90df-91127d95539f 6 ms&#xD;
00:00.008  Found matching project 'sdentifies people online. Impllowssy!n8d5e05805548ee6' (05e49bc7-ac67-4dc4-b85e-4a41b611b532).&#xD;
00:00.008  Create User called.&#xD;
00:00.008  IdentityHelperClient.CreateUser called with user properties {"$type":"Vssf.TestFramework.Client.Common.CreateUserProperties, Vssf.TestFramework.Client.Common","EntityType":"User","OriginDirectory":null,"HomeDirectory":null,"TenantId":null,"OriginId":"00000000-0000-0000-0000-000000000000","LocalId":"00000000-0000-0000-0000-000000000000","MasterId":"00000000-0000-0000-0000-000000000000","PrincipalName":null,"DisplayName":null,"Profile":null,"License":4,"LocalGroups":[{"$type":"Vssf.TestFramework.Client.Common.GroupReference, Vssf.TestFramework.Client.Common","Identifier":"S-1-9-1551374245-1204400969-2402986413-2179408616-0-0-0-0-1"}],"LocalPermissions":null,"UserType":0,"CreateUserTranslations":null}&#xD;
00:00.008  Created new TimeoutScope, 'CreateUser:108@1', for 00:00:30 on thread 16.&#xD;
00:00.008  TimeoutScope, 'Test: DynamicSuiteRepopulate:106', has been paused after 00:00:00.0081682.&#xD;
00:00.008  IdentityHelperClient.AddMember was called with parameters {"$type":"Vssf.TestFramework.Client.L2.Identity.AddMemberRequest, Vssf.TestFramework.Client.L2","EntityDescriptor":{"$type":"Microsoft.VisualStudio.Services.Directories.DirectoryEntityDescriptor, Microsoft.VisualStudio.Services.WebApi","entityType":"User","originDirectory":null,"localId":null,"originId":null,"invitationMethod":"CreateUser@TeamFoundationServer","createIfNotFound":true},"Profile":null,"License":"Optimal","LocalGroups":["S-1-9-1551374245-1204400969-2402986413-2179408616-0-0-0-0-1"]}&#xD;
00:00.090  Web method running: [http://v-nagab77931a:8080/tfs/46407190-89f3-4e58-9bad-783cbf2637fb_/_apis/Directory/Members?license=Optimal&amp;localGroups=S-1-9-1551374245-1204400969-2402986413-2179408616-0-0-0-0-1&amp;propertiesToReturn=LocalDescriptor] (POST)Members[Directory] E2EId: f22efb58-27e5-42f8-8464-66aad191aaf8&#xD;
00:00.270  Web method response: [http://v-nagab77931a:8080/tfs/46407190-89f3-4e58-9bad-783cbf2637fb_/_apis/Directory/Members?license=Optimal&amp;localGroups=S-1-9-1551374245-1204400969-2402986413-2179408616-0-0-0-0-1&amp;propertiesToReturn=LocalDescriptor] (POST)Members[Directory] E2EId: f22efb58-27e5-42f8-8464-66aad191aaf8, ActivityId: 68e95384-022d-4bd6-90df-91127d95539f 179 ms&#xD;
00:00.270  DirectoryHttpClient.AddMemberAsync returned {"$type":"Microsoft.VisualStudio.Services.Directories.DirectoryEntityResult, Microsoft.VisualStudio.Services.WebApi","Entity":{"$type":"Microsoft.VisualStudio.Services.Directories.DirectoryUser, Microsoft.VisualStudio.Services.WebApi","EntityId":"vss.ds.v1.ims.user.b894d9797c1c4021aa26376015ea00e4","EntityType":"User","OriginDirectory":"vsd","OriginId":"b894d979-7c1c-4021-aa26-376015ea00e4","LocalDirectory":"vsd","LocalId":"b894d979-7c1c-4021-aa26-376015ea00e4","principalName":"fake-vsd-02bd9dd8-454b-4033-a334-d28689fd50e3","displayName":"fake-vsd-02bd9dd8-454b-4033-a334-d28689fd50e3","localDescriptor":"System.Security.Principal.WindowsIdentity;S-1-5-21-1389882523-1725124155-1294357522-2078722925-1213404376-2605752197-4232952956"},"EntityState":"LocalCreate","Status":"Success"}&#xD;
00:00.309  Web method running: [http://v-nagab77931a:8080/tfs/46407190-89f3-4e58-9bad-783cbf2637fb_/_apis/Identities/b894d979-7c1c-4021-aa26-376015ea00e4?queryMembership=Direct] (GET)b894d979-7c1c-4021-aa26-376015ea00e4[Identities] E2EId: e1c67325-c16f-4682-bba2-92183217add3&#xD;
00:00.321  Web method response: [http://v-nagab77931a:8080/tfs/46407190-89f3-4e58-9bad-783cbf2637fb_/_apis/Identities/b894d979-7c1c-4021-aa26-376015ea00e4?queryMembership=Direct] (GET)b894d979-7c1c-4021-aa26-376015ea00e4[Identities] E2EId: e1c67325-c16f-4682-bba2-92183217add3, ActivityId: 68e95385-022d-4bd6-90df-91127d95539f 11 ms&#xD;
00:00.321  TimeoutScope 'CreateUser:108' ended after '00:00:00.3134413'.&#xD;
00:00.322  TimeoutScope, 'Test: DynamicSuiteRepopulate:106', has been resumed at 00:00:00.0081693.&#xD;
00:00.322  IdentityHelperClient.CreateUser called service and returned {"$type":"Microsoft.VisualStudio.Services.Identity.Identity, Microsoft.VisualStudio.Services.WebApi","Id":"b894d979-7c1c-4021-aa26-376015ea00e4","Descriptor":"System.Security.Principal.WindowsIdentity;S-1-5-21-1389882523-1725124155-1294357522-2078722925-1213404376-2605752197-4232952956","SubjectDescriptor":"win.Uy0xLTUtMjEtMTM4OTg4MjUyMy0xNzI1MTI0MTU1LTEyOTQzNTc1MjItMjA3ODcyMjkyNS0xMjEzNDA0Mzc2LTI2MDU3NTIxOTctNDIzMjk1Mjk1Ng","ProviderDisplayName":"fake-vsd-02bd9dd8-454b-4033-a334-d28689fd50e3","IsActive":true,"Members":[],"MemberOf":["Microsoft.TeamFoundation.Identity;S-1-9-1551374245-4119793886-2834581577-2985046343-3005158501-0-0-0-0-1"],"MemberIds":[],"MasterId":"ffffffff-ffff-ffff-ffff-ffffffffffff","Properties":{"$type":"Microsoft.VisualStudio.Services.WebApi.PropertiesCollection, Microsoft.VisualStudio.Services.WebApi","SchemaClassName":{"$type":"System.String","$value":"User"},"Description":{"$type":"System.String","$value":"L2"},"Domain":{"$type":"System.String","$value":"L2"},"Account":{"$type":"System.String","$value":"fake-vsd-02bd9dd8-454b-4033-a334-d28689fd50e3"},"DN":{"$type":"System.String","$value":""},"Mail":{"$type":"System.String","$value":"fake-vsd-02bd9dd8-454b-4033-a334-d28689fd50e3@someprovider.com"},"SpecialType":{"$type":"System.String","$value":"Generic"},"ComplianceValidated":{"$type":"System.DateTime","$value":"2018-07-03T00:00:00Z"},"DirectoryAlias":{"$type":"System.String","$value":"fake-vsd-02bd9dd8-454b-4033-a334-d28689fd50e3"}},"ResourceVersion":2,"MetaTypeId":255}&#xD;
00:00.322  Created User successfully.&#xD;
00:00.322  Client Credentials called.&#xD;
Getting credentials for descriptor 'System.Security.Principal.WindowsIdentity;S-1-5-21-1389882523-1725124155-1294357522-2078722925-1213404376-2605752197-4232952956' =&gt; Authorization: Bearer eyJ0eXAiOiJKV1QiLCJhbGciOiJOb25lIn0.eyJuYW1laWQiOiJTLTEtNS0yMS0xMzg5ODgyNTIzLTE3MjUxMjQxNTUtMTI5NDM1NzUyMi0yMDc4NzIyOTI1LTEyMTM0MDQzNzYtMjYwNTc1MjE5Ny00MjMyOTUyOTU2IiwiSWRlbnRpdHlUeXBlQ2xhaW0iOiJTeXN0ZW0uU2VjdXJpdHkuUHJpbmNpcGFsLldpbmRvd3NJZGVudGl0eSIsImlzcyI6IkwyIiwiYXVkIjoiTDIiLCJuYmYiOjE1MzA1ODc2MjQsImV4cCI6MjUzNDAyMzAwODAwfQ.&#xD;
00:00.322  Client Credentials received successfully.&#xD;
Getting credentials for descriptor 'System.Security.Principal.WindowsIdentity;S-1-5-21-1389882523-1725124155-1294357522-2078722925-1213404376-2605752197-4232952956' =&gt; Authorization: Bearer eyJ0eXAiOiJKV1QiLCJhbGciOiJOb25lIn0.eyJuYW1laWQiOiJTLTEtNS0yMS0xMzg5ODgyNTIzLTE3MjUxMjQxNTUtMTI5NDM1NzUyMi0yMDc4NzIyOTI1LTEyMTM0MDQzNzYtMjYwNTc1MjE5Ny00MjMyOTUyOTU2IiwiSWRlbnRpdHlUeXBlQ2xhaW0iOiJTeXN0ZW0uU2VjdXJpdHkuUHJpbmNpcGFsLldpbmRvd3NJZGVudGl0eSIsImlzcyI6IkwyIiwiYXVkIjoiTDIiLCJuYmYiOjE1MzA1ODc2MjQsImV4cCI6MjUzNDAyMzAwODAwfQ.&#xD;
00:00.412  Created new TimeoutScope, 'RefreshWorkItemStoreCache:109@1', for 00:01:00 on thread 16.&#xD;
00:00.412  TimeoutScope, 'Test: DynamicSuiteRepopulate:106', has been paused after 00:00:00.0989078.&#xD;
00:00.519  TimeoutScope 'RefreshWorkItemStoreCache:109' ended after '00:00:00.1067492'.&#xD;
00:00.519  TimeoutScope, 'Test: DynamicSuiteRepopulate:106', has been resumed at 00:00:00.0989088.&#xD;
00:01.974  Performing CommonTestBase Cleanup...&#xD;
00:01.974  TimeoutScope 'Test: DynamicSuiteRepopulate:106' ended after '00:00:01.5538092'.&#xD;
00:03.741  Created new TimeoutScope, 'TestFrameworkTestCleanup:110@0', for 00:00:10 on thread 16.&#xD;
00:03.742  TimeoutScope 'TestFrameworkTestCleanup:110' ended after '00:00:00.0000476'.&#xD;
00:03.742  Test End: 7/2/2018 8:13:47 PM (local) / 7/3/2018 3:13:47 AM (UTC).</StdOut></Output></UnitTestResult><UnitTestResult executionId="cd07ee24-d5f9-4e6e-a59d-d5252d4f3b04" testId="f75e153f-e7fd-0a73-5eac-e4f2cf80ace4" testName="UpdateSingleTestSuiteFromWit" computerName="V-NAGAB77931A" duration="00:00:05.6831383" startTime="2018-07-02T20:12:46.8903659-07:00" endTime="2018-07-02T20:12:52.5793039-07:00" testType="13cdc9d9-ddb5-4fa4-a97d-d965ccfc6d4b" outcome="Passed" testListId="8c84fa94-04c1-424b-9868-57a2d4851a1d" relativeResultsDirectory="cd07ee24-d5f9-4e6e-a59d-d5252d4f3b04"><Output><StdOut>Test plan id = 13, name = CreateBasicWitTestPlan&#xD;
&#xD;


Debug Trace:
00:00.000  Test Start: 7/2/2018 8:12:46 PM (local) / 7/3/2018 3:12:46 AM (UTC)&#xD;
00:00.000  Random Seed for this test: 764366571&#xD;
00:00.000  Created new TimeoutScope, 'Test: UpdateSingleTestSuiteFromWit:21@0', for 00:00:30 on thread 16.&#xD;
00:00.000  Created new TimeoutScope, 'TestFrameworkTestInitialize:22@1', for 00:00:10 on thread 16.&#xD;
00:00.000  TimeoutScope, 'Test: UpdateSingleTestSuiteFromWit:21', has been paused after 00:00:00.0001130.&#xD;
00:00.000  TimeoutScope 'TestFrameworkTestInitialize:22' ended after '00:00:00.0001410'.&#xD;
00:00.000  TimeoutScope, 'Test: UpdateSingleTestSuiteFromWit:21', has been resumed at 00:00:00.0001137.&#xD;
00:00.003  TagHelper is getting a tag 'Project.PrivateAgileGit' on host 'de108ff5-f4a8-4948-b1ec-3147b31f1465'.&#xD;
00:00.003  TagHelper found cached tag 'Project.PrivateAgileGit' on host 'de108ff5-f4a8-4948-b1ec-3147b31f1465' with value '05e49bc7-ac67-4dc4-b85e-4a41b611b532'.&#xD;
00:00.003  Searching for project '05e49bc7-ac67-4dc4-b85e-4a41b611b532'.&#xD;
00:00.003  Web method running: [http://v-nagab77931a:8080/tfs/46407190-89f3-4e58-9bad-783cbf2637fb_/_apis/projects/05e49bc7-ac67-4dc4-b85e-4a41b611b532?includeHistory=False] (GET)05e49bc7-ac67-4dc4-b85e-4a41b611b532[projects] E2EId: 1efbcb57-f231-49b9-b0fb-03dcc6a9a794&#xD;
00:00.010  Web method response: [http://v-nagab77931a:8080/tfs/46407190-89f3-4e58-9bad-783cbf2637fb_/_apis/projects/05e49bc7-ac67-4dc4-b85e-4a41b611b532?includeHistory=False] (GET)05e49bc7-ac67-4dc4-b85e-4a41b611b532[projects] E2EId: 1efbcb57-f231-49b9-b0fb-03dcc6a9a794, ActivityId: 68e951fd-022d-4bd6-90df-91127d95539f 6 ms&#xD;
00:00.010  Found matching project 'sdentifies people online. Impllowssy!n8d5e05805548ee6' (05e49bc7-ac67-4dc4-b85e-4a41b611b532).&#xD;
00:00.010  Create User called.&#xD;
00:00.010  IdentityHelperClient.CreateUser called with user properties {"$type":"Vssf.TestFramework.Client.Common.CreateUserProperties, Vssf.TestFramework.Client.Common","EntityType":"User","OriginDirectory":null,"HomeDirectory":null,"TenantId":null,"OriginId":"00000000-0000-0000-0000-000000000000","LocalId":"00000000-0000-0000-0000-000000000000","MasterId":"00000000-0000-0000-0000-000000000000","PrincipalName":null,"DisplayName":null,"Profile":null,"License":4,"LocalGroups":[{"$type":"Vssf.TestFramework.Client.Common.GroupReference, Vssf.TestFramework.Client.Common","Identifier":"S-1-9-1551374245-1204400969-2402986413-2179408616-0-0-0-0-1"}],"LocalPermissions":null,"UserType":0,"CreateUserTranslations":null}&#xD;
00:00.010  Created new TimeoutScope, 'CreateUser:23@1', for 00:00:30 on thread 16.&#xD;
00:00.010  TimeoutScope, 'Test: UpdateSingleTestSuiteFromWit:21', has been paused after 00:00:00.0103373.&#xD;
00:00.010  IdentityHelperClient.AddMember was called with parameters {"$type":"Vssf.TestFramework.Client.L2.Identity.AddMemberRequest, Vssf.TestFramework.Client.L2","EntityDescriptor":{"$type":"Microsoft.VisualStudio.Services.Directories.DirectoryEntityDescriptor, Microsoft.VisualStudio.Services.WebApi","entityType":"User","originDirectory":null,"localId":null,"originId":null,"invitationMethod":"CreateUser@TeamFoundationServer","createIfNotFound":true},"Profile":null,"License":"Optimal","LocalGroups":["S-1-9-1551374245-1204400969-2402986413-2179408616-0-0-0-0-1"]}&#xD;
00:00.073  Web method running: [http://v-nagab77931a:8080/tfs/46407190-89f3-4e58-9bad-783cbf2637fb_/_apis/Directory/Members?license=Optimal&amp;localGroups=S-1-9-1551374245-1204400969-2402986413-2179408616-0-0-0-0-1&amp;propertiesToReturn=LocalDescriptor] (POST)Members[Directory] E2EId: 4481f45f-abcb-41b9-9a98-210b3b927503&#xD;
00:00.207  Web method response: [http://v-nagab77931a:8080/tfs/46407190-89f3-4e58-9bad-783cbf2637fb_/_apis/Directory/Members?license=Optimal&amp;localGroups=S-1-9-1551374245-1204400969-2402986413-2179408616-0-0-0-0-1&amp;propertiesToReturn=LocalDescriptor] (POST)Members[Directory] E2EId: 4481f45f-abcb-41b9-9a98-210b3b927503, ActivityId: 68e951fe-022d-4bd6-90df-91127d95539f 133 ms&#xD;
00:00.207  DirectoryHttpClient.AddMemberAsync returned {"$type":"Microsoft.VisualStudio.Services.Directories.DirectoryEntityResult, Microsoft.VisualStudio.Services.WebApi","Entity":{"$type":"Microsoft.VisualStudio.Services.Directories.DirectoryUser, Microsoft.VisualStudio.Services.WebApi","EntityId":"vss.ds.v1.ims.user.2eb703d60140411e8eda70379ce6110d","EntityType":"User","OriginDirectory":"vsd","OriginId":"2eb703d6-0140-411e-8eda-70379ce6110d","LocalDirectory":"vsd","LocalId":"2eb703d6-0140-411e-8eda-70379ce6110d","principalName":"fake-vsd-6beb2a4e-273a-4509-b82d-e336b151e580","displayName":"fake-vsd-6beb2a4e-273a-4509-b82d-e336b151e580","localDescriptor":"System.Security.Principal.WindowsIdentity;S-1-5-21-1389882523-1725124155-1294357522-1683317830-1179140985-274105264-4065400771"},"EntityState":"LocalCreate","Status":"Success"}&#xD;
00:00.243  Web method running: [http://v-nagab77931a:8080/tfs/46407190-89f3-4e58-9bad-783cbf2637fb_/_apis/Identities/2eb703d6-0140-411e-8eda-70379ce6110d?queryMembership=Direct] (GET)2eb703d6-0140-411e-8eda-70379ce6110d[Identities] E2EId: 27968911-6865-47cb-9b14-31a0b61718a3&#xD;
00:00.254  Web method response: [http://v-nagab77931a:8080/tfs/46407190-89f3-4e58-9bad-783cbf2637fb_/_apis/Identities/2eb703d6-0140-411e-8eda-70379ce6110d?queryMembership=Direct] (GET)2eb703d6-0140-411e-8eda-70379ce6110d[Identities] E2EId: 27968911-6865-47cb-9b14-31a0b61718a3, ActivityId: 68e951ff-022d-4bd6-90df-91127d95539f 11 ms&#xD;
00:00.255  TimeoutScope 'CreateUser:23' ended after '00:00:00.2444812'.&#xD;
00:00.255  TimeoutScope, 'Test: UpdateSingleTestSuiteFromWit:21', has been resumed at 00:00:00.0103383.&#xD;
00:00.255  IdentityHelperClient.CreateUser called service and returned {"$type":"Microsoft.VisualStudio.Services.Identity.Identity, Microsoft.VisualStudio.Services.WebApi","Id":"2eb703d6-0140-411e-8eda-70379ce6110d","Descriptor":"System.Security.Principal.WindowsIdentity;S-1-5-21-1389882523-1725124155-1294357522-1683317830-1179140985-274105264-4065400771","SubjectDescriptor":"win.Uy0xLTUtMjEtMTM4OTg4MjUyMy0xNzI1MTI0MTU1LTEyOTQzNTc1MjItMTY4MzMxNzgzMC0xMTc5MTQwOTg1LTI3NDEwNTI2NC00MDY1NDAwNzcx","ProviderDisplayName":"fake-vsd-6beb2a4e-273a-4509-b82d-e336b151e580","IsActive":true,"Members":[],"MemberOf":["Microsoft.TeamFoundation.Identity;S-1-9-1551374245-4119793886-2834581577-2985046343-3005158501-0-0-0-0-1"],"MemberIds":[],"MasterId":"ffffffff-ffff-ffff-ffff-ffffffffffff","Properties":{"$type":"Microsoft.VisualStudio.Services.WebApi.PropertiesCollection, Microsoft.VisualStudio.Services.WebApi","SchemaClassName":{"$type":"System.String","$value":"User"},"Description":{"$type":"System.String","$value":"L2"},"Domain":{"$type":"System.String","$value":"L2"},"Account":{"$type":"System.String","$value":"fake-vsd-6beb2a4e-273a-4509-b82d-e336b151e580"},"DN":{"$type":"System.String","$value":""},"Mail":{"$type":"System.String","$value":"fake-vsd-6beb2a4e-273a-4509-b82d-e336b151e580@someprovider.com"},"SpecialType":{"$type":"System.String","$value":"Generic"},"ComplianceValidated":{"$type":"System.DateTime","$value":"2018-07-03T00:00:00Z"},"DirectoryAlias":{"$type":"System.String","$value":"fake-vsd-6beb2a4e-273a-4509-b82d-e336b151e580"}},"ResourceVersion":2,"MetaTypeId":255}&#xD;
00:00.255  Created User successfully.&#xD;
00:00.255  Client Credentials called.&#xD;
Getting credentials for descriptor 'System.Security.Principal.WindowsIdentity;S-1-5-21-1389882523-1725124155-1294357522-1683317830-1179140985-274105264-4065400771' =&gt; Authorization: Bearer eyJ0eXAiOiJKV1QiLCJhbGciOiJOb25lIn0.eyJuYW1laWQiOiJTLTEtNS0yMS0xMzg5ODgyNTIzLTE3MjUxMjQxNTUtMTI5NDM1NzUyMi0xNjgzMzE3ODMwLTExNzkxNDA5ODUtMjc0MTA1MjY0LTQwNjU0MDA3NzEiLCJJZGVudGl0eVR5cGVDbGFpbSI6IlN5c3RlbS5TZWN1cml0eS5QcmluY2lwYWwuV2luZG93c0lkZW50aXR5IiwiaXNzIjoiTDIiLCJhdWQiOiJMMiIsIm5iZiI6MTUzMDU4NzU2NywiZXhwIjoyNTM0MDIzMDA4MDB9.&#xD;
00:00.255  Client Credentials received successfully.&#xD;
Getting credentials for descriptor 'System.Security.Principal.WindowsIdentity;S-1-5-21-1389882523-1725124155-1294357522-1683317830-1179140985-274105264-4065400771' =&gt; Authorization: Bearer eyJ0eXAiOiJKV1QiLCJhbGciOiJOb25lIn0.eyJuYW1laWQiOiJTLTEtNS0yMS0xMzg5ODgyNTIzLTE3MjUxMjQxNTUtMTI5NDM1NzUyMi0xNjgzMzE3ODMwLTExNzkxNDA5ODUtMjc0MTA1MjY0LTQwNjU0MDA3NzEiLCJJZGVudGl0eVR5cGVDbGFpbSI6IlN5c3RlbS5TZWN1cml0eS5QcmluY2lwYWwuV2luZG93c0lkZW50aXR5IiwiaXNzIjoiTDIiLCJhdWQiOiJMMiIsIm5iZiI6MTUzMDU4NzU2NywiZXhwIjoyNTM0MDIzMDA4MDB9.&#xD;
00:00.378  Created new TimeoutScope, 'RefreshWorkItemStoreCache:24@1', for 00:01:00 on thread 16.&#xD;
00:00.378  TimeoutScope, 'Test: UpdateSingleTestSuiteFromWit:21', has been paused after 00:00:00.1330598.&#xD;
00:00.488  TimeoutScope 'RefreshWorkItemStoreCache:24' ended after '00:00:00.1102709'.&#xD;
00:00.488  TimeoutScope, 'Test: UpdateSingleTestSuiteFromWit:21', has been resumed at 00:00:00.1330608.&#xD;
00:03.279  Performing CommonTestBase Cleanup...&#xD;
00:03.279  TimeoutScope 'Test: UpdateSingleTestSuiteFromWit:21' ended after '00:00:02.9243326'.&#xD;
00:05.682  Created new TimeoutScope, 'TestFrameworkTestCleanup:25@0', for 00:00:10 on thread 16.&#xD;
00:05.682  TimeoutScope 'TestFrameworkTestCleanup:25' ended after '00:00:00.0000418'.&#xD;
00:05.682  Test End: 7/2/2018 8:12:52 PM (local) / 7/3/2018 3:12:52 AM (UTC).</StdOut></Output></UnitTestResult><UnitTestResult executionId="c5cec12f-31b2-499f-93b1-8ddabccac83a" testId="ea82e3a0-0456-64fe-31a1-03b45b9c06bc" testName="FetchSuitesForPlanTest" computerName="V-NAGAB77931A" duration="00:00:02.6989753" startTime="2018-07-02T20:13:26.5339287-07:00" endTime="2018-07-02T20:13:29.2289926-07:00" testType="13cdc9d9-ddb5-4fa4-a97d-d965ccfc6d4b" outcome="Passed" testListId="8c84fa94-04c1-424b-9868-57a2d4851a1d" relativeResultsDirectory="c5cec12f-31b2-499f-93b1-8ddabccac83a"><Output><StdOut>Debug Trace:
00:00.000  Test Start: 7/2/2018 8:13:26 PM (local) / 7/3/2018 3:13:26 AM (UTC)&#xD;
00:00.000  Random Seed for this test: 1160802199&#xD;
00:00.000  Created new TimeoutScope, 'Test: FetchSuitesForPlanTest:76@0', for 00:00:30 on thread 16.&#xD;
00:00.000  Created new TimeoutScope, 'TestFrameworkTestInitialize:77@1', for 00:00:10 on thread 16.&#xD;
00:00.000  TimeoutScope, 'Test: FetchSuitesForPlanTest:76', has been paused after 00:00:00.0000315.&#xD;
00:00.000  TimeoutScope 'TestFrameworkTestInitialize:77' ended after '00:00:00.0000111'.&#xD;
00:00.000  TimeoutScope, 'Test: FetchSuitesForPlanTest:76', has been resumed at 00:00:00.0000322.&#xD;
00:00.000  TagHelper is getting a tag 'Project.PrivateAgileGit' on host 'de108ff5-f4a8-4948-b1ec-3147b31f1465'.&#xD;
00:00.000  TagHelper found cached tag 'Project.PrivateAgileGit' on host 'de108ff5-f4a8-4948-b1ec-3147b31f1465' with value '05e49bc7-ac67-4dc4-b85e-4a41b611b532'.&#xD;
00:00.000  Searching for project '05e49bc7-ac67-4dc4-b85e-4a41b611b532'.&#xD;
00:00.001  Web method running: [http://v-nagab77931a:8080/tfs/46407190-89f3-4e58-9bad-783cbf2637fb_/_apis/projects/05e49bc7-ac67-4dc4-b85e-4a41b611b532?includeHistory=False] (GET)05e49bc7-ac67-4dc4-b85e-4a41b611b532[projects] E2EId: 960fa63c-d827-4f6d-8338-11b7c404463f&#xD;
00:00.008  Web method response: [http://v-nagab77931a:8080/tfs/46407190-89f3-4e58-9bad-783cbf2637fb_/_apis/projects/05e49bc7-ac67-4dc4-b85e-4a41b611b532?includeHistory=False] (GET)05e49bc7-ac67-4dc4-b85e-4a41b611b532[projects] E2EId: 960fa63c-d827-4f6d-8338-11b7c404463f, ActivityId: 68e95353-022d-4bd6-90df-91127d95539f 6 ms&#xD;
00:00.008  Found matching project 'sdentifies people online. Impllowssy!n8d5e05805548ee6' (05e49bc7-ac67-4dc4-b85e-4a41b611b532).&#xD;
00:00.008  Create User called.&#xD;
00:00.008  IdentityHelperClient.CreateUser called with user properties {"$type":"Vssf.TestFramework.Client.Common.CreateUserProperties, Vssf.TestFramework.Client.Common","EntityType":"User","OriginDirectory":null,"HomeDirectory":null,"TenantId":null,"OriginId":"00000000-0000-0000-0000-000000000000","LocalId":"00000000-0000-0000-0000-000000000000","MasterId":"00000000-0000-0000-0000-000000000000","PrincipalName":null,"DisplayName":null,"Profile":null,"License":4,"LocalGroups":[{"$type":"Vssf.TestFramework.Client.Common.GroupReference, Vssf.TestFramework.Client.Common","Identifier":"S-1-9-1551374245-1204400969-2402986413-2179408616-0-0-0-0-1"}],"LocalPermissions":null,"UserType":0,"CreateUserTranslations":null}&#xD;
00:00.008  Created new TimeoutScope, 'CreateUser:78@1', for 00:00:30 on thread 16.&#xD;
00:00.008  TimeoutScope, 'Test: FetchSuitesForPlanTest:76', has been paused after 00:00:00.0082048.&#xD;
00:00.008  IdentityHelperClient.AddMember was called with parameters {"$type":"Vssf.TestFramework.Client.L2.Identity.AddMemberRequest, Vssf.TestFramework.Client.L2","EntityDescriptor":{"$type":"Microsoft.VisualStudio.Services.Directories.DirectoryEntityDescriptor, Microsoft.VisualStudio.Services.WebApi","entityType":"User","originDirectory":null,"localId":null,"originId":null,"invitationMethod":"CreateUser@TeamFoundationServer","createIfNotFound":true},"Profile":null,"License":"Optimal","LocalGroups":["S-1-9-1551374245-1204400969-2402986413-2179408616-0-0-0-0-1"]}&#xD;
00:00.087  Web method running: [http://v-nagab77931a:8080/tfs/46407190-89f3-4e58-9bad-783cbf2637fb_/_apis/Directory/Members?license=Optimal&amp;localGroups=S-1-9-1551374245-1204400969-2402986413-2179408616-0-0-0-0-1&amp;propertiesToReturn=LocalDescriptor] (POST)Members[Directory] E2EId: bc47c63e-6a2c-418e-a80d-762930311899&#xD;
00:00.205  Web method response: [http://v-nagab77931a:8080/tfs/46407190-89f3-4e58-9bad-783cbf2637fb_/_apis/Directory/Members?license=Optimal&amp;localGroups=S-1-9-1551374245-1204400969-2402986413-2179408616-0-0-0-0-1&amp;propertiesToReturn=LocalDescriptor] (POST)Members[Directory] E2EId: bc47c63e-6a2c-418e-a80d-762930311899, ActivityId: 68e95354-022d-4bd6-90df-91127d95539f 117 ms&#xD;
00:00.205  DirectoryHttpClient.AddMemberAsync returned {"$type":"Microsoft.VisualStudio.Services.Directories.DirectoryEntityResult, Microsoft.VisualStudio.Services.WebApi","Entity":{"$type":"Microsoft.VisualStudio.Services.Directories.DirectoryUser, Microsoft.VisualStudio.Services.WebApi","EntityId":"vss.ds.v1.ims.user.e8e13bc534664ba89a04d0982b1dce22","EntityType":"User","OriginDirectory":"vsd","OriginId":"e8e13bc5-3466-4ba8-9a04-d0982b1dce22","LocalDirectory":"vsd","LocalId":"e8e13bc5-3466-4ba8-9a04-d0982b1dce22","principalName":"fake-vsd-bb86e3a3-746c-41c0-8ccc-beeca92f09cd","displayName":"fake-vsd-bb86e3a3-746c-41c0-8ccc-beeca92f09cd","localDescriptor":"System.Security.Principal.WindowsIdentity;S-1-5-21-1389882523-1725124155-1294357522-4050180719-1288269688-735258513-2830775424"},"EntityState":"LocalCreate","Status":"Success"}&#xD;
00:00.245  Web method running: [http://v-nagab77931a:8080/tfs/46407190-89f3-4e58-9bad-783cbf2637fb_/_apis/Identities/e8e13bc5-3466-4ba8-9a04-d0982b1dce22?queryMembership=Direct] (GET)e8e13bc5-3466-4ba8-9a04-d0982b1dce22[Identities] E2EId: 66ea0670-77aa-4250-b78c-7778de0dab41&#xD;
00:00.258  Web method response: [http://v-nagab77931a:8080/tfs/46407190-89f3-4e58-9bad-783cbf2637fb_/_apis/Identities/e8e13bc5-3466-4ba8-9a04-d0982b1dce22?queryMembership=Direct] (GET)e8e13bc5-3466-4ba8-9a04-d0982b1dce22[Identities] E2EId: 66ea0670-77aa-4250-b78c-7778de0dab41, ActivityId: 68e95355-022d-4bd6-90df-91127d95539f 13 ms&#xD;
00:00.258  TimeoutScope 'CreateUser:78' ended after '00:00:00.2503702'.&#xD;
00:00.258  TimeoutScope, 'Test: FetchSuitesForPlanTest:76', has been resumed at 00:00:00.0082058.&#xD;
00:00.259  IdentityHelperClient.CreateUser called service and returned {"$type":"Microsoft.VisualStudio.Services.Identity.Identity, Microsoft.VisualStudio.Services.WebApi","Id":"e8e13bc5-3466-4ba8-9a04-d0982b1dce22","Descriptor":"System.Security.Principal.WindowsIdentity;S-1-5-21-1389882523-1725124155-1294357522-4050180719-1288269688-735258513-2830775424","SubjectDescriptor":"win.Uy0xLTUtMjEtMTM4OTg4MjUyMy0xNzI1MTI0MTU1LTEyOTQzNTc1MjItNDA1MDE4MDcxOS0xMjg4MjY5Njg4LTczNTI1ODUxMy0yODMwNzc1NDI0","ProviderDisplayName":"fake-vsd-bb86e3a3-746c-41c0-8ccc-beeca92f09cd","IsActive":true,"Members":[],"MemberOf":["Microsoft.TeamFoundation.Identity;S-1-9-1551374245-4119793886-2834581577-2985046343-3005158501-0-0-0-0-1"],"MemberIds":[],"MasterId":"ffffffff-ffff-ffff-ffff-ffffffffffff","Properties":{"$type":"Microsoft.VisualStudio.Services.WebApi.PropertiesCollection, Microsoft.VisualStudio.Services.WebApi","SchemaClassName":{"$type":"System.String","$value":"User"},"Description":{"$type":"System.String","$value":"L2"},"Domain":{"$type":"System.String","$value":"L2"},"Account":{"$type":"System.String","$value":"fake-vsd-bb86e3a3-746c-41c0-8ccc-beeca92f09cd"},"DN":{"$type":"System.String","$value":""},"Mail":{"$type":"System.String","$value":"fake-vsd-bb86e3a3-746c-41c0-8ccc-beeca92f09cd@someprovider.com"},"SpecialType":{"$type":"System.String","$value":"Generic"},"ComplianceValidated":{"$type":"System.DateTime","$value":"2018-07-03T00:00:00Z"},"DirectoryAlias":{"$type":"System.String","$value":"fake-vsd-bb86e3a3-746c-41c0-8ccc-beeca92f09cd"}},"ResourceVersion":2,"MetaTypeId":255}&#xD;
00:00.259  Created User successfully.&#xD;
00:00.259  Client Credentials called.&#xD;
Getting credentials for descriptor 'System.Security.Principal.WindowsIdentity;S-1-5-21-1389882523-1725124155-1294357522-4050180719-1288269688-735258513-2830775424' =&gt; Authorization: Bearer eyJ0eXAiOiJKV1QiLCJhbGciOiJOb25lIn0.eyJuYW1laWQiOiJTLTEtNS0yMS0xMzg5ODgyNTIzLTE3MjUxMjQxNTUtMTI5NDM1NzUyMi00MDUwMTgwNzE5LTEyODgyNjk2ODgtNzM1MjU4NTEzLTI4MzA3NzU0MjQiLCJJZGVudGl0eVR5cGVDbGFpbSI6IlN5c3RlbS5TZWN1cml0eS5QcmluY2lwYWwuV2luZG93c0lkZW50aXR5IiwiaXNzIjoiTDIiLCJhdWQiOiJMMiIsIm5iZiI6MTUzMDU4NzYwNywiZXhwIjoyNTM0MDIzMDA4MDB9.&#xD;
00:00.259  Client Credentials received successfully.&#xD;
Getting credentials for descriptor 'System.Security.Principal.WindowsIdentity;S-1-5-21-1389882523-1725124155-1294357522-4050180719-1288269688-735258513-2830775424' =&gt; Authorization: Bearer eyJ0eXAiOiJKV1QiLCJhbGciOiJOb25lIn0.eyJuYW1laWQiOiJTLTEtNS0yMS0xMzg5ODgyNTIzLTE3MjUxMjQxNTUtMTI5NDM1NzUyMi00MDUwMTgwNzE5LTEyODgyNjk2ODgtNzM1MjU4NTEzLTI4MzA3NzU0MjQiLCJJZGVudGl0eVR5cGVDbGFpbSI6IlN5c3RlbS5TZWN1cml0eS5QcmluY2lwYWwuV2luZG93c0lkZW50aXR5IiwiaXNzIjoiTDIiLCJhdWQiOiJMMiIsIm5iZiI6MTUzMDU4NzYwNywiZXhwIjoyNTM0MDIzMDA4MDB9.&#xD;
00:00.336  Created new TimeoutScope, 'RefreshWorkItemStoreCache:79@1', for 00:01:00 on thread 16.&#xD;
00:00.336  TimeoutScope, 'Test: FetchSuitesForPlanTest:76', has been paused after 00:00:00.0854700.&#xD;
00:00.448  TimeoutScope 'RefreshWorkItemStoreCache:79' ended after '00:00:00.1123704'.&#xD;
00:00.448  TimeoutScope, 'Test: FetchSuitesForPlanTest:76', has been resumed at 00:00:00.0854709.&#xD;
00:01.932  Performing CommonTestBase Cleanup...&#xD;
00:01.932  TimeoutScope 'Test: FetchSuitesForPlanTest:76' ended after '00:00:01.5695696'.&#xD;
00:02.698  Created new TimeoutScope, 'TestFrameworkTestCleanup:80@0', for 00:00:10 on thread 16.&#xD;
00:02.698  TimeoutScope 'TestFrameworkTestCleanup:80' ended after '00:00:00.0000454'.&#xD;
00:02.698  Test End: 7/2/2018 8:13:29 PM (local) / 7/3/2018 3:13:29 AM (UTC).</StdOut></Output></UnitTestResult><UnitTestResult executionId="6482dfe8-e1f0-46ca-bdd6-c28ee2052633" testId="d5c833bf-4363-d9d0-7179-fb0050d83d20" testName="BulkMoveCopy" computerName="V-NAGAB77931A" duration="00:00:05.5438849" startTime="2018-07-02T20:15:37.7593367-07:00" endTime="2018-07-02T20:15:43.3097662-07:00" testType="13cdc9d9-ddb5-4fa4-a97d-d965ccfc6d4b" outcome="Passed" testListId="8c84fa94-04c1-424b-9868-57a2d4851a1d" relativeResultsDirectory="6482dfe8-e1f0-46ca-bdd6-c28ee2052633"><Output><StdOut>Expected exception: Microsoft.TeamFoundation.TestManagement.Client.TestManagementValidationException: This item has already been added. A test suite cannot contain a duplicate test case or test suite.&#xD;
   at Microsoft.TeamFoundation.TestManagement.Client.TestSuite.OnInsertCases(Int32 index, IEnumerable`1 cases, Boolean ignoreDuplicates) in D:\v2.0\P1\_work\2\s\Tfs\ExtendedClient\TestManagement\Client\Implementation\Suites\TestSuite.cs:line 1205&#xD;
   at Microsoft.TeamFoundation.TestManagement.Client.TestSuiteEntryCollection.AddCases(IEnumerable`1 cases) in D:\v2.0\P1\_work\2\s\Tfs\ExtendedClient\TestManagement\Client\Implementation\Suites\TestSuiteEntryCollection.cs:line 123&#xD;
   at Tcm.Tfs.ExtendedClient.L2.Tests.SuiteTests.BulkMoveCopy() in D:\v2.0\P1\_work\2\s\Tfs\ExtendedClient\L2.Tests\TCM\Suites\SuiteTests.cs:line 1789&#xD;
Audit Removed these test cases: 232&#xD;
&#xD;


Debug Trace:
00:00.000  Test Start: 7/2/2018 8:15:37 PM (local) / 7/3/2018 3:15:37 AM (UTC)&#xD;
00:00.000  Random Seed for this test: -1821911017&#xD;
00:00.000  Created new TimeoutScope, 'Test: BulkMoveCopy:226@0', for 00:00:30 on thread 16.&#xD;
00:00.000  Created new TimeoutScope, 'TestFrameworkTestInitialize:227@1', for 00:00:10 on thread 16.&#xD;
00:00.000  TimeoutScope, 'Test: BulkMoveCopy:226', has been paused after 00:00:00.0000291.&#xD;
00:00.000  TimeoutScope 'TestFrameworkTestInitialize:227' ended after '00:00:00.0000133'.&#xD;
00:00.000  TimeoutScope, 'Test: BulkMoveCopy:226', has been resumed at 00:00:00.0000297.&#xD;
00:00.000  TagHelper is getting a tag 'Project.PrivateAgileGit' on host 'de108ff5-f4a8-4948-b1ec-3147b31f1465'.&#xD;
00:00.000  TagHelper found cached tag 'Project.PrivateAgileGit' on host 'de108ff5-f4a8-4948-b1ec-3147b31f1465' with value '05e49bc7-ac67-4dc4-b85e-4a41b611b532'.&#xD;
00:00.001  Searching for project '05e49bc7-ac67-4dc4-b85e-4a41b611b532'.&#xD;
00:00.001  Web method running: [http://v-nagab77931a:8080/tfs/46407190-89f3-4e58-9bad-783cbf2637fb_/_apis/projects/05e49bc7-ac67-4dc4-b85e-4a41b611b532?includeHistory=False] (GET)05e49bc7-ac67-4dc4-b85e-4a41b611b532[projects] E2EId: 6bcfd8cd-ab81-4f69-8180-e347b09bf1b7&#xD;
00:00.008  Web method response: [http://v-nagab77931a:8080/tfs/46407190-89f3-4e58-9bad-783cbf2637fb_/_apis/projects/05e49bc7-ac67-4dc4-b85e-4a41b611b532?includeHistory=False] (GET)05e49bc7-ac67-4dc4-b85e-4a41b611b532[projects] E2EId: 6bcfd8cd-ab81-4f69-8180-e347b09bf1b7, ActivityId: 68e95709-022d-4bd6-90df-91127d95539f 7 ms&#xD;
00:00.008  Found matching project 'sdentifies people online. Impllowssy!n8d5e05805548ee6' (05e49bc7-ac67-4dc4-b85e-4a41b611b532).&#xD;
00:00.008  Create User called.&#xD;
00:00.009  IdentityHelperClient.CreateUser called with user properties {"$type":"Vssf.TestFramework.Client.Common.CreateUserProperties, Vssf.TestFramework.Client.Common","EntityType":"User","OriginDirectory":null,"HomeDirectory":null,"TenantId":null,"OriginId":"00000000-0000-0000-0000-000000000000","LocalId":"00000000-0000-0000-0000-000000000000","MasterId":"00000000-0000-0000-0000-000000000000","PrincipalName":null,"DisplayName":null,"Profile":null,"License":4,"LocalGroups":[{"$type":"Vssf.TestFramework.Client.Common.GroupReference, Vssf.TestFramework.Client.Common","Identifier":"S-1-9-1551374245-1204400969-2402986413-2179408616-0-0-0-0-1"}],"LocalPermissions":null,"UserType":0,"CreateUserTranslations":null}&#xD;
00:00.009  Created new TimeoutScope, 'CreateUser:228@1', for 00:00:30 on thread 16.&#xD;
00:00.009  TimeoutScope, 'Test: BulkMoveCopy:226', has been paused after 00:00:00.0087173.&#xD;
00:00.009  IdentityHelperClient.AddMember was called with parameters {"$type":"Vssf.TestFramework.Client.L2.Identity.AddMemberRequest, Vssf.TestFramework.Client.L2","EntityDescriptor":{"$type":"Microsoft.VisualStudio.Services.Directories.DirectoryEntityDescriptor, Microsoft.VisualStudio.Services.WebApi","entityType":"User","originDirectory":null,"localId":null,"originId":null,"invitationMethod":"CreateUser@TeamFoundationServer","createIfNotFound":true},"Profile":null,"License":"Optimal","LocalGroups":["S-1-9-1551374245-1204400969-2402986413-2179408616-0-0-0-0-1"]}&#xD;
00:00.049  Web method running: [http://v-nagab77931a:8080/tfs/46407190-89f3-4e58-9bad-783cbf2637fb_/_apis/Directory/Members?license=Optimal&amp;localGroups=S-1-9-1551374245-1204400969-2402986413-2179408616-0-0-0-0-1&amp;propertiesToReturn=LocalDescriptor] (POST)Members[Directory] E2EId: bba3f894-1c4c-4b59-8b7c-b004a6d81755&#xD;
00:00.154  Web method response: [http://v-nagab77931a:8080/tfs/46407190-89f3-4e58-9bad-783cbf2637fb_/_apis/Directory/Members?license=Optimal&amp;localGroups=S-1-9-1551374245-1204400969-2402986413-2179408616-0-0-0-0-1&amp;propertiesToReturn=LocalDescriptor] (POST)Members[Directory] E2EId: bba3f894-1c4c-4b59-8b7c-b004a6d81755, ActivityId: 68e9570a-022d-4bd6-90df-91127d95539f 105 ms&#xD;
00:00.155  DirectoryHttpClient.AddMemberAsync returned {"$type":"Microsoft.VisualStudio.Services.Directories.DirectoryEntityResult, Microsoft.VisualStudio.Services.WebApi","Entity":{"$type":"Microsoft.VisualStudio.Services.Directories.DirectoryUser, Microsoft.VisualStudio.Services.WebApi","EntityId":"vss.ds.v1.ims.user.77a7ab0d5497444f92f91fd09dff352b","EntityType":"User","OriginDirectory":"vsd","OriginId":"77a7ab0d-5497-444f-92f9-1fd09dff352b","LocalDirectory":"vsd","LocalId":"77a7ab0d-5497-444f-92f9-1fd09dff352b","principalName":"fake-vsd-c3486988-b276-4280-ba1e-4501cabcb2a2","displayName":"fake-vsd-c3486988-b276-4280-ba1e-4501cabcb2a2","localDescriptor":"System.Security.Principal.WindowsIdentity;S-1-5-21-1389882523-1725124155-1294357522-1608620489-1313936691-3281478820-749365114"},"EntityState":"LocalCreate","Status":"Success"}&#xD;
00:00.241  Web method running: [http://v-nagab77931a:8080/tfs/46407190-89f3-4e58-9bad-783cbf2637fb_/_apis/Identities/77a7ab0d-5497-444f-92f9-1fd09dff352b?queryMembership=Direct] (GET)77a7ab0d-5497-444f-92f9-1fd09dff352b[Identities] E2EId: 64415e85-7997-4569-bade-b149f8e7e6a3&#xD;
00:00.255  Web method response: [http://v-nagab77931a:8080/tfs/46407190-89f3-4e58-9bad-783cbf2637fb_/_apis/Identities/77a7ab0d-5497-444f-92f9-1fd09dff352b?queryMembership=Direct] (GET)77a7ab0d-5497-444f-92f9-1fd09dff352b[Identities] E2EId: 64415e85-7997-4569-bade-b149f8e7e6a3, ActivityId: 68e9570b-022d-4bd6-90df-91127d95539f 13 ms&#xD;
00:00.256  TimeoutScope 'CreateUser:228' ended after '00:00:00.2477283'.&#xD;
00:00.256  TimeoutScope, 'Test: BulkMoveCopy:226', has been resumed at 00:00:00.0087183.&#xD;
00:00.256  IdentityHelperClient.CreateUser called service and returned {"$type":"Microsoft.VisualStudio.Services.Identity.Identity, Microsoft.VisualStudio.Services.WebApi","Id":"77a7ab0d-5497-444f-92f9-1fd09dff352b","Descriptor":"System.Security.Principal.WindowsIdentity;S-1-5-21-1389882523-1725124155-1294357522-1608620489-1313936691-3281478820-749365114","SubjectDescriptor":"win.Uy0xLTUtMjEtMTM4OTg4MjUyMy0xNzI1MTI0MTU1LTEyOTQzNTc1MjItMTYwODYyMDQ4OS0xMzEzOTM2NjkxLTMyODE0Nzg4MjAtNzQ5MzY1MTE0","ProviderDisplayName":"fake-vsd-c3486988-b276-4280-ba1e-4501cabcb2a2","IsActive":true,"Members":[],"MemberOf":["Microsoft.TeamFoundation.Identity;S-1-9-1551374245-4119793886-2834581577-2985046343-3005158501-0-0-0-0-1"],"MemberIds":[],"MasterId":"ffffffff-ffff-ffff-ffff-ffffffffffff","Properties":{"$type":"Microsoft.VisualStudio.Services.WebApi.PropertiesCollection, Microsoft.VisualStudio.Services.WebApi","SchemaClassName":{"$type":"System.String","$value":"User"},"Description":{"$type":"System.String","$value":"L2"},"Domain":{"$type":"System.String","$value":"L2"},"Account":{"$type":"System.String","$value":"fake-vsd-c3486988-b276-4280-ba1e-4501cabcb2a2"},"DN":{"$type":"System.String","$value":""},"Mail":{"$type":"System.String","$value":"fake-vsd-c3486988-b276-4280-ba1e-4501cabcb2a2@someprovider.com"},"SpecialType":{"$type":"System.String","$value":"Generic"},"ComplianceValidated":{"$type":"System.DateTime","$value":"2018-07-03T00:00:00Z"},"DirectoryAlias":{"$type":"System.String","$value":"fake-vsd-c3486988-b276-4280-ba1e-4501cabcb2a2"}},"ResourceVersion":2,"MetaTypeId":255}&#xD;
00:00.257  Created User successfully.&#xD;
00:00.257  Client Credentials called.&#xD;
Getting credentials for descriptor 'System.Security.Principal.WindowsIdentity;S-1-5-21-1389882523-1725124155-1294357522-1608620489-1313936691-3281478820-749365114' =&gt; Authorization: Bearer eyJ0eXAiOiJKV1QiLCJhbGciOiJOb25lIn0.eyJuYW1laWQiOiJTLTEtNS0yMS0xMzg5ODgyNTIzLTE3MjUxMjQxNTUtMTI5NDM1NzUyMi0xNjA4NjIwNDg5LTEzMTM5MzY2OTEtMzI4MTQ3ODgyMC03NDkzNjUxMTQiLCJJZGVudGl0eVR5cGVDbGFpbSI6IlN5c3RlbS5TZWN1cml0eS5QcmluY2lwYWwuV2luZG93c0lkZW50aXR5IiwiaXNzIjoiTDIiLCJhdWQiOiJMMiIsIm5iZiI6MTUzMDU4NzczOCwiZXhwIjoyNTM0MDIzMDA4MDB9.&#xD;
00:00.257  Client Credentials received successfully.&#xD;
Getting credentials for descriptor 'System.Security.Principal.WindowsIdentity;S-1-5-21-1389882523-1725124155-1294357522-1608620489-1313936691-3281478820-749365114' =&gt; Authorization: Bearer eyJ0eXAiOiJKV1QiLCJhbGciOiJOb25lIn0.eyJuYW1laWQiOiJTLTEtNS0yMS0xMzg5ODgyNTIzLTE3MjUxMjQxNTUtMTI5NDM1NzUyMi0xNjA4NjIwNDg5LTEzMTM5MzY2OTEtMzI4MTQ3ODgyMC03NDkzNjUxMTQiLCJJZGVudGl0eVR5cGVDbGFpbSI6IlN5c3RlbS5TZWN1cml0eS5QcmluY2lwYWwuV2luZG93c0lkZW50aXR5IiwiaXNzIjoiTDIiLCJhdWQiOiJMMiIsIm5iZiI6MTUzMDU4NzczOCwiZXhwIjoyNTM0MDIzMDA4MDB9.&#xD;
00:00.338  Created new TimeoutScope, 'RefreshWorkItemStoreCache:229@1', for 00:01:00 on thread 16.&#xD;
00:00.338  TimeoutScope, 'Test: BulkMoveCopy:226', has been paused after 00:00:00.0903568.&#xD;
00:00.461  TimeoutScope 'RefreshWorkItemStoreCache:229' ended after '00:00:00.1232083'.&#xD;
00:00.461  TimeoutScope, 'Test: BulkMoveCopy:226', has been resumed at 00:00:00.0903577.&#xD;
00:03.971  Performing CommonTestBase Cleanup...&#xD;
00:03.971  TimeoutScope 'Test: BulkMoveCopy:226' ended after '00:00:03.6005126'.&#xD;
00:05.543  Created new TimeoutScope, 'TestFrameworkTestCleanup:230@0', for 00:00:10 on thread 16.&#xD;
00:05.543  TimeoutScope 'TestFrameworkTestCleanup:230' ended after '00:00:00.0000824'.&#xD;
00:05.543  Test End: 7/2/2018 8:15:43 PM (local) / 7/3/2018 3:15:43 AM (UTC).</StdOut></Output></UnitTestResult><UnitTestResult executionId="100cbb92-f5b7-40a0-9239-a21b32ab6e69" testId="d091fb9f-6a31-7a25-1817-893b9681639d" testName="TestSuiteDeleteCheckingRevision" computerName="V-NAGAB77931A" duration="00:00:03.6980984" startTime="2018-07-02T20:15:43.3097662-07:00" endTime="2018-07-02T20:15:46.9989610-07:00" testType="13cdc9d9-ddb5-4fa4-a97d-d965ccfc6d4b" outcome="Passed" testListId="8c84fa94-04c1-424b-9868-57a2d4851a1d" relativeResultsDirectory="100cbb92-f5b7-40a0-9239-a21b32ab6e69"><Output><StdOut>Debug Trace:
00:00.000  Test Start: 7/2/2018 8:15:43 PM (local) / 7/3/2018 3:15:43 AM (UTC)&#xD;
00:00.000  Random Seed for this test: -1766406722&#xD;
00:00.000  Created new TimeoutScope, 'Test: TestSuiteDeleteCheckingRevision:231@0', for 00:00:30 on thread 16.&#xD;
00:00.000  Created new TimeoutScope, 'TestFrameworkTestInitialize:232@1', for 00:00:10 on thread 16.&#xD;
00:00.000  TimeoutScope, 'Test: TestSuiteDeleteCheckingRevision:231', has been paused after 00:00:00.0000328.&#xD;
00:00.000  TimeoutScope 'TestFrameworkTestInitialize:232' ended after '00:00:00.0000111'.&#xD;
00:00.000  TimeoutScope, 'Test: TestSuiteDeleteCheckingRevision:231', has been resumed at 00:00:00.0000335.&#xD;
00:00.000  TagHelper is getting a tag 'Project.PrivateAgileGit' on host 'de108ff5-f4a8-4948-b1ec-3147b31f1465'.&#xD;
00:00.000  TagHelper found cached tag 'Project.PrivateAgileGit' on host 'de108ff5-f4a8-4948-b1ec-3147b31f1465' with value '05e49bc7-ac67-4dc4-b85e-4a41b611b532'.&#xD;
00:00.000  Searching for project '05e49bc7-ac67-4dc4-b85e-4a41b611b532'.&#xD;
00:00.001  Web method running: [http://v-nagab77931a:8080/tfs/46407190-89f3-4e58-9bad-783cbf2637fb_/_apis/projects/05e49bc7-ac67-4dc4-b85e-4a41b611b532?includeHistory=False] (GET)05e49bc7-ac67-4dc4-b85e-4a41b611b532[projects] E2EId: 89a563d4-378d-4e0a-acf7-136af47cb3e5&#xD;
00:00.012  Web method response: [http://v-nagab77931a:8080/tfs/46407190-89f3-4e58-9bad-783cbf2637fb_/_apis/projects/05e49bc7-ac67-4dc4-b85e-4a41b611b532?includeHistory=False] (GET)05e49bc7-ac67-4dc4-b85e-4a41b611b532[projects] E2EId: 89a563d4-378d-4e0a-acf7-136af47cb3e5, ActivityId: 68e957df-022d-4bd6-90df-91127d95539f 11 ms&#xD;
00:00.013  Found matching project 'sdentifies people online. Impllowssy!n8d5e05805548ee6' (05e49bc7-ac67-4dc4-b85e-4a41b611b532).&#xD;
00:00.013  Create User called.&#xD;
00:00.013  IdentityHelperClient.CreateUser called with user properties {"$type":"Vssf.TestFramework.Client.Common.CreateUserProperties, Vssf.TestFramework.Client.Common","EntityType":"User","OriginDirectory":null,"HomeDirectory":null,"TenantId":null,"OriginId":"00000000-0000-0000-0000-000000000000","LocalId":"00000000-0000-0000-0000-000000000000","MasterId":"00000000-0000-0000-0000-000000000000","PrincipalName":null,"DisplayName":null,"Profile":null,"License":4,"LocalGroups":[{"$type":"Vssf.TestFramework.Client.Common.GroupReference, Vssf.TestFramework.Client.Common","Identifier":"S-1-9-1551374245-1204400969-2402986413-2179408616-0-0-0-0-1"}],"LocalPermissions":null,"UserType":0,"CreateUserTranslations":null}&#xD;
00:00.013  Created new TimeoutScope, 'CreateUser:233@1', for 00:00:30 on thread 16.&#xD;
00:00.013  TimeoutScope, 'Test: TestSuiteDeleteCheckingRevision:231', has been paused after 00:00:00.0129373.&#xD;
00:00.013  IdentityHelperClient.AddMember was called with parameters {"$type":"Vssf.TestFramework.Client.L2.Identity.AddMemberRequest, Vssf.TestFramework.Client.L2","EntityDescriptor":{"$type":"Microsoft.VisualStudio.Services.Directories.DirectoryEntityDescriptor, Microsoft.VisualStudio.Services.WebApi","entityType":"User","originDirectory":null,"localId":null,"originId":null,"invitationMethod":"CreateUser@TeamFoundationServer","createIfNotFound":true},"Profile":null,"License":"Optimal","LocalGroups":["S-1-9-1551374245-1204400969-2402986413-2179408616-0-0-0-0-1"]}&#xD;
00:00.050  Web method running: [http://v-nagab77931a:8080/tfs/46407190-89f3-4e58-9bad-783cbf2637fb_/_apis/Directory/Members?license=Optimal&amp;localGroups=S-1-9-1551374245-1204400969-2402986413-2179408616-0-0-0-0-1&amp;propertiesToReturn=LocalDescriptor] (POST)Members[Directory] E2EId: 60da6a9a-0e24-4b8c-b3ab-a443a4c6b0bc&#xD;
00:00.204  Web method response: [http://v-nagab77931a:8080/tfs/46407190-89f3-4e58-9bad-783cbf2637fb_/_apis/Directory/Members?license=Optimal&amp;localGroups=S-1-9-1551374245-1204400969-2402986413-2179408616-0-0-0-0-1&amp;propertiesToReturn=LocalDescriptor] (POST)Members[Directory] E2EId: 60da6a9a-0e24-4b8c-b3ab-a443a4c6b0bc, ActivityId: 68e957c0-022d-4bd6-90df-91127d95539f 153 ms&#xD;
00:00.204  DirectoryHttpClient.AddMemberAsync returned {"$type":"Microsoft.VisualStudio.Services.Directories.DirectoryEntityResult, Microsoft.VisualStudio.Services.WebApi","Entity":{"$type":"Microsoft.VisualStudio.Services.Directories.DirectoryUser, Microsoft.VisualStudio.Services.WebApi","EntityId":"vss.ds.v1.ims.user.7d2c64d5a918445e995af6a15e8a5c6c","EntityType":"User","OriginDirectory":"vsd","OriginId":"7d2c64d5-a918-445e-995a-f6a15e8a5c6c","LocalDirectory":"vsd","LocalId":"7d2c64d5-a918-445e-995a-f6a15e8a5c6c","principalName":"fake-vsd-52f0a13d-bb22-4d64-bae8-a080be073317","displayName":"fake-vsd-52f0a13d-bb22-4d64-bae8-a080be073317","localDescriptor":"System.Security.Principal.WindowsIdentity;S-1-5-21-1389882523-1725124155-1294357522-1597777041-1254975507-190045588-1380347008"},"EntityState":"LocalCreate","Status":"Success"}&#xD;
00:00.255  Web method running: [http://v-nagab77931a:8080/tfs/46407190-89f3-4e58-9bad-783cbf2637fb_/_apis/Identities/7d2c64d5-a918-445e-995a-f6a15e8a5c6c?queryMembership=Direct] (GET)7d2c64d5-a918-445e-995a-f6a15e8a5c6c[Identities] E2EId: c2c891bd-7297-4a08-b514-d9daae068d64&#xD;
00:00.270  Web method response: [http://v-nagab77931a:8080/tfs/46407190-89f3-4e58-9bad-783cbf2637fb_/_apis/Identities/7d2c64d5-a918-445e-995a-f6a15e8a5c6c?queryMembership=Direct] (GET)7d2c64d5-a918-445e-995a-f6a15e8a5c6c[Identities] E2EId: c2c891bd-7297-4a08-b514-d9daae068d64, ActivityId: 68e957c1-022d-4bd6-90df-91127d95539f 14 ms&#xD;
00:00.270  TimeoutScope 'CreateUser:233' ended after '00:00:00.2572624'.&#xD;
00:00.270  TimeoutScope, 'Test: TestSuiteDeleteCheckingRevision:231', has been resumed at 00:00:00.0129386.&#xD;
00:00.270  IdentityHelperClient.CreateUser called service and returned {"$type":"Microsoft.VisualStudio.Services.Identity.Identity, Microsoft.VisualStudio.Services.WebApi","Id":"7d2c64d5-a918-445e-995a-f6a15e8a5c6c","Descriptor":"System.Security.Principal.WindowsIdentity;S-1-5-21-1389882523-1725124155-1294357522-1597777041-1254975507-190045588-1380347008","SubjectDescriptor":"win.Uy0xLTUtMjEtMTM4OTg4MjUyMy0xNzI1MTI0MTU1LTEyOTQzNTc1MjItMTU5Nzc3NzA0MS0xMjU0OTc1NTA3LTE5MDA0NTU4OC0xMzgwMzQ3MDA4","ProviderDisplayName":"fake-vsd-52f0a13d-bb22-4d64-bae8-a080be073317","IsActive":true,"Members":[],"MemberOf":["Microsoft.TeamFoundation.Identity;S-1-9-1551374245-4119793886-2834581577-2985046343-3005158501-0-0-0-0-1"],"MemberIds":[],"MasterId":"ffffffff-ffff-ffff-ffff-ffffffffffff","Properties":{"$type":"Microsoft.VisualStudio.Services.WebApi.PropertiesCollection, Microsoft.VisualStudio.Services.WebApi","SchemaClassName":{"$type":"System.String","$value":"User"},"Description":{"$type":"System.String","$value":"L2"},"Domain":{"$type":"System.String","$value":"L2"},"Account":{"$type":"System.String","$value":"fake-vsd-52f0a13d-bb22-4d64-bae8-a080be073317"},"DN":{"$type":"System.String","$value":""},"Mail":{"$type":"System.String","$value":"fake-vsd-52f0a13d-bb22-4d64-bae8-a080be073317@someprovider.com"},"SpecialType":{"$type":"System.String","$value":"Generic"},"ComplianceValidated":{"$type":"System.DateTime","$value":"2018-07-03T00:00:00Z"},"DirectoryAlias":{"$type":"System.String","$value":"fake-vsd-52f0a13d-bb22-4d64-bae8-a080be073317"}},"ResourceVersion":2,"MetaTypeId":255}&#xD;
00:00.270  Created User successfully.&#xD;
00:00.270  Client Credentials called.&#xD;
Getting credentials for descriptor 'System.Security.Principal.WindowsIdentity;S-1-5-21-1389882523-1725124155-1294357522-1597777041-1254975507-190045588-1380347008' =&gt; Authorization: Bearer eyJ0eXAiOiJKV1QiLCJhbGciOiJOb25lIn0.eyJuYW1laWQiOiJTLTEtNS0yMS0xMzg5ODgyNTIzLTE3MjUxMjQxNTUtMTI5NDM1NzUyMi0xNTk3Nzc3MDQxLTEyNTQ5NzU1MDctMTkwMDQ1NTg4LTEzODAzNDcwMDgiLCJJZGVudGl0eVR5cGVDbGFpbSI6IlN5c3RlbS5TZWN1cml0eS5QcmluY2lwYWwuV2luZG93c0lkZW50aXR5IiwiaXNzIjoiTDIiLCJhdWQiOiJMMiIsIm5iZiI6MTUzMDU4Nzc0NCwiZXhwIjoyNTM0MDIzMDA4MDB9.&#xD;
00:00.270  Client Credentials received successfully.&#xD;
Getting credentials for descriptor 'System.Security.Principal.WindowsIdentity;S-1-5-21-1389882523-1725124155-1294357522-1597777041-1254975507-190045588-1380347008' =&gt; Authorization: Bearer eyJ0eXAiOiJKV1QiLCJhbGciOiJOb25lIn0.eyJuYW1laWQiOiJTLTEtNS0yMS0xMzg5ODgyNTIzLTE3MjUxMjQxNTUtMTI5NDM1NzUyMi0xNTk3Nzc3MDQxLTEyNTQ5NzU1MDctMTkwMDQ1NTg4LTEzODAzNDcwMDgiLCJJZGVudGl0eVR5cGVDbGFpbSI6IlN5c3RlbS5TZWN1cml0eS5QcmluY2lwYWwuV2luZG93c0lkZW50aXR5IiwiaXNzIjoiTDIiLCJhdWQiOiJMMiIsIm5iZiI6MTUzMDU4Nzc0NCwiZXhwIjoyNTM0MDIzMDA4MDB9.&#xD;
00:00.352  Created new TimeoutScope, 'RefreshWorkItemStoreCache:234@1', for 00:01:00 on thread 16.&#xD;
00:00.352  TimeoutScope, 'Test: TestSuiteDeleteCheckingRevision:231', has been paused after 00:00:00.0951037.&#xD;
00:00.491  TimeoutScope 'RefreshWorkItemStoreCache:234' ended after '00:00:00.1382162'.&#xD;
00:00.491  TimeoutScope, 'Test: TestSuiteDeleteCheckingRevision:231', has been resumed at 00:00:00.0951046.&#xD;
00:01.903  Performing CommonTestBase Cleanup...&#xD;
00:01.903  TimeoutScope 'Test: TestSuiteDeleteCheckingRevision:231' ended after '00:00:01.5072486'.&#xD;
00:03.697  Created new TimeoutScope, 'TestFrameworkTestCleanup:235@0', for 00:00:10 on thread 16.&#xD;
00:03.698  TimeoutScope 'TestFrameworkTestCleanup:235' ended after '00:00:00.0000407'.&#xD;
00:03.698  Test End: 7/2/2018 8:15:46 PM (local) / 7/3/2018 3:15:46 AM (UTC).</StdOut></Output></UnitTestResult><UnitTestResult executionId="a80e3d91-a341-46e5-bb52-84f3e5d3b62b" testId="0e4139e8-61f9-59cd-b189-6bdb185be76e" testName="NestedSuites" computerName="V-NAGAB77931A" duration="00:00:03.6328094" startTime="2018-07-02T20:14:40.1297068-07:00" endTime="2018-07-02T20:14:43.7703690-07:00" testType="13cdc9d9-ddb5-4fa4-a97d-d965ccfc6d4b" outcome="Passed" testListId="8c84fa94-04c1-424b-9868-57a2d4851a1d" relativeResultsDirectory="a80e3d91-a341-46e5-bb52-84f3e5d3b62b"><Output><StdOut>Debug Trace:
00:00.000  Test Start: 7/2/2018 8:14:40 PM (local) / 7/3/2018 3:14:40 AM (UTC)&#xD;
00:00.000  Random Seed for this test: 1896916213&#xD;
00:00.000  Created new TimeoutScope, 'Test: NestedSuites:186@0', for 00:00:30 on thread 16.&#xD;
00:00.000  Created new TimeoutScope, 'TestFrameworkTestInitialize:187@1', for 00:00:10 on thread 16.&#xD;
00:00.000  TimeoutScope, 'Test: NestedSuites:186', has been paused after 00:00:00.0000282.&#xD;
00:00.000  TimeoutScope 'TestFrameworkTestInitialize:187' ended after '00:00:00.0000108'.&#xD;
00:00.000  TimeoutScope, 'Test: NestedSuites:186', has been resumed at 00:00:00.0000289.&#xD;
00:00.000  TagHelper is getting a tag 'Project.PrivateAgileGit' on host 'de108ff5-f4a8-4948-b1ec-3147b31f1465'.&#xD;
00:00.000  TagHelper found cached tag 'Project.PrivateAgileGit' on host 'de108ff5-f4a8-4948-b1ec-3147b31f1465' with value '05e49bc7-ac67-4dc4-b85e-4a41b611b532'.&#xD;
00:00.000  Searching for project '05e49bc7-ac67-4dc4-b85e-4a41b611b532'.&#xD;
00:00.001  Web method running: [http://v-nagab77931a:8080/tfs/46407190-89f3-4e58-9bad-783cbf2637fb_/_apis/projects/05e49bc7-ac67-4dc4-b85e-4a41b611b532?includeHistory=False] (GET)05e49bc7-ac67-4dc4-b85e-4a41b611b532[projects] E2EId: cb8d94db-06d1-4dac-86ea-515950c3c1ba&#xD;
00:00.008  Web method response: [http://v-nagab77931a:8080/tfs/46407190-89f3-4e58-9bad-783cbf2637fb_/_apis/projects/05e49bc7-ac67-4dc4-b85e-4a41b611b532?includeHistory=False] (GET)05e49bc7-ac67-4dc4-b85e-4a41b611b532[projects] E2EId: cb8d94db-06d1-4dac-86ea-515950c3c1ba, ActivityId: 68e95400-022d-4bd6-90df-91127d95539f 7 ms&#xD;
00:00.008  Found matching project 'sdentifies people online. Impllowssy!n8d5e05805548ee6' (05e49bc7-ac67-4dc4-b85e-4a41b611b532).&#xD;
00:00.008  Create User called.&#xD;
00:00.008  IdentityHelperClient.CreateUser called with user properties {"$type":"Vssf.TestFramework.Client.Common.CreateUserProperties, Vssf.TestFramework.Client.Common","EntityType":"User","OriginDirectory":null,"HomeDirectory":null,"TenantId":null,"OriginId":"00000000-0000-0000-0000-000000000000","LocalId":"00000000-0000-0000-0000-000000000000","MasterId":"00000000-0000-0000-0000-000000000000","PrincipalName":null,"DisplayName":null,"Profile":null,"License":4,"LocalGroups":[{"$type":"Vssf.TestFramework.Client.Common.GroupReference, Vssf.TestFramework.Client.Common","Identifier":"S-1-9-1551374245-1204400969-2402986413-2179408616-0-0-0-0-1"}],"LocalPermissions":null,"UserType":0,"CreateUserTranslations":null}&#xD;
00:00.008  Created new TimeoutScope, 'CreateUser:188@1', for 00:00:30 on thread 16.&#xD;
00:00.009  TimeoutScope, 'Test: NestedSuites:186', has been paused after 00:00:00.0086774.&#xD;
00:00.009  IdentityHelperClient.AddMember was called with parameters {"$type":"Vssf.TestFramework.Client.L2.Identity.AddMemberRequest, Vssf.TestFramework.Client.L2","EntityDescriptor":{"$type":"Microsoft.VisualStudio.Services.Directories.DirectoryEntityDescriptor, Microsoft.VisualStudio.Services.WebApi","entityType":"User","originDirectory":null,"localId":null,"originId":null,"invitationMethod":"CreateUser@TeamFoundationServer","createIfNotFound":true},"Profile":null,"License":"Optimal","LocalGroups":["S-1-9-1551374245-1204400969-2402986413-2179408616-0-0-0-0-1"]}&#xD;
00:00.047  Web method running: [http://v-nagab77931a:8080/tfs/46407190-89f3-4e58-9bad-783cbf2637fb_/_apis/Directory/Members?license=Optimal&amp;localGroups=S-1-9-1551374245-1204400969-2402986413-2179408616-0-0-0-0-1&amp;propertiesToReturn=LocalDescriptor] (POST)Members[Directory] E2EId: 7c2664b9-d11e-4c18-9f31-732841a44d83&#xD;
00:00.170  Web method response: [http://v-nagab77931a:8080/tfs/46407190-89f3-4e58-9bad-783cbf2637fb_/_apis/Directory/Members?license=Optimal&amp;localGroups=S-1-9-1551374245-1204400969-2402986413-2179408616-0-0-0-0-1&amp;propertiesToReturn=LocalDescriptor] (POST)Members[Directory] E2EId: 7c2664b9-d11e-4c18-9f31-732841a44d83, ActivityId: 68e95401-022d-4bd6-90df-91127d95539f 123 ms&#xD;
00:00.171  DirectoryHttpClient.AddMemberAsync returned {"$type":"Microsoft.VisualStudio.Services.Directories.DirectoryEntityResult, Microsoft.VisualStudio.Services.WebApi","Entity":{"$type":"Microsoft.VisualStudio.Services.Directories.DirectoryUser, Microsoft.VisualStudio.Services.WebApi","EntityId":"vss.ds.v1.ims.user.32e32777a2ab4664b63f71fd6aff83da","EntityType":"User","OriginDirectory":"vsd","OriginId":"32e32777-a2ab-4664-b63f-71fd6aff83da","LocalDirectory":"vsd","LocalId":"32e32777-a2ab-4664-b63f-71fd6aff83da","principalName":"fake-vsd-7b9bc1a5-69ce-4296-94fd-3984943e89a3","displayName":"fake-vsd-7b9bc1a5-69ce-4296-94fd-3984943e89a3","localDescriptor":"System.Security.Principal.WindowsIdentity;S-1-5-21-1389882523-1725124155-1294357522-869399264-1190280541-405783173-3043529509"},"EntityState":"LocalCreate","Status":"Success"}&#xD;
00:00.243  Web method running: [http://v-nagab77931a:8080/tfs/46407190-89f3-4e58-9bad-783cbf2637fb_/_apis/Identities/32e32777-a2ab-4664-b63f-71fd6aff83da?queryMembership=Direct] (GET)32e32777-a2ab-4664-b63f-71fd6aff83da[Identities] E2EId: 3614b430-5aa8-4579-8e29-f856e9edf674&#xD;
00:00.257  Web method response: [http://v-nagab77931a:8080/tfs/46407190-89f3-4e58-9bad-783cbf2637fb_/_apis/Identities/32e32777-a2ab-4664-b63f-71fd6aff83da?queryMembership=Direct] (GET)32e32777-a2ab-4664-b63f-71fd6aff83da[Identities] E2EId: 3614b430-5aa8-4579-8e29-f856e9edf674, ActivityId: 68e95402-022d-4bd6-90df-91127d95539f 14 ms&#xD;
00:00.257  TimeoutScope 'CreateUser:188' ended after '00:00:00.2488165'.&#xD;
00:00.257  TimeoutScope, 'Test: NestedSuites:186', has been resumed at 00:00:00.0086784.&#xD;
00:00.257  IdentityHelperClient.CreateUser called service and returned {"$type":"Microsoft.VisualStudio.Services.Identity.Identity, Microsoft.VisualStudio.Services.WebApi","Id":"32e32777-a2ab-4664-b63f-71fd6aff83da","Descriptor":"System.Security.Principal.WindowsIdentity;S-1-5-21-1389882523-1725124155-1294357522-869399264-1190280541-405783173-3043529509","SubjectDescriptor":"win.Uy0xLTUtMjEtMTM4OTg4MjUyMy0xNzI1MTI0MTU1LTEyOTQzNTc1MjItODY5Mzk5MjY0LTExOTAyODA1NDEtNDA1NzgzMTczLTMwNDM1Mjk1MDk","ProviderDisplayName":"fake-vsd-7b9bc1a5-69ce-4296-94fd-3984943e89a3","IsActive":true,"Members":[],"MemberOf":["Microsoft.TeamFoundation.Identity;S-1-9-1551374245-4119793886-2834581577-2985046343-3005158501-0-0-0-0-1"],"MemberIds":[],"MasterId":"ffffffff-ffff-ffff-ffff-ffffffffffff","Properties":{"$type":"Microsoft.VisualStudio.Services.WebApi.PropertiesCollection, Microsoft.VisualStudio.Services.WebApi","SchemaClassName":{"$type":"System.String","$value":"User"},"Description":{"$type":"System.String","$value":"L2"},"Domain":{"$type":"System.String","$value":"L2"},"Account":{"$type":"System.String","$value":"fake-vsd-7b9bc1a5-69ce-4296-94fd-3984943e89a3"},"DN":{"$type":"System.String","$value":""},"Mail":{"$type":"System.String","$value":"fake-vsd-7b9bc1a5-69ce-4296-94fd-3984943e89a3@someprovider.com"},"SpecialType":{"$type":"System.String","$value":"Generic"},"ComplianceValidated":{"$type":"System.DateTime","$value":"2018-07-03T00:00:00Z"},"DirectoryAlias":{"$type":"System.String","$value":"fake-vsd-7b9bc1a5-69ce-4296-94fd-3984943e89a3"}},"ResourceVersion":2,"MetaTypeId":255}&#xD;
00:00.257  Created User successfully.&#xD;
00:00.257  Client Credentials called.&#xD;
Getting credentials for descriptor 'System.Security.Principal.WindowsIdentity;S-1-5-21-1389882523-1725124155-1294357522-869399264-1190280541-405783173-3043529509' =&gt; Authorization: Bearer eyJ0eXAiOiJKV1QiLCJhbGciOiJOb25lIn0.eyJuYW1laWQiOiJTLTEtNS0yMS0xMzg5ODgyNTIzLTE3MjUxMjQxNTUtMTI5NDM1NzUyMi04NjkzOTkyNjQtMTE5MDI4MDU0MS00MDU3ODMxNzMtMzA0MzUyOTUwOSIsIklkZW50aXR5VHlwZUNsYWltIjoiU3lzdGVtLlNlY3VyaXR5LlByaW5jaXBhbC5XaW5kb3dzSWRlbnRpdHkiLCJpc3MiOiJMMiIsImF1ZCI6IkwyIiwibmJmIjoxNTMwNTg3NjgwLCJleHAiOjI1MzQwMjMwMDgwMH0.&#xD;
00:00.258  Client Credentials received successfully.&#xD;
Getting credentials for descriptor 'System.Security.Principal.WindowsIdentity;S-1-5-21-1389882523-1725124155-1294357522-869399264-1190280541-405783173-3043529509' =&gt; Authorization: Bearer eyJ0eXAiOiJKV1QiLCJhbGciOiJOb25lIn0.eyJuYW1laWQiOiJTLTEtNS0yMS0xMzg5ODgyNTIzLTE3MjUxMjQxNTUtMTI5NDM1NzUyMi04NjkzOTkyNjQtMTE5MDI4MDU0MS00MDU3ODMxNzMtMzA0MzUyOTUwOSIsIklkZW50aXR5VHlwZUNsYWltIjoiU3lzdGVtLlNlY3VyaXR5LlByaW5jaXBhbC5XaW5kb3dzSWRlbnRpdHkiLCJpc3MiOiJMMiIsImF1ZCI6IkwyIiwibmJmIjoxNTMwNTg3NjgwLCJleHAiOjI1MzQwMjMwMDgwMH0.&#xD;
00:00.346  Created new TimeoutScope, 'RefreshWorkItemStoreCache:189@1', for 00:01:00 on thread 16.&#xD;
00:00.346  TimeoutScope, 'Test: NestedSuites:186', has been paused after 00:00:00.0972967.&#xD;
00:00.464  TimeoutScope 'RefreshWorkItemStoreCache:189' ended after '00:00:00.1182977'.&#xD;
00:00.464  TimeoutScope, 'Test: NestedSuites:186', has been resumed at 00:00:00.0972976.&#xD;
00:01.776  Performing CommonTestBase Cleanup...&#xD;
00:01.776  TimeoutScope 'Test: NestedSuites:186' ended after '00:00:01.4088021'.&#xD;
00:03.632  Created new TimeoutScope, 'TestFrameworkTestCleanup:190@0', for 00:00:10 on thread 16.&#xD;
00:03.632  TimeoutScope 'TestFrameworkTestCleanup:190' ended after '00:00:00.0000646'.&#xD;
00:03.632  Test End: 7/2/2018 8:14:43 PM (local) / 7/3/2018 3:14:43 AM (UTC).</StdOut></Output></UnitTestResult><UnitTestResult executionId="d116cbee-07ed-46a1-8994-1b3360420784" testId="e4f84835-01eb-e75c-515e-8656faaeddd7" testName="DynamicHierarchicalSuiteWithQueryReturningBugsAndTestCases" computerName="V-NAGAB77931A" duration="00:00:04.6088417" startTime="2018-07-02T20:13:58.6869468-07:00" endTime="2018-07-02T20:14:03.2901329-07:00" testType="13cdc9d9-ddb5-4fa4-a97d-d965ccfc6d4b" outcome="Passed" testListId="8c84fa94-04c1-424b-9868-57a2d4851a1d" relativeResultsDirectory="d116cbee-07ed-46a1-8994-1b3360420784"><Output><StdOut>Debug Trace:
00:00.000  Test Start: 7/2/2018 8:13:58 PM (local) / 7/3/2018 3:13:58 AM (UTC)&#xD;
00:00.000  Random Seed for this test: 1482332380&#xD;
00:00.000  Created new TimeoutScope, 'Test: DynamicHierarchicalSuiteWithQueryReturningBugsAndTestCases:121@0', for 00:00:30 on thread 16.&#xD;
00:00.000  Created new TimeoutScope, 'TestFrameworkTestInitialize:122@1', for 00:00:10 on thread 16.&#xD;
00:00.000  TimeoutScope, 'Test: DynamicHierarchicalSuiteWithQueryReturningBugsAndTestCases:121', has been paused after 00:00:00.0000503.&#xD;
00:00.000  TimeoutScope 'TestFrameworkTestInitialize:122' ended after '00:00:00.0000107'.&#xD;
00:00.000  TimeoutScope, 'Test: DynamicHierarchicalSuiteWithQueryReturningBugsAndTestCases:121', has been resumed at 00:00:00.0000509.&#xD;
00:00.000  TagHelper is getting a tag 'Project.PrivateAgileGit' on host 'de108ff5-f4a8-4948-b1ec-3147b31f1465'.&#xD;
00:00.000  TagHelper found cached tag 'Project.PrivateAgileGit' on host 'de108ff5-f4a8-4948-b1ec-3147b31f1465' with value '05e49bc7-ac67-4dc4-b85e-4a41b611b532'.&#xD;
00:00.000  Searching for project '05e49bc7-ac67-4dc4-b85e-4a41b611b532'.&#xD;
00:00.001  Web method running: [http://v-nagab77931a:8080/tfs/46407190-89f3-4e58-9bad-783cbf2637fb_/_apis/projects/05e49bc7-ac67-4dc4-b85e-4a41b611b532?includeHistory=False] (GET)05e49bc7-ac67-4dc4-b85e-4a41b611b532[projects] E2EId: f6cdcefe-9f55-4ed1-8a69-fb8b5d69a66c&#xD;
00:00.008  Web method response: [http://v-nagab77931a:8080/tfs/46407190-89f3-4e58-9bad-783cbf2637fb_/_apis/projects/05e49bc7-ac67-4dc4-b85e-4a41b611b532?includeHistory=False] (GET)05e49bc7-ac67-4dc4-b85e-4a41b611b532[projects] E2EId: f6cdcefe-9f55-4ed1-8a69-fb8b5d69a66c, ActivityId: 68e952f5-022d-4bd6-90df-91127d95539f 7 ms&#xD;
00:00.008  Found matching project 'sdentifies people online. Impllowssy!n8d5e05805548ee6' (05e49bc7-ac67-4dc4-b85e-4a41b611b532).&#xD;
00:00.008  Create User called.&#xD;
00:00.008  IdentityHelperClient.CreateUser called with user properties {"$type":"Vssf.TestFramework.Client.Common.CreateUserProperties, Vssf.TestFramework.Client.Common","EntityType":"User","OriginDirectory":null,"HomeDirectory":null,"TenantId":null,"OriginId":"00000000-0000-0000-0000-000000000000","LocalId":"00000000-0000-0000-0000-000000000000","MasterId":"00000000-0000-0000-0000-000000000000","PrincipalName":null,"DisplayName":null,"Profile":null,"License":4,"LocalGroups":[{"$type":"Vssf.TestFramework.Client.Common.GroupReference, Vssf.TestFramework.Client.Common","Identifier":"S-1-9-1551374245-1204400969-2402986413-2179408616-0-0-0-0-1"}],"LocalPermissions":null,"UserType":0,"CreateUserTranslations":null}&#xD;
00:00.008  Created new TimeoutScope, 'CreateUser:123@1', for 00:00:30 on thread 16.&#xD;
00:00.008  TimeoutScope, 'Test: DynamicHierarchicalSuiteWithQueryReturningBugsAndTestCases:121', has been paused after 00:00:00.0086414.&#xD;
00:00.009  IdentityHelperClient.AddMember was called with parameters {"$type":"Vssf.TestFramework.Client.L2.Identity.AddMemberRequest, Vssf.TestFramework.Client.L2","EntityDescriptor":{"$type":"Microsoft.VisualStudio.Services.Directories.DirectoryEntityDescriptor, Microsoft.VisualStudio.Services.WebApi","entityType":"User","originDirectory":null,"localId":null,"originId":null,"invitationMethod":"CreateUser@TeamFoundationServer","createIfNotFound":true},"Profile":null,"License":"Optimal","LocalGroups":["S-1-9-1551374245-1204400969-2402986413-2179408616-0-0-0-0-1"]}&#xD;
00:00.089  Web method running: [http://v-nagab77931a:8080/tfs/46407190-89f3-4e58-9bad-783cbf2637fb_/_apis/Directory/Members?license=Optimal&amp;localGroups=S-1-9-1551374245-1204400969-2402986413-2179408616-0-0-0-0-1&amp;propertiesToReturn=LocalDescriptor] (POST)Members[Directory] E2EId: e50b5e1f-0747-4369-bb54-c9353be307c5&#xD;
00:00.196  Web method response: [http://v-nagab77931a:8080/tfs/46407190-89f3-4e58-9bad-783cbf2637fb_/_apis/Directory/Members?license=Optimal&amp;localGroups=S-1-9-1551374245-1204400969-2402986413-2179408616-0-0-0-0-1&amp;propertiesToReturn=LocalDescriptor] (POST)Members[Directory] E2EId: e50b5e1f-0747-4369-bb54-c9353be307c5, ActivityId: 68e952f6-022d-4bd6-90df-91127d95539f 106 ms&#xD;
00:00.197  DirectoryHttpClient.AddMemberAsync returned {"$type":"Microsoft.VisualStudio.Services.Directories.DirectoryEntityResult, Microsoft.VisualStudio.Services.WebApi","Entity":{"$type":"Microsoft.VisualStudio.Services.Directories.DirectoryUser, Microsoft.VisualStudio.Services.WebApi","EntityId":"vss.ds.v1.ims.user.16fc8bb110ee493d9cff44e60d054485","EntityType":"User","OriginDirectory":"vsd","OriginId":"16fc8bb1-10ee-493d-9cff-44e60d054485","LocalDirectory":"vsd","LocalId":"16fc8bb1-10ee-493d-9cff-44e60d054485","principalName":"fake-vsd-ec3f6eec-649b-4574-99fb-36ec65ed8b15","displayName":"fake-vsd-ec3f6eec-649b-4574-99fb-36ec65ed8b15","localDescriptor":"System.Security.Principal.WindowsIdentity;S-1-5-21-1389882523-1725124155-1294357522-4065626369-1148929829-1167397520-3957511219"},"EntityState":"LocalCreate","Status":"Success"}&#xD;
00:00.236  Web method running: [http://v-nagab77931a:8080/tfs/46407190-89f3-4e58-9bad-783cbf2637fb_/_apis/Identities/16fc8bb1-10ee-493d-9cff-44e60d054485?queryMembership=Direct] (GET)16fc8bb1-10ee-493d-9cff-44e60d054485[Identities] E2EId: 3728c4fb-c813-4e58-932e-091149d9d5d0&#xD;
00:00.248  Web method response: [http://v-nagab77931a:8080/tfs/46407190-89f3-4e58-9bad-783cbf2637fb_/_apis/Identities/16fc8bb1-10ee-493d-9cff-44e60d054485?queryMembership=Direct] (GET)16fc8bb1-10ee-493d-9cff-44e60d054485[Identities] E2EId: 3728c4fb-c813-4e58-932e-091149d9d5d0, ActivityId: 68e952f7-022d-4bd6-90df-91127d95539f 12 ms&#xD;
00:00.249  TimeoutScope 'CreateUser:123' ended after '00:00:00.2403329'.&#xD;
00:00.249  TimeoutScope, 'Test: DynamicHierarchicalSuiteWithQueryReturningBugsAndTestCases:121', has been resumed at 00:00:00.0086426.&#xD;
00:00.249  IdentityHelperClient.CreateUser called service and returned {"$type":"Microsoft.VisualStudio.Services.Identity.Identity, Microsoft.VisualStudio.Services.WebApi","Id":"16fc8bb1-10ee-493d-9cff-44e60d054485","Descriptor":"System.Security.Principal.WindowsIdentity;S-1-5-21-1389882523-1725124155-1294357522-4065626369-1148929829-1167397520-3957511219","SubjectDescriptor":"win.Uy0xLTUtMjEtMTM4OTg4MjUyMy0xNzI1MTI0MTU1LTEyOTQzNTc1MjItNDA2NTYyNjM2OS0xMTQ4OTI5ODI5LTExNjczOTc1MjAtMzk1NzUxMTIxOQ","ProviderDisplayName":"fake-vsd-ec3f6eec-649b-4574-99fb-36ec65ed8b15","IsActive":true,"Members":[],"MemberOf":["Microsoft.TeamFoundation.Identity;S-1-9-1551374245-4119793886-2834581577-2985046343-3005158501-0-0-0-0-1"],"MemberIds":[],"MasterId":"ffffffff-ffff-ffff-ffff-ffffffffffff","Properties":{"$type":"Microsoft.VisualStudio.Services.WebApi.PropertiesCollection, Microsoft.VisualStudio.Services.WebApi","SchemaClassName":{"$type":"System.String","$value":"User"},"Description":{"$type":"System.String","$value":"L2"},"Domain":{"$type":"System.String","$value":"L2"},"Account":{"$type":"System.String","$value":"fake-vsd-ec3f6eec-649b-4574-99fb-36ec65ed8b15"},"DN":{"$type":"System.String","$value":""},"Mail":{"$type":"System.String","$value":"fake-vsd-ec3f6eec-649b-4574-99fb-36ec65ed8b15@someprovider.com"},"SpecialType":{"$type":"System.String","$value":"Generic"},"ComplianceValidated":{"$type":"System.DateTime","$value":"2018-07-03T00:00:00Z"},"DirectoryAlias":{"$type":"System.String","$value":"fake-vsd-ec3f6eec-649b-4574-99fb-36ec65ed8b15"}},"ResourceVersion":2,"MetaTypeId":255}&#xD;
00:00.249  Created User successfully.&#xD;
00:00.249  Client Credentials called.&#xD;
Getting credentials for descriptor 'System.Security.Principal.WindowsIdentity;S-1-5-21-1389882523-1725124155-1294357522-4065626369-1148929829-1167397520-3957511219' =&gt; Authorization: Bearer eyJ0eXAiOiJKV1QiLCJhbGciOiJOb25lIn0.eyJuYW1laWQiOiJTLTEtNS0yMS0xMzg5ODgyNTIzLTE3MjUxMjQxNTUtMTI5NDM1NzUyMi00MDY1NjI2MzY5LTExNDg5Mjk4MjktMTE2NzM5NzUyMC0zOTU3NTExMjE5IiwiSWRlbnRpdHlUeXBlQ2xhaW0iOiJTeXN0ZW0uU2VjdXJpdHkuUHJpbmNpcGFsLldpbmRvd3NJZGVudGl0eSIsImlzcyI6IkwyIiwiYXVkIjoiTDIiLCJuYmYiOjE1MzA1ODc2MzksImV4cCI6MjUzNDAyMzAwODAwfQ.&#xD;
00:00.249  Client Credentials received successfully.&#xD;
Getting credentials for descriptor 'System.Security.Principal.WindowsIdentity;S-1-5-21-1389882523-1725124155-1294357522-4065626369-1148929829-1167397520-3957511219' =&gt; Authorization: Bearer eyJ0eXAiOiJKV1QiLCJhbGciOiJOb25lIn0.eyJuYW1laWQiOiJTLTEtNS0yMS0xMzg5ODgyNTIzLTE3MjUxMjQxNTUtMTI5NDM1NzUyMi00MDY1NjI2MzY5LTExNDg5Mjk4MjktMTE2NzM5NzUyMC0zOTU3NTExMjE5IiwiSWRlbnRpdHlUeXBlQ2xhaW0iOiJTeXN0ZW0uU2VjdXJpdHkuUHJpbmNpcGFsLldpbmRvd3NJZGVudGl0eSIsImlzcyI6IkwyIiwiYXVkIjoiTDIiLCJuYmYiOjE1MzA1ODc2MzksImV4cCI6MjUzNDAyMzAwODAwfQ.&#xD;
00:00.332  Created new TimeoutScope, 'RefreshWorkItemStoreCache:124@1', for 00:01:00 on thread 16.&#xD;
00:00.332  TimeoutScope, 'Test: DynamicHierarchicalSuiteWithQueryReturningBugsAndTestCases:121', has been paused after 00:00:00.0917455.&#xD;
00:00.446  TimeoutScope 'RefreshWorkItemStoreCache:124' ended after '00:00:00.1140631'.&#xD;
00:00.446  TimeoutScope, 'Test: DynamicHierarchicalSuiteWithQueryReturningBugsAndTestCases:121', has been resumed at 00:00:00.0917463.&#xD;
00:02.607  Performing CommonTestBase Cleanup...&#xD;
00:02.607  TimeoutScope 'Test: DynamicHierarchicalSuiteWithQueryReturningBugsAndTestCases:121' ended after '00:00:02.2529993'.&#xD;
00:04.608  Created new TimeoutScope, 'TestFrameworkTestCleanup:125@0', for 00:00:10 on thread 16.&#xD;
00:04.608  TimeoutScope 'TestFrameworkTestCleanup:125' ended after '00:00:00.0000477'.&#xD;
00:04.608  Test End: 7/2/2018 8:14:03 PM (local) / 7/3/2018 3:14:03 AM (UTC).</StdOut></Output></UnitTestResult><UnitTestResult executionId="db0d8669-7c54-4d0d-a77d-0e27e0f3f0b7" testId="18a3a438-4fd5-6eb4-8077-9afee3bc226e" testName="SuiteRefreshInDisparateUpdate" computerName="V-NAGAB77931A" duration="00:00:02.9520653" startTime="2018-07-02T20:13:29.2451440-07:00" endTime="2018-07-02T20:13:32.1821375-07:00" testType="13cdc9d9-ddb5-4fa4-a97d-d965ccfc6d4b" outcome="Passed" testListId="8c84fa94-04c1-424b-9868-57a2d4851a1d" relativeResultsDirectory="db0d8669-7c54-4d0d-a77d-0e27e0f3f0b7"><Output><StdOut>Debug Trace:
00:00.000  Test Start: 7/2/2018 8:13:29 PM (local) / 7/3/2018 3:13:29 AM (UTC)&#xD;
00:00.000  Random Seed for this test: 1187914352&#xD;
00:00.000  Created new TimeoutScope, 'Test: SuiteRefreshInDisparateUpdate:81@0', for 00:00:30 on thread 16.&#xD;
00:00.000  Created new TimeoutScope, 'TestFrameworkTestInitialize:82@1', for 00:00:10 on thread 16.&#xD;
00:00.000  TimeoutScope, 'Test: SuiteRefreshInDisparateUpdate:81', has been paused after 00:00:00.0000263.&#xD;
00:00.000  TimeoutScope 'TestFrameworkTestInitialize:82' ended after '00:00:00.0000122'.&#xD;
00:00.000  TimeoutScope, 'Test: SuiteRefreshInDisparateUpdate:81', has been resumed at 00:00:00.0000269.&#xD;
00:00.000  TagHelper is getting a tag 'Project.PrivateAgileGit' on host 'de108ff5-f4a8-4948-b1ec-3147b31f1465'.&#xD;
00:00.000  TagHelper found cached tag 'Project.PrivateAgileGit' on host 'de108ff5-f4a8-4948-b1ec-3147b31f1465' with value '05e49bc7-ac67-4dc4-b85e-4a41b611b532'.&#xD;
00:00.000  Searching for project '05e49bc7-ac67-4dc4-b85e-4a41b611b532'.&#xD;
00:00.001  Web method running: [http://v-nagab77931a:8080/tfs/46407190-89f3-4e58-9bad-783cbf2637fb_/_apis/projects/05e49bc7-ac67-4dc4-b85e-4a41b611b532?includeHistory=False] (GET)05e49bc7-ac67-4dc4-b85e-4a41b611b532[projects] E2EId: e53d93bb-f0e3-41f3-a59b-8bf536125828&#xD;
00:00.010  Web method response: [http://v-nagab77931a:8080/tfs/46407190-89f3-4e58-9bad-783cbf2637fb_/_apis/projects/05e49bc7-ac67-4dc4-b85e-4a41b611b532?includeHistory=False] (GET)05e49bc7-ac67-4dc4-b85e-4a41b611b532[projects] E2EId: e53d93bb-f0e3-41f3-a59b-8bf536125828, ActivityId: 68e9533b-022d-4bd6-90df-91127d95539f 9 ms&#xD;
00:00.010  Found matching project 'sdentifies people online. Impllowssy!n8d5e05805548ee6' (05e49bc7-ac67-4dc4-b85e-4a41b611b532).&#xD;
00:00.010  Create User called.&#xD;
00:00.010  IdentityHelperClient.CreateUser called with user properties {"$type":"Vssf.TestFramework.Client.Common.CreateUserProperties, Vssf.TestFramework.Client.Common","EntityType":"User","OriginDirectory":null,"HomeDirectory":null,"TenantId":null,"OriginId":"00000000-0000-0000-0000-000000000000","LocalId":"00000000-0000-0000-0000-000000000000","MasterId":"00000000-0000-0000-0000-000000000000","PrincipalName":null,"DisplayName":null,"Profile":null,"License":4,"LocalGroups":[{"$type":"Vssf.TestFramework.Client.Common.GroupReference, Vssf.TestFramework.Client.Common","Identifier":"S-1-9-1551374245-1204400969-2402986413-2179408616-0-0-0-0-1"}],"LocalPermissions":null,"UserType":0,"CreateUserTranslations":null}&#xD;
00:00.010  Created new TimeoutScope, 'CreateUser:83@1', for 00:00:30 on thread 16.&#xD;
00:00.010  TimeoutScope, 'Test: SuiteRefreshInDisparateUpdate:81', has been paused after 00:00:00.0105753.&#xD;
00:00.011  IdentityHelperClient.AddMember was called with parameters {"$type":"Vssf.TestFramework.Client.L2.Identity.AddMemberRequest, Vssf.TestFramework.Client.L2","EntityDescriptor":{"$type":"Microsoft.VisualStudio.Services.Directories.DirectoryEntityDescriptor, Microsoft.VisualStudio.Services.WebApi","entityType":"User","originDirectory":null,"localId":null,"originId":null,"invitationMethod":"CreateUser@TeamFoundationServer","createIfNotFound":true},"Profile":null,"License":"Optimal","LocalGroups":["S-1-9-1551374245-1204400969-2402986413-2179408616-0-0-0-0-1"]}&#xD;
00:00.083  Web method running: [http://v-nagab77931a:8080/tfs/46407190-89f3-4e58-9bad-783cbf2637fb_/_apis/Directory/Members?license=Optimal&amp;localGroups=S-1-9-1551374245-1204400969-2402986413-2179408616-0-0-0-0-1&amp;propertiesToReturn=LocalDescriptor] (POST)Members[Directory] E2EId: 35018652-6446-458a-a751-fcd29e41848e&#xD;
00:00.201  Web method response: [http://v-nagab77931a:8080/tfs/46407190-89f3-4e58-9bad-783cbf2637fb_/_apis/Directory/Members?license=Optimal&amp;localGroups=S-1-9-1551374245-1204400969-2402986413-2179408616-0-0-0-0-1&amp;propertiesToReturn=LocalDescriptor] (POST)Members[Directory] E2EId: 35018652-6446-458a-a751-fcd29e41848e, ActivityId: 68e9533c-022d-4bd6-90df-91127d95539f 117 ms&#xD;
00:00.202  DirectoryHttpClient.AddMemberAsync returned {"$type":"Microsoft.VisualStudio.Services.Directories.DirectoryEntityResult, Microsoft.VisualStudio.Services.WebApi","Entity":{"$type":"Microsoft.VisualStudio.Services.Directories.DirectoryUser, Microsoft.VisualStudio.Services.WebApi","EntityId":"vss.ds.v1.ims.user.ae07a79288f34118b05a4b1063ba242a","EntityType":"User","OriginDirectory":"vsd","OriginId":"ae07a792-88f3-4118-b05a-4b1063ba242a","LocalDirectory":"vsd","LocalId":"ae07a792-88f3-4118-b05a-4b1063ba242a","principalName":"fake-vsd-09b1874d-9321-49b6-9c37-5b16703cea57","displayName":"fake-vsd-09b1874d-9321-49b6-9c37-5b16703cea57","localDescriptor":"System.Security.Principal.WindowsIdentity;S-1-5-21-1389882523-1725124155-1294357522-531861936-1086105863-3547835779-2424530671"},"EntityState":"LocalCreate","Status":"Success"}&#xD;
00:00.240  Web method running: [http://v-nagab77931a:8080/tfs/46407190-89f3-4e58-9bad-783cbf2637fb_/_apis/Identities/ae07a792-88f3-4118-b05a-4b1063ba242a?queryMembership=Direct] (GET)ae07a792-88f3-4118-b05a-4b1063ba242a[Identities] E2EId: 009d6acd-b6be-4137-8765-4b03b11d32b9&#xD;
00:00.253  Web method response: [http://v-nagab77931a:8080/tfs/46407190-89f3-4e58-9bad-783cbf2637fb_/_apis/Identities/ae07a792-88f3-4118-b05a-4b1063ba242a?queryMembership=Direct] (GET)ae07a792-88f3-4118-b05a-4b1063ba242a[Identities] E2EId: 009d6acd-b6be-4137-8765-4b03b11d32b9, ActivityId: 68e9533d-022d-4bd6-90df-91127d95539f 13 ms&#xD;
00:00.253  TimeoutScope 'CreateUser:83' ended after '00:00:00.2427493'.&#xD;
00:00.253  TimeoutScope, 'Test: SuiteRefreshInDisparateUpdate:81', has been resumed at 00:00:00.0105764.&#xD;
00:00.253  IdentityHelperClient.CreateUser called service and returned {"$type":"Microsoft.VisualStudio.Services.Identity.Identity, Microsoft.VisualStudio.Services.WebApi","Id":"ae07a792-88f3-4118-b05a-4b1063ba242a","Descriptor":"System.Security.Principal.WindowsIdentity;S-1-5-21-1389882523-1725124155-1294357522-531861936-1086105863-3547835779-2424530671","SubjectDescriptor":"win.Uy0xLTUtMjEtMTM4OTg4MjUyMy0xNzI1MTI0MTU1LTEyOTQzNTc1MjItNTMxODYxOTM2LTEwODYxMDU4NjMtMzU0NzgzNTc3OS0yNDI0NTMwNjcx","ProviderDisplayName":"fake-vsd-09b1874d-9321-49b6-9c37-5b16703cea57","IsActive":true,"Members":[],"MemberOf":["Microsoft.TeamFoundation.Identity;S-1-9-1551374245-4119793886-2834581577-2985046343-3005158501-0-0-0-0-1"],"MemberIds":[],"MasterId":"ffffffff-ffff-ffff-ffff-ffffffffffff","Properties":{"$type":"Microsoft.VisualStudio.Services.WebApi.PropertiesCollection, Microsoft.VisualStudio.Services.WebApi","SchemaClassName":{"$type":"System.String","$value":"User"},"Description":{"$type":"System.String","$value":"L2"},"Domain":{"$type":"System.String","$value":"L2"},"Account":{"$type":"System.String","$value":"fake-vsd-09b1874d-9321-49b6-9c37-5b16703cea57"},"DN":{"$type":"System.String","$value":""},"Mail":{"$type":"System.String","$value":"fake-vsd-09b1874d-9321-49b6-9c37-5b16703cea57@someprovider.com"},"SpecialType":{"$type":"System.String","$value":"Generic"},"ComplianceValidated":{"$type":"System.DateTime","$value":"2018-07-03T00:00:00Z"},"DirectoryAlias":{"$type":"System.String","$value":"fake-vsd-09b1874d-9321-49b6-9c37-5b16703cea57"}},"ResourceVersion":2,"MetaTypeId":255}&#xD;
00:00.253  Created User successfully.&#xD;
00:00.253  Client Credentials called.&#xD;
Getting credentials for descriptor 'System.Security.Principal.WindowsIdentity;S-1-5-21-1389882523-1725124155-1294357522-531861936-1086105863-3547835779-2424530671' =&gt; Authorization: Bearer eyJ0eXAiOiJKV1QiLCJhbGciOiJOb25lIn0.eyJuYW1laWQiOiJTLTEtNS0yMS0xMzg5ODgyNTIzLTE3MjUxMjQxNTUtMTI5NDM1NzUyMi01MzE4NjE5MzYtMTA4NjEwNTg2My0zNTQ3ODM1Nzc5LTI0MjQ1MzA2NzEiLCJJZGVudGl0eVR5cGVDbGFpbSI6IlN5c3RlbS5TZWN1cml0eS5QcmluY2lwYWwuV2luZG93c0lkZW50aXR5IiwiaXNzIjoiTDIiLCJhdWQiOiJMMiIsIm5iZiI6MTUzMDU4NzYwOSwiZXhwIjoyNTM0MDIzMDA4MDB9.&#xD;
00:00.253  Client Credentials received successfully.&#xD;
Getting credentials for descriptor 'System.Security.Principal.WindowsIdentity;S-1-5-21-1389882523-1725124155-1294357522-531861936-1086105863-3547835779-2424530671' =&gt; Authorization: Bearer eyJ0eXAiOiJKV1QiLCJhbGciOiJOb25lIn0.eyJuYW1laWQiOiJTLTEtNS0yMS0xMzg5ODgyNTIzLTE3MjUxMjQxNTUtMTI5NDM1NzUyMi01MzE4NjE5MzYtMTA4NjEwNTg2My0zNTQ3ODM1Nzc5LTI0MjQ1MzA2NzEiLCJJZGVudGl0eVR5cGVDbGFpbSI6IlN5c3RlbS5TZWN1cml0eS5QcmluY2lwYWwuV2luZG93c0lkZW50aXR5IiwiaXNzIjoiTDIiLCJhdWQiOiJMMiIsIm5iZiI6MTUzMDU4NzYwOSwiZXhwIjoyNTM0MDIzMDA4MDB9.&#xD;
00:00.335  Created new TimeoutScope, 'RefreshWorkItemStoreCache:84@1', for 00:01:00 on thread 16.&#xD;
00:00.335  TimeoutScope, 'Test: SuiteRefreshInDisparateUpdate:81', has been paused after 00:00:00.0924845.&#xD;
00:00.444  TimeoutScope 'RefreshWorkItemStoreCache:84' ended after '00:00:00.1088352'.&#xD;
00:00.444  TimeoutScope, 'Test: SuiteRefreshInDisparateUpdate:81', has been resumed at 00:00:00.0924853.&#xD;
00:01.846  Performing CommonTestBase Cleanup...&#xD;
00:01.846  TimeoutScope 'Test: SuiteRefreshInDisparateUpdate:81' ended after '00:00:01.4944792'.&#xD;
00:02.951  Created new TimeoutScope, 'TestFrameworkTestCleanup:85@0', for 00:00:10 on thread 16.&#xD;
00:02.952  TimeoutScope 'TestFrameworkTestCleanup:85' ended after '00:00:00.0000465'.&#xD;
00:02.952  Test End: 7/2/2018 8:13:32 PM (local) / 7/3/2018 3:13:32 AM (UTC).</StdOut></Output></UnitTestResult><UnitTestResult executionId="3517fdda-39c4-4547-bf04-111d0a62ed67" testId="efe40946-9872-fd54-1d1c-6fab503f703b" testName="StaticSuiteEntries" computerName="V-NAGAB77931A" duration="00:00:02.8454146" startTime="2018-07-02T20:14:21.9363623-07:00" endTime="2018-07-02T20:14:24.7801637-07:00" testType="13cdc9d9-ddb5-4fa4-a97d-d965ccfc6d4b" outcome="Passed" testListId="8c84fa94-04c1-424b-9868-57a2d4851a1d" relativeResultsDirectory="3517fdda-39c4-4547-bf04-111d0a62ed67"><Output><StdOut>Debug Trace:
00:00.000  Test Start: 7/2/2018 8:14:21 PM (local) / 7/3/2018 3:14:21 AM (UTC)&#xD;
00:00.000  Random Seed for this test: 1714826535&#xD;
00:00.000  Created new TimeoutScope, 'Test: StaticSuiteEntries:151@0', for 00:00:30 on thread 16.&#xD;
00:00.000  Created new TimeoutScope, 'TestFrameworkTestInitialize:152@1', for 00:00:10 on thread 16.&#xD;
00:00.000  TimeoutScope, 'Test: StaticSuiteEntries:151', has been paused after 00:00:00.0000443.&#xD;
00:00.000  TimeoutScope 'TestFrameworkTestInitialize:152' ended after '00:00:00.0000106'.&#xD;
00:00.000  TimeoutScope, 'Test: StaticSuiteEntries:151', has been resumed at 00:00:00.0000449.&#xD;
00:00.000  TagHelper is getting a tag 'Project.PrivateAgileGit' on host 'de108ff5-f4a8-4948-b1ec-3147b31f1465'.&#xD;
00:00.000  TagHelper found cached tag 'Project.PrivateAgileGit' on host 'de108ff5-f4a8-4948-b1ec-3147b31f1465' with value '05e49bc7-ac67-4dc4-b85e-4a41b611b532'.&#xD;
00:00.000  Searching for project '05e49bc7-ac67-4dc4-b85e-4a41b611b532'.&#xD;
00:00.001  Web method running: [http://v-nagab77931a:8080/tfs/46407190-89f3-4e58-9bad-783cbf2637fb_/_apis/projects/05e49bc7-ac67-4dc4-b85e-4a41b611b532?includeHistory=False] (GET)05e49bc7-ac67-4dc4-b85e-4a41b611b532[projects] E2EId: aef0c84f-ec10-4efe-9323-815cf8e35d79&#xD;
00:00.007  Web method response: [http://v-nagab77931a:8080/tfs/46407190-89f3-4e58-9bad-783cbf2637fb_/_apis/projects/05e49bc7-ac67-4dc4-b85e-4a41b611b532?includeHistory=False] (GET)05e49bc7-ac67-4dc4-b85e-4a41b611b532[projects] E2EId: aef0c84f-ec10-4efe-9323-815cf8e35d79, ActivityId: 68e95500-022d-4bd6-90df-91127d95539f 6 ms&#xD;
00:00.008  Found matching project 'sdentifies people online. Impllowssy!n8d5e05805548ee6' (05e49bc7-ac67-4dc4-b85e-4a41b611b532).&#xD;
00:00.008  Create User called.&#xD;
00:00.008  IdentityHelperClient.CreateUser called with user properties {"$type":"Vssf.TestFramework.Client.Common.CreateUserProperties, Vssf.TestFramework.Client.Common","EntityType":"User","OriginDirectory":null,"HomeDirectory":null,"TenantId":null,"OriginId":"00000000-0000-0000-0000-000000000000","LocalId":"00000000-0000-0000-0000-000000000000","MasterId":"00000000-0000-0000-0000-000000000000","PrincipalName":null,"DisplayName":null,"Profile":null,"License":4,"LocalGroups":[{"$type":"Vssf.TestFramework.Client.Common.GroupReference, Vssf.TestFramework.Client.Common","Identifier":"S-1-9-1551374245-1204400969-2402986413-2179408616-0-0-0-0-1"}],"LocalPermissions":null,"UserType":0,"CreateUserTranslations":null}&#xD;
00:00.008  Created new TimeoutScope, 'CreateUser:153@1', for 00:00:30 on thread 16.&#xD;
00:00.008  TimeoutScope, 'Test: StaticSuiteEntries:151', has been paused after 00:00:00.0081966.&#xD;
00:00.008  IdentityHelperClient.AddMember was called with parameters {"$type":"Vssf.TestFramework.Client.L2.Identity.AddMemberRequest, Vssf.TestFramework.Client.L2","EntityDescriptor":{"$type":"Microsoft.VisualStudio.Services.Directories.DirectoryEntityDescriptor, Microsoft.VisualStudio.Services.WebApi","entityType":"User","originDirectory":null,"localId":null,"originId":null,"invitationMethod":"CreateUser@TeamFoundationServer","createIfNotFound":true},"Profile":null,"License":"Optimal","LocalGroups":["S-1-9-1551374245-1204400969-2402986413-2179408616-0-0-0-0-1"]}&#xD;
00:00.046  Web method running: [http://v-nagab77931a:8080/tfs/46407190-89f3-4e58-9bad-783cbf2637fb_/_apis/Directory/Members?license=Optimal&amp;localGroups=S-1-9-1551374245-1204400969-2402986413-2179408616-0-0-0-0-1&amp;propertiesToReturn=LocalDescriptor] (POST)Members[Directory] E2EId: 6374a51a-49a2-447a-b368-db5083963ceb&#xD;
00:00.187  Web method response: [http://v-nagab77931a:8080/tfs/46407190-89f3-4e58-9bad-783cbf2637fb_/_apis/Directory/Members?license=Optimal&amp;localGroups=S-1-9-1551374245-1204400969-2402986413-2179408616-0-0-0-0-1&amp;propertiesToReturn=LocalDescriptor] (POST)Members[Directory] E2EId: 6374a51a-49a2-447a-b368-db5083963ceb, ActivityId: 68e95501-022d-4bd6-90df-91127d95539f 140 ms&#xD;
00:00.187  DirectoryHttpClient.AddMemberAsync returned {"$type":"Microsoft.VisualStudio.Services.Directories.DirectoryEntityResult, Microsoft.VisualStudio.Services.WebApi","Entity":{"$type":"Microsoft.VisualStudio.Services.Directories.DirectoryUser, Microsoft.VisualStudio.Services.WebApi","EntityId":"vss.ds.v1.ims.user.f585893016b1426393dca92e99a596ec","EntityType":"User","OriginDirectory":"vsd","OriginId":"f5858930-16b1-4263-93dc-a92e99a596ec","LocalDirectory":"vsd","LocalId":"f5858930-16b1-4263-93dc-a92e99a596ec","principalName":"fake-vsd-a9c35f71-0826-4ade-9808-a5ffaf6e3824","displayName":"fake-vsd-a9c35f71-0826-4ade-9808-a5ffaf6e3824","localDescriptor":"System.Security.Principal.WindowsIdentity;S-1-5-21-1389882523-1725124155-1294357522-1057631558-1311021039-2912807853-4062068595"},"EntityState":"LocalCreate","Status":"Success"}&#xD;
00:00.264  Web method running: [http://v-nagab77931a:8080/tfs/46407190-89f3-4e58-9bad-783cbf2637fb_/_apis/Identities/f5858930-16b1-4263-93dc-a92e99a596ec?queryMembership=Direct] (GET)f5858930-16b1-4263-93dc-a92e99a596ec[Identities] E2EId: 3071852b-632c-45b3-90ea-fffcccbe5d4c&#xD;
00:00.277  Web method response: [http://v-nagab77931a:8080/tfs/46407190-89f3-4e58-9bad-783cbf2637fb_/_apis/Identities/f5858930-16b1-4263-93dc-a92e99a596ec?queryMembership=Direct] (GET)f5858930-16b1-4263-93dc-a92e99a596ec[Identities] E2EId: 3071852b-632c-45b3-90ea-fffcccbe5d4c, ActivityId: 68e95502-022d-4bd6-90df-91127d95539f 13 ms&#xD;
00:00.278  TimeoutScope 'CreateUser:153' ended after '00:00:00.2696311'.&#xD;
00:00.278  TimeoutScope, 'Test: StaticSuiteEntries:151', has been resumed at 00:00:00.0081975.&#xD;
00:00.278  IdentityHelperClient.CreateUser called service and returned {"$type":"Microsoft.VisualStudio.Services.Identity.Identity, Microsoft.VisualStudio.Services.WebApi","Id":"f5858930-16b1-4263-93dc-a92e99a596ec","Descriptor":"System.Security.Principal.WindowsIdentity;S-1-5-21-1389882523-1725124155-1294357522-1057631558-1311021039-2912807853-4062068595","SubjectDescriptor":"win.Uy0xLTUtMjEtMTM4OTg4MjUyMy0xNzI1MTI0MTU1LTEyOTQzNTc1MjItMTA1NzYzMTU1OC0xMzExMDIxMDM5LTI5MTI4MDc4NTMtNDA2MjA2ODU5NQ","ProviderDisplayName":"fake-vsd-a9c35f71-0826-4ade-9808-a5ffaf6e3824","IsActive":true,"Members":[],"MemberOf":["Microsoft.TeamFoundation.Identity;S-1-9-1551374245-4119793886-2834581577-2985046343-3005158501-0-0-0-0-1"],"MemberIds":[],"MasterId":"ffffffff-ffff-ffff-ffff-ffffffffffff","Properties":{"$type":"Microsoft.VisualStudio.Services.WebApi.PropertiesCollection, Microsoft.VisualStudio.Services.WebApi","SchemaClassName":{"$type":"System.String","$value":"User"},"Description":{"$type":"System.String","$value":"L2"},"Domain":{"$type":"System.String","$value":"L2"},"Account":{"$type":"System.String","$value":"fake-vsd-a9c35f71-0826-4ade-9808-a5ffaf6e3824"},"DN":{"$type":"System.String","$value":""},"Mail":{"$type":"System.String","$value":"fake-vsd-a9c35f71-0826-4ade-9808-a5ffaf6e3824@someprovider.com"},"SpecialType":{"$type":"System.String","$value":"Generic"},"ComplianceValidated":{"$type":"System.DateTime","$value":"2018-07-03T00:00:00Z"},"DirectoryAlias":{"$type":"System.String","$value":"fake-vsd-a9c35f71-0826-4ade-9808-a5ffaf6e3824"}},"ResourceVersion":2,"MetaTypeId":255}&#xD;
00:00.278  Created User successfully.&#xD;
00:00.278  Client Credentials called.&#xD;
Getting credentials for descriptor 'System.Security.Principal.WindowsIdentity;S-1-5-21-1389882523-1725124155-1294357522-1057631558-1311021039-2912807853-4062068595' =&gt; Authorization: Bearer eyJ0eXAiOiJKV1QiLCJhbGciOiJOb25lIn0.eyJuYW1laWQiOiJTLTEtNS0yMS0xMzg5ODgyNTIzLTE3MjUxMjQxNTUtMTI5NDM1NzUyMi0xMDU3NjMxNTU4LTEzMTEwMjEwMzktMjkxMjgwNzg1My00MDYyMDY4NTk1IiwiSWRlbnRpdHlUeXBlQ2xhaW0iOiJTeXN0ZW0uU2VjdXJpdHkuUHJpbmNpcGFsLldpbmRvd3NJZGVudGl0eSIsImlzcyI6IkwyIiwiYXVkIjoiTDIiLCJuYmYiOjE1MzA1ODc2NjIsImV4cCI6MjUzNDAyMzAwODAwfQ.&#xD;
00:00.278  Client Credentials received successfully.&#xD;
Getting credentials for descriptor 'System.Security.Principal.WindowsIdentity;S-1-5-21-1389882523-1725124155-1294357522-1057631558-1311021039-2912807853-4062068595' =&gt; Authorization: Bearer eyJ0eXAiOiJKV1QiLCJhbGciOiJOb25lIn0.eyJuYW1laWQiOiJTLTEtNS0yMS0xMzg5ODgyNTIzLTE3MjUxMjQxNTUtMTI5NDM1NzUyMi0xMDU3NjMxNTU4LTEzMTEwMjEwMzktMjkxMjgwNzg1My00MDYyMDY4NTk1IiwiSWRlbnRpdHlUeXBlQ2xhaW0iOiJTeXN0ZW0uU2VjdXJpdHkuUHJpbmNpcGFsLldpbmRvd3NJZGVudGl0eSIsImlzcyI6IkwyIiwiYXVkIjoiTDIiLCJuYmYiOjE1MzA1ODc2NjIsImV4cCI6MjUzNDAyMzAwODAwfQ.&#xD;
00:00.355  Created new TimeoutScope, 'RefreshWorkItemStoreCache:154@1', for 00:01:00 on thread 16.&#xD;
00:00.355  TimeoutScope, 'Test: StaticSuiteEntries:151', has been paused after 00:00:00.0853445.&#xD;
00:00.469  TimeoutScope 'RefreshWorkItemStoreCache:154' ended after '00:00:00.1144684'.&#xD;
00:00.469  TimeoutScope, 'Test: StaticSuiteEntries:151', has been resumed at 00:00:00.0853455.&#xD;
00:02.059  Performing CommonTestBase Cleanup...&#xD;
00:02.059  TimeoutScope 'Test: StaticSuiteEntries:151' ended after '00:00:01.6748504'.&#xD;
00:02.845  Created new TimeoutScope, 'TestFrameworkTestCleanup:155@0', for 00:00:10 on thread 16.&#xD;
00:02.845  TimeoutScope 'TestFrameworkTestCleanup:155' ended after '00:00:00.0000714'.&#xD;
00:02.845  Test End: 7/2/2018 8:14:24 PM (local) / 7/3/2018 3:14:24 AM (UTC).</StdOut></Output></UnitTestResult><UnitTestResult executionId="bd39db2b-7811-46f6-abe7-40caa7a01f11" testId="a772556d-25d1-5723-2662-abee54c10cd6" testName="TcmFeedback" computerName="V-NAGAB77931A" duration="00:00:01.4373618" startTime="2018-07-02T20:16:14.3666163-07:00" endTime="2018-07-02T20:16:15.8041158-07:00" testType="13cdc9d9-ddb5-4fa4-a97d-d965ccfc6d4b" outcome="Passed" testListId="8c84fa94-04c1-424b-9868-57a2d4851a1d" relativeResultsDirectory="bd39db2b-7811-46f6-abe7-40caa7a01f11"><Output><StdOut>Debug Trace:
00:00.000  Test Start: 7/2/2018 8:16:14 PM (local) / 7/3/2018 3:16:14 AM (UTC)&#xD;
00:00.000  Random Seed for this test: -1455838221&#xD;
00:00.000  Created new TimeoutScope, 'Test: TcmFeedback:266@0', for 00:01:00 on thread 16.&#xD;
00:00.000  Created new TimeoutScope, 'TestFrameworkTestInitialize:267@1', for 00:00:10 on thread 16.&#xD;
00:00.000  TimeoutScope, 'Test: TcmFeedback:266', has been paused after 00:00:00.0000313.&#xD;
00:00.000  TimeoutScope 'TestFrameworkTestInitialize:267' ended after '00:00:00.0000102'.&#xD;
00:00.000  TimeoutScope, 'Test: TcmFeedback:266', has been resumed at 00:00:00.0000319.&#xD;
00:00.001  TagHelper is getting a tag 'Project.PrivateAgileGit' on host 'de108ff5-f4a8-4948-b1ec-3147b31f1465'.&#xD;
00:00.001  TagHelper found cached tag 'Project.PrivateAgileGit' on host 'de108ff5-f4a8-4948-b1ec-3147b31f1465' with value '05e49bc7-ac67-4dc4-b85e-4a41b611b532'.&#xD;
00:00.001  Searching for project '05e49bc7-ac67-4dc4-b85e-4a41b611b532'.&#xD;
00:00.001  Web method running: [http://v-nagab77931a:8080/tfs/46407190-89f3-4e58-9bad-783cbf2637fb_/_apis/projects/05e49bc7-ac67-4dc4-b85e-4a41b611b532?includeHistory=False] (GET)05e49bc7-ac67-4dc4-b85e-4a41b611b532[projects] E2EId: 59a47918-3519-499e-9d38-33d27d7f45cf&#xD;
00:00.009  Web method response: [http://v-nagab77931a:8080/tfs/46407190-89f3-4e58-9bad-783cbf2637fb_/_apis/projects/05e49bc7-ac67-4dc4-b85e-4a41b611b532?includeHistory=False] (GET)05e49bc7-ac67-4dc4-b85e-4a41b611b532[projects] E2EId: 59a47918-3519-499e-9d38-33d27d7f45cf, ActivityId: 68e956ee-022d-4bd6-90df-91127d95539f 7 ms&#xD;
00:00.009  Found matching project 'sdentifies people online. Impllowssy!n8d5e05805548ee6' (05e49bc7-ac67-4dc4-b85e-4a41b611b532).&#xD;
00:00.009  Create User called.&#xD;
00:00.009  IdentityHelperClient.CreateUser called with user properties {"$type":"Vssf.TestFramework.Client.Common.CreateUserProperties, Vssf.TestFramework.Client.Common","EntityType":"User","OriginDirectory":null,"HomeDirectory":null,"TenantId":null,"OriginId":"00000000-0000-0000-0000-000000000000","LocalId":"00000000-0000-0000-0000-000000000000","MasterId":"00000000-0000-0000-0000-000000000000","PrincipalName":null,"DisplayName":null,"Profile":null,"License":4,"LocalGroups":[{"$type":"Vssf.TestFramework.Client.Common.GroupReference, Vssf.TestFramework.Client.Common","Identifier":"S-1-9-1551374245-1204400969-2402986413-2179408616-0-0-0-0-1"}],"LocalPermissions":null,"UserType":0,"CreateUserTranslations":null}&#xD;
00:00.009  Created new TimeoutScope, 'CreateUser:268@1', for 00:00:30 on thread 16.&#xD;
00:00.009  TimeoutScope, 'Test: TcmFeedback:266', has been paused after 00:00:00.0094311.&#xD;
00:00.009  IdentityHelperClient.AddMember was called with parameters {"$type":"Vssf.TestFramework.Client.L2.Identity.AddMemberRequest, Vssf.TestFramework.Client.L2","EntityDescriptor":{"$type":"Microsoft.VisualStudio.Services.Directories.DirectoryEntityDescriptor, Microsoft.VisualStudio.Services.WebApi","entityType":"User","originDirectory":null,"localId":null,"originId":null,"invitationMethod":"CreateUser@TeamFoundationServer","createIfNotFound":true},"Profile":null,"License":"Optimal","LocalGroups":["S-1-9-1551374245-1204400969-2402986413-2179408616-0-0-0-0-1"]}&#xD;
00:00.056  Web method running: [http://v-nagab77931a:8080/tfs/46407190-89f3-4e58-9bad-783cbf2637fb_/_apis/Directory/Members?license=Optimal&amp;localGroups=S-1-9-1551374245-1204400969-2402986413-2179408616-0-0-0-0-1&amp;propertiesToReturn=LocalDescriptor] (POST)Members[Directory] E2EId: 57644382-8054-4940-9195-8b6e0577527a&#xD;
00:00.341  Web method response: [http://v-nagab77931a:8080/tfs/46407190-89f3-4e58-9bad-783cbf2637fb_/_apis/Directory/Members?license=Optimal&amp;localGroups=S-1-9-1551374245-1204400969-2402986413-2179408616-0-0-0-0-1&amp;propertiesToReturn=LocalDescriptor] (POST)Members[Directory] E2EId: 57644382-8054-4940-9195-8b6e0577527a, ActivityId: 68e956ef-022d-4bd6-90df-91127d95539f 284 ms&#xD;
00:00.341  DirectoryHttpClient.AddMemberAsync returned {"$type":"Microsoft.VisualStudio.Services.Directories.DirectoryEntityResult, Microsoft.VisualStudio.Services.WebApi","Entity":{"$type":"Microsoft.VisualStudio.Services.Directories.DirectoryUser, Microsoft.VisualStudio.Services.WebApi","EntityId":"vss.ds.v1.ims.user.40e021c64fa74d8090918bcf4e8b3e97","EntityType":"User","OriginDirectory":"vsd","OriginId":"40e021c6-4fa7-4d80-9091-8bcf4e8b3e97","LocalDirectory":"vsd","LocalId":"40e021c6-4fa7-4d80-9091-8bcf4e8b3e97","principalName":"fake-vsd-691a6560-1731-49dc-8d9a-6250e01840d1","displayName":"fake-vsd-691a6560-1731-49dc-8d9a-6250e01840d1","localDescriptor":"System.Security.Principal.WindowsIdentity;S-1-5-21-1389882523-1725124155-1294357522-3241202950-1243827900-1387821489-900220620"},"EntityState":"LocalCreate","Status":"Success"}&#xD;
00:00.377  Web method running: [http://v-nagab77931a:8080/tfs/46407190-89f3-4e58-9bad-783cbf2637fb_/_apis/Identities/40e021c6-4fa7-4d80-9091-8bcf4e8b3e97?queryMembership=Direct] (GET)40e021c6-4fa7-4d80-9091-8bcf4e8b3e97[Identities] E2EId: 8b374461-a08d-470b-aa84-ec3361e15ffc&#xD;
00:00.391  Web method response: [http://v-nagab77931a:8080/tfs/46407190-89f3-4e58-9bad-783cbf2637fb_/_apis/Identities/40e021c6-4fa7-4d80-9091-8bcf4e8b3e97?queryMembership=Direct] (GET)40e021c6-4fa7-4d80-9091-8bcf4e8b3e97[Identities] E2EId: 8b374461-a08d-470b-aa84-ec3361e15ffc, ActivityId: 68e956d0-022d-4bd6-90df-91127d95539f 13 ms&#xD;
00:00.391  TimeoutScope 'CreateUser:268' ended after '00:00:00.3820291'.&#xD;
00:00.391  TimeoutScope, 'Test: TcmFeedback:266', has been resumed at 00:00:00.0094321.&#xD;
00:00.391  IdentityHelperClient.CreateUser called service and returned {"$type":"Microsoft.VisualStudio.Services.Identity.Identity, Microsoft.VisualStudio.Services.WebApi","Id":"40e021c6-4fa7-4d80-9091-8bcf4e8b3e97","Descriptor":"System.Security.Principal.WindowsIdentity;S-1-5-21-1389882523-1725124155-1294357522-3241202950-1243827900-1387821489-900220620","SubjectDescriptor":"win.Uy0xLTUtMjEtMTM4OTg4MjUyMy0xNzI1MTI0MTU1LTEyOTQzNTc1MjItMzI0MTIwMjk1MC0xMjQzODI3OTAwLTEzODc4MjE0ODktOTAwMjIwNjIw","ProviderDisplayName":"fake-vsd-691a6560-1731-49dc-8d9a-6250e01840d1","IsActive":true,"Members":[],"MemberOf":["Microsoft.TeamFoundation.Identity;S-1-9-1551374245-4119793886-2834581577-2985046343-3005158501-0-0-0-0-1"],"MemberIds":[],"MasterId":"ffffffff-ffff-ffff-ffff-ffffffffffff","Properties":{"$type":"Microsoft.VisualStudio.Services.WebApi.PropertiesCollection, Microsoft.VisualStudio.Services.WebApi","SchemaClassName":{"$type":"System.String","$value":"User"},"Description":{"$type":"System.String","$value":"L2"},"Domain":{"$type":"System.String","$value":"L2"},"Account":{"$type":"System.String","$value":"fake-vsd-691a6560-1731-49dc-8d9a-6250e01840d1"},"DN":{"$type":"System.String","$value":""},"Mail":{"$type":"System.String","$value":"fake-vsd-691a6560-1731-49dc-8d9a-6250e01840d1@someprovider.com"},"SpecialType":{"$type":"System.String","$value":"Generic"},"ComplianceValidated":{"$type":"System.DateTime","$value":"2018-07-03T00:00:00Z"},"DirectoryAlias":{"$type":"System.String","$value":"fake-vsd-691a6560-1731-49dc-8d9a-6250e01840d1"}},"ResourceVersion":2,"MetaTypeId":255}&#xD;
00:00.391  Created User successfully.&#xD;
00:00.391  Client Credentials called.&#xD;
Getting credentials for descriptor 'System.Security.Principal.WindowsIdentity;S-1-5-21-1389882523-1725124155-1294357522-3241202950-1243827900-1387821489-900220620' =&gt; Authorization: Bearer eyJ0eXAiOiJKV1QiLCJhbGciOiJOb25lIn0.eyJuYW1laWQiOiJTLTEtNS0yMS0xMzg5ODgyNTIzLTE3MjUxMjQxNTUtMTI5NDM1NzUyMi0zMjQxMjAyOTUwLTEyNDM4Mjc5MDAtMTM4NzgyMTQ4OS05MDAyMjA2MjAiLCJJZGVudGl0eVR5cGVDbGFpbSI6IlN5c3RlbS5TZWN1cml0eS5QcmluY2lwYWwuV2luZG93c0lkZW50aXR5IiwiaXNzIjoiTDIiLCJhdWQiOiJMMiIsIm5iZiI6MTUzMDU4Nzc3NSwiZXhwIjoyNTM0MDIzMDA4MDB9.&#xD;
00:00.392  Client Credentials received successfully.&#xD;
Getting credentials for descriptor 'System.Security.Principal.WindowsIdentity;S-1-5-21-1389882523-1725124155-1294357522-3241202950-1243827900-1387821489-900220620' =&gt; Authorization: Bearer eyJ0eXAiOiJKV1QiLCJhbGciOiJOb25lIn0.eyJuYW1laWQiOiJTLTEtNS0yMS0xMzg5ODgyNTIzLTE3MjUxMjQxNTUtMTI5NDM1NzUyMi0zMjQxMjAyOTUwLTEyNDM4Mjc5MDAtMTM4NzgyMTQ4OS05MDAyMjA2MjAiLCJJZGVudGl0eVR5cGVDbGFpbSI6IlN5c3RlbS5TZWN1cml0eS5QcmluY2lwYWwuV2luZG93c0lkZW50aXR5IiwiaXNzIjoiTDIiLCJhdWQiOiJMMiIsIm5iZiI6MTUzMDU4Nzc3NSwiZXhwIjoyNTM0MDIzMDA4MDB9.&#xD;
00:00.472  Created new TimeoutScope, 'RefreshWorkItemStoreCache:269@1', for 00:01:00 on thread 16.&#xD;
00:00.472  TimeoutScope, 'Test: TcmFeedback:266', has been paused after 00:00:00.0903237.&#xD;
00:00.593  TimeoutScope 'RefreshWorkItemStoreCache:269' ended after '00:00:00.1206069'.&#xD;
00:00.593  TimeoutScope, 'Test: TcmFeedback:266', has been resumed at 00:00:00.0903247.&#xD;
00:00.598  Adding a feedbackRequest&#xD;
00:00.670  Adding a feedbackResponse&#xD;
00:00.673  Adding a Reverse link from FeedbackResponse To FeedBackRequest &#xD;
00:00.966  Adding attachment in FeedbackResponse &#xD;
00:01.336  Verifying FeedbackRequest&#xD;
00:01.389  Verifying FeedbackResponse&#xD;
00:01.437  Performing CommonTestBase Cleanup...&#xD;
00:01.437  TimeoutScope 'Test: TcmFeedback:266' ended after '00:00:00.9342269'.&#xD;
00:01.437  Created new TimeoutScope, 'TestFrameworkTestCleanup:270@0', for 00:00:10 on thread 16.&#xD;
00:01.437  TimeoutScope 'TestFrameworkTestCleanup:270' ended after '00:00:00.0000375'.&#xD;
00:01.437  Test End: 7/2/2018 8:16:15 PM (local) / 7/3/2018 3:16:15 AM (UTC).</StdOut></Output></UnitTestResult><UnitTestResult executionId="20989c22-de0b-4960-a9b0-9df8cf146920" testId="c6c18ecb-c51f-2bb2-547b-200e667ae060" testName="DynamicSuiteNoRepopulate" computerName="V-NAGAB77931A" duration="00:00:03.4911128" startTime="2018-07-02T20:14:08.5093437-07:00" endTime="2018-07-02T20:14:11.9945102-07:00" testType="13cdc9d9-ddb5-4fa4-a97d-d965ccfc6d4b" outcome="Passed" testListId="8c84fa94-04c1-424b-9868-57a2d4851a1d" relativeResultsDirectory="20989c22-de0b-4960-a9b0-9df8cf146920"><Output><StdOut>Debug Trace:
00:00.000  Test Start: 7/2/2018 8:14:08 PM (local) / 7/3/2018 3:14:08 AM (UTC)&#xD;
00:00.000  Random Seed for this test: 1580556349&#xD;
00:00.000  Created new TimeoutScope, 'Test: DynamicSuiteNoRepopulate:131@0', for 00:00:30 on thread 16.&#xD;
00:00.000  Created new TimeoutScope, 'TestFrameworkTestInitialize:132@1', for 00:00:10 on thread 16.&#xD;
00:00.000  TimeoutScope, 'Test: DynamicSuiteNoRepopulate:131', has been paused after 00:00:00.0000293.&#xD;
00:00.000  TimeoutScope 'TestFrameworkTestInitialize:132' ended after '00:00:00.0000110'.&#xD;
00:00.000  TimeoutScope, 'Test: DynamicSuiteNoRepopulate:131', has been resumed at 00:00:00.0000300.&#xD;
00:00.000  TagHelper is getting a tag 'Project.PrivateAgileGit' on host 'de108ff5-f4a8-4948-b1ec-3147b31f1465'.&#xD;
00:00.000  TagHelper found cached tag 'Project.PrivateAgileGit' on host 'de108ff5-f4a8-4948-b1ec-3147b31f1465' with value '05e49bc7-ac67-4dc4-b85e-4a41b611b532'.&#xD;
00:00.000  Searching for project '05e49bc7-ac67-4dc4-b85e-4a41b611b532'.&#xD;
00:00.001  Web method running: [http://v-nagab77931a:8080/tfs/46407190-89f3-4e58-9bad-783cbf2637fb_/_apis/projects/05e49bc7-ac67-4dc4-b85e-4a41b611b532?includeHistory=False] (GET)05e49bc7-ac67-4dc4-b85e-4a41b611b532[projects] E2EId: 5c0f5815-92bd-47dd-b9ba-8d573f81446a&#xD;
00:00.010  Web method response: [http://v-nagab77931a:8080/tfs/46407190-89f3-4e58-9bad-783cbf2637fb_/_apis/projects/05e49bc7-ac67-4dc4-b85e-4a41b611b532?includeHistory=False] (GET)05e49bc7-ac67-4dc4-b85e-4a41b611b532[projects] E2EId: 5c0f5815-92bd-47dd-b9ba-8d573f81446a, ActivityId: 68e95282-022d-4bd6-90df-91127d95539f 9 ms&#xD;
00:00.010  Found matching project 'sdentifies people online. Impllowssy!n8d5e05805548ee6' (05e49bc7-ac67-4dc4-b85e-4a41b611b532).&#xD;
00:00.010  Create User called.&#xD;
00:00.011  IdentityHelperClient.CreateUser called with user properties {"$type":"Vssf.TestFramework.Client.Common.CreateUserProperties, Vssf.TestFramework.Client.Common","EntityType":"User","OriginDirectory":null,"HomeDirectory":null,"TenantId":null,"OriginId":"00000000-0000-0000-0000-000000000000","LocalId":"00000000-0000-0000-0000-000000000000","MasterId":"00000000-0000-0000-0000-000000000000","PrincipalName":null,"DisplayName":null,"Profile":null,"License":4,"LocalGroups":[{"$type":"Vssf.TestFramework.Client.Common.GroupReference, Vssf.TestFramework.Client.Common","Identifier":"S-1-9-1551374245-1204400969-2402986413-2179408616-0-0-0-0-1"}],"LocalPermissions":null,"UserType":0,"CreateUserTranslations":null}&#xD;
00:00.011  Created new TimeoutScope, 'CreateUser:133@1', for 00:00:30 on thread 16.&#xD;
00:00.011  TimeoutScope, 'Test: DynamicSuiteNoRepopulate:131', has been paused after 00:00:00.0107633.&#xD;
00:00.011  IdentityHelperClient.AddMember was called with parameters {"$type":"Vssf.TestFramework.Client.L2.Identity.AddMemberRequest, Vssf.TestFramework.Client.L2","EntityDescriptor":{"$type":"Microsoft.VisualStudio.Services.Directories.DirectoryEntityDescriptor, Microsoft.VisualStudio.Services.WebApi","entityType":"User","originDirectory":null,"localId":null,"originId":null,"invitationMethod":"CreateUser@TeamFoundationServer","createIfNotFound":true},"Profile":null,"License":"Optimal","LocalGroups":["S-1-9-1551374245-1204400969-2402986413-2179408616-0-0-0-0-1"]}&#xD;
00:00.091  Web method running: [http://v-nagab77931a:8080/tfs/46407190-89f3-4e58-9bad-783cbf2637fb_/_apis/Directory/Members?license=Optimal&amp;localGroups=S-1-9-1551374245-1204400969-2402986413-2179408616-0-0-0-0-1&amp;propertiesToReturn=LocalDescriptor] (POST)Members[Directory] E2EId: cdb7d416-aeee-419b-b04a-6007b965302a&#xD;
00:00.245  Web method response: [http://v-nagab77931a:8080/tfs/46407190-89f3-4e58-9bad-783cbf2637fb_/_apis/Directory/Members?license=Optimal&amp;localGroups=S-1-9-1551374245-1204400969-2402986413-2179408616-0-0-0-0-1&amp;propertiesToReturn=LocalDescriptor] (POST)Members[Directory] E2EId: cdb7d416-aeee-419b-b04a-6007b965302a, ActivityId: 68e95283-022d-4bd6-90df-91127d95539f 154 ms&#xD;
00:00.246  DirectoryHttpClient.AddMemberAsync returned {"$type":"Microsoft.VisualStudio.Services.Directories.DirectoryEntityResult, Microsoft.VisualStudio.Services.WebApi","Entity":{"$type":"Microsoft.VisualStudio.Services.Directories.DirectoryUser, Microsoft.VisualStudio.Services.WebApi","EntityId":"vss.ds.v1.ims.user.f12c873b58244c1aac516894bde1c3dd","EntityType":"User","OriginDirectory":"vsd","OriginId":"f12c873b-5824-4c1a-ac51-6894bde1c3dd","LocalDirectory":"vsd","LocalId":"f12c873b-5824-4c1a-ac51-6894bde1c3dd","principalName":"fake-vsd-2a02a201-3f7b-4136-9e83-a5bd0d6f199d","displayName":"fake-vsd-2a02a201-3f7b-4136-9e83-a5bd0d6f199d","localDescriptor":"System.Security.Principal.WindowsIdentity;S-1-5-21-1389882523-1725124155-1294357522-207143718-1312020246-256510611-135114964"},"EntityState":"LocalCreate","Status":"Success"}&#xD;
00:00.282  Web method running: [http://v-nagab77931a:8080/tfs/46407190-89f3-4e58-9bad-783cbf2637fb_/_apis/Identities/f12c873b-5824-4c1a-ac51-6894bde1c3dd?queryMembership=Direct] (GET)f12c873b-5824-4c1a-ac51-6894bde1c3dd[Identities] E2EId: ca70c69c-6615-4be6-bd12-21869aba980f&#xD;
00:00.296  Web method response: [http://v-nagab77931a:8080/tfs/46407190-89f3-4e58-9bad-783cbf2637fb_/_apis/Identities/f12c873b-5824-4c1a-ac51-6894bde1c3dd?queryMembership=Direct] (GET)f12c873b-5824-4c1a-ac51-6894bde1c3dd[Identities] E2EId: ca70c69c-6615-4be6-bd12-21869aba980f, ActivityId: 68e95284-022d-4bd6-90df-91127d95539f 13 ms&#xD;
00:00.296  TimeoutScope 'CreateUser:133' ended after '00:00:00.2857482'.&#xD;
00:00.296  TimeoutScope, 'Test: DynamicSuiteNoRepopulate:131', has been resumed at 00:00:00.0107643.&#xD;
00:00.296  IdentityHelperClient.CreateUser called service and returned {"$type":"Microsoft.VisualStudio.Services.Identity.Identity, Microsoft.VisualStudio.Services.WebApi","Id":"f12c873b-5824-4c1a-ac51-6894bde1c3dd","Descriptor":"System.Security.Principal.WindowsIdentity;S-1-5-21-1389882523-1725124155-1294357522-207143718-1312020246-256510611-135114964","SubjectDescriptor":"win.Uy0xLTUtMjEtMTM4OTg4MjUyMy0xNzI1MTI0MTU1LTEyOTQzNTc1MjItMjA3MTQzNzE4LTEzMTIwMjAyNDYtMjU2NTEwNjExLTEzNTExNDk2NA","ProviderDisplayName":"fake-vsd-2a02a201-3f7b-4136-9e83-a5bd0d6f199d","IsActive":true,"Members":[],"MemberOf":["Microsoft.TeamFoundation.Identity;S-1-9-1551374245-4119793886-2834581577-2985046343-3005158501-0-0-0-0-1"],"MemberIds":[],"MasterId":"ffffffff-ffff-ffff-ffff-ffffffffffff","Properties":{"$type":"Microsoft.VisualStudio.Services.WebApi.PropertiesCollection, Microsoft.VisualStudio.Services.WebApi","SchemaClassName":{"$type":"System.String","$value":"User"},"Description":{"$type":"System.String","$value":"L2"},"Domain":{"$type":"System.String","$value":"L2"},"Account":{"$type":"System.String","$value":"fake-vsd-2a02a201-3f7b-4136-9e83-a5bd0d6f199d"},"DN":{"$type":"System.String","$value":""},"Mail":{"$type":"System.String","$value":"fake-vsd-2a02a201-3f7b-4136-9e83-a5bd0d6f199d@someprovider.com"},"SpecialType":{"$type":"System.String","$value":"Generic"},"ComplianceValidated":{"$type":"System.DateTime","$value":"2018-07-03T00:00:00Z"},"DirectoryAlias":{"$type":"System.String","$value":"fake-vsd-2a02a201-3f7b-4136-9e83-a5bd0d6f199d"}},"ResourceVersion":2,"MetaTypeId":255}&#xD;
00:00.296  Created User successfully.&#xD;
00:00.296  Client Credentials called.&#xD;
Getting credentials for descriptor 'System.Security.Principal.WindowsIdentity;S-1-5-21-1389882523-1725124155-1294357522-207143718-1312020246-256510611-135114964' =&gt; Authorization: Bearer eyJ0eXAiOiJKV1QiLCJhbGciOiJOb25lIn0.eyJuYW1laWQiOiJTLTEtNS0yMS0xMzg5ODgyNTIzLTE3MjUxMjQxNTUtMTI5NDM1NzUyMi0yMDcxNDM3MTgtMTMxMjAyMDI0Ni0yNTY1MTA2MTEtMTM1MTE0OTY0IiwiSWRlbnRpdHlUeXBlQ2xhaW0iOiJTeXN0ZW0uU2VjdXJpdHkuUHJpbmNpcGFsLldpbmRvd3NJZGVudGl0eSIsImlzcyI6IkwyIiwiYXVkIjoiTDIiLCJuYmYiOjE1MzA1ODc2NDksImV4cCI6MjUzNDAyMzAwODAwfQ.&#xD;
00:00.297  Client Credentials received successfully.&#xD;
Getting credentials for descriptor 'System.Security.Principal.WindowsIdentity;S-1-5-21-1389882523-1725124155-1294357522-207143718-1312020246-256510611-135114964' =&gt; Authorization: Bearer eyJ0eXAiOiJKV1QiLCJhbGciOiJOb25lIn0.eyJuYW1laWQiOiJTLTEtNS0yMS0xMzg5ODgyNTIzLTE3MjUxMjQxNTUtMTI5NDM1NzUyMi0yMDcxNDM3MTgtMTMxMjAyMDI0Ni0yNTY1MTA2MTEtMTM1MTE0OTY0IiwiSWRlbnRpdHlUeXBlQ2xhaW0iOiJTeXN0ZW0uU2VjdXJpdHkuUHJpbmNpcGFsLldpbmRvd3NJZGVudGl0eSIsImlzcyI6IkwyIiwiYXVkIjoiTDIiLCJuYmYiOjE1MzA1ODc2NDksImV4cCI6MjUzNDAyMzAwODAwfQ.&#xD;
00:00.409  Created new TimeoutScope, 'RefreshWorkItemStoreCache:134@1', for 00:01:00 on thread 16.&#xD;
00:00.409  TimeoutScope, 'Test: DynamicSuiteNoRepopulate:131', has been paused after 00:00:00.1238307.&#xD;
00:00.529  TimeoutScope 'RefreshWorkItemStoreCache:134' ended after '00:00:00.1190890'.&#xD;
00:00.529  TimeoutScope, 'Test: DynamicSuiteNoRepopulate:131', has been resumed at 00:00:00.1238317.&#xD;
00:02.040  Performing CommonTestBase Cleanup...&#xD;
00:02.040  TimeoutScope 'Test: DynamicSuiteNoRepopulate:131' ended after '00:00:01.6351988'.&#xD;
00:03.490  Created new TimeoutScope, 'TestFrameworkTestCleanup:135@0', for 00:00:10 on thread 16.&#xD;
00:03.491  TimeoutScope 'TestFrameworkTestCleanup:135' ended after '00:00:00.0000388'.&#xD;
00:03.491  Test End: 7/2/2018 8:14:11 PM (local) / 7/3/2018 3:14:11 AM (UTC).</StdOut></Output></UnitTestResult><UnitTestResult executionId="6cb487fc-6606-495b-a867-50acb7aeff0e" testId="33fa5a02-52de-7791-e3fd-cdf8aa9d0717" testName="StaticSuiteDelete" computerName="V-NAGAB77931A" duration="00:00:02.3863707" startTime="2018-07-02T20:13:39.2662631-07:00" endTime="2018-07-02T20:13:41.6617371-07:00" testType="13cdc9d9-ddb5-4fa4-a97d-d965ccfc6d4b" outcome="Passed" testListId="8c84fa94-04c1-424b-9868-57a2d4851a1d" relativeResultsDirectory="6cb487fc-6606-495b-a867-50acb7aeff0e"><Output><StdOut>Parent audit: Removed these test suites: 106&#xD;
&#xD;


Debug Trace:
00:00.000  Test Start: 7/2/2018 8:13:39 PM (local) / 7/3/2018 3:13:39 AM (UTC)&#xD;
00:00.000  Random Seed for this test: 1288125543&#xD;
00:00.000  Created new TimeoutScope, 'Test: StaticSuiteDelete:96@0', for 00:00:30 on thread 16.&#xD;
00:00.000  Created new TimeoutScope, 'TestFrameworkTestInitialize:97@1', for 00:00:10 on thread 16.&#xD;
00:00.000  TimeoutScope, 'Test: StaticSuiteDelete:96', has been paused after 00:00:00.0000276.&#xD;
00:00.000  TimeoutScope 'TestFrameworkTestInitialize:97' ended after '00:00:00.0000108'.&#xD;
00:00.000  TimeoutScope, 'Test: StaticSuiteDelete:96', has been resumed at 00:00:00.0000283.&#xD;
00:00.000  TagHelper is getting a tag 'Project.PrivateAgileGit' on host 'de108ff5-f4a8-4948-b1ec-3147b31f1465'.&#xD;
00:00.000  TagHelper found cached tag 'Project.PrivateAgileGit' on host 'de108ff5-f4a8-4948-b1ec-3147b31f1465' with value '05e49bc7-ac67-4dc4-b85e-4a41b611b532'.&#xD;
00:00.000  Searching for project '05e49bc7-ac67-4dc4-b85e-4a41b611b532'.&#xD;
00:00.001  Web method running: [http://v-nagab77931a:8080/tfs/46407190-89f3-4e58-9bad-783cbf2637fb_/_apis/projects/05e49bc7-ac67-4dc4-b85e-4a41b611b532?includeHistory=False] (GET)05e49bc7-ac67-4dc4-b85e-4a41b611b532[projects] E2EId: 24371cf8-c924-4906-94d0-29793e45b4db&#xD;
00:00.007  Web method response: [http://v-nagab77931a:8080/tfs/46407190-89f3-4e58-9bad-783cbf2637fb_/_apis/projects/05e49bc7-ac67-4dc4-b85e-4a41b611b532?includeHistory=False] (GET)05e49bc7-ac67-4dc4-b85e-4a41b611b532[projects] E2EId: 24371cf8-c924-4906-94d0-29793e45b4db, ActivityId: 68e953b4-022d-4bd6-90df-91127d95539f 6 ms&#xD;
00:00.008  Found matching project 'sdentifies people online. Impllowssy!n8d5e05805548ee6' (05e49bc7-ac67-4dc4-b85e-4a41b611b532).&#xD;
00:00.008  Create User called.&#xD;
00:00.008  IdentityHelperClient.CreateUser called with user properties {"$type":"Vssf.TestFramework.Client.Common.CreateUserProperties, Vssf.TestFramework.Client.Common","EntityType":"User","OriginDirectory":null,"HomeDirectory":null,"TenantId":null,"OriginId":"00000000-0000-0000-0000-000000000000","LocalId":"00000000-0000-0000-0000-000000000000","MasterId":"00000000-0000-0000-0000-000000000000","PrincipalName":null,"DisplayName":null,"Profile":null,"License":4,"LocalGroups":[{"$type":"Vssf.TestFramework.Client.Common.GroupReference, Vssf.TestFramework.Client.Common","Identifier":"S-1-9-1551374245-1204400969-2402986413-2179408616-0-0-0-0-1"}],"LocalPermissions":null,"UserType":0,"CreateUserTranslations":null}&#xD;
00:00.008  Created new TimeoutScope, 'CreateUser:98@1', for 00:00:30 on thread 16.&#xD;
00:00.008  TimeoutScope, 'Test: StaticSuiteDelete:96', has been paused after 00:00:00.0081163.&#xD;
00:00.008  IdentityHelperClient.AddMember was called with parameters {"$type":"Vssf.TestFramework.Client.L2.Identity.AddMemberRequest, Vssf.TestFramework.Client.L2","EntityDescriptor":{"$type":"Microsoft.VisualStudio.Services.Directories.DirectoryEntityDescriptor, Microsoft.VisualStudio.Services.WebApi","entityType":"User","originDirectory":null,"localId":null,"originId":null,"invitationMethod":"CreateUser@TeamFoundationServer","createIfNotFound":true},"Profile":null,"License":"Optimal","LocalGroups":["S-1-9-1551374245-1204400969-2402986413-2179408616-0-0-0-0-1"]}&#xD;
00:00.090  Web method running: [http://v-nagab77931a:8080/tfs/46407190-89f3-4e58-9bad-783cbf2637fb_/_apis/Directory/Members?license=Optimal&amp;localGroups=S-1-9-1551374245-1204400969-2402986413-2179408616-0-0-0-0-1&amp;propertiesToReturn=LocalDescriptor] (POST)Members[Directory] E2EId: 203b63a3-215e-4d35-9338-3cbfa820051b&#xD;
00:00.200  Web method response: [http://v-nagab77931a:8080/tfs/46407190-89f3-4e58-9bad-783cbf2637fb_/_apis/Directory/Members?license=Optimal&amp;localGroups=S-1-9-1551374245-1204400969-2402986413-2179408616-0-0-0-0-1&amp;propertiesToReturn=LocalDescriptor] (POST)Members[Directory] E2EId: 203b63a3-215e-4d35-9338-3cbfa820051b, ActivityId: 68e953b5-022d-4bd6-90df-91127d95539f 109 ms&#xD;
00:00.200  DirectoryHttpClient.AddMemberAsync returned {"$type":"Microsoft.VisualStudio.Services.Directories.DirectoryEntityResult, Microsoft.VisualStudio.Services.WebApi","Entity":{"$type":"Microsoft.VisualStudio.Services.Directories.DirectoryUser, Microsoft.VisualStudio.Services.WebApi","EntityId":"vss.ds.v1.ims.user.f2ca957a13bf4760888875501096e92d","EntityType":"User","OriginDirectory":"vsd","OriginId":"f2ca957a-13bf-4760-8888-75501096e92d","LocalDirectory":"vsd","LocalId":"f2ca957a-13bf-4760-8888-75501096e92d","principalName":"fake-vsd-1ca908af-eada-4616-9efe-cb9b38ec594b","displayName":"fake-vsd-1ca908af-eada-4616-9efe-cb9b38ec594b","localDescriptor":"System.Security.Principal.WindowsIdentity;S-1-5-21-1389882523-1725124155-1294357522-808308615-1270753314-490016414-3869253692"},"EntityState":"LocalCreate","Status":"Success"}&#xD;
00:00.237  Web method running: [http://v-nagab77931a:8080/tfs/46407190-89f3-4e58-9bad-783cbf2637fb_/_apis/Identities/f2ca957a-13bf-4760-8888-75501096e92d?queryMembership=Direct] (GET)f2ca957a-13bf-4760-8888-75501096e92d[Identities] E2EId: 85ab0a8f-6a03-4673-beec-92dad0913a21&#xD;
00:00.249  Web method response: [http://v-nagab77931a:8080/tfs/46407190-89f3-4e58-9bad-783cbf2637fb_/_apis/Identities/f2ca957a-13bf-4760-8888-75501096e92d?queryMembership=Direct] (GET)f2ca957a-13bf-4760-8888-75501096e92d[Identities] E2EId: 85ab0a8f-6a03-4673-beec-92dad0913a21, ActivityId: 68e953b6-022d-4bd6-90df-91127d95539f 12 ms&#xD;
00:00.250  TimeoutScope 'CreateUser:98' ended after '00:00:00.2415778'.&#xD;
00:00.250  TimeoutScope, 'Test: StaticSuiteDelete:96', has been resumed at 00:00:00.0081173.&#xD;
00:00.250  IdentityHelperClient.CreateUser called service and returned {"$type":"Microsoft.VisualStudio.Services.Identity.Identity, Microsoft.VisualStudio.Services.WebApi","Id":"f2ca957a-13bf-4760-8888-75501096e92d","Descriptor":"System.Security.Principal.WindowsIdentity;S-1-5-21-1389882523-1725124155-1294357522-808308615-1270753314-490016414-3869253692","SubjectDescriptor":"win.Uy0xLTUtMjEtMTM4OTg4MjUyMy0xNzI1MTI0MTU1LTEyOTQzNTc1MjItODA4MzA4NjE1LTEyNzA3NTMzMTQtNDkwMDE2NDE0LTM4NjkyNTM2OTI","ProviderDisplayName":"fake-vsd-1ca908af-eada-4616-9efe-cb9b38ec594b","IsActive":true,"Members":[],"MemberOf":["Microsoft.TeamFoundation.Identity;S-1-9-1551374245-4119793886-2834581577-2985046343-3005158501-0-0-0-0-1"],"MemberIds":[],"MasterId":"ffffffff-ffff-ffff-ffff-ffffffffffff","Properties":{"$type":"Microsoft.VisualStudio.Services.WebApi.PropertiesCollection, Microsoft.VisualStudio.Services.WebApi","SchemaClassName":{"$type":"System.String","$value":"User"},"Description":{"$type":"System.String","$value":"L2"},"Domain":{"$type":"System.String","$value":"L2"},"Account":{"$type":"System.String","$value":"fake-vsd-1ca908af-eada-4616-9efe-cb9b38ec594b"},"DN":{"$type":"System.String","$value":""},"Mail":{"$type":"System.String","$value":"fake-vsd-1ca908af-eada-4616-9efe-cb9b38ec594b@someprovider.com"},"SpecialType":{"$type":"System.String","$value":"Generic"},"ComplianceValidated":{"$type":"System.DateTime","$value":"2018-07-03T00:00:00Z"},"DirectoryAlias":{"$type":"System.String","$value":"fake-vsd-1ca908af-eada-4616-9efe-cb9b38ec594b"}},"ResourceVersion":2,"MetaTypeId":255}&#xD;
00:00.250  Created User successfully.&#xD;
00:00.250  Client Credentials called.&#xD;
Getting credentials for descriptor 'System.Security.Principal.WindowsIdentity;S-1-5-21-1389882523-1725124155-1294357522-808308615-1270753314-490016414-3869253692' =&gt; Authorization: Bearer eyJ0eXAiOiJKV1QiLCJhbGciOiJOb25lIn0.eyJuYW1laWQiOiJTLTEtNS0yMS0xMzg5ODgyNTIzLTE3MjUxMjQxNTUtMTI5NDM1NzUyMi04MDgzMDg2MTUtMTI3MDc1MzMxNC00OTAwMTY0MTQtMzg2OTI1MzY5MiIsIklkZW50aXR5VHlwZUNsYWltIjoiU3lzdGVtLlNlY3VyaXR5LlByaW5jaXBhbC5XaW5kb3dzSWRlbnRpdHkiLCJpc3MiOiJMMiIsImF1ZCI6IkwyIiwibmJmIjoxNTMwNTg3NjIwLCJleHAiOjI1MzQwMjMwMDgwMH0.&#xD;
00:00.250  Client Credentials received successfully.&#xD;
Getting credentials for descriptor 'System.Security.Principal.WindowsIdentity;S-1-5-21-1389882523-1725124155-1294357522-808308615-1270753314-490016414-3869253692' =&gt; Authorization: Bearer eyJ0eXAiOiJKV1QiLCJhbGciOiJOb25lIn0.eyJuYW1laWQiOiJTLTEtNS0yMS0xMzg5ODgyNTIzLTE3MjUxMjQxNTUtMTI5NDM1NzUyMi04MDgzMDg2MTUtMTI3MDc1MzMxNC00OTAwMTY0MTQtMzg2OTI1MzY5MiIsIklkZW50aXR5VHlwZUNsYWltIjoiU3lzdGVtLlNlY3VyaXR5LlByaW5jaXBhbC5XaW5kb3dzSWRlbnRpdHkiLCJpc3MiOiJMMiIsImF1ZCI6IkwyIiwibmJmIjoxNTMwNTg3NjIwLCJleHAiOjI1MzQwMjMwMDgwMH0.&#xD;
00:00.431  Created new TimeoutScope, 'RefreshWorkItemStoreCache:99@1', for 00:01:00 on thread 16.&#xD;
00:00.431  TimeoutScope, 'Test: StaticSuiteDelete:96', has been paused after 00:00:00.1900357.&#xD;
00:00.549  TimeoutScope 'RefreshWorkItemStoreCache:99' ended after '00:00:00.1177979'.&#xD;
00:00.549  TimeoutScope, 'Test: StaticSuiteDelete:96', has been resumed at 00:00:00.1900366.&#xD;
00:01.428  Performing CommonTestBase Cleanup...&#xD;
00:01.428  TimeoutScope 'Test: StaticSuiteDelete:96' ended after '00:00:01.0689187'.&#xD;
00:02.386  Created new TimeoutScope, 'TestFrameworkTestCleanup:100@0', for 00:00:10 on thread 16.&#xD;
00:02.386  TimeoutScope 'TestFrameworkTestCleanup:100' ended after '00:00:00.0000471'.&#xD;
00:02.386  Test End: 7/2/2018 8:13:41 PM (local) / 7/3/2018 3:13:41 AM (UTC).</StdOut></Output></UnitTestResult><UnitTestResult executionId="51879758-de74-425d-9f03-803892709d37" testId="ecdadaa1-faaf-1d51-621f-0fe5c301d7d4" testName="ChildDynamicSuiteUpdate" computerName="V-NAGAB77931A" duration="00:00:05.2090033" startTime="2018-07-02T20:14:03.2901329-07:00" endTime="2018-07-02T20:14:08.5093437-07:00" testType="13cdc9d9-ddb5-4fa4-a97d-d965ccfc6d4b" outcome="Passed" testListId="8c84fa94-04c1-424b-9868-57a2d4851a1d" relativeResultsDirectory="51879758-de74-425d-9f03-803892709d37"><Output><StdOut>Debug Trace:
00:00.000  Test Start: 7/2/2018 8:14:03 PM (local) / 7/3/2018 3:14:03 AM (UTC)&#xD;
00:00.000  Random Seed for this test: 1528364241&#xD;
00:00.000  Created new TimeoutScope, 'Test: ChildDynamicSuiteUpdate:126@0', for 00:00:30 on thread 16.&#xD;
00:00.000  Created new TimeoutScope, 'TestFrameworkTestInitialize:127@1', for 00:00:10 on thread 16.&#xD;
00:00.000  TimeoutScope, 'Test: ChildDynamicSuiteUpdate:126', has been paused after 00:00:00.0001018.&#xD;
00:00.000  TimeoutScope 'TestFrameworkTestInitialize:127' ended after '00:00:00.0000157'.&#xD;
00:00.000  TimeoutScope, 'Test: ChildDynamicSuiteUpdate:126', has been resumed at 00:00:00.0001024.&#xD;
00:00.000  TagHelper is getting a tag 'Project.PrivateAgileGit' on host 'de108ff5-f4a8-4948-b1ec-3147b31f1465'.&#xD;
00:00.000  TagHelper found cached tag 'Project.PrivateAgileGit' on host 'de108ff5-f4a8-4948-b1ec-3147b31f1465' with value '05e49bc7-ac67-4dc4-b85e-4a41b611b532'.&#xD;
00:00.000  Searching for project '05e49bc7-ac67-4dc4-b85e-4a41b611b532'.&#xD;
00:00.001  Web method running: [http://v-nagab77931a:8080/tfs/46407190-89f3-4e58-9bad-783cbf2637fb_/_apis/projects/05e49bc7-ac67-4dc4-b85e-4a41b611b532?includeHistory=False] (GET)05e49bc7-ac67-4dc4-b85e-4a41b611b532[projects] E2EId: 7c50e517-a445-4ac5-9a36-3213c392c538&#xD;
00:00.007  Web method response: [http://v-nagab77931a:8080/tfs/46407190-89f3-4e58-9bad-783cbf2637fb_/_apis/projects/05e49bc7-ac67-4dc4-b85e-4a41b611b532?includeHistory=False] (GET)05e49bc7-ac67-4dc4-b85e-4a41b611b532[projects] E2EId: 7c50e517-a445-4ac5-9a36-3213c392c538, ActivityId: 68e952b3-022d-4bd6-90df-91127d95539f 6 ms&#xD;
00:00.007  Found matching project 'sdentifies people online. Impllowssy!n8d5e05805548ee6' (05e49bc7-ac67-4dc4-b85e-4a41b611b532).&#xD;
00:00.008  Create User called.&#xD;
00:00.008  IdentityHelperClient.CreateUser called with user properties {"$type":"Vssf.TestFramework.Client.Common.CreateUserProperties, Vssf.TestFramework.Client.Common","EntityType":"User","OriginDirectory":null,"HomeDirectory":null,"TenantId":null,"OriginId":"00000000-0000-0000-0000-000000000000","LocalId":"00000000-0000-0000-0000-000000000000","MasterId":"00000000-0000-0000-0000-000000000000","PrincipalName":null,"DisplayName":null,"Profile":null,"License":4,"LocalGroups":[{"$type":"Vssf.TestFramework.Client.Common.GroupReference, Vssf.TestFramework.Client.Common","Identifier":"S-1-9-1551374245-1204400969-2402986413-2179408616-0-0-0-0-1"}],"LocalPermissions":null,"UserType":0,"CreateUserTranslations":null}&#xD;
00:00.008  Created new TimeoutScope, 'CreateUser:128@1', for 00:00:30 on thread 16.&#xD;
00:00.008  TimeoutScope, 'Test: ChildDynamicSuiteUpdate:126', has been paused after 00:00:00.0078990.&#xD;
00:00.008  IdentityHelperClient.AddMember was called with parameters {"$type":"Vssf.TestFramework.Client.L2.Identity.AddMemberRequest, Vssf.TestFramework.Client.L2","EntityDescriptor":{"$type":"Microsoft.VisualStudio.Services.Directories.DirectoryEntityDescriptor, Microsoft.VisualStudio.Services.WebApi","entityType":"User","originDirectory":null,"localId":null,"originId":null,"invitationMethod":"CreateUser@TeamFoundationServer","createIfNotFound":true},"Profile":null,"License":"Optimal","LocalGroups":["S-1-9-1551374245-1204400969-2402986413-2179408616-0-0-0-0-1"]}&#xD;
00:00.086  Web method running: [http://v-nagab77931a:8080/tfs/46407190-89f3-4e58-9bad-783cbf2637fb_/_apis/Directory/Members?license=Optimal&amp;localGroups=S-1-9-1551374245-1204400969-2402986413-2179408616-0-0-0-0-1&amp;propertiesToReturn=LocalDescriptor] (POST)Members[Directory] E2EId: 37d86341-3b59-472b-be54-f84e8fbb7477&#xD;
00:00.199  Web method response: [http://v-nagab77931a:8080/tfs/46407190-89f3-4e58-9bad-783cbf2637fb_/_apis/Directory/Members?license=Optimal&amp;localGroups=S-1-9-1551374245-1204400969-2402986413-2179408616-0-0-0-0-1&amp;propertiesToReturn=LocalDescriptor] (POST)Members[Directory] E2EId: 37d86341-3b59-472b-be54-f84e8fbb7477, ActivityId: 68e952b4-022d-4bd6-90df-91127d95539f 112 ms&#xD;
00:00.199  DirectoryHttpClient.AddMemberAsync returned {"$type":"Microsoft.VisualStudio.Services.Directories.DirectoryEntityResult, Microsoft.VisualStudio.Services.WebApi","Entity":{"$type":"Microsoft.VisualStudio.Services.Directories.DirectoryUser, Microsoft.VisualStudio.Services.WebApi","EntityId":"vss.ds.v1.ims.user.62f44fd6dd284f3b906510ac3da8e1e2","EntityType":"User","OriginDirectory":"vsd","OriginId":"62f44fd6-dd28-4f3b-9065-10ac3da8e1e2","LocalDirectory":"vsd","LocalId":"62f44fd6-dd28-4f3b-9065-10ac3da8e1e2","principalName":"fake-vsd-79a2177a-d621-47a2-bbe8-e20f2397e991","displayName":"fake-vsd-79a2177a-d621-47a2-bbe8-e20f2397e991","localDescriptor":"System.Security.Principal.WindowsIdentity;S-1-5-21-1389882523-1725124155-1294357522-652372382-1179783846-1692146821-1187771886"},"EntityState":"LocalCreate","Status":"Success"}&#xD;
00:00.236  Web method running: [http://v-nagab77931a:8080/tfs/46407190-89f3-4e58-9bad-783cbf2637fb_/_apis/Identities/62f44fd6-dd28-4f3b-9065-10ac3da8e1e2?queryMembership=Direct] (GET)62f44fd6-dd28-4f3b-9065-10ac3da8e1e2[Identities] E2EId: ecc3c9d5-2acb-43d8-b49f-e9b4a9a5a654&#xD;
00:00.248  Web method response: [http://v-nagab77931a:8080/tfs/46407190-89f3-4e58-9bad-783cbf2637fb_/_apis/Identities/62f44fd6-dd28-4f3b-9065-10ac3da8e1e2?queryMembership=Direct] (GET)62f44fd6-dd28-4f3b-9065-10ac3da8e1e2[Identities] E2EId: ecc3c9d5-2acb-43d8-b49f-e9b4a9a5a654, ActivityId: 68e952b5-022d-4bd6-90df-91127d95539f 11 ms&#xD;
00:00.248  TimeoutScope 'CreateUser:128' ended after '00:00:00.2401882'.&#xD;
00:00.248  TimeoutScope, 'Test: ChildDynamicSuiteUpdate:126', has been resumed at 00:00:00.0079000.&#xD;
00:00.248  IdentityHelperClient.CreateUser called service and returned {"$type":"Microsoft.VisualStudio.Services.Identity.Identity, Microsoft.VisualStudio.Services.WebApi","Id":"62f44fd6-dd28-4f3b-9065-10ac3da8e1e2","Descriptor":"System.Security.Principal.WindowsIdentity;S-1-5-21-1389882523-1725124155-1294357522-652372382-1179783846-1692146821-1187771886","SubjectDescriptor":"win.Uy0xLTUtMjEtMTM4OTg4MjUyMy0xNzI1MTI0MTU1LTEyOTQzNTc1MjItNjUyMzcyMzgyLTExNzk3ODM4NDYtMTY5MjE0NjgyMS0xMTg3NzcxODg2","ProviderDisplayName":"fake-vsd-79a2177a-d621-47a2-bbe8-e20f2397e991","IsActive":true,"Members":[],"MemberOf":["Microsoft.TeamFoundation.Identity;S-1-9-1551374245-4119793886-2834581577-2985046343-3005158501-0-0-0-0-1"],"MemberIds":[],"MasterId":"ffffffff-ffff-ffff-ffff-ffffffffffff","Properties":{"$type":"Microsoft.VisualStudio.Services.WebApi.PropertiesCollection, Microsoft.VisualStudio.Services.WebApi","SchemaClassName":{"$type":"System.String","$value":"User"},"Description":{"$type":"System.String","$value":"L2"},"Domain":{"$type":"System.String","$value":"L2"},"Account":{"$type":"System.String","$value":"fake-vsd-79a2177a-d621-47a2-bbe8-e20f2397e991"},"DN":{"$type":"System.String","$value":""},"Mail":{"$type":"System.String","$value":"fake-vsd-79a2177a-d621-47a2-bbe8-e20f2397e991@someprovider.com"},"SpecialType":{"$type":"System.String","$value":"Generic"},"ComplianceValidated":{"$type":"System.DateTime","$value":"2018-07-03T00:00:00Z"},"DirectoryAlias":{"$type":"System.String","$value":"fake-vsd-79a2177a-d621-47a2-bbe8-e20f2397e991"}},"ResourceVersion":2,"MetaTypeId":255}&#xD;
00:00.248  Created User successfully.&#xD;
00:00.248  Client Credentials called.&#xD;
Getting credentials for descriptor 'System.Security.Principal.WindowsIdentity;S-1-5-21-1389882523-1725124155-1294357522-652372382-1179783846-1692146821-1187771886' =&gt; Authorization: Bearer eyJ0eXAiOiJKV1QiLCJhbGciOiJOb25lIn0.eyJuYW1laWQiOiJTLTEtNS0yMS0xMzg5ODgyNTIzLTE3MjUxMjQxNTUtMTI5NDM1NzUyMi02NTIzNzIzODItMTE3OTc4Mzg0Ni0xNjkyMTQ2ODIxLTExODc3NzE4ODYiLCJJZGVudGl0eVR5cGVDbGFpbSI6IlN5c3RlbS5TZWN1cml0eS5QcmluY2lwYWwuV2luZG93c0lkZW50aXR5IiwiaXNzIjoiTDIiLCJhdWQiOiJMMiIsIm5iZiI6MTUzMDU4NzY0NCwiZXhwIjoyNTM0MDIzMDA4MDB9.&#xD;
00:00.248  Client Credentials received successfully.&#xD;
Getting credentials for descriptor 'System.Security.Principal.WindowsIdentity;S-1-5-21-1389882523-1725124155-1294357522-652372382-1179783846-1692146821-1187771886' =&gt; Authorization: Bearer eyJ0eXAiOiJKV1QiLCJhbGciOiJOb25lIn0.eyJuYW1laWQiOiJTLTEtNS0yMS0xMzg5ODgyNTIzLTE3MjUxMjQxNTUtMTI5NDM1NzUyMi02NTIzNzIzODItMTE3OTc4Mzg0Ni0xNjkyMTQ2ODIxLTExODc3NzE4ODYiLCJJZGVudGl0eVR5cGVDbGFpbSI6IlN5c3RlbS5TZWN1cml0eS5QcmluY2lwYWwuV2luZG93c0lkZW50aXR5IiwiaXNzIjoiTDIiLCJhdWQiOiJMMiIsIm5iZiI6MTUzMDU4NzY0NCwiZXhwIjoyNTM0MDIzMDA4MDB9.&#xD;
00:00.397  Created new TimeoutScope, 'RefreshWorkItemStoreCache:129@1', for 00:01:00 on thread 16.&#xD;
00:00.397  TimeoutScope, 'Test: ChildDynamicSuiteUpdate:126', has been paused after 00:00:00.1571219.&#xD;
00:00.515  TimeoutScope 'RefreshWorkItemStoreCache:129' ended after '00:00:00.1179142'.&#xD;
00:00.515  TimeoutScope, 'Test: ChildDynamicSuiteUpdate:126', has been resumed at 00:00:00.1571228.&#xD;
00:04.253  Performing CommonTestBase Cleanup...&#xD;
00:04.253  TimeoutScope 'Test: ChildDynamicSuiteUpdate:126' ended after '00:00:03.8951778'.&#xD;
00:05.208  Created new TimeoutScope, 'TestFrameworkTestCleanup:130@0', for 00:00:10 on thread 16.&#xD;
00:05.208  TimeoutScope 'TestFrameworkTestCleanup:130' ended after '00:00:00.0000602'.&#xD;
00:05.208  Test End: 7/2/2018 8:14:08 PM (local) / 7/3/2018 3:14:08 AM (UTC).</StdOut></Output></UnitTestResult><UnitTestResult executionId="b2b2c00d-6a32-4bf1-b4e3-445eb100d2a9" testId="10ee8bc0-2536-08ae-6704-007a275264b4" testName="StaticDirectCycle" computerName="V-NAGAB77931A" duration="00:00:03.2071843" startTime="2018-07-02T20:14:27.3583164-07:00" endTime="2018-07-02T20:14:30.5630401-07:00" testType="13cdc9d9-ddb5-4fa4-a97d-d965ccfc6d4b" outcome="Passed" testListId="8c84fa94-04c1-424b-9868-57a2d4851a1d" relativeResultsDirectory="b2b2c00d-6a32-4bf1-b4e3-445eb100d2a9"><Output><StdOut>Debug Trace:
00:00.000  Test Start: 7/2/2018 8:14:27 PM (local) / 7/3/2018 3:14:27 AM (UTC)&#xD;
00:00.000  Random Seed for this test: 1769046076&#xD;
00:00.000  Created new TimeoutScope, 'Test: StaticDirectCycle:161@0', for 00:00:30 on thread 16.&#xD;
00:00.000  Created new TimeoutScope, 'TestFrameworkTestInitialize:162@1', for 00:00:10 on thread 16.&#xD;
00:00.000  TimeoutScope, 'Test: StaticDirectCycle:161', has been paused after 00:00:00.0000272.&#xD;
00:00.000  TimeoutScope 'TestFrameworkTestInitialize:162' ended after '00:00:00.0000109'.&#xD;
00:00.000  TimeoutScope, 'Test: StaticDirectCycle:161', has been resumed at 00:00:00.0000279.&#xD;
00:00.000  TagHelper is getting a tag 'Project.PrivateAgileGit' on host 'de108ff5-f4a8-4948-b1ec-3147b31f1465'.&#xD;
00:00.000  TagHelper found cached tag 'Project.PrivateAgileGit' on host 'de108ff5-f4a8-4948-b1ec-3147b31f1465' with value '05e49bc7-ac67-4dc4-b85e-4a41b611b532'.&#xD;
00:00.000  Searching for project '05e49bc7-ac67-4dc4-b85e-4a41b611b532'.&#xD;
00:00.001  Web method running: [http://v-nagab77931a:8080/tfs/46407190-89f3-4e58-9bad-783cbf2637fb_/_apis/projects/05e49bc7-ac67-4dc4-b85e-4a41b611b532?includeHistory=False] (GET)05e49bc7-ac67-4dc4-b85e-4a41b611b532[projects] E2EId: 28d885cf-05a2-4613-b71a-a5d681793f7d&#xD;
00:00.008  Web method response: [http://v-nagab77931a:8080/tfs/46407190-89f3-4e58-9bad-783cbf2637fb_/_apis/projects/05e49bc7-ac67-4dc4-b85e-4a41b611b532?includeHistory=False] (GET)05e49bc7-ac67-4dc4-b85e-4a41b611b532[projects] E2EId: 28d885cf-05a2-4613-b71a-a5d681793f7d, ActivityId: 68e955b7-022d-4bd6-90df-91127d95539f 6 ms&#xD;
00:00.008  Found matching project 'sdentifies people online. Impllowssy!n8d5e05805548ee6' (05e49bc7-ac67-4dc4-b85e-4a41b611b532).&#xD;
00:00.008  Create User called.&#xD;
00:00.008  IdentityHelperClient.CreateUser called with user properties {"$type":"Vssf.TestFramework.Client.Common.CreateUserProperties, Vssf.TestFramework.Client.Common","EntityType":"User","OriginDirectory":null,"HomeDirectory":null,"TenantId":null,"OriginId":"00000000-0000-0000-0000-000000000000","LocalId":"00000000-0000-0000-0000-000000000000","MasterId":"00000000-0000-0000-0000-000000000000","PrincipalName":null,"DisplayName":null,"Profile":null,"License":4,"LocalGroups":[{"$type":"Vssf.TestFramework.Client.Common.GroupReference, Vssf.TestFramework.Client.Common","Identifier":"S-1-9-1551374245-1204400969-2402986413-2179408616-0-0-0-0-1"}],"LocalPermissions":null,"UserType":0,"CreateUserTranslations":null}&#xD;
00:00.008  Created new TimeoutScope, 'CreateUser:163@1', for 00:00:30 on thread 16.&#xD;
00:00.008  TimeoutScope, 'Test: StaticDirectCycle:161', has been paused after 00:00:00.0082480.&#xD;
00:00.008  IdentityHelperClient.AddMember was called with parameters {"$type":"Vssf.TestFramework.Client.L2.Identity.AddMemberRequest, Vssf.TestFramework.Client.L2","EntityDescriptor":{"$type":"Microsoft.VisualStudio.Services.Directories.DirectoryEntityDescriptor, Microsoft.VisualStudio.Services.WebApi","entityType":"User","originDirectory":null,"localId":null,"originId":null,"invitationMethod":"CreateUser@TeamFoundationServer","createIfNotFound":true},"Profile":null,"License":"Optimal","LocalGroups":["S-1-9-1551374245-1204400969-2402986413-2179408616-0-0-0-0-1"]}&#xD;
00:00.048  Web method running: [http://v-nagab77931a:8080/tfs/46407190-89f3-4e58-9bad-783cbf2637fb_/_apis/Directory/Members?license=Optimal&amp;localGroups=S-1-9-1551374245-1204400969-2402986413-2179408616-0-0-0-0-1&amp;propertiesToReturn=LocalDescriptor] (POST)Members[Directory] E2EId: 44d318bd-024e-4d81-8778-733cc0103f3d&#xD;
00:00.187  Web method response: [http://v-nagab77931a:8080/tfs/46407190-89f3-4e58-9bad-783cbf2637fb_/_apis/Directory/Members?license=Optimal&amp;localGroups=S-1-9-1551374245-1204400969-2402986413-2179408616-0-0-0-0-1&amp;propertiesToReturn=LocalDescriptor] (POST)Members[Directory] E2EId: 44d318bd-024e-4d81-8778-733cc0103f3d, ActivityId: 68e955b8-022d-4bd6-90df-91127d95539f 139 ms&#xD;
00:00.188  DirectoryHttpClient.AddMemberAsync returned {"$type":"Microsoft.VisualStudio.Services.Directories.DirectoryEntityResult, Microsoft.VisualStudio.Services.WebApi","Entity":{"$type":"Microsoft.VisualStudio.Services.Directories.DirectoryUser, Microsoft.VisualStudio.Services.WebApi","EntityId":"vss.ds.v1.ims.user.1ecf98b645fe42bbbe370ab4aa1a47a5","EntityType":"User","OriginDirectory":"vsd","OriginId":"1ecf98b6-45fe-42bb-be37-0ab4aa1a47a5","LocalDirectory":"vsd","LocalId":"1ecf98b6-45fe-42bb-be37-0ab4aa1a47a5","principalName":"fake-vsd-233e3a3c-4feb-457b-820c-a3246eae12ce","displayName":"fake-vsd-233e3a3c-4feb-457b-820c-a3246eae12ce","localDescriptor":"System.Security.Principal.WindowsIdentity;S-1-5-21-1389882523-1725124155-1294357522-2529532410-1336352149-3362185346-1235627383"},"EntityState":"LocalCreate","Status":"Success"}&#xD;
00:00.267  Web method running: [http://v-nagab77931a:8080/tfs/46407190-89f3-4e58-9bad-783cbf2637fb_/_apis/Identities/1ecf98b6-45fe-42bb-be37-0ab4aa1a47a5?queryMembership=Direct] (GET)1ecf98b6-45fe-42bb-be37-0ab4aa1a47a5[Identities] E2EId: 5c8a8a61-abe1-41e2-9ca3-6cee8624a337&#xD;
00:00.280  Web method response: [http://v-nagab77931a:8080/tfs/46407190-89f3-4e58-9bad-783cbf2637fb_/_apis/Identities/1ecf98b6-45fe-42bb-be37-0ab4aa1a47a5?queryMembership=Direct] (GET)1ecf98b6-45fe-42bb-be37-0ab4aa1a47a5[Identities] E2EId: 5c8a8a61-abe1-41e2-9ca3-6cee8624a337, ActivityId: 68e955b9-022d-4bd6-90df-91127d95539f 13 ms&#xD;
00:00.281  TimeoutScope 'CreateUser:163' ended after '00:00:00.2725730'.&#xD;
00:00.281  TimeoutScope, 'Test: StaticDirectCycle:161', has been resumed at 00:00:00.0082490.&#xD;
00:00.281  IdentityHelperClient.CreateUser called service and returned {"$type":"Microsoft.VisualStudio.Services.Identity.Identity, Microsoft.VisualStudio.Services.WebApi","Id":"1ecf98b6-45fe-42bb-be37-0ab4aa1a47a5","Descriptor":"System.Security.Principal.WindowsIdentity;S-1-5-21-1389882523-1725124155-1294357522-2529532410-1336352149-3362185346-1235627383","SubjectDescriptor":"win.Uy0xLTUtMjEtMTM4OTg4MjUyMy0xNzI1MTI0MTU1LTEyOTQzNTc1MjItMjUyOTUzMjQxMC0xMzM2MzUyMTQ5LTMzNjIxODUzNDYtMTIzNTYyNzM4Mw","ProviderDisplayName":"fake-vsd-233e3a3c-4feb-457b-820c-a3246eae12ce","IsActive":true,"Members":[],"MemberOf":["Microsoft.TeamFoundation.Identity;S-1-9-1551374245-4119793886-2834581577-2985046343-3005158501-0-0-0-0-1"],"MemberIds":[],"MasterId":"ffffffff-ffff-ffff-ffff-ffffffffffff","Properties":{"$type":"Microsoft.VisualStudio.Services.WebApi.PropertiesCollection, Microsoft.VisualStudio.Services.WebApi","SchemaClassName":{"$type":"System.String","$value":"User"},"Description":{"$type":"System.String","$value":"L2"},"Domain":{"$type":"System.String","$value":"L2"},"Account":{"$type":"System.String","$value":"fake-vsd-233e3a3c-4feb-457b-820c-a3246eae12ce"},"DN":{"$type":"System.String","$value":""},"Mail":{"$type":"System.String","$value":"fake-vsd-233e3a3c-4feb-457b-820c-a3246eae12ce@someprovider.com"},"SpecialType":{"$type":"System.String","$value":"Generic"},"ComplianceValidated":{"$type":"System.DateTime","$value":"2018-07-03T00:00:00Z"},"DirectoryAlias":{"$type":"System.String","$value":"fake-vsd-233e3a3c-4feb-457b-820c-a3246eae12ce"}},"ResourceVersion":2,"MetaTypeId":255}&#xD;
00:00.281  Created User successfully.&#xD;
00:00.281  Client Credentials called.&#xD;
Getting credentials for descriptor 'System.Security.Principal.WindowsIdentity;S-1-5-21-1389882523-1725124155-1294357522-2529532410-1336352149-3362185346-1235627383' =&gt; Authorization: Bearer eyJ0eXAiOiJKV1QiLCJhbGciOiJOb25lIn0.eyJuYW1laWQiOiJTLTEtNS0yMS0xMzg5ODgyNTIzLTE3MjUxMjQxNTUtMTI5NDM1NzUyMi0yNTI5NTMyNDEwLTEzMzYzNTIxNDktMzM2MjE4NTM0Ni0xMjM1NjI3MzgzIiwiSWRlbnRpdHlUeXBlQ2xhaW0iOiJTeXN0ZW0uU2VjdXJpdHkuUHJpbmNpcGFsLldpbmRvd3NJZGVudGl0eSIsImlzcyI6IkwyIiwiYXVkIjoiTDIiLCJuYmYiOjE1MzA1ODc2NjgsImV4cCI6MjUzNDAyMzAwODAwfQ.&#xD;
00:00.281  Client Credentials received successfully.&#xD;
Getting credentials for descriptor 'System.Security.Principal.WindowsIdentity;S-1-5-21-1389882523-1725124155-1294357522-2529532410-1336352149-3362185346-1235627383' =&gt; Authorization: Bearer eyJ0eXAiOiJKV1QiLCJhbGciOiJOb25lIn0.eyJuYW1laWQiOiJTLTEtNS0yMS0xMzg5ODgyNTIzLTE3MjUxMjQxNTUtMTI5NDM1NzUyMi0yNTI5NTMyNDEwLTEzMzYzNTIxNDktMzM2MjE4NTM0Ni0xMjM1NjI3MzgzIiwiSWRlbnRpdHlUeXBlQ2xhaW0iOiJTeXN0ZW0uU2VjdXJpdHkuUHJpbmNpcGFsLldpbmRvd3NJZGVudGl0eSIsImlzcyI6IkwyIiwiYXVkIjoiTDIiLCJuYmYiOjE1MzA1ODc2NjgsImV4cCI6MjUzNDAyMzAwODAwfQ.&#xD;
00:00.370  Created new TimeoutScope, 'RefreshWorkItemStoreCache:164@1', for 00:01:00 on thread 16.&#xD;
00:00.370  TimeoutScope, 'Test: StaticDirectCycle:161', has been paused after 00:00:00.0973031.&#xD;
00:00.518  TimeoutScope 'RefreshWorkItemStoreCache:164' ended after '00:00:00.1480433'.&#xD;
00:00.518  TimeoutScope, 'Test: StaticDirectCycle:161', has been resumed at 00:00:00.0973042.&#xD;
00:01.363  Performing CommonTestBase Cleanup...&#xD;
00:01.363  TimeoutScope 'Test: StaticDirectCycle:161' ended after '00:00:00.9422990'.&#xD;
00:03.207  Created new TimeoutScope, 'TestFrameworkTestCleanup:165@0', for 00:00:10 on thread 16.&#xD;
00:03.207  TimeoutScope 'TestFrameworkTestCleanup:165' ended after '00:00:00.0000492'.&#xD;
00:03.207  Test End: 7/2/2018 8:14:30 PM (local) / 7/3/2018 3:14:30 AM (UTC).</StdOut></Output></UnitTestResult><UnitTestResult executionId="e709e330-7732-4d6f-a365-424edffcf765" testId="beddc6f9-932e-dcaf-f7c5-3cfa4dd96756" testName="TcmManualTestRunScenario" computerName="V-NAGAB77931A" startTime="2018-07-02T20:16:14.3666163-07:00" endTime="2018-07-02T20:16:14.3666163-07:00" testType="13cdc9d9-ddb5-4fa4-a97d-d965ccfc6d4b" outcome="NotExecuted" testListId="8c84fa94-04c1-424b-9868-57a2d4851a1d" relativeResultsDirectory="e709e330-7732-4d6f-a365-424edffcf765"><Output></Output></UnitTestResult><UnitTestResult executionId="c511d265-f6d8-4240-b127-767c05da7169" testId="330ea7ae-0b9e-9937-8450-c46be5e213c5" testName="TcmAuthoringScenario" computerName="V-NAGAB77931A" duration="00:00:06.1855680" startTime="2018-07-02T20:16:08.1720936-07:00" endTime="2018-07-02T20:16:14.3666163-07:00" testType="13cdc9d9-ddb5-4fa4-a97d-d965ccfc6d4b" outcome="Passed" testListId="8c84fa94-04c1-424b-9868-57a2d4851a1d" relativeResultsDirectory="c511d265-f6d8-4240-b127-767c05da7169"><Output><StdOut>Debug Trace:
00:00.000  Test Start: 7/2/2018 8:16:08 PM (local) / 7/3/2018 3:16:08 AM (UTC)&#xD;
00:00.000  Random Seed for this test: -1517783448&#xD;
00:00.000  Created new TimeoutScope, 'Test: TcmAuthoringScenario:261@0', for 00:01:00 on thread 16.&#xD;
00:00.000  Created new TimeoutScope, 'TestFrameworkTestInitialize:262@1', for 00:00:10 on thread 16.&#xD;
00:00.000  TimeoutScope, 'Test: TcmAuthoringScenario:261', has been paused after 00:00:00.0000294.&#xD;
00:00.000  TimeoutScope 'TestFrameworkTestInitialize:262' ended after '00:00:00.0000101'.&#xD;
00:00.000  TimeoutScope, 'Test: TcmAuthoringScenario:261', has been resumed at 00:00:00.0000299.&#xD;
00:00.000  Create Testcase&#xD;
00:00.001  TagHelper is getting a tag 'Project.PrivateAgileGit' on host 'de108ff5-f4a8-4948-b1ec-3147b31f1465'.&#xD;
00:00.001  TagHelper found cached tag 'Project.PrivateAgileGit' on host 'de108ff5-f4a8-4948-b1ec-3147b31f1465' with value '05e49bc7-ac67-4dc4-b85e-4a41b611b532'.&#xD;
00:00.001  Searching for project '05e49bc7-ac67-4dc4-b85e-4a41b611b532'.&#xD;
00:00.001  Web method running: [http://v-nagab77931a:8080/tfs/46407190-89f3-4e58-9bad-783cbf2637fb_/_apis/projects/05e49bc7-ac67-4dc4-b85e-4a41b611b532?includeHistory=False] (GET)05e49bc7-ac67-4dc4-b85e-4a41b611b532[projects] E2EId: 1725f9e9-e18c-4ba3-bc03-fffe7c00dc4b&#xD;
00:00.011  Web method response: [http://v-nagab77931a:8080/tfs/46407190-89f3-4e58-9bad-783cbf2637fb_/_apis/projects/05e49bc7-ac67-4dc4-b85e-4a41b611b532?includeHistory=False] (GET)05e49bc7-ac67-4dc4-b85e-4a41b611b532[projects] E2EId: 1725f9e9-e18c-4ba3-bc03-fffe7c00dc4b, ActivityId: 68e956f8-022d-4bd6-90df-91127d95539f 9 ms&#xD;
00:00.011  Found matching project 'sdentifies people online. Impllowssy!n8d5e05805548ee6' (05e49bc7-ac67-4dc4-b85e-4a41b611b532).&#xD;
00:00.011  Create User called.&#xD;
00:00.011  IdentityHelperClient.CreateUser called with user properties {"$type":"Vssf.TestFramework.Client.Common.CreateUserProperties, Vssf.TestFramework.Client.Common","EntityType":"User","OriginDirectory":null,"HomeDirectory":null,"TenantId":null,"OriginId":"00000000-0000-0000-0000-000000000000","LocalId":"00000000-0000-0000-0000-000000000000","MasterId":"00000000-0000-0000-0000-000000000000","PrincipalName":null,"DisplayName":null,"Profile":null,"License":4,"LocalGroups":[{"$type":"Vssf.TestFramework.Client.Common.GroupReference, Vssf.TestFramework.Client.Common","Identifier":"S-1-9-1551374245-1204400969-2402986413-2179408616-0-0-0-0-1"}],"LocalPermissions":null,"UserType":0,"CreateUserTranslations":null}&#xD;
00:00.011  Created new TimeoutScope, 'CreateUser:263@1', for 00:00:30 on thread 16.&#xD;
00:00.011  TimeoutScope, 'Test: TcmAuthoringScenario:261', has been paused after 00:00:00.0115721.&#xD;
00:00.011  IdentityHelperClient.AddMember was called with parameters {"$type":"Vssf.TestFramework.Client.L2.Identity.AddMemberRequest, Vssf.TestFramework.Client.L2","EntityDescriptor":{"$type":"Microsoft.VisualStudio.Services.Directories.DirectoryEntityDescriptor, Microsoft.VisualStudio.Services.WebApi","entityType":"User","originDirectory":null,"localId":null,"originId":null,"invitationMethod":"CreateUser@TeamFoundationServer","createIfNotFound":true},"Profile":null,"License":"Optimal","LocalGroups":["S-1-9-1551374245-1204400969-2402986413-2179408616-0-0-0-0-1"]}&#xD;
00:00.060  Web method running: [http://v-nagab77931a:8080/tfs/46407190-89f3-4e58-9bad-783cbf2637fb_/_apis/Directory/Members?license=Optimal&amp;localGroups=S-1-9-1551374245-1204400969-2402986413-2179408616-0-0-0-0-1&amp;propertiesToReturn=LocalDescriptor] (POST)Members[Directory] E2EId: f1707599-5106-4816-8548-5f7ca6c056e9&#xD;
00:00.682  Web method response: [http://v-nagab77931a:8080/tfs/46407190-89f3-4e58-9bad-783cbf2637fb_/_apis/Directory/Members?license=Optimal&amp;localGroups=S-1-9-1551374245-1204400969-2402986413-2179408616-0-0-0-0-1&amp;propertiesToReturn=LocalDescriptor] (POST)Members[Directory] E2EId: f1707599-5106-4816-8548-5f7ca6c056e9, ActivityId: 68e956f9-022d-4bd6-90df-91127d95539f 622 ms&#xD;
00:00.683  DirectoryHttpClient.AddMemberAsync returned {"$type":"Microsoft.VisualStudio.Services.Directories.DirectoryEntityResult, Microsoft.VisualStudio.Services.WebApi","Entity":{"$type":"Microsoft.VisualStudio.Services.Directories.DirectoryUser, Microsoft.VisualStudio.Services.WebApi","EntityId":"vss.ds.v1.ims.user.886dc0325f31438ca87df110d777464f","EntityType":"User","OriginDirectory":"vsd","OriginId":"886dc032-5f31-438c-a87d-f110d777464f","LocalDirectory":"vsd","LocalId":"886dc032-5f31-438c-a87d-f110d777464f","principalName":"fake-vsd-f11faf2a-cd31-4bf8-b6c9-1d41072ab40a","displayName":"fake-vsd-f11faf2a-cd31-4bf8-b6c9-1d41072ab40a","localDescriptor":"System.Security.Principal.WindowsIdentity;S-1-5-21-1389882523-1725124155-1294357522-3399255292-1296990696-1764948613-1709854241"},"EntityState":"LocalCreate","Status":"Success"}&#xD;
00:00.725  Web method running: [http://v-nagab77931a:8080/tfs/46407190-89f3-4e58-9bad-783cbf2637fb_/_apis/Identities/886dc032-5f31-438c-a87d-f110d777464f?queryMembership=Direct] (GET)886dc032-5f31-438c-a87d-f110d777464f[Identities] E2EId: 6b85cea6-c2a5-46ca-8e40-3252632b480a&#xD;
00:00.739  Web method response: [http://v-nagab77931a:8080/tfs/46407190-89f3-4e58-9bad-783cbf2637fb_/_apis/Identities/886dc032-5f31-438c-a87d-f110d777464f?queryMembership=Direct] (GET)886dc032-5f31-438c-a87d-f110d777464f[Identities] E2EId: 6b85cea6-c2a5-46ca-8e40-3252632b480a, ActivityId: 68e956fa-022d-4bd6-90df-91127d95539f 13 ms&#xD;
00:00.739  TimeoutScope 'CreateUser:263' ended after '00:00:00.7276902'.&#xD;
00:00.739  TimeoutScope, 'Test: TcmAuthoringScenario:261', has been resumed at 00:00:00.0115731.&#xD;
00:00.739  IdentityHelperClient.CreateUser called service and returned {"$type":"Microsoft.VisualStudio.Services.Identity.Identity, Microsoft.VisualStudio.Services.WebApi","Id":"886dc032-5f31-438c-a87d-f110d777464f","Descriptor":"System.Security.Principal.WindowsIdentity;S-1-5-21-1389882523-1725124155-1294357522-3399255292-1296990696-1764948613-1709854241","SubjectDescriptor":"win.Uy0xLTUtMjEtMTM4OTg4MjUyMy0xNzI1MTI0MTU1LTEyOTQzNTc1MjItMzM5OTI1NTI5Mi0xMjk2OTkwNjk2LTE3NjQ5NDg2MTMtMTcwOTg1NDI0MQ","ProviderDisplayName":"fake-vsd-f11faf2a-cd31-4bf8-b6c9-1d41072ab40a","IsActive":true,"Members":[],"MemberOf":["Microsoft.TeamFoundation.Identity;S-1-9-1551374245-4119793886-2834581577-2985046343-3005158501-0-0-0-0-1"],"MemberIds":[],"MasterId":"ffffffff-ffff-ffff-ffff-ffffffffffff","Properties":{"$type":"Microsoft.VisualStudio.Services.WebApi.PropertiesCollection, Microsoft.VisualStudio.Services.WebApi","SchemaClassName":{"$type":"System.String","$value":"User"},"Description":{"$type":"System.String","$value":"L2"},"Domain":{"$type":"System.String","$value":"L2"},"Account":{"$type":"System.String","$value":"fake-vsd-f11faf2a-cd31-4bf8-b6c9-1d41072ab40a"},"DN":{"$type":"System.String","$value":""},"Mail":{"$type":"System.String","$value":"fake-vsd-f11faf2a-cd31-4bf8-b6c9-1d41072ab40a@someprovider.com"},"SpecialType":{"$type":"System.String","$value":"Generic"},"ComplianceValidated":{"$type":"System.DateTime","$value":"2018-07-03T00:00:00Z"},"DirectoryAlias":{"$type":"System.String","$value":"fake-vsd-f11faf2a-cd31-4bf8-b6c9-1d41072ab40a"}},"ResourceVersion":2,"MetaTypeId":255}&#xD;
00:00.739  Created User successfully.&#xD;
00:00.739  Client Credentials called.&#xD;
Getting credentials for descriptor 'System.Security.Principal.WindowsIdentity;S-1-5-21-1389882523-1725124155-1294357522-3399255292-1296990696-1764948613-1709854241' =&gt; Authorization: Bearer eyJ0eXAiOiJKV1QiLCJhbGciOiJOb25lIn0.eyJuYW1laWQiOiJTLTEtNS0yMS0xMzg5ODgyNTIzLTE3MjUxMjQxNTUtMTI5NDM1NzUyMi0zMzk5MjU1MjkyLTEyOTY5OTA2OTYtMTc2NDk0ODYxMy0xNzA5ODU0MjQxIiwiSWRlbnRpdHlUeXBlQ2xhaW0iOiJTeXN0ZW0uU2VjdXJpdHkuUHJpbmNpcGFsLldpbmRvd3NJZGVudGl0eSIsImlzcyI6IkwyIiwiYXVkIjoiTDIiLCJuYmYiOjE1MzA1ODc3NjksImV4cCI6MjUzNDAyMzAwODAwfQ.&#xD;
00:00.739  Client Credentials received successfully.&#xD;
Getting credentials for descriptor 'System.Security.Principal.WindowsIdentity;S-1-5-21-1389882523-1725124155-1294357522-3399255292-1296990696-1764948613-1709854241' =&gt; Authorization: Bearer eyJ0eXAiOiJKV1QiLCJhbGciOiJOb25lIn0.eyJuYW1laWQiOiJTLTEtNS0yMS0xMzg5ODgyNTIzLTE3MjUxMjQxNTUtMTI5NDM1NzUyMi0zMzk5MjU1MjkyLTEyOTY5OTA2OTYtMTc2NDk0ODYxMy0xNzA5ODU0MjQxIiwiSWRlbnRpdHlUeXBlQ2xhaW0iOiJTeXN0ZW0uU2VjdXJpdHkuUHJpbmNpcGFsLldpbmRvd3NJZGVudGl0eSIsImlzcyI6IkwyIiwiYXVkIjoiTDIiLCJuYmYiOjE1MzA1ODc3NjksImV4cCI6MjUzNDAyMzAwODAwfQ.&#xD;
00:00.830  Created new TimeoutScope, 'RefreshWorkItemStoreCache:264@1', for 00:01:00 on thread 16.&#xD;
00:00.830  TimeoutScope, 'Test: TcmAuthoringScenario:261', has been paused after 00:00:00.1020305.&#xD;
00:00.960  TimeoutScope 'RefreshWorkItemStoreCache:264' ended after '00:00:00.1299549'.&#xD;
00:00.960  TimeoutScope, 'Test: TcmAuthoringScenario:261', has been resumed at 00:00:00.1020494.&#xD;
00:01.543  Add attachment to Testcase&#xD;
00:02.535  Download attachment&#xD;
00:03.127  Adding a shared step&#xD;
00:06.073  Verifying a shared step&#xD;
00:06.185  Performing CommonTestBase Cleanup...&#xD;
00:06.185  TimeoutScope 'Test: TcmAuthoringScenario:261' ended after '00:00:05.3270948'.&#xD;
00:06.185  Created new TimeoutScope, 'TestFrameworkTestCleanup:265@0', for 00:00:10 on thread 16.&#xD;
00:06.185  TimeoutScope 'TestFrameworkTestCleanup:265' ended after '00:00:00.0000346'.&#xD;
00:06.185  Test End: 7/2/2018 8:16:14 PM (local) / 7/3/2018 3:16:14 AM (UTC).</StdOut></Output></UnitTestResult><UnitTestResult executionId="737cc33e-a886-4669-bc1a-dbcef8bc3ecf" testId="91ab37d7-abfe-8687-3d46-c233c0e7d7ab" testName="ModifyRootSuiteDefaultConfigs" computerName="V-NAGAB77931A" duration="00:00:01.5777763" startTime="2018-07-02T20:12:45.3122039-07:00" endTime="2018-07-02T20:12:46.8903659-07:00" testType="13cdc9d9-ddb5-4fa4-a97d-d965ccfc6d4b" outcome="Passed" testListId="8c84fa94-04c1-424b-9868-57a2d4851a1d" relativeResultsDirectory="737cc33e-a886-4669-bc1a-dbcef8bc3ecf"><Output><StdOut>Debug Trace:
00:00.000  Test Start: 7/2/2018 8:12:45 PM (local) / 7/3/2018 3:12:45 AM (UTC)&#xD;
00:00.000  Random Seed for this test: 748584951&#xD;
00:00.000  Created new TimeoutScope, 'Test: ModifyRootSuiteDefaultConfigs:16@0', for 00:00:30 on thread 16.&#xD;
00:00.000  Created new TimeoutScope, 'TestFrameworkTestInitialize:17@1', for 00:00:10 on thread 16.&#xD;
00:00.000  TimeoutScope, 'Test: ModifyRootSuiteDefaultConfigs:16', has been paused after 00:00:00.0000659.&#xD;
00:00.000  TimeoutScope 'TestFrameworkTestInitialize:17' ended after '00:00:00.0000126'.&#xD;
00:00.000  TimeoutScope, 'Test: ModifyRootSuiteDefaultConfigs:16', has been resumed at 00:00:00.0000665.&#xD;
00:00.001  TagHelper is getting a tag 'Project.PrivateAgileGit' on host 'de108ff5-f4a8-4948-b1ec-3147b31f1465'.&#xD;
00:00.001  TagHelper found cached tag 'Project.PrivateAgileGit' on host 'de108ff5-f4a8-4948-b1ec-3147b31f1465' with value '05e49bc7-ac67-4dc4-b85e-4a41b611b532'.&#xD;
00:00.001  Searching for project '05e49bc7-ac67-4dc4-b85e-4a41b611b532'.&#xD;
00:00.001  Web method running: [http://v-nagab77931a:8080/tfs/46407190-89f3-4e58-9bad-783cbf2637fb_/_apis/projects/05e49bc7-ac67-4dc4-b85e-4a41b611b532?includeHistory=False] (GET)05e49bc7-ac67-4dc4-b85e-4a41b611b532[projects] E2EId: b7e24bd4-c1f4-4905-bd35-a8f14712db73&#xD;
00:00.008  Web method response: [http://v-nagab77931a:8080/tfs/46407190-89f3-4e58-9bad-783cbf2637fb_/_apis/projects/05e49bc7-ac67-4dc4-b85e-4a41b611b532?includeHistory=False] (GET)05e49bc7-ac67-4dc4-b85e-4a41b611b532[projects] E2EId: b7e24bd4-c1f4-4905-bd35-a8f14712db73, ActivityId: 68e951f0-022d-4bd6-90df-91127d95539f 6 ms&#xD;
00:00.008  Found matching project 'sdentifies people online. Impllowssy!n8d5e05805548ee6' (05e49bc7-ac67-4dc4-b85e-4a41b611b532).&#xD;
00:00.008  Create User called.&#xD;
00:00.008  IdentityHelperClient.CreateUser called with user properties {"$type":"Vssf.TestFramework.Client.Common.CreateUserProperties, Vssf.TestFramework.Client.Common","EntityType":"User","OriginDirectory":null,"HomeDirectory":null,"TenantId":null,"OriginId":"00000000-0000-0000-0000-000000000000","LocalId":"00000000-0000-0000-0000-000000000000","MasterId":"00000000-0000-0000-0000-000000000000","PrincipalName":null,"DisplayName":null,"Profile":null,"License":4,"LocalGroups":[{"$type":"Vssf.TestFramework.Client.Common.GroupReference, Vssf.TestFramework.Client.Common","Identifier":"S-1-9-1551374245-1204400969-2402986413-2179408616-0-0-0-0-1"}],"LocalPermissions":null,"UserType":0,"CreateUserTranslations":null}&#xD;
00:00.008  Created new TimeoutScope, 'CreateUser:18@1', for 00:00:30 on thread 16.&#xD;
00:00.008  TimeoutScope, 'Test: ModifyRootSuiteDefaultConfigs:16', has been paused after 00:00:00.0083507.&#xD;
00:00.008  IdentityHelperClient.AddMember was called with parameters {"$type":"Vssf.TestFramework.Client.L2.Identity.AddMemberRequest, Vssf.TestFramework.Client.L2","EntityDescriptor":{"$type":"Microsoft.VisualStudio.Services.Directories.DirectoryEntityDescriptor, Microsoft.VisualStudio.Services.WebApi","entityType":"User","originDirectory":null,"localId":null,"originId":null,"invitationMethod":"CreateUser@TeamFoundationServer","createIfNotFound":true},"Profile":null,"License":"Optimal","LocalGroups":["S-1-9-1551374245-1204400969-2402986413-2179408616-0-0-0-0-1"]}&#xD;
00:00.053  Web method running: [http://v-nagab77931a:8080/tfs/46407190-89f3-4e58-9bad-783cbf2637fb_/_apis/Directory/Members?license=Optimal&amp;localGroups=S-1-9-1551374245-1204400969-2402986413-2179408616-0-0-0-0-1&amp;propertiesToReturn=LocalDescriptor] (POST)Members[Directory] E2EId: 29c6b0a2-9755-4fb2-bed3-0bea04b61b77&#xD;
00:00.154  Web method response: [http://v-nagab77931a:8080/tfs/46407190-89f3-4e58-9bad-783cbf2637fb_/_apis/Directory/Members?license=Optimal&amp;localGroups=S-1-9-1551374245-1204400969-2402986413-2179408616-0-0-0-0-1&amp;propertiesToReturn=LocalDescriptor] (POST)Members[Directory] E2EId: 29c6b0a2-9755-4fb2-bed3-0bea04b61b77, ActivityId: 68e951f1-022d-4bd6-90df-91127d95539f 101 ms&#xD;
00:00.155  DirectoryHttpClient.AddMemberAsync returned {"$type":"Microsoft.VisualStudio.Services.Directories.DirectoryEntityResult, Microsoft.VisualStudio.Services.WebApi","Entity":{"$type":"Microsoft.VisualStudio.Services.Directories.DirectoryUser, Microsoft.VisualStudio.Services.WebApi","EntityId":"vss.ds.v1.ims.user.32185f62d1594b7b9d23897bf4deb04b","EntityType":"User","OriginDirectory":"vsd","OriginId":"32185f62-d159-4b7b-9d23-897bf4deb04b","LocalDirectory":"vsd","LocalId":"32185f62-d159-4b7b-9d23-897bf4deb04b","principalName":"fake-vsd-c2cef6b0-b4f8-4f99-a7e8-24464897b9cf","displayName":"fake-vsd-c2cef6b0-b4f8-4f99-a7e8-24464897b9cf","localDescriptor":"System.Security.Principal.WindowsIdentity;S-1-5-21-1389882523-1725124155-1294357522-1330913418-1183410918-1468655507-609106715"},"EntityState":"LocalCreate","Status":"Success"}&#xD;
00:00.191  Web method running: [http://v-nagab77931a:8080/tfs/46407190-89f3-4e58-9bad-783cbf2637fb_/_apis/Identities/32185f62-d159-4b7b-9d23-897bf4deb04b?queryMembership=Direct] (GET)32185f62-d159-4b7b-9d23-897bf4deb04b[Identities] E2EId: 10f2a024-3662-4d19-8ca5-422b6ed070fc&#xD;
00:00.203  Web method response: [http://v-nagab77931a:8080/tfs/46407190-89f3-4e58-9bad-783cbf2637fb_/_apis/Identities/32185f62-d159-4b7b-9d23-897bf4deb04b?queryMembership=Direct] (GET)32185f62-d159-4b7b-9d23-897bf4deb04b[Identities] E2EId: 10f2a024-3662-4d19-8ca5-422b6ed070fc, ActivityId: 68e951f2-022d-4bd6-90df-91127d95539f 12 ms&#xD;
00:00.204  TimeoutScope 'CreateUser:18' ended after '00:00:00.1956117'.&#xD;
00:00.204  TimeoutScope, 'Test: ModifyRootSuiteDefaultConfigs:16', has been resumed at 00:00:00.0083515.&#xD;
00:00.204  IdentityHelperClient.CreateUser called service and returned {"$type":"Microsoft.VisualStudio.Services.Identity.Identity, Microsoft.VisualStudio.Services.WebApi","Id":"32185f62-d159-4b7b-9d23-897bf4deb04b","Descriptor":"System.Security.Principal.WindowsIdentity;S-1-5-21-1389882523-1725124155-1294357522-1330913418-1183410918-1468655507-609106715","SubjectDescriptor":"win.Uy0xLTUtMjEtMTM4OTg4MjUyMy0xNzI1MTI0MTU1LTEyOTQzNTc1MjItMTMzMDkxMzQxOC0xMTgzNDEwOTE4LTE0Njg2NTU1MDctNjA5MTA2NzE1","ProviderDisplayName":"fake-vsd-c2cef6b0-b4f8-4f99-a7e8-24464897b9cf","IsActive":true,"Members":[],"MemberOf":["Microsoft.TeamFoundation.Identity;S-1-9-1551374245-4119793886-2834581577-2985046343-3005158501-0-0-0-0-1"],"MemberIds":[],"MasterId":"ffffffff-ffff-ffff-ffff-ffffffffffff","Properties":{"$type":"Microsoft.VisualStudio.Services.WebApi.PropertiesCollection, Microsoft.VisualStudio.Services.WebApi","SchemaClassName":{"$type":"System.String","$value":"User"},"Description":{"$type":"System.String","$value":"L2"},"Domain":{"$type":"System.String","$value":"L2"},"Account":{"$type":"System.String","$value":"fake-vsd-c2cef6b0-b4f8-4f99-a7e8-24464897b9cf"},"DN":{"$type":"System.String","$value":""},"Mail":{"$type":"System.String","$value":"fake-vsd-c2cef6b0-b4f8-4f99-a7e8-24464897b9cf@someprovider.com"},"SpecialType":{"$type":"System.String","$value":"Generic"},"ComplianceValidated":{"$type":"System.DateTime","$value":"2018-07-03T00:00:00Z"},"DirectoryAlias":{"$type":"System.String","$value":"fake-vsd-c2cef6b0-b4f8-4f99-a7e8-24464897b9cf"}},"ResourceVersion":2,"MetaTypeId":255}&#xD;
00:00.204  Created User successfully.&#xD;
00:00.204  Client Credentials called.&#xD;
Getting credentials for descriptor 'System.Security.Principal.WindowsIdentity;S-1-5-21-1389882523-1725124155-1294357522-1330913418-1183410918-1468655507-609106715' =&gt; Authorization: Bearer eyJ0eXAiOiJKV1QiLCJhbGciOiJOb25lIn0.eyJuYW1laWQiOiJTLTEtNS0yMS0xMzg5ODgyNTIzLTE3MjUxMjQxNTUtMTI5NDM1NzUyMi0xMzMwOTEzNDE4LTExODM0MTA5MTgtMTQ2ODY1NTUwNy02MDkxMDY3MTUiLCJJZGVudGl0eVR5cGVDbGFpbSI6IlN5c3RlbS5TZWN1cml0eS5QcmluY2lwYWwuV2luZG93c0lkZW50aXR5IiwiaXNzIjoiTDIiLCJhdWQiOiJMMiIsIm5iZiI6MTUzMDU4NzU2NiwiZXhwIjoyNTM0MDIzMDA4MDB9.&#xD;
00:00.204  Client Credentials received successfully.&#xD;
Getting credentials for descriptor 'System.Security.Principal.WindowsIdentity;S-1-5-21-1389882523-1725124155-1294357522-1330913418-1183410918-1468655507-609106715' =&gt; Authorization: Bearer eyJ0eXAiOiJKV1QiLCJhbGciOiJOb25lIn0.eyJuYW1laWQiOiJTLTEtNS0yMS0xMzg5ODgyNTIzLTE3MjUxMjQxNTUtMTI5NDM1NzUyMi0xMzMwOTEzNDE4LTExODM0MTA5MTgtMTQ2ODY1NTUwNy02MDkxMDY3MTUiLCJJZGVudGl0eVR5cGVDbGFpbSI6IlN5c3RlbS5TZWN1cml0eS5QcmluY2lwYWwuV2luZG93c0lkZW50aXR5IiwiaXNzIjoiTDIiLCJhdWQiOiJMMiIsIm5iZiI6MTUzMDU4NzU2NiwiZXhwIjoyNTM0MDIzMDA4MDB9.&#xD;
00:00.403  Created new TimeoutScope, 'RefreshWorkItemStoreCache:19@1', for 00:01:00 on thread 16.&#xD;
00:00.404  TimeoutScope, 'Test: ModifyRootSuiteDefaultConfigs:16', has been paused after 00:00:00.2079573.&#xD;
00:00.514  TimeoutScope 'RefreshWorkItemStoreCache:19' ended after '00:00:00.1108879'.&#xD;
00:00.514  TimeoutScope, 'Test: ModifyRootSuiteDefaultConfigs:16', has been resumed at 00:00:00.2079584.&#xD;
00:01.577  Performing CommonTestBase Cleanup...&#xD;
00:01.577  TimeoutScope 'Test: ModifyRootSuiteDefaultConfigs:16' ended after '00:00:01.2706315'.&#xD;
00:01.577  Created new TimeoutScope, 'TestFrameworkTestCleanup:20@0', for 00:00:10 on thread 16.&#xD;
00:01.577  TimeoutScope 'TestFrameworkTestCleanup:20' ended after '00:00:00.0000663'.&#xD;
00:01.577  Test End: 7/2/2018 8:12:46 PM (local) / 7/3/2018 3:12:46 AM (UTC).</StdOut></Output></UnitTestResult><UnitTestResult executionId="86f3c87b-1332-41aa-885d-e359dddcb119" testId="1b45cd4f-5fd6-5e97-888f-9c82dbfb18c2" testName="UpdateMultipleTestSuiteFromWit" computerName="V-NAGAB77931A" duration="00:00:02.6236316" startTime="2018-07-02T20:12:52.5793039-07:00" endTime="2018-07-02T20:12:55.2042919-07:00" testType="13cdc9d9-ddb5-4fa4-a97d-d965ccfc6d4b" outcome="Passed" testListId="8c84fa94-04c1-424b-9868-57a2d4851a1d" relativeResultsDirectory="86f3c87b-1332-41aa-885d-e359dddcb119"><Output><StdOut>Test plan id = 18, name = CreateBasicWitTestPlan&#xD;
&#xD;


Debug Trace:
00:00.000  Test Start: 7/2/2018 8:12:52 PM (local) / 7/3/2018 3:12:52 AM (UTC)&#xD;
00:00.000  Random Seed for this test: 821255951&#xD;
00:00.000  Created new TimeoutScope, 'Test: UpdateMultipleTestSuiteFromWit:26@0', for 00:00:30 on thread 16.&#xD;
00:00.000  Created new TimeoutScope, 'TestFrameworkTestInitialize:27@1', for 00:00:10 on thread 16.&#xD;
00:00.000  TimeoutScope, 'Test: UpdateMultipleTestSuiteFromWit:26', has been paused after 00:00:00.0000275.&#xD;
00:00.000  TimeoutScope 'TestFrameworkTestInitialize:27' ended after '00:00:00.0000137'.&#xD;
00:00.000  TimeoutScope, 'Test: UpdateMultipleTestSuiteFromWit:26', has been resumed at 00:00:00.0000281.&#xD;
00:00.000  TagHelper is getting a tag 'Project.PrivateAgileGit' on host 'de108ff5-f4a8-4948-b1ec-3147b31f1465'.&#xD;
00:00.000  TagHelper found cached tag 'Project.PrivateAgileGit' on host 'de108ff5-f4a8-4948-b1ec-3147b31f1465' with value '05e49bc7-ac67-4dc4-b85e-4a41b611b532'.&#xD;
00:00.000  Searching for project '05e49bc7-ac67-4dc4-b85e-4a41b611b532'.&#xD;
00:00.000  Web method running: [http://v-nagab77931a:8080/tfs/46407190-89f3-4e58-9bad-783cbf2637fb_/_apis/projects/05e49bc7-ac67-4dc4-b85e-4a41b611b532?includeHistory=False] (GET)05e49bc7-ac67-4dc4-b85e-4a41b611b532[projects] E2EId: 8b135868-b6c3-4de4-8d20-170476ee6f49&#xD;
00:00.008  Web method response: [http://v-nagab77931a:8080/tfs/46407190-89f3-4e58-9bad-783cbf2637fb_/_apis/projects/05e49bc7-ac67-4dc4-b85e-4a41b611b532?includeHistory=False] (GET)05e49bc7-ac67-4dc4-b85e-4a41b611b532[projects] E2EId: 8b135868-b6c3-4de4-8d20-170476ee6f49, ActivityId: 68e951dd-022d-4bd6-90df-91127d95539f 7 ms&#xD;
00:00.008  Found matching project 'sdentifies people online. Impllowssy!n8d5e05805548ee6' (05e49bc7-ac67-4dc4-b85e-4a41b611b532).&#xD;
00:00.009  Create User called.&#xD;
00:00.009  IdentityHelperClient.CreateUser called with user properties {"$type":"Vssf.TestFramework.Client.Common.CreateUserProperties, Vssf.TestFramework.Client.Common","EntityType":"User","OriginDirectory":null,"HomeDirectory":null,"TenantId":null,"OriginId":"00000000-0000-0000-0000-000000000000","LocalId":"00000000-0000-0000-0000-000000000000","MasterId":"00000000-0000-0000-0000-000000000000","PrincipalName":null,"DisplayName":null,"Profile":null,"License":4,"LocalGroups":[{"$type":"Vssf.TestFramework.Client.Common.GroupReference, Vssf.TestFramework.Client.Common","Identifier":"S-1-9-1551374245-1204400969-2402986413-2179408616-0-0-0-0-1"}],"LocalPermissions":null,"UserType":0,"CreateUserTranslations":null}&#xD;
00:00.009  Created new TimeoutScope, 'CreateUser:28@1', for 00:00:30 on thread 16.&#xD;
00:00.009  TimeoutScope, 'Test: UpdateMultipleTestSuiteFromWit:26', has been paused after 00:00:00.0088407.&#xD;
00:00.009  IdentityHelperClient.AddMember was called with parameters {"$type":"Vssf.TestFramework.Client.L2.Identity.AddMemberRequest, Vssf.TestFramework.Client.L2","EntityDescriptor":{"$type":"Microsoft.VisualStudio.Services.Directories.DirectoryEntityDescriptor, Microsoft.VisualStudio.Services.WebApi","entityType":"User","originDirectory":null,"localId":null,"originId":null,"invitationMethod":"CreateUser@TeamFoundationServer","createIfNotFound":true},"Profile":null,"License":"Optimal","LocalGroups":["S-1-9-1551374245-1204400969-2402986413-2179408616-0-0-0-0-1"]}&#xD;
00:00.053  Web method running: [http://v-nagab77931a:8080/tfs/46407190-89f3-4e58-9bad-783cbf2637fb_/_apis/Directory/Members?license=Optimal&amp;localGroups=S-1-9-1551374245-1204400969-2402986413-2179408616-0-0-0-0-1&amp;propertiesToReturn=LocalDescriptor] (POST)Members[Directory] E2EId: 3df4c358-3e69-4c6f-bc39-e918aaab675e&#xD;
00:00.202  Web method response: [http://v-nagab77931a:8080/tfs/46407190-89f3-4e58-9bad-783cbf2637fb_/_apis/Directory/Members?license=Optimal&amp;localGroups=S-1-9-1551374245-1204400969-2402986413-2179408616-0-0-0-0-1&amp;propertiesToReturn=LocalDescriptor] (POST)Members[Directory] E2EId: 3df4c358-3e69-4c6f-bc39-e918aaab675e, ActivityId: 68e951de-022d-4bd6-90df-91127d95539f 148 ms&#xD;
00:00.202  DirectoryHttpClient.AddMemberAsync returned {"$type":"Microsoft.VisualStudio.Services.Directories.DirectoryEntityResult, Microsoft.VisualStudio.Services.WebApi","Entity":{"$type":"Microsoft.VisualStudio.Services.Directories.DirectoryUser, Microsoft.VisualStudio.Services.WebApi","EntityId":"vss.ds.v1.ims.user.c6cead361e824a93b1b1f6c3dc7b1268","EntityType":"User","OriginDirectory":"vsd","OriginId":"c6cead36-1e82-4a93-b1b1-f6c3dc7b1268","LocalDirectory":"vsd","LocalId":"c6cead36-1e82-4a93-b1b1-f6c3dc7b1268","principalName":"fake-vsd-af6441cc-875b-46f8-824a-cb5954e21793","displayName":"fake-vsd-af6441cc-875b-46f8-824a-cb5954e21793","localDescriptor":"System.Security.Principal.WindowsIdentity;S-1-5-21-1389882523-1725124155-1294357522-589985170-1080920232-3569333632-1774429227"},"EntityState":"LocalCreate","Status":"Success"}&#xD;
00:00.240  Web method running: [http://v-nagab77931a:8080/tfs/46407190-89f3-4e58-9bad-783cbf2637fb_/_apis/Identities/c6cead36-1e82-4a93-b1b1-f6c3dc7b1268?queryMembership=Direct] (GET)c6cead36-1e82-4a93-b1b1-f6c3dc7b1268[Identities] E2EId: a2827c12-a049-45c7-a8e6-80e45d07a76a&#xD;
00:00.253  Web method response: [http://v-nagab77931a:8080/tfs/46407190-89f3-4e58-9bad-783cbf2637fb_/_apis/Identities/c6cead36-1e82-4a93-b1b1-f6c3dc7b1268?queryMembership=Direct] (GET)c6cead36-1e82-4a93-b1b1-f6c3dc7b1268[Identities] E2EId: a2827c12-a049-45c7-a8e6-80e45d07a76a, ActivityId: 68e951df-022d-4bd6-90df-91127d95539f 13 ms&#xD;
00:00.253  TimeoutScope 'CreateUser:28' ended after '00:00:00.2447402'.&#xD;
00:00.253  TimeoutScope, 'Test: UpdateMultipleTestSuiteFromWit:26', has been resumed at 00:00:00.0088416.&#xD;
00:00.254  IdentityHelperClient.CreateUser called service and returned {"$type":"Microsoft.VisualStudio.Services.Identity.Identity, Microsoft.VisualStudio.Services.WebApi","Id":"c6cead36-1e82-4a93-b1b1-f6c3dc7b1268","Descriptor":"System.Security.Principal.WindowsIdentity;S-1-5-21-1389882523-1725124155-1294357522-589985170-1080920232-3569333632-1774429227","SubjectDescriptor":"win.Uy0xLTUtMjEtMTM4OTg4MjUyMy0xNzI1MTI0MTU1LTEyOTQzNTc1MjItNTg5OTg1MTcwLTEwODA5MjAyMzItMzU2OTMzMzYzMi0xNzc0NDI5MjI3","ProviderDisplayName":"fake-vsd-af6441cc-875b-46f8-824a-cb5954e21793","IsActive":true,"Members":[],"MemberOf":["Microsoft.TeamFoundation.Identity;S-1-9-1551374245-4119793886-2834581577-2985046343-3005158501-0-0-0-0-1"],"MemberIds":[],"MasterId":"ffffffff-ffff-ffff-ffff-ffffffffffff","Properties":{"$type":"Microsoft.VisualStudio.Services.WebApi.PropertiesCollection, Microsoft.VisualStudio.Services.WebApi","SchemaClassName":{"$type":"System.String","$value":"User"},"Description":{"$type":"System.String","$value":"L2"},"Domain":{"$type":"System.String","$value":"L2"},"Account":{"$type":"System.String","$value":"fake-vsd-af6441cc-875b-46f8-824a-cb5954e21793"},"DN":{"$type":"System.String","$value":""},"Mail":{"$type":"System.String","$value":"fake-vsd-af6441cc-875b-46f8-824a-cb5954e21793@someprovider.com"},"SpecialType":{"$type":"System.String","$value":"Generic"},"ComplianceValidated":{"$type":"System.DateTime","$value":"2018-07-03T00:00:00Z"},"DirectoryAlias":{"$type":"System.String","$value":"fake-vsd-af6441cc-875b-46f8-824a-cb5954e21793"}},"ResourceVersion":2,"MetaTypeId":255}&#xD;
00:00.254  Created User successfully.&#xD;
00:00.254  Client Credentials called.&#xD;
Getting credentials for descriptor 'System.Security.Principal.WindowsIdentity;S-1-5-21-1389882523-1725124155-1294357522-589985170-1080920232-3569333632-1774429227' =&gt; Authorization: Bearer eyJ0eXAiOiJKV1QiLCJhbGciOiJOb25lIn0.eyJuYW1laWQiOiJTLTEtNS0yMS0xMzg5ODgyNTIzLTE3MjUxMjQxNTUtMTI5NDM1NzUyMi01ODk5ODUxNzAtMTA4MDkyMDIzMi0zNTY5MzMzNjMyLTE3NzQ0MjkyMjciLCJJZGVudGl0eVR5cGVDbGFpbSI6IlN5c3RlbS5TZWN1cml0eS5QcmluY2lwYWwuV2luZG93c0lkZW50aXR5IiwiaXNzIjoiTDIiLCJhdWQiOiJMMiIsIm5iZiI6MTUzMDU4NzU3MywiZXhwIjoyNTM0MDIzMDA4MDB9.&#xD;
00:00.254  Client Credentials received successfully.&#xD;
Getting credentials for descriptor 'System.Security.Principal.WindowsIdentity;S-1-5-21-1389882523-1725124155-1294357522-589985170-1080920232-3569333632-1774429227' =&gt; Authorization: Bearer eyJ0eXAiOiJKV1QiLCJhbGciOiJOb25lIn0.eyJuYW1laWQiOiJTLTEtNS0yMS0xMzg5ODgyNTIzLTE3MjUxMjQxNTUtMTI5NDM1NzUyMi01ODk5ODUxNzAtMTA4MDkyMDIzMi0zNTY5MzMzNjMyLTE3NzQ0MjkyMjciLCJJZGVudGl0eVR5cGVDbGFpbSI6IlN5c3RlbS5TZWN1cml0eS5QcmluY2lwYWwuV2luZG93c0lkZW50aXR5IiwiaXNzIjoiTDIiLCJhdWQiOiJMMiIsIm5iZiI6MTUzMDU4NzU3MywiZXhwIjoyNTM0MDIzMDA4MDB9.&#xD;
00:00.329  Created new TimeoutScope, 'RefreshWorkItemStoreCache:29@1', for 00:01:00 on thread 16.&#xD;
00:00.329  TimeoutScope, 'Test: UpdateMultipleTestSuiteFromWit:26', has been paused after 00:00:00.0847399.&#xD;
00:00.435  TimeoutScope 'RefreshWorkItemStoreCache:29' ended after '00:00:00.1052086'.&#xD;
00:00.435  TimeoutScope, 'Test: UpdateMultipleTestSuiteFromWit:26', has been resumed at 00:00:00.0847407.&#xD;
00:01.546  Performing CommonTestBase Cleanup...&#xD;
00:01.546  TimeoutScope 'Test: UpdateMultipleTestSuiteFromWit:26' ended after '00:00:01.1964881'.&#xD;
00:02.623  Created new TimeoutScope, 'TestFrameworkTestCleanup:30@0', for 00:00:10 on thread 16.&#xD;
00:02.623  TimeoutScope 'TestFrameworkTestCleanup:30' ended after '00:00:00.0000469'.&#xD;
00:02.623  Test End: 7/2/2018 8:12:55 PM (local) / 7/3/2018 3:12:55 AM (UTC).</StdOut></Output></UnitTestResult><UnitTestResult executionId="638d5c59-f149-4b23-9adc-656a17c779ae" testId="ddf78c3d-ab16-17cb-fc38-42f98c325a12" testName="SuiteCreatesUpdatesParent" computerName="V-NAGAB77931A" duration="00:00:02.1108045" startTime="2018-07-02T20:13:21.3257592-07:00" endTime="2018-07-02T20:13:23.4351482-07:00" testType="13cdc9d9-ddb5-4fa4-a97d-d965ccfc6d4b" outcome="Passed" testListId="8c84fa94-04c1-424b-9868-57a2d4851a1d" relativeResultsDirectory="638d5c59-f149-4b23-9adc-656a17c779ae"><Output><StdOut>Test plan id = 70, name = CreateBasicWitTestPlan&#xD;
Parent audit: Added these test suites: 73&#xD;
Child audit: Added test suite to parent: 72&#xD;
&#xD;


Debug Trace:
00:00.000  Test Start: 7/2/2018 8:13:21 PM (local) / 7/3/2018 3:13:21 AM (UTC)&#xD;
00:00.000  Random Seed for this test: 1108720504&#xD;
00:00.000  Created new TimeoutScope, 'Test: SuiteCreatesUpdatesParent:66@0', for 00:00:30 on thread 16.&#xD;
00:00.000  Created new TimeoutScope, 'TestFrameworkTestInitialize:67@1', for 00:00:10 on thread 16.&#xD;
00:00.000  TimeoutScope, 'Test: SuiteCreatesUpdatesParent:66', has been paused after 00:00:00.0000310.&#xD;
00:00.000  TimeoutScope 'TestFrameworkTestInitialize:67' ended after '00:00:00.0000117'.&#xD;
00:00.000  TimeoutScope, 'Test: SuiteCreatesUpdatesParent:66', has been resumed at 00:00:00.0000317.&#xD;
00:00.000  TagHelper is getting a tag 'Project.PrivateAgileGit' on host 'de108ff5-f4a8-4948-b1ec-3147b31f1465'.&#xD;
00:00.000  TagHelper found cached tag 'Project.PrivateAgileGit' on host 'de108ff5-f4a8-4948-b1ec-3147b31f1465' with value '05e49bc7-ac67-4dc4-b85e-4a41b611b532'.&#xD;
00:00.000  Searching for project '05e49bc7-ac67-4dc4-b85e-4a41b611b532'.&#xD;
00:00.001  Web method running: [http://v-nagab77931a:8080/tfs/46407190-89f3-4e58-9bad-783cbf2637fb_/_apis/projects/05e49bc7-ac67-4dc4-b85e-4a41b611b532?includeHistory=False] (GET)05e49bc7-ac67-4dc4-b85e-4a41b611b532[projects] E2EId: ebd03be5-a518-4d76-b6e4-25ffbb8f52dd&#xD;
00:00.015  Web method response: [http://v-nagab77931a:8080/tfs/46407190-89f3-4e58-9bad-783cbf2637fb_/_apis/projects/05e49bc7-ac67-4dc4-b85e-4a41b611b532?includeHistory=False] (GET)05e49bc7-ac67-4dc4-b85e-4a41b611b532[projects] E2EId: ebd03be5-a518-4d76-b6e4-25ffbb8f52dd, ActivityId: 68e95091-022d-4bd6-90df-91127d95539f 14 ms&#xD;
00:00.016  Found matching project 'sdentifies people online. Impllowssy!n8d5e05805548ee6' (05e49bc7-ac67-4dc4-b85e-4a41b611b532).&#xD;
00:00.016  Create User called.&#xD;
00:00.016  IdentityHelperClient.CreateUser called with user properties {"$type":"Vssf.TestFramework.Client.Common.CreateUserProperties, Vssf.TestFramework.Client.Common","EntityType":"User","OriginDirectory":null,"HomeDirectory":null,"TenantId":null,"OriginId":"00000000-0000-0000-0000-000000000000","LocalId":"00000000-0000-0000-0000-000000000000","MasterId":"00000000-0000-0000-0000-000000000000","PrincipalName":null,"DisplayName":null,"Profile":null,"License":4,"LocalGroups":[{"$type":"Vssf.TestFramework.Client.Common.GroupReference, Vssf.TestFramework.Client.Common","Identifier":"S-1-9-1551374245-1204400969-2402986413-2179408616-0-0-0-0-1"}],"LocalPermissions":null,"UserType":0,"CreateUserTranslations":null}&#xD;
00:00.016  Created new TimeoutScope, 'CreateUser:68@1', for 00:00:30 on thread 16.&#xD;
00:00.016  TimeoutScope, 'Test: SuiteCreatesUpdatesParent:66', has been paused after 00:00:00.0158304.&#xD;
00:00.016  IdentityHelperClient.AddMember was called with parameters {"$type":"Vssf.TestFramework.Client.L2.Identity.AddMemberRequest, Vssf.TestFramework.Client.L2","EntityDescriptor":{"$type":"Microsoft.VisualStudio.Services.Directories.DirectoryEntityDescriptor, Microsoft.VisualStudio.Services.WebApi","entityType":"User","originDirectory":null,"localId":null,"originId":null,"invitationMethod":"CreateUser@TeamFoundationServer","createIfNotFound":true},"Profile":null,"License":"Optimal","LocalGroups":["S-1-9-1551374245-1204400969-2402986413-2179408616-0-0-0-0-1"]}&#xD;
00:00.087  Web method running: [http://v-nagab77931a:8080/tfs/46407190-89f3-4e58-9bad-783cbf2637fb_/_apis/Directory/Members?license=Optimal&amp;localGroups=S-1-9-1551374245-1204400969-2402986413-2179408616-0-0-0-0-1&amp;propertiesToReturn=LocalDescriptor] (POST)Members[Directory] E2EId: 2779cca2-adba-4b78-83b4-d78d9882be13&#xD;
00:00.198  Web method response: [http://v-nagab77931a:8080/tfs/46407190-89f3-4e58-9bad-783cbf2637fb_/_apis/Directory/Members?license=Optimal&amp;localGroups=S-1-9-1551374245-1204400969-2402986413-2179408616-0-0-0-0-1&amp;propertiesToReturn=LocalDescriptor] (POST)Members[Directory] E2EId: 2779cca2-adba-4b78-83b4-d78d9882be13, ActivityId: 68e95092-022d-4bd6-90df-91127d95539f 110 ms&#xD;
00:00.198  DirectoryHttpClient.AddMemberAsync returned {"$type":"Microsoft.VisualStudio.Services.Directories.DirectoryEntityResult, Microsoft.VisualStudio.Services.WebApi","Entity":{"$type":"Microsoft.VisualStudio.Services.Directories.DirectoryUser, Microsoft.VisualStudio.Services.WebApi","EntityId":"vss.ds.v1.ims.user.a7ed229d34394397b2fb8e9930e419af","EntityType":"User","OriginDirectory":"vsd","OriginId":"a7ed229d-3439-4397-b2fb-8e9930e419af","LocalDirectory":"vsd","LocalId":"a7ed229d-3439-4397-b2fb-8e9930e419af","principalName":"fake-vsd-8747ec8f-0205-4608-b4d6-ce34b2e8b4e7","displayName":"fake-vsd-8747ec8f-0205-4608-b4d6-ce34b2e8b4e7","localDescriptor":"System.Security.Principal.WindowsIdentity;S-1-5-21-1389882523-1725124155-1294357522-775897841-1160417728-3341863045-3211140145"},"EntityState":"LocalCreate","Status":"Success"}&#xD;
00:00.235  Web method running: [http://v-nagab77931a:8080/tfs/46407190-89f3-4e58-9bad-783cbf2637fb_/_apis/Identities/a7ed229d-3439-4397-b2fb-8e9930e419af?queryMembership=Direct] (GET)a7ed229d-3439-4397-b2fb-8e9930e419af[Identities] E2EId: c961af16-70a2-4464-971a-1657c523395a&#xD;
00:00.248  Web method response: [http://v-nagab77931a:8080/tfs/46407190-89f3-4e58-9bad-783cbf2637fb_/_apis/Identities/a7ed229d-3439-4397-b2fb-8e9930e419af?queryMembership=Direct] (GET)a7ed229d-3439-4397-b2fb-8e9930e419af[Identities] E2EId: c961af16-70a2-4464-971a-1657c523395a, ActivityId: 68e95093-022d-4bd6-90df-91127d95539f 12 ms&#xD;
00:00.248  TimeoutScope 'CreateUser:68' ended after '00:00:00.2323348'.&#xD;
00:00.248  TimeoutScope, 'Test: SuiteCreatesUpdatesParent:66', has been resumed at 00:00:00.0158313.&#xD;
00:00.248  IdentityHelperClient.CreateUser called service and returned {"$type":"Microsoft.VisualStudio.Services.Identity.Identity, Microsoft.VisualStudio.Services.WebApi","Id":"a7ed229d-3439-4397-b2fb-8e9930e419af","Descriptor":"System.Security.Principal.WindowsIdentity;S-1-5-21-1389882523-1725124155-1294357522-775897841-1160417728-3341863045-3211140145","SubjectDescriptor":"win.Uy0xLTUtMjEtMTM4OTg4MjUyMy0xNzI1MTI0MTU1LTEyOTQzNTc1MjItNzc1ODk3ODQxLTExNjA0MTc3MjgtMzM0MTg2MzA0NS0zMjExMTQwMTQ1","ProviderDisplayName":"fake-vsd-8747ec8f-0205-4608-b4d6-ce34b2e8b4e7","IsActive":true,"Members":[],"MemberOf":["Microsoft.TeamFoundation.Identity;S-1-9-1551374245-4119793886-2834581577-2985046343-3005158501-0-0-0-0-1"],"MemberIds":[],"MasterId":"ffffffff-ffff-ffff-ffff-ffffffffffff","Properties":{"$type":"Microsoft.VisualStudio.Services.WebApi.PropertiesCollection, Microsoft.VisualStudio.Services.WebApi","SchemaClassName":{"$type":"System.String","$value":"User"},"Description":{"$type":"System.String","$value":"L2"},"Domain":{"$type":"System.String","$value":"L2"},"Account":{"$type":"System.String","$value":"fake-vsd-8747ec8f-0205-4608-b4d6-ce34b2e8b4e7"},"DN":{"$type":"System.String","$value":""},"Mail":{"$type":"System.String","$value":"fake-vsd-8747ec8f-0205-4608-b4d6-ce34b2e8b4e7@someprovider.com"},"SpecialType":{"$type":"System.String","$value":"Generic"},"ComplianceValidated":{"$type":"System.DateTime","$value":"2018-07-03T00:00:00Z"},"DirectoryAlias":{"$type":"System.String","$value":"fake-vsd-8747ec8f-0205-4608-b4d6-ce34b2e8b4e7"}},"ResourceVersion":2,"MetaTypeId":255}&#xD;
00:00.248  Created User successfully.&#xD;
00:00.248  Client Credentials called.&#xD;
Getting credentials for descriptor 'System.Security.Principal.WindowsIdentity;S-1-5-21-1389882523-1725124155-1294357522-775897841-1160417728-3341863045-3211140145' =&gt; Authorization: Bearer eyJ0eXAiOiJKV1QiLCJhbGciOiJOb25lIn0.eyJuYW1laWQiOiJTLTEtNS0yMS0xMzg5ODgyNTIzLTE3MjUxMjQxNTUtMTI5NDM1NzUyMi03NzU4OTc4NDEtMTE2MDQxNzcyOC0zMzQxODYzMDQ1LTMyMTExNDAxNDUiLCJJZGVudGl0eVR5cGVDbGFpbSI6IlN5c3RlbS5TZWN1cml0eS5QcmluY2lwYWwuV2luZG93c0lkZW50aXR5IiwiaXNzIjoiTDIiLCJhdWQiOiJMMiIsIm5iZiI6MTUzMDU4NzYwMiwiZXhwIjoyNTM0MDIzMDA4MDB9.&#xD;
00:00.248  Client Credentials received successfully.&#xD;
Getting credentials for descriptor 'System.Security.Principal.WindowsIdentity;S-1-5-21-1389882523-1725124155-1294357522-775897841-1160417728-3341863045-3211140145' =&gt; Authorization: Bearer eyJ0eXAiOiJKV1QiLCJhbGciOiJOb25lIn0.eyJuYW1laWQiOiJTLTEtNS0yMS0xMzg5ODgyNTIzLTE3MjUxMjQxNTUtMTI5NDM1NzUyMi03NzU4OTc4NDEtMTE2MDQxNzcyOC0zMzQxODYzMDQ1LTMyMTExNDAxNDUiLCJJZGVudGl0eVR5cGVDbGFpbSI6IlN5c3RlbS5TZWN1cml0eS5QcmluY2lwYWwuV2luZG93c0lkZW50aXR5IiwiaXNzIjoiTDIiLCJhdWQiOiJMMiIsIm5iZiI6MTUzMDU4NzYwMiwiZXhwIjoyNTM0MDIzMDA4MDB9.&#xD;
00:00.326  Created new TimeoutScope, 'RefreshWorkItemStoreCache:69@1', for 00:01:00 on thread 16.&#xD;
00:00.326  TimeoutScope, 'Test: SuiteCreatesUpdatesParent:66', has been paused after 00:00:00.0937112.&#xD;
00:00.496  TimeoutScope 'RefreshWorkItemStoreCache:69' ended after '00:00:00.1698432'.&#xD;
00:00.496  TimeoutScope, 'Test: SuiteCreatesUpdatesParent:66', has been resumed at 00:00:00.0937122.&#xD;
00:01.258  Performing CommonTestBase Cleanup...&#xD;
00:01.259  TimeoutScope 'Test: SuiteCreatesUpdatesParent:66' ended after '00:00:00.8562946'.&#xD;
00:02.110  Created new TimeoutScope, 'TestFrameworkTestCleanup:70@0', for 00:00:10 on thread 16.&#xD;
00:02.110  TimeoutScope 'TestFrameworkTestCleanup:70' ended after '00:00:00.0000440'.&#xD;
00:02.110  Test End: 7/2/2018 8:13:23 PM (local) / 7/3/2018 3:13:23 AM (UTC).</StdOut></Output></UnitTestResult><UnitTestResult executionId="febd0618-3963-4dbb-b056-f8cde8705cb7" testId="08d5ff04-c3f6-f4e5-9a99-b8d24bda2439" testName="EnsureUserDataFiresPropertyChanged" computerName="V-NAGAB77931A" duration="00:00:03.1382162" startTime="2018-07-02T20:16:01.6169762-07:00" endTime="2018-07-02T20:16:04.7546113-07:00" testType="13cdc9d9-ddb5-4fa4-a97d-d965ccfc6d4b" outcome="Passed" testListId="8c84fa94-04c1-424b-9868-57a2d4851a1d" relativeResultsDirectory="febd0618-3963-4dbb-b056-f8cde8705cb7"><Output><StdOut>Debug Trace:
00:00.000  Test Start: 7/2/2018 8:16:01 PM (local) / 7/3/2018 3:16:01 AM (UTC)&#xD;
00:00.000  Random Seed for this test: -1583334622&#xD;
00:00.000  Created new TimeoutScope, 'Test: EnsureUserDataFiresPropertyChanged:251@0', for 00:00:30 on thread 16.&#xD;
00:00.000  Created new TimeoutScope, 'TestFrameworkTestInitialize:252@1', for 00:00:10 on thread 16.&#xD;
00:00.000  TimeoutScope, 'Test: EnsureUserDataFiresPropertyChanged:251', has been paused after 00:00:00.0000273.&#xD;
00:00.000  TimeoutScope 'TestFrameworkTestInitialize:252' ended after '00:00:00.0000107'.&#xD;
00:00.000  TimeoutScope, 'Test: EnsureUserDataFiresPropertyChanged:251', has been resumed at 00:00:00.0000279.&#xD;
00:00.000  TagHelper is getting a tag 'Project.PrivateAgileGit' on host 'de108ff5-f4a8-4948-b1ec-3147b31f1465'.&#xD;
00:00.000  TagHelper found cached tag 'Project.PrivateAgileGit' on host 'de108ff5-f4a8-4948-b1ec-3147b31f1465' with value '05e49bc7-ac67-4dc4-b85e-4a41b611b532'.&#xD;
00:00.000  Searching for project '05e49bc7-ac67-4dc4-b85e-4a41b611b532'.&#xD;
00:00.001  Web method running: [http://v-nagab77931a:8080/tfs/46407190-89f3-4e58-9bad-783cbf2637fb_/_apis/projects/05e49bc7-ac67-4dc4-b85e-4a41b611b532?includeHistory=False] (GET)05e49bc7-ac67-4dc4-b85e-4a41b611b532[projects] E2EId: 4498464c-848e-40e9-8918-04793bc6d7ae&#xD;
00:00.008  Web method response: [http://v-nagab77931a:8080/tfs/46407190-89f3-4e58-9bad-783cbf2637fb_/_apis/projects/05e49bc7-ac67-4dc4-b85e-4a41b611b532?includeHistory=False] (GET)05e49bc7-ac67-4dc4-b85e-4a41b611b532[projects] E2EId: 4498464c-848e-40e9-8918-04793bc6d7ae, ActivityId: 68e95637-022d-4bd6-90df-91127d95539f 7 ms&#xD;
00:00.008  Found matching project 'sdentifies people online. Impllowssy!n8d5e05805548ee6' (05e49bc7-ac67-4dc4-b85e-4a41b611b532).&#xD;
00:00.008  Create User called.&#xD;
00:00.008  IdentityHelperClient.CreateUser called with user properties {"$type":"Vssf.TestFramework.Client.Common.CreateUserProperties, Vssf.TestFramework.Client.Common","EntityType":"User","OriginDirectory":null,"HomeDirectory":null,"TenantId":null,"OriginId":"00000000-0000-0000-0000-000000000000","LocalId":"00000000-0000-0000-0000-000000000000","MasterId":"00000000-0000-0000-0000-000000000000","PrincipalName":null,"DisplayName":null,"Profile":null,"License":4,"LocalGroups":[{"$type":"Vssf.TestFramework.Client.Common.GroupReference, Vssf.TestFramework.Client.Common","Identifier":"S-1-9-1551374245-1204400969-2402986413-2179408616-0-0-0-0-1"}],"LocalPermissions":null,"UserType":0,"CreateUserTranslations":null}&#xD;
00:00.008  Created new TimeoutScope, 'CreateUser:253@1', for 00:00:30 on thread 16.&#xD;
00:00.008  TimeoutScope, 'Test: EnsureUserDataFiresPropertyChanged:251', has been paused after 00:00:00.0086035.&#xD;
00:00.009  IdentityHelperClient.AddMember was called with parameters {"$type":"Vssf.TestFramework.Client.L2.Identity.AddMemberRequest, Vssf.TestFramework.Client.L2","EntityDescriptor":{"$type":"Microsoft.VisualStudio.Services.Directories.DirectoryEntityDescriptor, Microsoft.VisualStudio.Services.WebApi","entityType":"User","originDirectory":null,"localId":null,"originId":null,"invitationMethod":"CreateUser@TeamFoundationServer","createIfNotFound":true},"Profile":null,"License":"Optimal","LocalGroups":["S-1-9-1551374245-1204400969-2402986413-2179408616-0-0-0-0-1"]}&#xD;
00:00.047  Web method running: [http://v-nagab77931a:8080/tfs/46407190-89f3-4e58-9bad-783cbf2637fb_/_apis/Directory/Members?license=Optimal&amp;localGroups=S-1-9-1551374245-1204400969-2402986413-2179408616-0-0-0-0-1&amp;propertiesToReturn=LocalDescriptor] (POST)Members[Directory] E2EId: fddae8b3-1f3c-467c-96cd-63856bd2ee2d&#xD;
00:00.181  Web method response: [http://v-nagab77931a:8080/tfs/46407190-89f3-4e58-9bad-783cbf2637fb_/_apis/Directory/Members?license=Optimal&amp;localGroups=S-1-9-1551374245-1204400969-2402986413-2179408616-0-0-0-0-1&amp;propertiesToReturn=LocalDescriptor] (POST)Members[Directory] E2EId: fddae8b3-1f3c-467c-96cd-63856bd2ee2d, ActivityId: 68e95638-022d-4bd6-90df-91127d95539f 134 ms&#xD;
00:00.182  DirectoryHttpClient.AddMemberAsync returned {"$type":"Microsoft.VisualStudio.Services.Directories.DirectoryEntityResult, Microsoft.VisualStudio.Services.WebApi","Entity":{"$type":"Microsoft.VisualStudio.Services.Directories.DirectoryUser, Microsoft.VisualStudio.Services.WebApi","EntityId":"vss.ds.v1.ims.user.a734c993c1ba40909e44cf72d8565a84","EntityType":"User","OriginDirectory":"vsd","OriginId":"a734c993-c1ba-4090-9e44-cf72d8565a84","LocalDirectory":"vsd","LocalId":"a734c993-c1ba-4090-9e44-cf72d8565a84","principalName":"fake-vsd-48b4ddd1-0756-44b4-8b9f-438ffc851e2f","displayName":"fake-vsd-48b4ddd1-0756-44b4-8b9f-438ffc851e2f","localDescriptor":"System.Security.Principal.WindowsIdentity;S-1-5-21-1389882523-1725124155-1294357522-3052003441-1261023335-4073834135-1271825460"},"EntityState":"LocalCreate","Status":"Success"}&#xD;
00:00.234  Web method running: [http://v-nagab77931a:8080/tfs/46407190-89f3-4e58-9bad-783cbf2637fb_/_apis/Identities/a734c993-c1ba-4090-9e44-cf72d8565a84?queryMembership=Direct] (GET)a734c993-c1ba-4090-9e44-cf72d8565a84[Identities] E2EId: 58897acd-3d73-481f-9084-9b06975d6b45&#xD;
00:00.248  Web method response: [http://v-nagab77931a:8080/tfs/46407190-89f3-4e58-9bad-783cbf2637fb_/_apis/Identities/a734c993-c1ba-4090-9e44-cf72d8565a84?queryMembership=Direct] (GET)a734c993-c1ba-4090-9e44-cf72d8565a84[Identities] E2EId: 58897acd-3d73-481f-9084-9b06975d6b45, ActivityId: 68e95639-022d-4bd6-90df-91127d95539f 13 ms&#xD;
00:00.248  TimeoutScope 'CreateUser:253' ended after '00:00:00.2397074'.&#xD;
00:00.248  TimeoutScope, 'Test: EnsureUserDataFiresPropertyChanged:251', has been resumed at 00:00:00.0086045.&#xD;
00:00.248  IdentityHelperClient.CreateUser called service and returned {"$type":"Microsoft.VisualStudio.Services.Identity.Identity, Microsoft.VisualStudio.Services.WebApi","Id":"a734c993-c1ba-4090-9e44-cf72d8565a84","Descriptor":"System.Security.Principal.WindowsIdentity;S-1-5-21-1389882523-1725124155-1294357522-3052003441-1261023335-4073834135-1271825460","SubjectDescriptor":"win.Uy0xLTUtMjEtMTM4OTg4MjUyMy0xNzI1MTI0MTU1LTEyOTQzNTc1MjItMzA1MjAwMzQ0MS0xMjYxMDIzMzM1LTQwNzM4MzQxMzUtMTI3MTgyNTQ2MA","ProviderDisplayName":"fake-vsd-48b4ddd1-0756-44b4-8b9f-438ffc851e2f","IsActive":true,"Members":[],"MemberOf":["Microsoft.TeamFoundation.Identity;S-1-9-1551374245-4119793886-2834581577-2985046343-3005158501-0-0-0-0-1"],"MemberIds":[],"MasterId":"ffffffff-ffff-ffff-ffff-ffffffffffff","Properties":{"$type":"Microsoft.VisualStudio.Services.WebApi.PropertiesCollection, Microsoft.VisualStudio.Services.WebApi","SchemaClassName":{"$type":"System.String","$value":"User"},"Description":{"$type":"System.String","$value":"L2"},"Domain":{"$type":"System.String","$value":"L2"},"Account":{"$type":"System.String","$value":"fake-vsd-48b4ddd1-0756-44b4-8b9f-438ffc851e2f"},"DN":{"$type":"System.String","$value":""},"Mail":{"$type":"System.String","$value":"fake-vsd-48b4ddd1-0756-44b4-8b9f-438ffc851e2f@someprovider.com"},"SpecialType":{"$type":"System.String","$value":"Generic"},"ComplianceValidated":{"$type":"System.DateTime","$value":"2018-07-03T00:00:00Z"},"DirectoryAlias":{"$type":"System.String","$value":"fake-vsd-48b4ddd1-0756-44b4-8b9f-438ffc851e2f"}},"ResourceVersion":2,"MetaTypeId":255}&#xD;
00:00.248  Created User successfully.&#xD;
00:00.248  Client Credentials called.&#xD;
Getting credentials for descriptor 'System.Security.Principal.WindowsIdentity;S-1-5-21-1389882523-1725124155-1294357522-3052003441-1261023335-4073834135-1271825460' =&gt; Authorization: Bearer eyJ0eXAiOiJKV1QiLCJhbGciOiJOb25lIn0.eyJuYW1laWQiOiJTLTEtNS0yMS0xMzg5ODgyNTIzLTE3MjUxMjQxNTUtMTI5NDM1NzUyMi0zMDUyMDAzNDQxLTEyNjEwMjMzMzUtNDA3MzgzNDEzNS0xMjcxODI1NDYwIiwiSWRlbnRpdHlUeXBlQ2xhaW0iOiJTeXN0ZW0uU2VjdXJpdHkuUHJpbmNpcGFsLldpbmRvd3NJZGVudGl0eSIsImlzcyI6IkwyIiwiYXVkIjoiTDIiLCJuYmYiOjE1MzA1ODc3NjIsImV4cCI6MjUzNDAyMzAwODAwfQ.&#xD;
00:00.248  Client Credentials received successfully.&#xD;
Getting credentials for descriptor 'System.Security.Principal.WindowsIdentity;S-1-5-21-1389882523-1725124155-1294357522-3052003441-1261023335-4073834135-1271825460' =&gt; Authorization: Bearer eyJ0eXAiOiJKV1QiLCJhbGciOiJOb25lIn0.eyJuYW1laWQiOiJTLTEtNS0yMS0xMzg5ODgyNTIzLTE3MjUxMjQxNTUtMTI5NDM1NzUyMi0zMDUyMDAzNDQxLTEyNjEwMjMzMzUtNDA3MzgzNDEzNS0xMjcxODI1NDYwIiwiSWRlbnRpdHlUeXBlQ2xhaW0iOiJTeXN0ZW0uU2VjdXJpdHkuUHJpbmNpcGFsLldpbmRvd3NJZGVudGl0eSIsImlzcyI6IkwyIiwiYXVkIjoiTDIiLCJuYmYiOjE1MzA1ODc3NjIsImV4cCI6MjUzNDAyMzAwODAwfQ.&#xD;
00:00.325  Created new TimeoutScope, 'RefreshWorkItemStoreCache:254@1', for 00:01:00 on thread 16.&#xD;
00:00.325  TimeoutScope, 'Test: EnsureUserDataFiresPropertyChanged:251', has been paused after 00:00:00.0852668.&#xD;
00:00.448  TimeoutScope 'RefreshWorkItemStoreCache:254' ended after '00:00:00.1227103'.&#xD;
00:00.448  TimeoutScope, 'Test: EnsureUserDataFiresPropertyChanged:251', has been resumed at 00:00:00.0852677.&#xD;
00:01.459  Performing CommonTestBase Cleanup...&#xD;
00:01.460  TimeoutScope 'Test: EnsureUserDataFiresPropertyChanged:251' ended after '00:00:01.0971975'.&#xD;
00:03.138  Created new TimeoutScope, 'TestFrameworkTestCleanup:255@0', for 00:00:10 on thread 16.&#xD;
00:03.138  TimeoutScope 'TestFrameworkTestCleanup:255' ended after '00:00:00.0000402'.&#xD;
00:03.138  Test End: 7/2/2018 8:16:04 PM (local) / 7/3/2018 3:16:04 AM (UTC).</StdOut></Output></UnitTestResult><UnitTestResult executionId="4c0b2aaf-5aa6-46f1-891d-e15653923bb2" testId="c92cd6b5-9e2f-fdcd-5039-fbe2b403e491" testName="UpdatingSuiteUpdatesWit" computerName="V-NAGAB77931A" duration="00:00:02.5380051" startTime="2018-07-02T20:13:06.7668253-07:00" endTime="2018-07-02T20:13:09.3074311-07:00" testType="13cdc9d9-ddb5-4fa4-a97d-d965ccfc6d4b" outcome="Passed" testListId="8c84fa94-04c1-424b-9868-57a2d4851a1d" relativeResultsDirectory="4c0b2aaf-5aa6-46f1-891d-e15653923bb2"><Output><StdOut>Test plan id = 50, name = CreateBasicWitTestPlan&#xD;
&#xD;


Debug Trace:
00:00.000  Test Start: 7/2/2018 8:13:06 PM (local) / 7/3/2018 3:13:06 AM (UTC)&#xD;
00:00.000  Random Seed for this test: 963131165&#xD;
00:00.000  Created new TimeoutScope, 'Test: UpdatingSuiteUpdatesWit:51@0', for 00:00:30 on thread 16.&#xD;
00:00.000  Created new TimeoutScope, 'TestFrameworkTestInitialize:52@1', for 00:00:10 on thread 16.&#xD;
00:00.000  TimeoutScope, 'Test: UpdatingSuiteUpdatesWit:51', has been paused after 00:00:00.0000297.&#xD;
00:00.000  TimeoutScope 'TestFrameworkTestInitialize:52' ended after '00:00:00.0000112'.&#xD;
00:00.000  TimeoutScope, 'Test: UpdatingSuiteUpdatesWit:51', has been resumed at 00:00:00.0000304.&#xD;
00:00.000  TagHelper is getting a tag 'Project.PrivateAgileGit' on host 'de108ff5-f4a8-4948-b1ec-3147b31f1465'.&#xD;
00:00.000  TagHelper found cached tag 'Project.PrivateAgileGit' on host 'de108ff5-f4a8-4948-b1ec-3147b31f1465' with value '05e49bc7-ac67-4dc4-b85e-4a41b611b532'.&#xD;
00:00.000  Searching for project '05e49bc7-ac67-4dc4-b85e-4a41b611b532'.&#xD;
00:00.001  Web method running: [http://v-nagab77931a:8080/tfs/46407190-89f3-4e58-9bad-783cbf2637fb_/_apis/projects/05e49bc7-ac67-4dc4-b85e-4a41b611b532?includeHistory=False] (GET)05e49bc7-ac67-4dc4-b85e-4a41b611b532[projects] E2EId: 57c1b7e1-d2dd-4942-835a-39fa16318d7b&#xD;
00:00.008  Web method response: [http://v-nagab77931a:8080/tfs/46407190-89f3-4e58-9bad-783cbf2637fb_/_apis/projects/05e49bc7-ac67-4dc4-b85e-4a41b611b532?includeHistory=False] (GET)05e49bc7-ac67-4dc4-b85e-4a41b611b532[projects] E2EId: 57c1b7e1-d2dd-4942-835a-39fa16318d7b, ActivityId: 68e95006-022d-4bd6-90df-91127d95539f 7 ms&#xD;
00:00.008  Found matching project 'sdentifies people online. Impllowssy!n8d5e05805548ee6' (05e49bc7-ac67-4dc4-b85e-4a41b611b532).&#xD;
00:00.008  Create User called.&#xD;
00:00.009  IdentityHelperClient.CreateUser called with user properties {"$type":"Vssf.TestFramework.Client.Common.CreateUserProperties, Vssf.TestFramework.Client.Common","EntityType":"User","OriginDirectory":null,"HomeDirectory":null,"TenantId":null,"OriginId":"00000000-0000-0000-0000-000000000000","LocalId":"00000000-0000-0000-0000-000000000000","MasterId":"00000000-0000-0000-0000-000000000000","PrincipalName":null,"DisplayName":null,"Profile":null,"License":4,"LocalGroups":[{"$type":"Vssf.TestFramework.Client.Common.GroupReference, Vssf.TestFramework.Client.Common","Identifier":"S-1-9-1551374245-1204400969-2402986413-2179408616-0-0-0-0-1"}],"LocalPermissions":null,"UserType":0,"CreateUserTranslations":null}&#xD;
00:00.009  Created new TimeoutScope, 'CreateUser:53@1', for 00:00:30 on thread 16.&#xD;
00:00.009  TimeoutScope, 'Test: UpdatingSuiteUpdatesWit:51', has been paused after 00:00:00.0088055.&#xD;
00:00.009  IdentityHelperClient.AddMember was called with parameters {"$type":"Vssf.TestFramework.Client.L2.Identity.AddMemberRequest, Vssf.TestFramework.Client.L2","EntityDescriptor":{"$type":"Microsoft.VisualStudio.Services.Directories.DirectoryEntityDescriptor, Microsoft.VisualStudio.Services.WebApi","entityType":"User","originDirectory":null,"localId":null,"originId":null,"invitationMethod":"CreateUser@TeamFoundationServer","createIfNotFound":true},"Profile":null,"License":"Optimal","LocalGroups":["S-1-9-1551374245-1204400969-2402986413-2179408616-0-0-0-0-1"]}&#xD;
00:00.051  Web method running: [http://v-nagab77931a:8080/tfs/46407190-89f3-4e58-9bad-783cbf2637fb_/_apis/Directory/Members?license=Optimal&amp;localGroups=S-1-9-1551374245-1204400969-2402986413-2179408616-0-0-0-0-1&amp;propertiesToReturn=LocalDescriptor] (POST)Members[Directory] E2EId: 3e248c8e-b81a-4c52-a375-9866e9bc7c81&#xD;
00:00.171  Web method response: [http://v-nagab77931a:8080/tfs/46407190-89f3-4e58-9bad-783cbf2637fb_/_apis/Directory/Members?license=Optimal&amp;localGroups=S-1-9-1551374245-1204400969-2402986413-2179408616-0-0-0-0-1&amp;propertiesToReturn=LocalDescriptor] (POST)Members[Directory] E2EId: 3e248c8e-b81a-4c52-a375-9866e9bc7c81, ActivityId: 68e95007-022d-4bd6-90df-91127d95539f 120 ms&#xD;
00:00.172  DirectoryHttpClient.AddMemberAsync returned {"$type":"Microsoft.VisualStudio.Services.Directories.DirectoryEntityResult, Microsoft.VisualStudio.Services.WebApi","Entity":{"$type":"Microsoft.VisualStudio.Services.Directories.DirectoryUser, Microsoft.VisualStudio.Services.WebApi","EntityId":"vss.ds.v1.ims.user.fc1207d9a2ad4e26979807c0e3c355ae","EntityType":"User","OriginDirectory":"vsd","OriginId":"fc1207d9-a2ad-4e26-9798-07c0e3c355ae","LocalDirectory":"vsd","LocalId":"fc1207d9-a2ad-4e26-9798-07c0e3c355ae","principalName":"fake-vsd-5180721d-35cc-47ed-b9e9-b3f88d65fdea","displayName":"fake-vsd-5180721d-35cc-47ed-b9e9-b3f88d65fdea","localDescriptor":"System.Security.Principal.WindowsIdentity;S-1-5-21-1389882523-1725124155-1294357522-120133684-1323681236-2247569817-2058869645"},"EntityState":"LocalCreate","Status":"Success"}&#xD;
00:00.209  Web method running: [http://v-nagab77931a:8080/tfs/46407190-89f3-4e58-9bad-783cbf2637fb_/_apis/Identities/fc1207d9-a2ad-4e26-9798-07c0e3c355ae?queryMembership=Direct] (GET)fc1207d9-a2ad-4e26-9798-07c0e3c355ae[Identities] E2EId: 23e6ac21-5b58-4d4c-9887-d00ca3bd0143&#xD;
00:00.223  Web method response: [http://v-nagab77931a:8080/tfs/46407190-89f3-4e58-9bad-783cbf2637fb_/_apis/Identities/fc1207d9-a2ad-4e26-9798-07c0e3c355ae?queryMembership=Direct] (GET)fc1207d9-a2ad-4e26-9798-07c0e3c355ae[Identities] E2EId: 23e6ac21-5b58-4d4c-9887-d00ca3bd0143, ActivityId: 68e95008-022d-4bd6-90df-91127d95539f 13 ms&#xD;
00:00.223  TimeoutScope 'CreateUser:53' ended after '00:00:00.2143810'.&#xD;
00:00.223  TimeoutScope, 'Test: UpdatingSuiteUpdatesWit:51', has been resumed at 00:00:00.0088064.&#xD;
00:00.223  IdentityHelperClient.CreateUser called service and returned {"$type":"Microsoft.VisualStudio.Services.Identity.Identity, Microsoft.VisualStudio.Services.WebApi","Id":"fc1207d9-a2ad-4e26-9798-07c0e3c355ae","Descriptor":"System.Security.Principal.WindowsIdentity;S-1-5-21-1389882523-1725124155-1294357522-120133684-1323681236-2247569817-2058869645","SubjectDescriptor":"win.Uy0xLTUtMjEtMTM4OTg4MjUyMy0xNzI1MTI0MTU1LTEyOTQzNTc1MjItMTIwMTMzNjg0LTEzMjM2ODEyMzYtMjI0NzU2OTgxNy0yMDU4ODY5NjQ1","ProviderDisplayName":"fake-vsd-5180721d-35cc-47ed-b9e9-b3f88d65fdea","IsActive":true,"Members":[],"MemberOf":["Microsoft.TeamFoundation.Identity;S-1-9-1551374245-4119793886-2834581577-2985046343-3005158501-0-0-0-0-1"],"MemberIds":[],"MasterId":"ffffffff-ffff-ffff-ffff-ffffffffffff","Properties":{"$type":"Microsoft.VisualStudio.Services.WebApi.PropertiesCollection, Microsoft.VisualStudio.Services.WebApi","SchemaClassName":{"$type":"System.String","$value":"User"},"Description":{"$type":"System.String","$value":"L2"},"Domain":{"$type":"System.String","$value":"L2"},"Account":{"$type":"System.String","$value":"fake-vsd-5180721d-35cc-47ed-b9e9-b3f88d65fdea"},"DN":{"$type":"System.String","$value":""},"Mail":{"$type":"System.String","$value":"fake-vsd-5180721d-35cc-47ed-b9e9-b3f88d65fdea@someprovider.com"},"SpecialType":{"$type":"System.String","$value":"Generic"},"ComplianceValidated":{"$type":"System.DateTime","$value":"2018-07-03T00:00:00Z"},"DirectoryAlias":{"$type":"System.String","$value":"fake-vsd-5180721d-35cc-47ed-b9e9-b3f88d65fdea"}},"ResourceVersion":2,"MetaTypeId":255}&#xD;
00:00.223  Created User successfully.&#xD;
00:00.223  Client Credentials called.&#xD;
Getting credentials for descriptor 'System.Security.Principal.WindowsIdentity;S-1-5-21-1389882523-1725124155-1294357522-120133684-1323681236-2247569817-2058869645' =&gt; Authorization: Bearer eyJ0eXAiOiJKV1QiLCJhbGciOiJOb25lIn0.eyJuYW1laWQiOiJTLTEtNS0yMS0xMzg5ODgyNTIzLTE3MjUxMjQxNTUtMTI5NDM1NzUyMi0xMjAxMzM2ODQtMTMyMzY4MTIzNi0yMjQ3NTY5ODE3LTIwNTg4Njk2NDUiLCJJZGVudGl0eVR5cGVDbGFpbSI6IlN5c3RlbS5TZWN1cml0eS5QcmluY2lwYWwuV2luZG93c0lkZW50aXR5IiwiaXNzIjoiTDIiLCJhdWQiOiJMMiIsIm5iZiI6MTUzMDU4NzU4NywiZXhwIjoyNTM0MDIzMDA4MDB9.&#xD;
00:00.223  Client Credentials received successfully.&#xD;
Getting credentials for descriptor 'System.Security.Principal.WindowsIdentity;S-1-5-21-1389882523-1725124155-1294357522-120133684-1323681236-2247569817-2058869645' =&gt; Authorization: Bearer eyJ0eXAiOiJKV1QiLCJhbGciOiJOb25lIn0.eyJuYW1laWQiOiJTLTEtNS0yMS0xMzg5ODgyNTIzLTE3MjUxMjQxNTUtMTI5NDM1NzUyMi0xMjAxMzM2ODQtMTMyMzY4MTIzNi0yMjQ3NTY5ODE3LTIwNTg4Njk2NDUiLCJJZGVudGl0eVR5cGVDbGFpbSI6IlN5c3RlbS5TZWN1cml0eS5QcmluY2lwYWwuV2luZG93c0lkZW50aXR5IiwiaXNzIjoiTDIiLCJhdWQiOiJMMiIsIm5iZiI6MTUzMDU4NzU4NywiZXhwIjoyNTM0MDIzMDA4MDB9.&#xD;
00:00.306  Created new TimeoutScope, 'RefreshWorkItemStoreCache:54@1', for 00:01:00 on thread 16.&#xD;
00:00.306  TimeoutScope, 'Test: UpdatingSuiteUpdatesWit:51', has been paused after 00:00:00.0919810.&#xD;
00:00.425  TimeoutScope 'RefreshWorkItemStoreCache:54' ended after '00:00:00.1183772'.&#xD;
00:00.425  TimeoutScope, 'Test: UpdatingSuiteUpdatesWit:51', has been resumed at 00:00:00.0919819.&#xD;
00:01.543  Performing CommonTestBase Cleanup...&#xD;
00:01.543  TimeoutScope 'Test: UpdatingSuiteUpdatesWit:51' ended after '00:00:01.2107587'.&#xD;
00:02.537  Created new TimeoutScope, 'TestFrameworkTestCleanup:55@0', for 00:00:10 on thread 16.&#xD;
00:02.537  TimeoutScope 'TestFrameworkTestCleanup:55' ended after '00:00:00.0000583'.&#xD;
00:02.537  Test End: 7/2/2018 8:13:09 PM (local) / 7/3/2018 3:13:09 AM (UTC).</StdOut></Output></UnitTestResult><UnitTestResult executionId="55c24087-3d03-48b0-a969-78ef391494d7" testId="f6373077-429c-be76-9520-54772584698e" testName="DynamicHierarchicalSuiteWithMustContainAndRepopulate" computerName="V-NAGAB77931A" duration="00:00:05.7055678" startTime="2018-07-02T20:13:52.9721914-07:00" endTime="2018-07-02T20:13:58.6869468-07:00" testType="13cdc9d9-ddb5-4fa4-a97d-d965ccfc6d4b" outcome="Passed" testListId="8c84fa94-04c1-424b-9868-57a2d4851a1d" relativeResultsDirectory="55c24087-3d03-48b0-a969-78ef391494d7"><Output><StdOut>Debug Trace:
00:00.000  Test Start: 7/2/2018 8:13:52 PM (local) / 7/3/2018 3:13:52 AM (UTC)&#xD;
00:00.000  Random Seed for this test: 1425184826&#xD;
00:00.000  Created new TimeoutScope, 'Test: DynamicHierarchicalSuiteWithMustContainAndRepopulate:116@0', for 00:00:30 on thread 16.&#xD;
00:00.000  Created new TimeoutScope, 'TestFrameworkTestInitialize:117@1', for 00:00:10 on thread 16.&#xD;
00:00.000  TimeoutScope, 'Test: DynamicHierarchicalSuiteWithMustContainAndRepopulate:116', has been paused after 00:00:00.0000284.&#xD;
00:00.000  TimeoutScope 'TestFrameworkTestInitialize:117' ended after '00:00:00.0000110'.&#xD;
00:00.000  TimeoutScope, 'Test: DynamicHierarchicalSuiteWithMustContainAndRepopulate:116', has been resumed at 00:00:00.0000289.&#xD;
00:00.000  TagHelper is getting a tag 'Project.PrivateAgileGit' on host 'de108ff5-f4a8-4948-b1ec-3147b31f1465'.&#xD;
00:00.001  TagHelper found cached tag 'Project.PrivateAgileGit' on host 'de108ff5-f4a8-4948-b1ec-3147b31f1465' with value '05e49bc7-ac67-4dc4-b85e-4a41b611b532'.&#xD;
00:00.001  Searching for project '05e49bc7-ac67-4dc4-b85e-4a41b611b532'.&#xD;
00:00.001  Web method running: [http://v-nagab77931a:8080/tfs/46407190-89f3-4e58-9bad-783cbf2637fb_/_apis/projects/05e49bc7-ac67-4dc4-b85e-4a41b611b532?includeHistory=False] (GET)05e49bc7-ac67-4dc4-b85e-4a41b611b532[projects] E2EId: 0d524495-24b7-48f2-b431-6ae84013786b&#xD;
00:00.011  Web method response: [http://v-nagab77931a:8080/tfs/46407190-89f3-4e58-9bad-783cbf2637fb_/_apis/projects/05e49bc7-ac67-4dc4-b85e-4a41b611b532?includeHistory=False] (GET)05e49bc7-ac67-4dc4-b85e-4a41b611b532[projects] E2EId: 0d524495-24b7-48f2-b431-6ae84013786b, ActivityId: 68e9523e-022d-4bd6-90df-91127d95539f 9 ms&#xD;
00:00.011  Found matching project 'sdentifies people online. Impllowssy!n8d5e05805548ee6' (05e49bc7-ac67-4dc4-b85e-4a41b611b532).&#xD;
00:00.011  Create User called.&#xD;
00:00.011  IdentityHelperClient.CreateUser called with user properties {"$type":"Vssf.TestFramework.Client.Common.CreateUserProperties, Vssf.TestFramework.Client.Common","EntityType":"User","OriginDirectory":null,"HomeDirectory":null,"TenantId":null,"OriginId":"00000000-0000-0000-0000-000000000000","LocalId":"00000000-0000-0000-0000-000000000000","MasterId":"00000000-0000-0000-0000-000000000000","PrincipalName":null,"DisplayName":null,"Profile":null,"License":4,"LocalGroups":[{"$type":"Vssf.TestFramework.Client.Common.GroupReference, Vssf.TestFramework.Client.Common","Identifier":"S-1-9-1551374245-1204400969-2402986413-2179408616-0-0-0-0-1"}],"LocalPermissions":null,"UserType":0,"CreateUserTranslations":null}&#xD;
00:00.011  Created new TimeoutScope, 'CreateUser:118@1', for 00:00:30 on thread 16.&#xD;
00:00.011  TimeoutScope, 'Test: DynamicHierarchicalSuiteWithMustContainAndRepopulate:116', has been paused after 00:00:00.0113624.&#xD;
00:00.011  IdentityHelperClient.AddMember was called with parameters {"$type":"Vssf.TestFramework.Client.L2.Identity.AddMemberRequest, Vssf.TestFramework.Client.L2","EntityDescriptor":{"$type":"Microsoft.VisualStudio.Services.Directories.DirectoryEntityDescriptor, Microsoft.VisualStudio.Services.WebApi","entityType":"User","originDirectory":null,"localId":null,"originId":null,"invitationMethod":"CreateUser@TeamFoundationServer","createIfNotFound":true},"Profile":null,"License":"Optimal","LocalGroups":["S-1-9-1551374245-1204400969-2402986413-2179408616-0-0-0-0-1"]}&#xD;
00:00.090  Web method running: [http://v-nagab77931a:8080/tfs/46407190-89f3-4e58-9bad-783cbf2637fb_/_apis/Directory/Members?license=Optimal&amp;localGroups=S-1-9-1551374245-1204400969-2402986413-2179408616-0-0-0-0-1&amp;propertiesToReturn=LocalDescriptor] (POST)Members[Directory] E2EId: e66c83f7-c80e-4d84-9f78-0f556391cf3b&#xD;
00:00.402  Web method response: [http://v-nagab77931a:8080/tfs/46407190-89f3-4e58-9bad-783cbf2637fb_/_apis/Directory/Members?license=Optimal&amp;localGroups=S-1-9-1551374245-1204400969-2402986413-2179408616-0-0-0-0-1&amp;propertiesToReturn=LocalDescriptor] (POST)Members[Directory] E2EId: e66c83f7-c80e-4d84-9f78-0f556391cf3b, ActivityId: 68e9523f-022d-4bd6-90df-91127d95539f 312 ms&#xD;
00:00.403  DirectoryHttpClient.AddMemberAsync returned {"$type":"Microsoft.VisualStudio.Services.Directories.DirectoryEntityResult, Microsoft.VisualStudio.Services.WebApi","Entity":{"$type":"Microsoft.VisualStudio.Services.Directories.DirectoryUser, Microsoft.VisualStudio.Services.WebApi","EntityId":"vss.ds.v1.ims.user.f0e022a302cf4eda8961d6f1eaced92b","EntityType":"User","OriginDirectory":"vsd","OriginId":"f0e022a3-02cf-4eda-8961-d6f1eaced92b","LocalDirectory":"vsd","LocalId":"f0e022a3-02cf-4eda-8961-d6f1eaced92b","principalName":"fake-vsd-d77d68d5-9c50-4d4a-a2ba-71d22a5af4ed","displayName":"fake-vsd-d77d68d5-9c50-4d4a-a2ba-71d22a5af4ed","localDescriptor":"System.Security.Principal.WindowsIdentity;S-1-5-21-1389882523-1725124155-1294357522-883141484-1099808358-1415714730-3060273191"},"EntityState":"LocalCreate","Status":"Success"}&#xD;
00:00.439  Web method running: [http://v-nagab77931a:8080/tfs/46407190-89f3-4e58-9bad-783cbf2637fb_/_apis/Identities/f0e022a3-02cf-4eda-8961-d6f1eaced92b?queryMembership=Direct] (GET)f0e022a3-02cf-4eda-8961-d6f1eaced92b[Identities] E2EId: 29f7e640-dd65-4a33-a1f6-5b465ea34814&#xD;
00:00.451  Web method response: [http://v-nagab77931a:8080/tfs/46407190-89f3-4e58-9bad-783cbf2637fb_/_apis/Identities/f0e022a3-02cf-4eda-8961-d6f1eaced92b?queryMembership=Direct] (GET)f0e022a3-02cf-4eda-8961-d6f1eaced92b[Identities] E2EId: 29f7e640-dd65-4a33-a1f6-5b465ea34814, ActivityId: 68e95220-022d-4bd6-90df-91127d95539f 12 ms&#xD;
00:00.451  TimeoutScope 'CreateUser:118' ended after '00:00:00.4401042'.&#xD;
00:00.451  TimeoutScope, 'Test: DynamicHierarchicalSuiteWithMustContainAndRepopulate:116', has been resumed at 00:00:00.0113633.&#xD;
00:00.451  IdentityHelperClient.CreateUser called service and returned {"$type":"Microsoft.VisualStudio.Services.Identity.Identity, Microsoft.VisualStudio.Services.WebApi","Id":"f0e022a3-02cf-4eda-8961-d6f1eaced92b","Descriptor":"System.Security.Principal.WindowsIdentity;S-1-5-21-1389882523-1725124155-1294357522-883141484-1099808358-1415714730-3060273191","SubjectDescriptor":"win.Uy0xLTUtMjEtMTM4OTg4MjUyMy0xNzI1MTI0MTU1LTEyOTQzNTc1MjItODgzMTQxNDg0LTEwOTk4MDgzNTgtMTQxNTcxNDczMC0zMDYwMjczMTkx","ProviderDisplayName":"fake-vsd-d77d68d5-9c50-4d4a-a2ba-71d22a5af4ed","IsActive":true,"Members":[],"MemberOf":["Microsoft.TeamFoundation.Identity;S-1-9-1551374245-4119793886-2834581577-2985046343-3005158501-0-0-0-0-1"],"MemberIds":[],"MasterId":"ffffffff-ffff-ffff-ffff-ffffffffffff","Properties":{"$type":"Microsoft.VisualStudio.Services.WebApi.PropertiesCollection, Microsoft.VisualStudio.Services.WebApi","SchemaClassName":{"$type":"System.String","$value":"User"},"Description":{"$type":"System.String","$value":"L2"},"Domain":{"$type":"System.String","$value":"L2"},"Account":{"$type":"System.String","$value":"fake-vsd-d77d68d5-9c50-4d4a-a2ba-71d22a5af4ed"},"DN":{"$type":"System.String","$value":""},"Mail":{"$type":"System.String","$value":"fake-vsd-d77d68d5-9c50-4d4a-a2ba-71d22a5af4ed@someprovider.com"},"SpecialType":{"$type":"System.String","$value":"Generic"},"ComplianceValidated":{"$type":"System.DateTime","$value":"2018-07-03T00:00:00Z"},"DirectoryAlias":{"$type":"System.String","$value":"fake-vsd-d77d68d5-9c50-4d4a-a2ba-71d22a5af4ed"}},"ResourceVersion":2,"MetaTypeId":255}&#xD;
00:00.451  Created User successfully.&#xD;
00:00.452  Client Credentials called.&#xD;
Getting credentials for descriptor 'System.Security.Principal.WindowsIdentity;S-1-5-21-1389882523-1725124155-1294357522-883141484-1099808358-1415714730-3060273191' =&gt; Authorization: Bearer eyJ0eXAiOiJKV1QiLCJhbGciOiJOb25lIn0.eyJuYW1laWQiOiJTLTEtNS0yMS0xMzg5ODgyNTIzLTE3MjUxMjQxNTUtMTI5NDM1NzUyMi04ODMxNDE0ODQtMTA5OTgwODM1OC0xNDE1NzE0NzMwLTMwNjAyNzMxOTEiLCJJZGVudGl0eVR5cGVDbGFpbSI6IlN5c3RlbS5TZWN1cml0eS5QcmluY2lwYWwuV2luZG93c0lkZW50aXR5IiwiaXNzIjoiTDIiLCJhdWQiOiJMMiIsIm5iZiI6MTUzMDU4NzYzMywiZXhwIjoyNTM0MDIzMDA4MDB9.&#xD;
00:00.452  Client Credentials received successfully.&#xD;
Getting credentials for descriptor 'System.Security.Principal.WindowsIdentity;S-1-5-21-1389882523-1725124155-1294357522-883141484-1099808358-1415714730-3060273191' =&gt; Authorization: Bearer eyJ0eXAiOiJKV1QiLCJhbGciOiJOb25lIn0.eyJuYW1laWQiOiJTLTEtNS0yMS0xMzg5ODgyNTIzLTE3MjUxMjQxNTUtMTI5NDM1NzUyMi04ODMxNDE0ODQtMTA5OTgwODM1OC0xNDE1NzE0NzMwLTMwNjAyNzMxOTEiLCJJZGVudGl0eVR5cGVDbGFpbSI6IlN5c3RlbS5TZWN1cml0eS5QcmluY2lwYWwuV2luZG93c0lkZW50aXR5IiwiaXNzIjoiTDIiLCJhdWQiOiJMMiIsIm5iZiI6MTUzMDU4NzYzMywiZXhwIjoyNTM0MDIzMDA4MDB9.&#xD;
00:00.527  Created new TimeoutScope, 'RefreshWorkItemStoreCache:119@1', for 00:01:00 on thread 16.&#xD;
00:00.527  TimeoutScope, 'Test: DynamicHierarchicalSuiteWithMustContainAndRepopulate:116', has been paused after 00:00:00.0873596.&#xD;
00:00.657  TimeoutScope 'RefreshWorkItemStoreCache:119' ended after '00:00:00.1297500'.&#xD;
00:00.657  TimeoutScope, 'Test: DynamicHierarchicalSuiteWithMustContainAndRepopulate:116', has been resumed at 00:00:00.0873607.&#xD;
00:04.012  Performing CommonTestBase Cleanup...&#xD;
00:04.012  TimeoutScope 'Test: DynamicHierarchicalSuiteWithMustContainAndRepopulate:116' ended after '00:00:03.4420735'.&#xD;
00:05.705  Created new TimeoutScope, 'TestFrameworkTestCleanup:120@0', for 00:00:10 on thread 16.&#xD;
00:05.705  TimeoutScope 'TestFrameworkTestCleanup:120' ended after '00:00:00.0001000'.&#xD;
00:05.705  Test End: 7/2/2018 8:13:58 PM (local) / 7/3/2018 3:13:58 AM (UTC).</StdOut></Output></UnitTestResult><UnitTestResult executionId="59f7c74a-583b-42b0-b82d-a58bf980be7d" testId="76300605-2793-0614-85fd-355b4b8e6a03" testName="StaticSuiteCreateInvalidTestCaseEntry" computerName="V-NAGAB77931A" duration="00:00:02.5391119" startTime="2018-07-02T20:14:11.9945102-07:00" endTime="2018-07-02T20:14:14.5414491-07:00" testType="13cdc9d9-ddb5-4fa4-a97d-d965ccfc6d4b" outcome="Passed" testListId="8c84fa94-04c1-424b-9868-57a2d4851a1d" relativeResultsDirectory="59f7c74a-583b-42b0-b82d-a58bf980be7d"><Output><StdOut>Debug Trace:
00:00.000  Test Start: 7/2/2018 8:14:11 PM (local) / 7/3/2018 3:14:11 AM (UTC)&#xD;
00:00.000  Random Seed for this test: 1615408014&#xD;
00:00.000  Created new TimeoutScope, 'Test: StaticSuiteCreateInvalidTestCaseEntry:136@0', for 00:00:30 on thread 16.&#xD;
00:00.000  Created new TimeoutScope, 'TestFrameworkTestInitialize:137@1', for 00:00:10 on thread 16.&#xD;
00:00.000  TimeoutScope, 'Test: StaticSuiteCreateInvalidTestCaseEntry:136', has been paused after 00:00:00.0000307.&#xD;
00:00.000  TimeoutScope 'TestFrameworkTestInitialize:137' ended after '00:00:00.0000127'.&#xD;
00:00.000  TimeoutScope, 'Test: StaticSuiteCreateInvalidTestCaseEntry:136', has been resumed at 00:00:00.0000313.&#xD;
00:00.000  TagHelper is getting a tag 'Project.PrivateAgileGit' on host 'de108ff5-f4a8-4948-b1ec-3147b31f1465'.&#xD;
00:00.000  TagHelper found cached tag 'Project.PrivateAgileGit' on host 'de108ff5-f4a8-4948-b1ec-3147b31f1465' with value '05e49bc7-ac67-4dc4-b85e-4a41b611b532'.&#xD;
00:00.000  Searching for project '05e49bc7-ac67-4dc4-b85e-4a41b611b532'.&#xD;
00:00.001  Web method running: [http://v-nagab77931a:8080/tfs/46407190-89f3-4e58-9bad-783cbf2637fb_/_apis/projects/05e49bc7-ac67-4dc4-b85e-4a41b611b532?includeHistory=False] (GET)05e49bc7-ac67-4dc4-b85e-4a41b611b532[projects] E2EId: fe0939a2-6764-4388-a28e-fa5178d46e4b&#xD;
00:00.010  Web method response: [http://v-nagab77931a:8080/tfs/46407190-89f3-4e58-9bad-783cbf2637fb_/_apis/projects/05e49bc7-ac67-4dc4-b85e-4a41b611b532?includeHistory=False] (GET)05e49bc7-ac67-4dc4-b85e-4a41b611b532[projects] E2EId: fe0939a2-6764-4388-a28e-fa5178d46e4b, ActivityId: 68e95565-022d-4bd6-90df-91127d95539f 8 ms&#xD;
00:00.010  Found matching project 'sdentifies people online. Impllowssy!n8d5e05805548ee6' (05e49bc7-ac67-4dc4-b85e-4a41b611b532).&#xD;
00:00.010  Create User called.&#xD;
00:00.010  IdentityHelperClient.CreateUser called with user properties {"$type":"Vssf.TestFramework.Client.Common.CreateUserProperties, Vssf.TestFramework.Client.Common","EntityType":"User","OriginDirectory":null,"HomeDirectory":null,"TenantId":null,"OriginId":"00000000-0000-0000-0000-000000000000","LocalId":"00000000-0000-0000-0000-000000000000","MasterId":"00000000-0000-0000-0000-000000000000","PrincipalName":null,"DisplayName":null,"Profile":null,"License":4,"LocalGroups":[{"$type":"Vssf.TestFramework.Client.Common.GroupReference, Vssf.TestFramework.Client.Common","Identifier":"S-1-9-1551374245-1204400969-2402986413-2179408616-0-0-0-0-1"}],"LocalPermissions":null,"UserType":0,"CreateUserTranslations":null}&#xD;
00:00.010  Created new TimeoutScope, 'CreateUser:138@1', for 00:00:30 on thread 16.&#xD;
00:00.010  TimeoutScope, 'Test: StaticSuiteCreateInvalidTestCaseEntry:136', has been paused after 00:00:00.0100533.&#xD;
00:00.010  IdentityHelperClient.AddMember was called with parameters {"$type":"Vssf.TestFramework.Client.L2.Identity.AddMemberRequest, Vssf.TestFramework.Client.L2","EntityDescriptor":{"$type":"Microsoft.VisualStudio.Services.Directories.DirectoryEntityDescriptor, Microsoft.VisualStudio.Services.WebApi","entityType":"User","originDirectory":null,"localId":null,"originId":null,"invitationMethod":"CreateUser@TeamFoundationServer","createIfNotFound":true},"Profile":null,"License":"Optimal","LocalGroups":["S-1-9-1551374245-1204400969-2402986413-2179408616-0-0-0-0-1"]}&#xD;
00:00.085  Web method running: [http://v-nagab77931a:8080/tfs/46407190-89f3-4e58-9bad-783cbf2637fb_/_apis/Directory/Members?license=Optimal&amp;localGroups=S-1-9-1551374245-1204400969-2402986413-2179408616-0-0-0-0-1&amp;propertiesToReturn=LocalDescriptor] (POST)Members[Directory] E2EId: 65b970ad-3c03-4e8b-ab03-f4d3e4132072&#xD;
00:00.245  Web method response: [http://v-nagab77931a:8080/tfs/46407190-89f3-4e58-9bad-783cbf2637fb_/_apis/Directory/Members?license=Optimal&amp;localGroups=S-1-9-1551374245-1204400969-2402986413-2179408616-0-0-0-0-1&amp;propertiesToReturn=LocalDescriptor] (POST)Members[Directory] E2EId: 65b970ad-3c03-4e8b-ab03-f4d3e4132072, ActivityId: 68e95566-022d-4bd6-90df-91127d95539f 159 ms&#xD;
00:00.245  DirectoryHttpClient.AddMemberAsync returned {"$type":"Microsoft.VisualStudio.Services.Directories.DirectoryEntityResult, Microsoft.VisualStudio.Services.WebApi","Entity":{"$type":"Microsoft.VisualStudio.Services.Directories.DirectoryUser, Microsoft.VisualStudio.Services.WebApi","EntityId":"vss.ds.v1.ims.user.ed77ba0e281b4c81bfd244306e70c407","EntityType":"User","OriginDirectory":"vsd","OriginId":"ed77ba0e-281b-4c81-bfd2-44306e70c407","LocalDirectory":"vsd","LocalId":"ed77ba0e-281b-4c81-bfd2-44306e70c407","principalName":"fake-vsd-2fec0cac-dd27-4025-9435-c80b2fec6ad9","displayName":"fake-vsd-2fec0cac-dd27-4025-9435-c80b2fec6ad9","localDescriptor":"System.Security.Principal.WindowsIdentity;S-1-5-21-1389882523-1725124155-1294357522-3310233739-1268255412-719923101-1455509132"},"EntityState":"LocalCreate","Status":"Success"}&#xD;
00:00.290  Web method running: [http://v-nagab77931a:8080/tfs/46407190-89f3-4e58-9bad-783cbf2637fb_/_apis/Identities/ed77ba0e-281b-4c81-bfd2-44306e70c407?queryMembership=Direct] (GET)ed77ba0e-281b-4c81-bfd2-44306e70c407[Identities] E2EId: 9f68cb81-f195-4c48-b168-2c769bcc76d3&#xD;
00:00.303  Web method response: [http://v-nagab77931a:8080/tfs/46407190-89f3-4e58-9bad-783cbf2637fb_/_apis/Identities/ed77ba0e-281b-4c81-bfd2-44306e70c407?queryMembership=Direct] (GET)ed77ba0e-281b-4c81-bfd2-44306e70c407[Identities] E2EId: 9f68cb81-f195-4c48-b168-2c769bcc76d3, ActivityId: 68e95567-022d-4bd6-90df-91127d95539f 13 ms&#xD;
00:00.304  TimeoutScope 'CreateUser:138' ended after '00:00:00.2935835'.&#xD;
00:00.304  TimeoutScope, 'Test: StaticSuiteCreateInvalidTestCaseEntry:136', has been resumed at 00:00:00.0100545.&#xD;
00:00.304  IdentityHelperClient.CreateUser called service and returned {"$type":"Microsoft.VisualStudio.Services.Identity.Identity, Microsoft.VisualStudio.Services.WebApi","Id":"ed77ba0e-281b-4c81-bfd2-44306e70c407","Descriptor":"System.Security.Principal.WindowsIdentity;S-1-5-21-1389882523-1725124155-1294357522-3310233739-1268255412-719923101-1455509132","SubjectDescriptor":"win.Uy0xLTUtMjEtMTM4OTg4MjUyMy0xNzI1MTI0MTU1LTEyOTQzNTc1MjItMzMxMDIzMzczOS0xMjY4MjU1NDEyLTcxOTkyMzEwMS0xNDU1NTA5MTMy","ProviderDisplayName":"fake-vsd-2fec0cac-dd27-4025-9435-c80b2fec6ad9","IsActive":true,"Members":[],"MemberOf":["Microsoft.TeamFoundation.Identity;S-1-9-1551374245-4119793886-2834581577-2985046343-3005158501-0-0-0-0-1"],"MemberIds":[],"MasterId":"ffffffff-ffff-ffff-ffff-ffffffffffff","Properties":{"$type":"Microsoft.VisualStudio.Services.WebApi.PropertiesCollection, Microsoft.VisualStudio.Services.WebApi","SchemaClassName":{"$type":"System.String","$value":"User"},"Description":{"$type":"System.String","$value":"L2"},"Domain":{"$type":"System.String","$value":"L2"},"Account":{"$type":"System.String","$value":"fake-vsd-2fec0cac-dd27-4025-9435-c80b2fec6ad9"},"DN":{"$type":"System.String","$value":""},"Mail":{"$type":"System.String","$value":"fake-vsd-2fec0cac-dd27-4025-9435-c80b2fec6ad9@someprovider.com"},"SpecialType":{"$type":"System.String","$value":"Generic"},"ComplianceValidated":{"$type":"System.DateTime","$value":"2018-07-03T00:00:00Z"},"DirectoryAlias":{"$type":"System.String","$value":"fake-vsd-2fec0cac-dd27-4025-9435-c80b2fec6ad9"}},"ResourceVersion":2,"MetaTypeId":255}&#xD;
00:00.304  Created User successfully.&#xD;
00:00.304  Client Credentials called.&#xD;
Getting credentials for descriptor 'System.Security.Principal.WindowsIdentity;S-1-5-21-1389882523-1725124155-1294357522-3310233739-1268255412-719923101-1455509132' =&gt; Authorization: Bearer eyJ0eXAiOiJKV1QiLCJhbGciOiJOb25lIn0.eyJuYW1laWQiOiJTLTEtNS0yMS0xMzg5ODgyNTIzLTE3MjUxMjQxNTUtMTI5NDM1NzUyMi0zMzEwMjMzNzM5LTEyNjgyNTU0MTItNzE5OTIzMTAxLTE0NTU1MDkxMzIiLCJJZGVudGl0eVR5cGVDbGFpbSI6IlN5c3RlbS5TZWN1cml0eS5QcmluY2lwYWwuV2luZG93c0lkZW50aXR5IiwiaXNzIjoiTDIiLCJhdWQiOiJMMiIsIm5iZiI6MTUzMDU4NzY1MiwiZXhwIjoyNTM0MDIzMDA4MDB9.&#xD;
00:00.304  Client Credentials received successfully.&#xD;
Getting credentials for descriptor 'System.Security.Principal.WindowsIdentity;S-1-5-21-1389882523-1725124155-1294357522-3310233739-1268255412-719923101-1455509132' =&gt; Authorization: Bearer eyJ0eXAiOiJKV1QiLCJhbGciOiJOb25lIn0.eyJuYW1laWQiOiJTLTEtNS0yMS0xMzg5ODgyNTIzLTE3MjUxMjQxNTUtMTI5NDM1NzUyMi0zMzEwMjMzNzM5LTEyNjgyNTU0MTItNzE5OTIzMTAxLTE0NTU1MDkxMzIiLCJJZGVudGl0eVR5cGVDbGFpbSI6IlN5c3RlbS5TZWN1cml0eS5QcmluY2lwYWwuV2luZG93c0lkZW50aXR5IiwiaXNzIjoiTDIiLCJhdWQiOiJMMiIsIm5iZiI6MTUzMDU4NzY1MiwiZXhwIjoyNTM0MDIzMDA4MDB9.&#xD;
00:00.456  Created new TimeoutScope, 'RefreshWorkItemStoreCache:139@1', for 00:01:00 on thread 16.&#xD;
00:00.456  TimeoutScope, 'Test: StaticSuiteCreateInvalidTestCaseEntry:136', has been paused after 00:00:00.1622970.&#xD;
00:00.604  TimeoutScope 'RefreshWorkItemStoreCache:139' ended after '00:00:00.1481802'.&#xD;
00:00.604  TimeoutScope, 'Test: StaticSuiteCreateInvalidTestCaseEntry:136', has been resumed at 00:00:00.1622980.&#xD;
00:01.059  Performing CommonTestBase Cleanup...&#xD;
00:01.059  TimeoutScope 'Test: StaticSuiteCreateInvalidTestCaseEntry:136' ended after '00:00:00.6176122'.&#xD;
00:02.538  Created new TimeoutScope, 'TestFrameworkTestCleanup:140@0', for 00:00:10 on thread 16.&#xD;
00:02.539  TimeoutScope 'TestFrameworkTestCleanup:140' ended after '00:00:00.0000465'.&#xD;
00:02.539  Test End: 7/2/2018 8:14:14 PM (local) / 7/3/2018 3:14:14 AM (UTC).</StdOut></Output></UnitTestResult><UnitTestResult executionId="88b97475-3da6-4648-a04d-f3f07134da5e" testId="efd02bb1-9870-ea93-8102-48824f358f1f" testName="QueryTestSuitesReferencingTestCaseNoReference" computerName="V-NAGAB77931A" duration="00:00:02.3811354" startTime="2018-07-02T20:14:37.7527082-07:00" endTime="2018-07-02T20:14:40.1297068-07:00" testType="13cdc9d9-ddb5-4fa4-a97d-d965ccfc6d4b" outcome="Passed" testListId="8c84fa94-04c1-424b-9868-57a2d4851a1d" relativeResultsDirectory="88b97475-3da6-4648-a04d-f3f07134da5e"><Output><StdOut>Debug Trace:
00:00.000  Test Start: 7/2/2018 8:14:37 PM (local) / 7/3/2018 3:14:37 AM (UTC)&#xD;
00:00.000  Random Seed for this test: 1872989994&#xD;
00:00.000  Created new TimeoutScope, 'Test: QueryTestSuitesReferencingTestCaseNoReference:181@0', for 00:00:30 on thread 16.&#xD;
00:00.000  Created new TimeoutScope, 'TestFrameworkTestInitialize:182@1', for 00:00:10 on thread 16.&#xD;
00:00.000  TimeoutScope, 'Test: QueryTestSuitesReferencingTestCaseNoReference:181', has been paused after 00:00:00.0000311.&#xD;
00:00.000  TimeoutScope 'TestFrameworkTestInitialize:182' ended after '00:00:00.0000135'.&#xD;
00:00.000  TimeoutScope, 'Test: QueryTestSuitesReferencingTestCaseNoReference:181', has been resumed at 00:00:00.0000317.&#xD;
00:00.000  TagHelper is getting a tag 'Project.PrivateAgileGit' on host 'de108ff5-f4a8-4948-b1ec-3147b31f1465'.&#xD;
00:00.000  TagHelper found cached tag 'Project.PrivateAgileGit' on host 'de108ff5-f4a8-4948-b1ec-3147b31f1465' with value '05e49bc7-ac67-4dc4-b85e-4a41b611b532'.&#xD;
00:00.000  Searching for project '05e49bc7-ac67-4dc4-b85e-4a41b611b532'.&#xD;
00:00.001  Web method running: [http://v-nagab77931a:8080/tfs/46407190-89f3-4e58-9bad-783cbf2637fb_/_apis/projects/05e49bc7-ac67-4dc4-b85e-4a41b611b532?includeHistory=False] (GET)05e49bc7-ac67-4dc4-b85e-4a41b611b532[projects] E2EId: 7b725a50-47ca-41e7-9091-afba052a1480&#xD;
00:00.014  Web method response: [http://v-nagab77931a:8080/tfs/46407190-89f3-4e58-9bad-783cbf2637fb_/_apis/projects/05e49bc7-ac67-4dc4-b85e-4a41b611b532?includeHistory=False] (GET)05e49bc7-ac67-4dc4-b85e-4a41b611b532[projects] E2EId: 7b725a50-47ca-41e7-9091-afba052a1480, ActivityId: 68e9543d-022d-4bd6-90df-91127d95539f 13 ms&#xD;
00:00.014  Found matching project 'sdentifies people online. Impllowssy!n8d5e05805548ee6' (05e49bc7-ac67-4dc4-b85e-4a41b611b532).&#xD;
00:00.014  Create User called.&#xD;
00:00.014  IdentityHelperClient.CreateUser called with user properties {"$type":"Vssf.TestFramework.Client.Common.CreateUserProperties, Vssf.TestFramework.Client.Common","EntityType":"User","OriginDirectory":null,"HomeDirectory":null,"TenantId":null,"OriginId":"00000000-0000-0000-0000-000000000000","LocalId":"00000000-0000-0000-0000-000000000000","MasterId":"00000000-0000-0000-0000-000000000000","PrincipalName":null,"DisplayName":null,"Profile":null,"License":4,"LocalGroups":[{"$type":"Vssf.TestFramework.Client.Common.GroupReference, Vssf.TestFramework.Client.Common","Identifier":"S-1-9-1551374245-1204400969-2402986413-2179408616-0-0-0-0-1"}],"LocalPermissions":null,"UserType":0,"CreateUserTranslations":null}&#xD;
00:00.014  Created new TimeoutScope, 'CreateUser:183@1', for 00:00:30 on thread 16.&#xD;
00:00.014  TimeoutScope, 'Test: QueryTestSuitesReferencingTestCaseNoReference:181', has been paused after 00:00:00.0143684.&#xD;
00:00.014  IdentityHelperClient.AddMember was called with parameters {"$type":"Vssf.TestFramework.Client.L2.Identity.AddMemberRequest, Vssf.TestFramework.Client.L2","EntityDescriptor":{"$type":"Microsoft.VisualStudio.Services.Directories.DirectoryEntityDescriptor, Microsoft.VisualStudio.Services.WebApi","entityType":"User","originDirectory":null,"localId":null,"originId":null,"invitationMethod":"CreateUser@TeamFoundationServer","createIfNotFound":true},"Profile":null,"License":"Optimal","LocalGroups":["S-1-9-1551374245-1204400969-2402986413-2179408616-0-0-0-0-1"]}&#xD;
00:00.055  Web method running: [http://v-nagab77931a:8080/tfs/46407190-89f3-4e58-9bad-783cbf2637fb_/_apis/Directory/Members?license=Optimal&amp;localGroups=S-1-9-1551374245-1204400969-2402986413-2179408616-0-0-0-0-1&amp;propertiesToReturn=LocalDescriptor] (POST)Members[Directory] E2EId: 53b45584-3a88-49cf-9147-83b93b3f5d6a&#xD;
00:00.160  Web method response: [http://v-nagab77931a:8080/tfs/46407190-89f3-4e58-9bad-783cbf2637fb_/_apis/Directory/Members?license=Optimal&amp;localGroups=S-1-9-1551374245-1204400969-2402986413-2179408616-0-0-0-0-1&amp;propertiesToReturn=LocalDescriptor] (POST)Members[Directory] E2EId: 53b45584-3a88-49cf-9147-83b93b3f5d6a, ActivityId: 68e9543e-022d-4bd6-90df-91127d95539f 105 ms&#xD;
00:00.161  DirectoryHttpClient.AddMemberAsync returned {"$type":"Microsoft.VisualStudio.Services.Directories.DirectoryEntityResult, Microsoft.VisualStudio.Services.WebApi","Entity":{"$type":"Microsoft.VisualStudio.Services.Directories.DirectoryUser, Microsoft.VisualStudio.Services.WebApi","EntityId":"vss.ds.v1.ims.user.214afe556e42453a8a6422ab230bc5e5","EntityType":"User","OriginDirectory":"vsd","OriginId":"214afe55-6e42-453a-8a64-22ab230bc5e5","LocalDirectory":"vsd","LocalId":"214afe55-6e42-453a-8a64-22ab230bc5e5","principalName":"fake-vsd-b48b96dd-d01a-4efa-88f9-d466513d39a7","displayName":"fake-vsd-b48b96dd-d01a-4efa-88f9-d466513d39a7","localDescriptor":"System.Security.Principal.WindowsIdentity;S-1-5-21-1389882523-1725124155-1294357522-957336818-1158774871-1694434223-357637964"},"EntityState":"LocalCreate","Status":"Success"}&#xD;
00:00.245  Web method running: [http://v-nagab77931a:8080/tfs/46407190-89f3-4e58-9bad-783cbf2637fb_/_apis/Identities/214afe55-6e42-453a-8a64-22ab230bc5e5?queryMembership=Direct] (GET)214afe55-6e42-453a-8a64-22ab230bc5e5[Identities] E2EId: 8aebc4aa-4eef-4485-be06-8fd1a95712ce&#xD;
00:00.258  Web method response: [http://v-nagab77931a:8080/tfs/46407190-89f3-4e58-9bad-783cbf2637fb_/_apis/Identities/214afe55-6e42-453a-8a64-22ab230bc5e5?queryMembership=Direct] (GET)214afe55-6e42-453a-8a64-22ab230bc5e5[Identities] E2EId: 8aebc4aa-4eef-4485-be06-8fd1a95712ce, ActivityId: 68e9543f-022d-4bd6-90df-91127d95539f 12 ms&#xD;
00:00.259  TimeoutScope 'CreateUser:183' ended after '00:00:00.2443046'.&#xD;
00:00.259  TimeoutScope, 'Test: QueryTestSuitesReferencingTestCaseNoReference:181', has been resumed at 00:00:00.0143694.&#xD;
00:00.259  IdentityHelperClient.CreateUser called service and returned {"$type":"Microsoft.VisualStudio.Services.Identity.Identity, Microsoft.VisualStudio.Services.WebApi","Id":"214afe55-6e42-453a-8a64-22ab230bc5e5","Descriptor":"System.Security.Principal.WindowsIdentity;S-1-5-21-1389882523-1725124155-1294357522-957336818-1158774871-1694434223-357637964","SubjectDescriptor":"win.Uy0xLTUtMjEtMTM4OTg4MjUyMy0xNzI1MTI0MTU1LTEyOTQzNTc1MjItOTU3MzM2ODE4LTExNTg3NzQ4NzEtMTY5NDQzNDIyMy0zNTc2Mzc5NjQ","ProviderDisplayName":"fake-vsd-b48b96dd-d01a-4efa-88f9-d466513d39a7","IsActive":true,"Members":[],"MemberOf":["Microsoft.TeamFoundation.Identity;S-1-9-1551374245-4119793886-2834581577-2985046343-3005158501-0-0-0-0-1"],"MemberIds":[],"MasterId":"ffffffff-ffff-ffff-ffff-ffffffffffff","Properties":{"$type":"Microsoft.VisualStudio.Services.WebApi.PropertiesCollection, Microsoft.VisualStudio.Services.WebApi","SchemaClassName":{"$type":"System.String","$value":"User"},"Description":{"$type":"System.String","$value":"L2"},"Domain":{"$type":"System.String","$value":"L2"},"Account":{"$type":"System.String","$value":"fake-vsd-b48b96dd-d01a-4efa-88f9-d466513d39a7"},"DN":{"$type":"System.String","$value":""},"Mail":{"$type":"System.String","$value":"fake-vsd-b48b96dd-d01a-4efa-88f9-d466513d39a7@someprovider.com"},"SpecialType":{"$type":"System.String","$value":"Generic"},"ComplianceValidated":{"$type":"System.DateTime","$value":"2018-07-03T00:00:00Z"},"DirectoryAlias":{"$type":"System.String","$value":"fake-vsd-b48b96dd-d01a-4efa-88f9-d466513d39a7"}},"ResourceVersion":2,"MetaTypeId":255}&#xD;
00:00.259  Created User successfully.&#xD;
00:00.259  Client Credentials called.&#xD;
Getting credentials for descriptor 'System.Security.Principal.WindowsIdentity;S-1-5-21-1389882523-1725124155-1294357522-957336818-1158774871-1694434223-357637964' =&gt; Authorization: Bearer eyJ0eXAiOiJKV1QiLCJhbGciOiJOb25lIn0.eyJuYW1laWQiOiJTLTEtNS0yMS0xMzg5ODgyNTIzLTE3MjUxMjQxNTUtMTI5NDM1NzUyMi05NTczMzY4MTgtMTE1ODc3NDg3MS0xNjk0NDM0MjIzLTM1NzYzNzk2NCIsIklkZW50aXR5VHlwZUNsYWltIjoiU3lzdGVtLlNlY3VyaXR5LlByaW5jaXBhbC5XaW5kb3dzSWRlbnRpdHkiLCJpc3MiOiJMMiIsImF1ZCI6IkwyIiwibmJmIjoxNTMwNTg3Njc4LCJleHAiOjI1MzQwMjMwMDgwMH0.&#xD;
00:00.259  Client Credentials received successfully.&#xD;
Getting credentials for descriptor 'System.Security.Principal.WindowsIdentity;S-1-5-21-1389882523-1725124155-1294357522-957336818-1158774871-1694434223-357637964' =&gt; Authorization: Bearer eyJ0eXAiOiJKV1QiLCJhbGciOiJOb25lIn0.eyJuYW1laWQiOiJTLTEtNS0yMS0xMzg5ODgyNTIzLTE3MjUxMjQxNTUtMTI5NDM1NzUyMi05NTczMzY4MTgtMTE1ODc3NDg3MS0xNjk0NDM0MjIzLTM1NzYzNzk2NCIsIklkZW50aXR5VHlwZUNsYWltIjoiU3lzdGVtLlNlY3VyaXR5LlByaW5jaXBhbC5XaW5kb3dzSWRlbnRpdHkiLCJpc3MiOiJMMiIsImF1ZCI6IkwyIiwibmJmIjoxNTMwNTg3Njc4LCJleHAiOjI1MzQwMjMwMDgwMH0.&#xD;
00:00.330  Created new TimeoutScope, 'RefreshWorkItemStoreCache:184@1', for 00:01:00 on thread 16.&#xD;
00:00.330  TimeoutScope, 'Test: QueryTestSuitesReferencingTestCaseNoReference:181', has been paused after 00:00:00.0858148.&#xD;
00:00.440  TimeoutScope 'RefreshWorkItemStoreCache:184' ended after '00:00:00.1095038'.&#xD;
00:00.440  TimeoutScope, 'Test: QueryTestSuitesReferencingTestCaseNoReference:181', has been resumed at 00:00:00.0858157.&#xD;
00:01.474  Performing CommonTestBase Cleanup...&#xD;
00:01.474  TimeoutScope 'Test: QueryTestSuitesReferencingTestCaseNoReference:181' ended after '00:00:01.1199567'.&#xD;
00:02.381  Created new TimeoutScope, 'TestFrameworkTestCleanup:185@0', for 00:00:10 on thread 16.&#xD;
00:02.381  TimeoutScope 'TestFrameworkTestCleanup:185' ended after '00:00:00.0000476'.&#xD;
00:02.381  Test End: 7/2/2018 8:14:40 PM (local) / 7/3/2018 3:14:40 AM (UTC).</StdOut></Output></UnitTestResult><UnitTestResult executionId="e7d2c712-cb2a-4e9a-8753-63fbaabe49fa" testId="8d87850f-5b1b-0c9c-e0a0-c56889c0fae5" testName="AddDuplicateTestCases" computerName="V-NAGAB77931A" duration="00:00:03.4171471" startTime="2018-07-02T20:16:04.7546113-07:00" endTime="2018-07-02T20:16:08.1720936-07:00" testType="13cdc9d9-ddb5-4fa4-a97d-d965ccfc6d4b" outcome="Passed" testListId="8c84fa94-04c1-424b-9868-57a2d4851a1d" relativeResultsDirectory="e7d2c712-cb2a-4e9a-8753-63fbaabe49fa"><Output><StdOut>Debug Trace:
00:00.000  Test Start: 7/2/2018 8:16:04 PM (local) / 7/3/2018 3:16:04 AM (UTC)&#xD;
00:00.000  Random Seed for this test: -1551958271&#xD;
00:00.000  Created new TimeoutScope, 'Test: AddDuplicateTestCases:256@0', for 00:00:30 on thread 16.&#xD;
00:00.000  Created new TimeoutScope, 'TestFrameworkTestInitialize:257@1', for 00:00:10 on thread 16.&#xD;
00:00.000  TimeoutScope, 'Test: AddDuplicateTestCases:256', has been paused after 00:00:00.0000246.&#xD;
00:00.000  TimeoutScope 'TestFrameworkTestInitialize:257' ended after '00:00:00.0000299'.&#xD;
00:00.000  TimeoutScope, 'Test: AddDuplicateTestCases:256', has been resumed at 00:00:00.0000252.&#xD;
00:00.000  TagHelper is getting a tag 'Project.PrivateAgileGit' on host 'de108ff5-f4a8-4948-b1ec-3147b31f1465'.&#xD;
00:00.000  TagHelper found cached tag 'Project.PrivateAgileGit' on host 'de108ff5-f4a8-4948-b1ec-3147b31f1465' with value '05e49bc7-ac67-4dc4-b85e-4a41b611b532'.&#xD;
00:00.000  Searching for project '05e49bc7-ac67-4dc4-b85e-4a41b611b532'.&#xD;
00:00.001  Web method running: [http://v-nagab77931a:8080/tfs/46407190-89f3-4e58-9bad-783cbf2637fb_/_apis/projects/05e49bc7-ac67-4dc4-b85e-4a41b611b532?includeHistory=False] (GET)05e49bc7-ac67-4dc4-b85e-4a41b611b532[projects] E2EId: 35afd623-cf36-4fa6-b56d-157798b9239e&#xD;
00:00.014  Web method response: [http://v-nagab77931a:8080/tfs/46407190-89f3-4e58-9bad-783cbf2637fb_/_apis/projects/05e49bc7-ac67-4dc4-b85e-4a41b611b532?includeHistory=False] (GET)05e49bc7-ac67-4dc4-b85e-4a41b611b532[projects] E2EId: 35afd623-cf36-4fa6-b56d-157798b9239e, ActivityId: 68e95616-022d-4bd6-90df-91127d95539f 13 ms&#xD;
00:00.015  Found matching project 'sdentifies people online. Impllowssy!n8d5e05805548ee6' (05e49bc7-ac67-4dc4-b85e-4a41b611b532).&#xD;
00:00.015  Create User called.&#xD;
00:00.015  IdentityHelperClient.CreateUser called with user properties {"$type":"Vssf.TestFramework.Client.Common.CreateUserProperties, Vssf.TestFramework.Client.Common","EntityType":"User","OriginDirectory":null,"HomeDirectory":null,"TenantId":null,"OriginId":"00000000-0000-0000-0000-000000000000","LocalId":"00000000-0000-0000-0000-000000000000","MasterId":"00000000-0000-0000-0000-000000000000","PrincipalName":null,"DisplayName":null,"Profile":null,"License":4,"LocalGroups":[{"$type":"Vssf.TestFramework.Client.Common.GroupReference, Vssf.TestFramework.Client.Common","Identifier":"S-1-9-1551374245-1204400969-2402986413-2179408616-0-0-0-0-1"}],"LocalPermissions":null,"UserType":0,"CreateUserTranslations":null}&#xD;
00:00.015  Created new TimeoutScope, 'CreateUser:258@1', for 00:00:30 on thread 16.&#xD;
00:00.015  TimeoutScope, 'Test: AddDuplicateTestCases:256', has been paused after 00:00:00.0150090.&#xD;
00:00.015  IdentityHelperClient.AddMember was called with parameters {"$type":"Vssf.TestFramework.Client.L2.Identity.AddMemberRequest, Vssf.TestFramework.Client.L2","EntityDescriptor":{"$type":"Microsoft.VisualStudio.Services.Directories.DirectoryEntityDescriptor, Microsoft.VisualStudio.Services.WebApi","entityType":"User","originDirectory":null,"localId":null,"originId":null,"invitationMethod":"CreateUser@TeamFoundationServer","createIfNotFound":true},"Profile":null,"License":"Optimal","LocalGroups":["S-1-9-1551374245-1204400969-2402986413-2179408616-0-0-0-0-1"]}&#xD;
00:00.065  Web method running: [http://v-nagab77931a:8080/tfs/46407190-89f3-4e58-9bad-783cbf2637fb_/_apis/Directory/Members?license=Optimal&amp;localGroups=S-1-9-1551374245-1204400969-2402986413-2179408616-0-0-0-0-1&amp;propertiesToReturn=LocalDescriptor] (POST)Members[Directory] E2EId: 3e244dfd-13d5-45a4-bec8-f718c10b98bf&#xD;
00:00.201  Web method response: [http://v-nagab77931a:8080/tfs/46407190-89f3-4e58-9bad-783cbf2637fb_/_apis/Directory/Members?license=Optimal&amp;localGroups=S-1-9-1551374245-1204400969-2402986413-2179408616-0-0-0-0-1&amp;propertiesToReturn=LocalDescriptor] (POST)Members[Directory] E2EId: 3e244dfd-13d5-45a4-bec8-f718c10b98bf, ActivityId: 68e95617-022d-4bd6-90df-91127d95539f 135 ms&#xD;
00:00.201  DirectoryHttpClient.AddMemberAsync returned {"$type":"Microsoft.VisualStudio.Services.Directories.DirectoryEntityResult, Microsoft.VisualStudio.Services.WebApi","Entity":{"$type":"Microsoft.VisualStudio.Services.Directories.DirectoryUser, Microsoft.VisualStudio.Services.WebApi","EntityId":"vss.ds.v1.ims.user.7b233653a3404d7a8187ba2073bebca7","EntityType":"User","OriginDirectory":"vsd","OriginId":"7b233653-a340-4d7a-8187-ba2073bebca7","LocalDirectory":"vsd","LocalId":"7b233653-a340-4d7a-8187-ba2073bebca7","principalName":"fake-vsd-3df18ba4-14de-446e-ae1d-e695ecf9a71d","displayName":"fake-vsd-3df18ba4-14de-446e-ae1d-e695ecf9a71d","localDescriptor":"System.Security.Principal.WindowsIdentity;S-1-5-21-1389882523-1725124155-1294357522-1505996516-1093440428-1134658701-277013165"},"EntityState":"LocalCreate","Status":"Success"}&#xD;
00:00.241  Web method running: [http://v-nagab77931a:8080/tfs/46407190-89f3-4e58-9bad-783cbf2637fb_/_apis/Identities/7b233653-a340-4d7a-8187-ba2073bebca7?queryMembership=Direct] (GET)7b233653-a340-4d7a-8187-ba2073bebca7[Identities] E2EId: 040fdd5b-8196-4d88-b2b9-416102f75c78&#xD;
00:00.253  Web method response: [http://v-nagab77931a:8080/tfs/46407190-89f3-4e58-9bad-783cbf2637fb_/_apis/Identities/7b233653-a340-4d7a-8187-ba2073bebca7?queryMembership=Direct] (GET)7b233653-a340-4d7a-8187-ba2073bebca7[Identities] E2EId: 040fdd5b-8196-4d88-b2b9-416102f75c78, ActivityId: 68e95618-022d-4bd6-90df-91127d95539f 11 ms&#xD;
00:00.253  TimeoutScope 'CreateUser:258' ended after '00:00:00.2386011'.&#xD;
00:00.253  TimeoutScope, 'Test: AddDuplicateTestCases:256', has been resumed at 00:00:00.0150099.&#xD;
00:00.254  IdentityHelperClient.CreateUser called service and returned {"$type":"Microsoft.VisualStudio.Services.Identity.Identity, Microsoft.VisualStudio.Services.WebApi","Id":"7b233653-a340-4d7a-8187-ba2073bebca7","Descriptor":"System.Security.Principal.WindowsIdentity;S-1-5-21-1389882523-1725124155-1294357522-1505996516-1093440428-1134658701-277013165","SubjectDescriptor":"win.Uy0xLTUtMjEtMTM4OTg4MjUyMy0xNzI1MTI0MTU1LTEyOTQzNTc1MjItMTUwNTk5NjUxNi0xMDkzNDQwNDI4LTExMzQ2NTg3MDEtMjc3MDEzMTY1","ProviderDisplayName":"fake-vsd-3df18ba4-14de-446e-ae1d-e695ecf9a71d","IsActive":true,"Members":[],"MemberOf":["Microsoft.TeamFoundation.Identity;S-1-9-1551374245-4119793886-2834581577-2985046343-3005158501-0-0-0-0-1"],"MemberIds":[],"MasterId":"ffffffff-ffff-ffff-ffff-ffffffffffff","Properties":{"$type":"Microsoft.VisualStudio.Services.WebApi.PropertiesCollection, Microsoft.VisualStudio.Services.WebApi","SchemaClassName":{"$type":"System.String","$value":"User"},"Description":{"$type":"System.String","$value":"L2"},"Domain":{"$type":"System.String","$value":"L2"},"Account":{"$type":"System.String","$value":"fake-vsd-3df18ba4-14de-446e-ae1d-e695ecf9a71d"},"DN":{"$type":"System.String","$value":""},"Mail":{"$type":"System.String","$value":"fake-vsd-3df18ba4-14de-446e-ae1d-e695ecf9a71d@someprovider.com"},"SpecialType":{"$type":"System.String","$value":"Generic"},"ComplianceValidated":{"$type":"System.DateTime","$value":"2018-07-03T00:00:00Z"},"DirectoryAlias":{"$type":"System.String","$value":"fake-vsd-3df18ba4-14de-446e-ae1d-e695ecf9a71d"}},"ResourceVersion":2,"MetaTypeId":255}&#xD;
00:00.254  Created User successfully.&#xD;
00:00.254  Client Credentials called.&#xD;
Getting credentials for descriptor 'System.Security.Principal.WindowsIdentity;S-1-5-21-1389882523-1725124155-1294357522-1505996516-1093440428-1134658701-277013165' =&gt; Authorization: Bearer eyJ0eXAiOiJKV1QiLCJhbGciOiJOb25lIn0.eyJuYW1laWQiOiJTLTEtNS0yMS0xMzg5ODgyNTIzLTE3MjUxMjQxNTUtMTI5NDM1NzUyMi0xNTA1OTk2NTE2LTEwOTM0NDA0MjgtMTEzNDY1ODcwMS0yNzcwMTMxNjUiLCJJZGVudGl0eVR5cGVDbGFpbSI6IlN5c3RlbS5TZWN1cml0eS5QcmluY2lwYWwuV2luZG93c0lkZW50aXR5IiwiaXNzIjoiTDIiLCJhdWQiOiJMMiIsIm5iZiI6MTUzMDU4Nzc2NSwiZXhwIjoyNTM0MDIzMDA4MDB9.&#xD;
00:00.254  Client Credentials received successfully.&#xD;
Getting credentials for descriptor 'System.Security.Principal.WindowsIdentity;S-1-5-21-1389882523-1725124155-1294357522-1505996516-1093440428-1134658701-277013165' =&gt; Authorization: Bearer eyJ0eXAiOiJKV1QiLCJhbGciOiJOb25lIn0.eyJuYW1laWQiOiJTLTEtNS0yMS0xMzg5ODgyNTIzLTE3MjUxMjQxNTUtMTI5NDM1NzUyMi0xNTA1OTk2NTE2LTEwOTM0NDA0MjgtMTEzNDY1ODcwMS0yNzcwMTMxNjUiLCJJZGVudGl0eVR5cGVDbGFpbSI6IlN5c3RlbS5TZWN1cml0eS5QcmluY2lwYWwuV2luZG93c0lkZW50aXR5IiwiaXNzIjoiTDIiLCJhdWQiOiJMMiIsIm5iZiI6MTUzMDU4Nzc2NSwiZXhwIjoyNTM0MDIzMDA4MDB9.&#xD;
00:00.402  Created new TimeoutScope, 'RefreshWorkItemStoreCache:259@1', for 00:01:00 on thread 16.&#xD;
00:00.402  TimeoutScope, 'Test: AddDuplicateTestCases:256', has been paused after 00:00:00.1634216.&#xD;
00:00.528  TimeoutScope 'RefreshWorkItemStoreCache:259' ended after '00:00:00.1257291'.&#xD;
00:00.528  TimeoutScope, 'Test: AddDuplicateTestCases:256', has been resumed at 00:00:00.1634225.&#xD;
00:01.869  Performing CommonTestBase Cleanup...&#xD;
00:01.869  TimeoutScope 'Test: AddDuplicateTestCases:256' ended after '00:00:01.5046973'.&#xD;
00:03.417  Created new TimeoutScope, 'TestFrameworkTestCleanup:260@0', for 00:00:10 on thread 16.&#xD;
00:03.417  TimeoutScope 'TestFrameworkTestCleanup:260' ended after '00:00:00.0000447'.&#xD;
00:03.417  Test End: 7/2/2018 8:16:08 PM (local) / 7/3/2018 3:16:08 AM (UTC).</StdOut></Output></UnitTestResult><UnitTestResult executionId="affefc92-f814-488e-9f5e-b098de5f7077" testId="c89763c0-20d2-9881-6fb5-3100cb355d01" testName="DynamicSuiteQueryAfterDelete" computerName="V-NAGAB77931A" duration="00:00:33.9015813" startTime="2018-07-02T20:14:50.6297408-07:00" endTime="2018-07-02T20:15:24.5233402-07:00" testType="13cdc9d9-ddb5-4fa4-a97d-d965ccfc6d4b" outcome="Passed" testListId="8c84fa94-04c1-424b-9868-57a2d4851a1d" relativeResultsDirectory="affefc92-f814-488e-9f5e-b098de5f7077"><Output><StdOut>Debug Trace:
00:00.000  Test Start: 7/2/2018 8:14:50 PM (local) / 7/3/2018 3:14:50 AM (UTC)&#xD;
00:00.000  Random Seed for this test: 2001760320&#xD;
00:00.000  Created new TimeoutScope, 'Test: DynamicSuiteQueryAfterDelete:206@0', for 00:00:30 on thread 16.&#xD;
00:00.000  Created new TimeoutScope, 'TestFrameworkTestInitialize:207@1', for 00:00:10 on thread 16.&#xD;
00:00.000  TimeoutScope, 'Test: DynamicSuiteQueryAfterDelete:206', has been paused after 00:00:00.0000273.&#xD;
00:00.000  TimeoutScope 'TestFrameworkTestInitialize:207' ended after '00:00:00.0000102'.&#xD;
00:00.000  TimeoutScope, 'Test: DynamicSuiteQueryAfterDelete:206', has been resumed at 00:00:00.0000279.&#xD;
00:00.000  TagHelper is getting a tag 'Project.PrivateAgileGit' on host 'de108ff5-f4a8-4948-b1ec-3147b31f1465'.&#xD;
00:00.000  TagHelper found cached tag 'Project.PrivateAgileGit' on host 'de108ff5-f4a8-4948-b1ec-3147b31f1465' with value '05e49bc7-ac67-4dc4-b85e-4a41b611b532'.&#xD;
00:00.000  Searching for project '05e49bc7-ac67-4dc4-b85e-4a41b611b532'.&#xD;
00:00.001  Web method running: [http://v-nagab77931a:8080/tfs/46407190-89f3-4e58-9bad-783cbf2637fb_/_apis/projects/05e49bc7-ac67-4dc4-b85e-4a41b611b532?includeHistory=False] (GET)05e49bc7-ac67-4dc4-b85e-4a41b611b532[projects] E2EId: d7bcd094-8421-40a7-9322-9de8c1a1b41d&#xD;
00:00.007  Web method response: [http://v-nagab77931a:8080/tfs/46407190-89f3-4e58-9bad-783cbf2637fb_/_apis/projects/05e49bc7-ac67-4dc4-b85e-4a41b611b532?includeHistory=False] (GET)05e49bc7-ac67-4dc4-b85e-4a41b611b532[projects] E2EId: d7bcd094-8421-40a7-9322-9de8c1a1b41d, ActivityId: 68e9549d-022d-4bd6-90df-91127d95539f 6 ms&#xD;
00:00.008  Found matching project 'sdentifies people online. Impllowssy!n8d5e05805548ee6' (05e49bc7-ac67-4dc4-b85e-4a41b611b532).&#xD;
00:00.008  Create User called.&#xD;
00:00.008  IdentityHelperClient.CreateUser called with user properties {"$type":"Vssf.TestFramework.Client.Common.CreateUserProperties, Vssf.TestFramework.Client.Common","EntityType":"User","OriginDirectory":null,"HomeDirectory":null,"TenantId":null,"OriginId":"00000000-0000-0000-0000-000000000000","LocalId":"00000000-0000-0000-0000-000000000000","MasterId":"00000000-0000-0000-0000-000000000000","PrincipalName":null,"DisplayName":null,"Profile":null,"License":4,"LocalGroups":[{"$type":"Vssf.TestFramework.Client.Common.GroupReference, Vssf.TestFramework.Client.Common","Identifier":"S-1-9-1551374245-1204400969-2402986413-2179408616-0-0-0-0-1"}],"LocalPermissions":null,"UserType":0,"CreateUserTranslations":null}&#xD;
00:00.008  Created new TimeoutScope, 'CreateUser:208@1', for 00:00:30 on thread 16.&#xD;
00:00.008  TimeoutScope, 'Test: DynamicSuiteQueryAfterDelete:206', has been paused after 00:00:00.0079729.&#xD;
00:00.008  IdentityHelperClient.AddMember was called with parameters {"$type":"Vssf.TestFramework.Client.L2.Identity.AddMemberRequest, Vssf.TestFramework.Client.L2","EntityDescriptor":{"$type":"Microsoft.VisualStudio.Services.Directories.DirectoryEntityDescriptor, Microsoft.VisualStudio.Services.WebApi","entityType":"User","originDirectory":null,"localId":null,"originId":null,"invitationMethod":"CreateUser@TeamFoundationServer","createIfNotFound":true},"Profile":null,"License":"Optimal","LocalGroups":["S-1-9-1551374245-1204400969-2402986413-2179408616-0-0-0-0-1"]}&#xD;
00:00.045  Web method running: [http://v-nagab77931a:8080/tfs/46407190-89f3-4e58-9bad-783cbf2637fb_/_apis/Directory/Members?license=Optimal&amp;localGroups=S-1-9-1551374245-1204400969-2402986413-2179408616-0-0-0-0-1&amp;propertiesToReturn=LocalDescriptor] (POST)Members[Directory] E2EId: 032eca25-85d2-4a4a-b5f1-339e295b84f0&#xD;
00:00.149  Web method response: [http://v-nagab77931a:8080/tfs/46407190-89f3-4e58-9bad-783cbf2637fb_/_apis/Directory/Members?license=Optimal&amp;localGroups=S-1-9-1551374245-1204400969-2402986413-2179408616-0-0-0-0-1&amp;propertiesToReturn=LocalDescriptor] (POST)Members[Directory] E2EId: 032eca25-85d2-4a4a-b5f1-339e295b84f0, ActivityId: 68e9549e-022d-4bd6-90df-91127d95539f 103 ms&#xD;
00:00.149  DirectoryHttpClient.AddMemberAsync returned {"$type":"Microsoft.VisualStudio.Services.Directories.DirectoryEntityResult, Microsoft.VisualStudio.Services.WebApi","Entity":{"$type":"Microsoft.VisualStudio.Services.Directories.DirectoryUser, Microsoft.VisualStudio.Services.WebApi","EntityId":"vss.ds.v1.ims.user.f1bb5173fb7249e7a310012821d94b2c","EntityType":"User","OriginDirectory":"vsd","OriginId":"f1bb5173-fb72-49e7-a310-012821d94b2c","LocalDirectory":"vsd","LocalId":"f1bb5173-fb72-49e7-a310-012821d94b2c","principalName":"fake-vsd-f03a6341-5d9a-4bac-96ff-16ab54f00470","displayName":"fake-vsd-f03a6341-5d9a-4bac-96ff-16ab54f00470","localDescriptor":"System.Security.Principal.WindowsIdentity;S-1-5-21-1389882523-1725124155-1294357522-2515734905-1263381480-1957940107-1165624741"},"EntityState":"LocalCreate","Status":"Success"}&#xD;
00:00.226  Web method running: [http://v-nagab77931a:8080/tfs/46407190-89f3-4e58-9bad-783cbf2637fb_/_apis/Identities/f1bb5173-fb72-49e7-a310-012821d94b2c?queryMembership=Direct] (GET)f1bb5173-fb72-49e7-a310-012821d94b2c[Identities] E2EId: 32dc16b7-8914-43af-b888-234710811810&#xD;
00:00.240  Web method response: [http://v-nagab77931a:8080/tfs/46407190-89f3-4e58-9bad-783cbf2637fb_/_apis/Identities/f1bb5173-fb72-49e7-a310-012821d94b2c?queryMembership=Direct] (GET)f1bb5173-fb72-49e7-a310-012821d94b2c[Identities] E2EId: 32dc16b7-8914-43af-b888-234710811810, ActivityId: 68e9549f-022d-4bd6-90df-91127d95539f 13 ms&#xD;
00:00.240  TimeoutScope 'CreateUser:208' ended after '00:00:00.2322451'.&#xD;
00:00.240  TimeoutScope, 'Test: DynamicSuiteQueryAfterDelete:206', has been resumed at 00:00:00.0079738.&#xD;
00:00.240  IdentityHelperClient.CreateUser called service and returned {"$type":"Microsoft.VisualStudio.Services.Identity.Identity, Microsoft.VisualStudio.Services.WebApi","Id":"f1bb5173-fb72-49e7-a310-012821d94b2c","Descriptor":"System.Security.Principal.WindowsIdentity;S-1-5-21-1389882523-1725124155-1294357522-2515734905-1263381480-1957940107-1165624741","SubjectDescriptor":"win.Uy0xLTUtMjEtMTM4OTg4MjUyMy0xNzI1MTI0MTU1LTEyOTQzNTc1MjItMjUxNTczNDkwNS0xMjYzMzgxNDgwLTE5NTc5NDAxMDctMTE2NTYyNDc0MQ","ProviderDisplayName":"fake-vsd-f03a6341-5d9a-4bac-96ff-16ab54f00470","IsActive":true,"Members":[],"MemberOf":["Microsoft.TeamFoundation.Identity;S-1-9-1551374245-4119793886-2834581577-2985046343-3005158501-0-0-0-0-1"],"MemberIds":[],"MasterId":"ffffffff-ffff-ffff-ffff-ffffffffffff","Properties":{"$type":"Microsoft.VisualStudio.Services.WebApi.PropertiesCollection, Microsoft.VisualStudio.Services.WebApi","SchemaClassName":{"$type":"System.String","$value":"User"},"Description":{"$type":"System.String","$value":"L2"},"Domain":{"$type":"System.String","$value":"L2"},"Account":{"$type":"System.String","$value":"fake-vsd-f03a6341-5d9a-4bac-96ff-16ab54f00470"},"DN":{"$type":"System.String","$value":""},"Mail":{"$type":"System.String","$value":"fake-vsd-f03a6341-5d9a-4bac-96ff-16ab54f00470@someprovider.com"},"SpecialType":{"$type":"System.String","$value":"Generic"},"ComplianceValidated":{"$type":"System.DateTime","$value":"2018-07-03T00:00:00Z"},"DirectoryAlias":{"$type":"System.String","$value":"fake-vsd-f03a6341-5d9a-4bac-96ff-16ab54f00470"}},"ResourceVersion":2,"MetaTypeId":255}&#xD;
00:00.240  Created User successfully.&#xD;
00:00.240  Client Credentials called.&#xD;
Getting credentials for descriptor 'System.Security.Principal.WindowsIdentity;S-1-5-21-1389882523-1725124155-1294357522-2515734905-1263381480-1957940107-1165624741' =&gt; Authorization: Bearer eyJ0eXAiOiJKV1QiLCJhbGciOiJOb25lIn0.eyJuYW1laWQiOiJTLTEtNS0yMS0xMzg5ODgyNTIzLTE3MjUxMjQxNTUtMTI5NDM1NzUyMi0yNTE1NzM0OTA1LTEyNjMzODE0ODAtMTk1Nzk0MDEwNy0xMTY1NjI0NzQxIiwiSWRlbnRpdHlUeXBlQ2xhaW0iOiJTeXN0ZW0uU2VjdXJpdHkuUHJpbmNpcGFsLldpbmRvd3NJZGVudGl0eSIsImlzcyI6IkwyIiwiYXVkIjoiTDIiLCJuYmYiOjE1MzA1ODc2OTEsImV4cCI6MjUzNDAyMzAwODAwfQ.&#xD;
00:00.240  Client Credentials received successfully.&#xD;
Getting credentials for descriptor 'System.Security.Principal.WindowsIdentity;S-1-5-21-1389882523-1725124155-1294357522-2515734905-1263381480-1957940107-1165624741' =&gt; Authorization: Bearer eyJ0eXAiOiJKV1QiLCJhbGciOiJOb25lIn0.eyJuYW1laWQiOiJTLTEtNS0yMS0xMzg5ODgyNTIzLTE3MjUxMjQxNTUtMTI5NDM1NzUyMi0yNTE1NzM0OTA1LTEyNjMzODE0ODAtMTk1Nzk0MDEwNy0xMTY1NjI0NzQxIiwiSWRlbnRpdHlUeXBlQ2xhaW0iOiJTeXN0ZW0uU2VjdXJpdHkuUHJpbmNpcGFsLldpbmRvd3NJZGVudGl0eSIsImlzcyI6IkwyIiwiYXVkIjoiTDIiLCJuYmYiOjE1MzA1ODc2OTEsImV4cCI6MjUzNDAyMzAwODAwfQ.&#xD;
00:00.316  Created new TimeoutScope, 'RefreshWorkItemStoreCache:209@1', for 00:01:00 on thread 16.&#xD;
00:00.316  TimeoutScope, 'Test: DynamicSuiteQueryAfterDelete:206', has been paused after 00:00:00.0839662.&#xD;
00:00.428  TimeoutScope 'RefreshWorkItemStoreCache:209' ended after '00:00:00.1117841'.&#xD;
00:00.428  TimeoutScope, 'Test: DynamicSuiteQueryAfterDelete:206', has been resumed at 00:00:00.0839670.&#xD;
00:32.143  Performing CommonTestBase Cleanup...&#xD;
00:32.143  TimeoutScope 'Test: DynamicSuiteQueryAfterDelete:206' ended after '00:00:31.7993926'.&#xD;
00:33.901  Created new TimeoutScope, 'TestFrameworkTestCleanup:210@0', for 00:00:10 on thread 16.&#xD;
00:33.901  TimeoutScope 'TestFrameworkTestCleanup:210' ended after '00:00:00.0000621'.&#xD;
00:33.901  Test End: 7/2/2018 8:15:24 PM (local) / 7/3/2018 3:15:24 AM (UTC).</StdOut></Output></UnitTestResult><UnitTestResult executionId="6e8121e9-29f5-41aa-a0a0-35b897675df7" testId="2b5715b9-0363-c6aa-22fa-6e55c981f339" testName="VerifyTestSuiteState" computerName="V-NAGAB77931A" duration="00:00:02.8363409" startTime="2018-07-02T20:13:00.9386708-07:00" endTime="2018-07-02T20:13:03.7824485-07:00" testType="13cdc9d9-ddb5-4fa4-a97d-d965ccfc6d4b" outcome="Passed" testListId="8c84fa94-04c1-424b-9868-57a2d4851a1d" relativeResultsDirectory="6e8121e9-29f5-41aa-a0a0-35b897675df7"><Output><StdOut>Debug Trace:
00:00.000  Test Start: 7/2/2018 8:13:00 PM (local) / 7/3/2018 3:13:00 AM (UTC)&#xD;
00:00.000  Random Seed for this test: 904849620&#xD;
00:00.000  Created new TimeoutScope, 'Test: VerifyTestSuiteState:41@0', for 00:00:30 on thread 16.&#xD;
00:00.000  Created new TimeoutScope, 'TestFrameworkTestInitialize:42@1', for 00:00:10 on thread 16.&#xD;
00:00.000  TimeoutScope, 'Test: VerifyTestSuiteState:41', has been paused after 00:00:00.0000256.&#xD;
00:00.000  TimeoutScope 'TestFrameworkTestInitialize:42' ended after '00:00:00.0000116'.&#xD;
00:00.000  TimeoutScope, 'Test: VerifyTestSuiteState:41', has been resumed at 00:00:00.0000262.&#xD;
00:00.000  TagHelper is getting a tag 'Project.PrivateAgileGit' on host 'de108ff5-f4a8-4948-b1ec-3147b31f1465'.&#xD;
00:00.000  TagHelper found cached tag 'Project.PrivateAgileGit' on host 'de108ff5-f4a8-4948-b1ec-3147b31f1465' with value '05e49bc7-ac67-4dc4-b85e-4a41b611b532'.&#xD;
00:00.000  Searching for project '05e49bc7-ac67-4dc4-b85e-4a41b611b532'.&#xD;
00:00.001  Web method running: [http://v-nagab77931a:8080/tfs/46407190-89f3-4e58-9bad-783cbf2637fb_/_apis/projects/05e49bc7-ac67-4dc4-b85e-4a41b611b532?includeHistory=False] (GET)05e49bc7-ac67-4dc4-b85e-4a41b611b532[projects] E2EId: b4f5da54-9338-4499-a800-ef4fd7907c37&#xD;
00:00.013  Web method response: [http://v-nagab77931a:8080/tfs/46407190-89f3-4e58-9bad-783cbf2637fb_/_apis/projects/05e49bc7-ac67-4dc4-b85e-4a41b611b532?includeHistory=False] (GET)05e49bc7-ac67-4dc4-b85e-4a41b611b532[projects] E2EId: b4f5da54-9338-4499-a800-ef4fd7907c37, ActivityId: 68e9505e-022d-4bd6-90df-91127d95539f 12 ms&#xD;
00:00.013  Found matching project 'sdentifies people online. Impllowssy!n8d5e05805548ee6' (05e49bc7-ac67-4dc4-b85e-4a41b611b532).&#xD;
00:00.013  Create User called.&#xD;
00:00.013  IdentityHelperClient.CreateUser called with user properties {"$type":"Vssf.TestFramework.Client.Common.CreateUserProperties, Vssf.TestFramework.Client.Common","EntityType":"User","OriginDirectory":null,"HomeDirectory":null,"TenantId":null,"OriginId":"00000000-0000-0000-0000-000000000000","LocalId":"00000000-0000-0000-0000-000000000000","MasterId":"00000000-0000-0000-0000-000000000000","PrincipalName":null,"DisplayName":null,"Profile":null,"License":4,"LocalGroups":[{"$type":"Vssf.TestFramework.Client.Common.GroupReference, Vssf.TestFramework.Client.Common","Identifier":"S-1-9-1551374245-1204400969-2402986413-2179408616-0-0-0-0-1"}],"LocalPermissions":null,"UserType":0,"CreateUserTranslations":null}&#xD;
00:00.013  Created new TimeoutScope, 'CreateUser:43@1', for 00:00:30 on thread 16.&#xD;
00:00.013  TimeoutScope, 'Test: VerifyTestSuiteState:41', has been paused after 00:00:00.0134077.&#xD;
00:00.013  IdentityHelperClient.AddMember was called with parameters {"$type":"Vssf.TestFramework.Client.L2.Identity.AddMemberRequest, Vssf.TestFramework.Client.L2","EntityDescriptor":{"$type":"Microsoft.VisualStudio.Services.Directories.DirectoryEntityDescriptor, Microsoft.VisualStudio.Services.WebApi","entityType":"User","originDirectory":null,"localId":null,"originId":null,"invitationMethod":"CreateUser@TeamFoundationServer","createIfNotFound":true},"Profile":null,"License":"Optimal","LocalGroups":["S-1-9-1551374245-1204400969-2402986413-2179408616-0-0-0-0-1"]}&#xD;
00:00.080  Web method running: [http://v-nagab77931a:8080/tfs/46407190-89f3-4e58-9bad-783cbf2637fb_/_apis/Directory/Members?license=Optimal&amp;localGroups=S-1-9-1551374245-1204400969-2402986413-2179408616-0-0-0-0-1&amp;propertiesToReturn=LocalDescriptor] (POST)Members[Directory] E2EId: 18f2ee01-eb61-4910-9d92-1062322e2aed&#xD;
00:00.181  Web method response: [http://v-nagab77931a:8080/tfs/46407190-89f3-4e58-9bad-783cbf2637fb_/_apis/Directory/Members?license=Optimal&amp;localGroups=S-1-9-1551374245-1204400969-2402986413-2179408616-0-0-0-0-1&amp;propertiesToReturn=LocalDescriptor] (POST)Members[Directory] E2EId: 18f2ee01-eb61-4910-9d92-1062322e2aed, ActivityId: 68e9505f-022d-4bd6-90df-91127d95539f 100 ms&#xD;
00:00.181  DirectoryHttpClient.AddMemberAsync returned {"$type":"Microsoft.VisualStudio.Services.Directories.DirectoryEntityResult, Microsoft.VisualStudio.Services.WebApi","Entity":{"$type":"Microsoft.VisualStudio.Services.Directories.DirectoryUser, Microsoft.VisualStudio.Services.WebApi","EntityId":"vss.ds.v1.ims.user.e4b00240d6c94f9db5bfb4b5985cc5d5","EntityType":"User","OriginDirectory":"vsd","OriginId":"e4b00240-d6c9-4f9d-b5bf-b4b5985cc5d5","LocalDirectory":"vsd","LocalId":"e4b00240-d6c9-4f9d-b5bf-b4b5985cc5d5","principalName":"fake-vsd-549cd309-c9d7-40c9-aa47-1ad602e8c59a","displayName":"fake-vsd-549cd309-c9d7-40c9-aa47-1ad602e8c59a","localDescriptor":"System.Security.Principal.WindowsIdentity;S-1-5-21-1389882523-1725124155-1294357522-1595234429-1296307679-3277681048-2592996083"},"EntityState":"LocalCreate","Status":"Success"}&#xD;
00:00.219  Web method running: [http://v-nagab77931a:8080/tfs/46407190-89f3-4e58-9bad-783cbf2637fb_/_apis/Identities/e4b00240-d6c9-4f9d-b5bf-b4b5985cc5d5?queryMembership=Direct] (GET)e4b00240-d6c9-4f9d-b5bf-b4b5985cc5d5[Identities] E2EId: 69a7dc0a-b3ff-48da-8c8c-5d5be1696f09&#xD;
00:00.231  Web method response: [http://v-nagab77931a:8080/tfs/46407190-89f3-4e58-9bad-783cbf2637fb_/_apis/Identities/e4b00240-d6c9-4f9d-b5bf-b4b5985cc5d5?queryMembership=Direct] (GET)e4b00240-d6c9-4f9d-b5bf-b4b5985cc5d5[Identities] E2EId: 69a7dc0a-b3ff-48da-8c8c-5d5be1696f09, ActivityId: 68e95040-022d-4bd6-90df-91127d95539f 12 ms&#xD;
00:00.232  TimeoutScope 'CreateUser:43' ended after '00:00:00.2184304'.&#xD;
00:00.232  TimeoutScope, 'Test: VerifyTestSuiteState:41', has been resumed at 00:00:00.0134087.&#xD;
00:00.232  IdentityHelperClient.CreateUser called service and returned {"$type":"Microsoft.VisualStudio.Services.Identity.Identity, Microsoft.VisualStudio.Services.WebApi","Id":"e4b00240-d6c9-4f9d-b5bf-b4b5985cc5d5","Descriptor":"System.Security.Principal.WindowsIdentity;S-1-5-21-1389882523-1725124155-1294357522-1595234429-1296307679-3277681048-2592996083","SubjectDescriptor":"win.Uy0xLTUtMjEtMTM4OTg4MjUyMy0xNzI1MTI0MTU1LTEyOTQzNTc1MjItMTU5NTIzNDQyOS0xMjk2MzA3Njc5LTMyNzc2ODEwNDgtMjU5Mjk5NjA4Mw","ProviderDisplayName":"fake-vsd-549cd309-c9d7-40c9-aa47-1ad602e8c59a","IsActive":true,"Members":[],"MemberOf":["Microsoft.TeamFoundation.Identity;S-1-9-1551374245-4119793886-2834581577-2985046343-3005158501-0-0-0-0-1"],"MemberIds":[],"MasterId":"ffffffff-ffff-ffff-ffff-ffffffffffff","Properties":{"$type":"Microsoft.VisualStudio.Services.WebApi.PropertiesCollection, Microsoft.VisualStudio.Services.WebApi","SchemaClassName":{"$type":"System.String","$value":"User"},"Description":{"$type":"System.String","$value":"L2"},"Domain":{"$type":"System.String","$value":"L2"},"Account":{"$type":"System.String","$value":"fake-vsd-549cd309-c9d7-40c9-aa47-1ad602e8c59a"},"DN":{"$type":"System.String","$value":""},"Mail":{"$type":"System.String","$value":"fake-vsd-549cd309-c9d7-40c9-aa47-1ad602e8c59a@someprovider.com"},"SpecialType":{"$type":"System.String","$value":"Generic"},"ComplianceValidated":{"$type":"System.DateTime","$value":"2018-07-03T00:00:00Z"},"DirectoryAlias":{"$type":"System.String","$value":"fake-vsd-549cd309-c9d7-40c9-aa47-1ad602e8c59a"}},"ResourceVersion":2,"MetaTypeId":255}&#xD;
00:00.232  Created User successfully.&#xD;
00:00.232  Client Credentials called.&#xD;
Getting credentials for descriptor 'System.Security.Principal.WindowsIdentity;S-1-5-21-1389882523-1725124155-1294357522-1595234429-1296307679-3277681048-2592996083' =&gt; Authorization: Bearer eyJ0eXAiOiJKV1QiLCJhbGciOiJOb25lIn0.eyJuYW1laWQiOiJTLTEtNS0yMS0xMzg5ODgyNTIzLTE3MjUxMjQxNTUtMTI5NDM1NzUyMi0xNTk1MjM0NDI5LTEyOTYzMDc2NzktMzI3NzY4MTA0OC0yNTkyOTk2MDgzIiwiSWRlbnRpdHlUeXBlQ2xhaW0iOiJTeXN0ZW0uU2VjdXJpdHkuUHJpbmNpcGFsLldpbmRvd3NJZGVudGl0eSIsImlzcyI6IkwyIiwiYXVkIjoiTDIiLCJuYmYiOjE1MzA1ODc1ODEsImV4cCI6MjUzNDAyMzAwODAwfQ.&#xD;
00:00.232  Client Credentials received successfully.&#xD;
Getting credentials for descriptor 'System.Security.Principal.WindowsIdentity;S-1-5-21-1389882523-1725124155-1294357522-1595234429-1296307679-3277681048-2592996083' =&gt; Authorization: Bearer eyJ0eXAiOiJKV1QiLCJhbGciOiJOb25lIn0.eyJuYW1laWQiOiJTLTEtNS0yMS0xMzg5ODgyNTIzLTE3MjUxMjQxNTUtMTI5NDM1NzUyMi0xNTk1MjM0NDI5LTEyOTYzMDc2NzktMzI3NzY4MTA0OC0yNTkyOTk2MDgzIiwiSWRlbnRpdHlUeXBlQ2xhaW0iOiJTeXN0ZW0uU2VjdXJpdHkuUHJpbmNpcGFsLldpbmRvd3NJZGVudGl0eSIsImlzcyI6IkwyIiwiYXVkIjoiTDIiLCJuYmYiOjE1MzA1ODc1ODEsImV4cCI6MjUzNDAyMzAwODAwfQ.&#xD;
00:00.399  Created new TimeoutScope, 'RefreshWorkItemStoreCache:44@1', for 00:01:00 on thread 16.&#xD;
00:00.399  TimeoutScope, 'Test: VerifyTestSuiteState:41', has been paused after 00:00:00.1808175.&#xD;
00:00.526  TimeoutScope 'RefreshWorkItemStoreCache:44' ended after '00:00:00.1264290'.&#xD;
00:00.526  TimeoutScope, 'Test: VerifyTestSuiteState:41', has been resumed at 00:00:00.1808184.&#xD;
Enter: ProcessConfigurationHelper.GetProcessConfiguration : 7/2/2018 8:13:02 PM&#xD;
Enter: ProcessConfigurationHelper.GetProcessConfiguration : 7/2/2018 8:13:02 PM&#xD;
Enter: ProcessConfigurationHelper.GetProcessConfiguration : 7/2/2018 8:13:02 PM&#xD;
Enter: ProcessConfigurationHelper.GetProcessConfiguration : 7/2/2018 8:13:02 PM&#xD;
Enter: ProcessConfigurationHelper.GetProcessConfiguration : 7/2/2018 8:13:02 PM&#xD;
Enter: ProcessConfigurationHelper.GetProcessConfiguration : 7/2/2018 8:13:02 PM&#xD;
00:01.371  Performing CommonTestBase Cleanup...&#xD;
00:01.371  TimeoutScope 'Test: VerifyTestSuiteState:41' ended after '00:00:01.0263674'.&#xD;
00:02.836  Created new TimeoutScope, 'TestFrameworkTestCleanup:45@0', for 00:00:10 on thread 16.&#xD;
00:02.836  TimeoutScope 'TestFrameworkTestCleanup:45' ended after '00:00:00.0000580'.&#xD;
00:02.836  Test End: 7/2/2018 8:13:03 PM (local) / 7/3/2018 3:13:03 AM (UTC).</StdOut></Output></UnitTestResult><UnitTestResult executionId="339c5d3b-b5ba-4ed3-a6b5-a5d90f63673e" testId="09088c1b-fb8f-7112-e2dc-4ccad4f0caf3" testName="TcmXTSession" computerName="V-NAGAB77931A" duration="00:00:01.6799944" startTime="2018-07-02T20:16:15.8041158-07:00" endTime="2018-07-02T20:16:17.4807386-07:00" testType="13cdc9d9-ddb5-4fa4-a97d-d965ccfc6d4b" outcome="Passed" testListId="8c84fa94-04c1-424b-9868-57a2d4851a1d" relativeResultsDirectory="339c5d3b-b5ba-4ed3-a6b5-a5d90f63673e"><Output><StdOut>Debug Trace:
00:00.000  Test Start: 7/2/2018 8:16:15 PM (local) / 7/3/2018 3:16:15 AM (UTC)&#xD;
00:00.000  Random Seed for this test: -1441463226&#xD;
00:00.000  Created new TimeoutScope, 'Test: TcmXTSession:271@0', for 00:01:00 on thread 16.&#xD;
00:00.000  Created new TimeoutScope, 'TestFrameworkTestInitialize:272@1', for 00:00:10 on thread 16.&#xD;
00:00.000  TimeoutScope, 'Test: TcmXTSession:271', has been paused after 00:00:00.0000502.&#xD;
00:00.000  TimeoutScope 'TestFrameworkTestInitialize:272' ended after '00:00:00.0000137'.&#xD;
00:00.000  TimeoutScope, 'Test: TcmXTSession:271', has been resumed at 00:00:00.0000509.&#xD;
00:00.001  TagHelper is getting a tag 'Project.PrivateAgileGit' on host 'de108ff5-f4a8-4948-b1ec-3147b31f1465'.&#xD;
00:00.001  TagHelper found cached tag 'Project.PrivateAgileGit' on host 'de108ff5-f4a8-4948-b1ec-3147b31f1465' with value '05e49bc7-ac67-4dc4-b85e-4a41b611b532'.&#xD;
00:00.001  Searching for project '05e49bc7-ac67-4dc4-b85e-4a41b611b532'.&#xD;
00:00.001  Web method running: [http://v-nagab77931a:8080/tfs/46407190-89f3-4e58-9bad-783cbf2637fb_/_apis/projects/05e49bc7-ac67-4dc4-b85e-4a41b611b532?includeHistory=False] (GET)05e49bc7-ac67-4dc4-b85e-4a41b611b532[projects] E2EId: e8934c7d-486d-467c-bf77-7847ed2a1b1d&#xD;
00:00.007  Web method response: [http://v-nagab77931a:8080/tfs/46407190-89f3-4e58-9bad-783cbf2637fb_/_apis/projects/05e49bc7-ac67-4dc4-b85e-4a41b611b532?includeHistory=False] (GET)05e49bc7-ac67-4dc4-b85e-4a41b611b532[projects] E2EId: e8934c7d-486d-467c-bf77-7847ed2a1b1d, ActivityId: 68e956dc-022d-4bd6-90df-91127d95539f 6 ms&#xD;
00:00.008  Found matching project 'sdentifies people online. Impllowssy!n8d5e05805548ee6' (05e49bc7-ac67-4dc4-b85e-4a41b611b532).&#xD;
00:00.008  Create User called.&#xD;
00:00.008  IdentityHelperClient.CreateUser called with user properties {"$type":"Vssf.TestFramework.Client.Common.CreateUserProperties, Vssf.TestFramework.Client.Common","EntityType":"User","OriginDirectory":null,"HomeDirectory":null,"TenantId":null,"OriginId":"00000000-0000-0000-0000-000000000000","LocalId":"00000000-0000-0000-0000-000000000000","MasterId":"00000000-0000-0000-0000-000000000000","PrincipalName":null,"DisplayName":null,"Profile":null,"License":4,"LocalGroups":[{"$type":"Vssf.TestFramework.Client.Common.GroupReference, Vssf.TestFramework.Client.Common","Identifier":"S-1-9-1551374245-1204400969-2402986413-2179408616-0-0-0-0-1"}],"LocalPermissions":null,"UserType":0,"CreateUserTranslations":null}&#xD;
00:00.008  Created new TimeoutScope, 'CreateUser:273@1', for 00:00:30 on thread 16.&#xD;
00:00.008  TimeoutScope, 'Test: TcmXTSession:271', has been paused after 00:00:00.0080055.&#xD;
00:00.008  IdentityHelperClient.AddMember was called with parameters {"$type":"Vssf.TestFramework.Client.L2.Identity.AddMemberRequest, Vssf.TestFramework.Client.L2","EntityDescriptor":{"$type":"Microsoft.VisualStudio.Services.Directories.DirectoryEntityDescriptor, Microsoft.VisualStudio.Services.WebApi","entityType":"User","originDirectory":null,"localId":null,"originId":null,"invitationMethod":"CreateUser@TeamFoundationServer","createIfNotFound":true},"Profile":null,"License":"Optimal","LocalGroups":["S-1-9-1551374245-1204400969-2402986413-2179408616-0-0-0-0-1"]}&#xD;
00:00.054  Web method running: [http://v-nagab77931a:8080/tfs/46407190-89f3-4e58-9bad-783cbf2637fb_/_apis/Directory/Members?license=Optimal&amp;localGroups=S-1-9-1551374245-1204400969-2402986413-2179408616-0-0-0-0-1&amp;propertiesToReturn=LocalDescriptor] (POST)Members[Directory] E2EId: 7bdc277b-08b2-4630-9a90-e33b406dd422&#xD;
00:00.176  Web method response: [http://v-nagab77931a:8080/tfs/46407190-89f3-4e58-9bad-783cbf2637fb_/_apis/Directory/Members?license=Optimal&amp;localGroups=S-1-9-1551374245-1204400969-2402986413-2179408616-0-0-0-0-1&amp;propertiesToReturn=LocalDescriptor] (POST)Members[Directory] E2EId: 7bdc277b-08b2-4630-9a90-e33b406dd422, ActivityId: 68e956dd-022d-4bd6-90df-91127d95539f 121 ms&#xD;
00:00.176  DirectoryHttpClient.AddMemberAsync returned {"$type":"Microsoft.VisualStudio.Services.Directories.DirectoryEntityResult, Microsoft.VisualStudio.Services.WebApi","Entity":{"$type":"Microsoft.VisualStudio.Services.Directories.DirectoryUser, Microsoft.VisualStudio.Services.WebApi","EntityId":"vss.ds.v1.ims.user.4ca24ebccd1f4de58de403572c4117fa","EntityType":"User","OriginDirectory":"vsd","OriginId":"4ca24ebc-cd1f-4de5-8de4-03572c4117fa","LocalDirectory":"vsd","LocalId":"4ca24ebc-cd1f-4de5-8de4-03572c4117fa","principalName":"fake-vsd-04903c26-3e0f-43a2-94f0-7a1d035171b4","displayName":"fake-vsd-04903c26-3e0f-43a2-94f0-7a1d035171b4","localDescriptor":"System.Security.Principal.WindowsIdentity;S-1-5-21-1389882523-1725124155-1294357522-1337441492-1286682406-1326214560-1062508496"},"EntityState":"LocalCreate","Status":"Success"}&#xD;
00:00.217  Web method running: [http://v-nagab77931a:8080/tfs/46407190-89f3-4e58-9bad-783cbf2637fb_/_apis/Identities/4ca24ebc-cd1f-4de5-8de4-03572c4117fa?queryMembership=Direct] (GET)4ca24ebc-cd1f-4de5-8de4-03572c4117fa[Identities] E2EId: 0b7a23f8-0ba2-4c51-8900-cc323e1786ec&#xD;
00:00.231  Web method response: [http://v-nagab77931a:8080/tfs/46407190-89f3-4e58-9bad-783cbf2637fb_/_apis/Identities/4ca24ebc-cd1f-4de5-8de4-03572c4117fa?queryMembership=Direct] (GET)4ca24ebc-cd1f-4de5-8de4-03572c4117fa[Identities] E2EId: 0b7a23f8-0ba2-4c51-8900-cc323e1786ec, ActivityId: 68e956de-022d-4bd6-90df-91127d95539f 13 ms&#xD;
00:00.231  TimeoutScope 'CreateUser:273' ended after '00:00:00.2233155'.&#xD;
00:00.231  TimeoutScope, 'Test: TcmXTSession:271', has been resumed at 00:00:00.0080065.&#xD;
00:00.231  IdentityHelperClient.CreateUser called service and returned {"$type":"Microsoft.VisualStudio.Services.Identity.Identity, Microsoft.VisualStudio.Services.WebApi","Id":"4ca24ebc-cd1f-4de5-8de4-03572c4117fa","Descriptor":"System.Security.Principal.WindowsIdentity;S-1-5-21-1389882523-1725124155-1294357522-1337441492-1286682406-1326214560-1062508496","SubjectDescriptor":"win.Uy0xLTUtMjEtMTM4OTg4MjUyMy0xNzI1MTI0MTU1LTEyOTQzNTc1MjItMTMzNzQ0MTQ5Mi0xMjg2NjgyNDA2LTEzMjYyMTQ1NjAtMTA2MjUwODQ5Ng","ProviderDisplayName":"fake-vsd-04903c26-3e0f-43a2-94f0-7a1d035171b4","IsActive":true,"Members":[],"MemberOf":["Microsoft.TeamFoundation.Identity;S-1-9-1551374245-4119793886-2834581577-2985046343-3005158501-0-0-0-0-1"],"MemberIds":[],"MasterId":"ffffffff-ffff-ffff-ffff-ffffffffffff","Properties":{"$type":"Microsoft.VisualStudio.Services.WebApi.PropertiesCollection, Microsoft.VisualStudio.Services.WebApi","SchemaClassName":{"$type":"System.String","$value":"User"},"Description":{"$type":"System.String","$value":"L2"},"Domain":{"$type":"System.String","$value":"L2"},"Account":{"$type":"System.String","$value":"fake-vsd-04903c26-3e0f-43a2-94f0-7a1d035171b4"},"DN":{"$type":"System.String","$value":""},"Mail":{"$type":"System.String","$value":"fake-vsd-04903c26-3e0f-43a2-94f0-7a1d035171b4@someprovider.com"},"SpecialType":{"$type":"System.String","$value":"Generic"},"ComplianceValidated":{"$type":"System.DateTime","$value":"2018-07-03T00:00:00Z"},"DirectoryAlias":{"$type":"System.String","$value":"fake-vsd-04903c26-3e0f-43a2-94f0-7a1d035171b4"}},"ResourceVersion":2,"MetaTypeId":255}&#xD;
00:00.231  Created User successfully.&#xD;
00:00.231  Client Credentials called.&#xD;
Getting credentials for descriptor 'System.Security.Principal.WindowsIdentity;S-1-5-21-1389882523-1725124155-1294357522-1337441492-1286682406-1326214560-1062508496' =&gt; Authorization: Bearer eyJ0eXAiOiJKV1QiLCJhbGciOiJOb25lIn0.eyJuYW1laWQiOiJTLTEtNS0yMS0xMzg5ODgyNTIzLTE3MjUxMjQxNTUtMTI5NDM1NzUyMi0xMzM3NDQxNDkyLTEyODY2ODI0MDYtMTMyNjIxNDU2MC0xMDYyNTA4NDk2IiwiSWRlbnRpdHlUeXBlQ2xhaW0iOiJTeXN0ZW0uU2VjdXJpdHkuUHJpbmNpcGFsLldpbmRvd3NJZGVudGl0eSIsImlzcyI6IkwyIiwiYXVkIjoiTDIiLCJuYmYiOjE1MzA1ODc3NzYsImV4cCI6MjUzNDAyMzAwODAwfQ.&#xD;
00:00.231  Client Credentials received successfully.&#xD;
Getting credentials for descriptor 'System.Security.Principal.WindowsIdentity;S-1-5-21-1389882523-1725124155-1294357522-1337441492-1286682406-1326214560-1062508496' =&gt; Authorization: Bearer eyJ0eXAiOiJKV1QiLCJhbGciOiJOb25lIn0.eyJuYW1laWQiOiJTLTEtNS0yMS0xMzg5ODgyNTIzLTE3MjUxMjQxNTUtMTI5NDM1NzUyMi0xMzM3NDQxNDkyLTEyODY2ODI0MDYtMTMyNjIxNDU2MC0xMDYyNTA4NDk2IiwiSWRlbnRpdHlUeXBlQ2xhaW0iOiJTeXN0ZW0uU2VjdXJpdHkuUHJpbmNpcGFsLldpbmRvd3NJZGVudGl0eSIsImlzcyI6IkwyIiwiYXVkIjoiTDIiLCJuYmYiOjE1MzA1ODc3NzYsImV4cCI6MjUzNDAyMzAwODAwfQ.&#xD;
00:00.312  Created new TimeoutScope, 'RefreshWorkItemStoreCache:274@1', for 00:01:00 on thread 16.&#xD;
00:00.312  TimeoutScope, 'Test: TcmXTSession:271', has been paused after 00:00:00.0885512.&#xD;
00:00.434  TimeoutScope 'RefreshWorkItemStoreCache:274' ended after '00:00:00.1226920'.&#xD;
00:00.434  TimeoutScope, 'Test: TcmXTSession:271', has been resumed at 00:00:00.0885522.&#xD;
00:00.435  Create Test Plan&#xD;
00:00.677  Create a Session in the project&#xD;
TestResultAttachment created: Filename=C:\Users\vseqa1\AppData\Local\Temp\tmp135E.tmp,ContentFile=C:\Users\vseqa1\AppData\Local\Temp\tmp135E.tmp,SanitizedFileName=tmp135E.tmp, Length=17,AttachmentType=GeneralAttachment.&#xD;
Trying to compress file : C:\Users\vseqa1\AppData\Local\Temp\tmp135E.tmp&#xD;
Now the original uncompressed file will be uploaded directly: C:\Users\vseqa1\AppData\Local\Temp\tmp135E.tmp&#xD;
Could not compress file. Using UnCompressed instead: C:\Users\vseqa1\AppData\Local\Temp\tmp135E.tmp&#xD;
00:01.625  Verifying a Session in the project&#xD;
00:01.679  Performing CommonTestBase Cleanup...&#xD;
00:01.679  TimeoutScope 'Test: TcmXTSession:271' ended after '00:00:01.3334313'.&#xD;
00:01.679  Created new TimeoutScope, 'TestFrameworkTestCleanup:275@0', for 00:00:10 on thread 16.&#xD;
00:01.679  TimeoutScope 'TestFrameworkTestCleanup:275' ended after '00:00:00.0000743'.&#xD;
00:01.679  Test End: 7/2/2018 8:16:17 PM (local) / 7/3/2018 3:16:17 AM (UTC).</StdOut></Output></UnitTestResult><UnitTestResult executionId="88256f7e-9c13-4f0a-8bc3-d0e0c78700d2" testId="e967b3f7-fd05-f81f-973d-b8b86a89ccf7" testName="StaticSuiteModifyEntries" computerName="V-NAGAB77931A" duration="00:00:06.7453911" startTime="2018-07-02T20:15:28.1671503-07:00" endTime="2018-07-02T20:15:34.9080587-07:00" testType="13cdc9d9-ddb5-4fa4-a97d-d965ccfc6d4b" outcome="Passed" testListId="8c84fa94-04c1-424b-9868-57a2d4851a1d" relativeResultsDirectory="88256f7e-9c13-4f0a-8bc3-d0e0c78700d2"><Output><StdOut>Debug Trace:
00:00.000  Test Start: 7/2/2018 8:15:28 PM (local) / 7/3/2018 3:15:28 AM (UTC)&#xD;
00:00.000  Random Seed for this test: -1917832881&#xD;
00:00.000  Created new TimeoutScope, 'Test: StaticSuiteModifyEntries:216@0', for 00:00:30 on thread 16.&#xD;
00:00.000  Created new TimeoutScope, 'TestFrameworkTestInitialize:217@1', for 00:00:10 on thread 16.&#xD;
00:00.000  TimeoutScope, 'Test: StaticSuiteModifyEntries:216', has been paused after 00:00:00.0000268.&#xD;
00:00.000  TimeoutScope 'TestFrameworkTestInitialize:217' ended after '00:00:00.0000100'.&#xD;
00:00.000  TimeoutScope, 'Test: StaticSuiteModifyEntries:216', has been resumed at 00:00:00.0000274.&#xD;
00:00.000  TagHelper is getting a tag 'Project.PrivateAgileGit' on host 'de108ff5-f4a8-4948-b1ec-3147b31f1465'.&#xD;
00:00.000  TagHelper found cached tag 'Project.PrivateAgileGit' on host 'de108ff5-f4a8-4948-b1ec-3147b31f1465' with value '05e49bc7-ac67-4dc4-b85e-4a41b611b532'.&#xD;
00:00.000  Searching for project '05e49bc7-ac67-4dc4-b85e-4a41b611b532'.&#xD;
00:00.000  Web method running: [http://v-nagab77931a:8080/tfs/46407190-89f3-4e58-9bad-783cbf2637fb_/_apis/projects/05e49bc7-ac67-4dc4-b85e-4a41b611b532?includeHistory=False] (GET)05e49bc7-ac67-4dc4-b85e-4a41b611b532[projects] E2EId: 2a92927f-f71c-4e3d-adf1-08335ba71381&#xD;
00:00.007  Web method response: [http://v-nagab77931a:8080/tfs/46407190-89f3-4e58-9bad-783cbf2637fb_/_apis/projects/05e49bc7-ac67-4dc4-b85e-4a41b611b532?includeHistory=False] (GET)05e49bc7-ac67-4dc4-b85e-4a41b611b532[projects] E2EId: 2a92927f-f71c-4e3d-adf1-08335ba71381, ActivityId: 68e95759-022d-4bd6-90df-91127d95539f 6 ms&#xD;
00:00.007  Found matching project 'sdentifies people online. Impllowssy!n8d5e05805548ee6' (05e49bc7-ac67-4dc4-b85e-4a41b611b532).&#xD;
00:00.008  Create User called.&#xD;
00:00.008  IdentityHelperClient.CreateUser called with user properties {"$type":"Vssf.TestFramework.Client.Common.CreateUserProperties, Vssf.TestFramework.Client.Common","EntityType":"User","OriginDirectory":null,"HomeDirectory":null,"TenantId":null,"OriginId":"00000000-0000-0000-0000-000000000000","LocalId":"00000000-0000-0000-0000-000000000000","MasterId":"00000000-0000-0000-0000-000000000000","PrincipalName":null,"DisplayName":null,"Profile":null,"License":4,"LocalGroups":[{"$type":"Vssf.TestFramework.Client.Common.GroupReference, Vssf.TestFramework.Client.Common","Identifier":"S-1-9-1551374245-1204400969-2402986413-2179408616-0-0-0-0-1"}],"LocalPermissions":null,"UserType":0,"CreateUserTranslations":null}&#xD;
00:00.008  Created new TimeoutScope, 'CreateUser:218@1', for 00:00:30 on thread 16.&#xD;
00:00.008  TimeoutScope, 'Test: StaticSuiteModifyEntries:216', has been paused after 00:00:00.0078658.&#xD;
00:00.008  IdentityHelperClient.AddMember was called with parameters {"$type":"Vssf.TestFramework.Client.L2.Identity.AddMemberRequest, Vssf.TestFramework.Client.L2","EntityDescriptor":{"$type":"Microsoft.VisualStudio.Services.Directories.DirectoryEntityDescriptor, Microsoft.VisualStudio.Services.WebApi","entityType":"User","originDirectory":null,"localId":null,"originId":null,"invitationMethod":"CreateUser@TeamFoundationServer","createIfNotFound":true},"Profile":null,"License":"Optimal","LocalGroups":["S-1-9-1551374245-1204400969-2402986413-2179408616-0-0-0-0-1"]}&#xD;
00:00.045  Web method running: [http://v-nagab77931a:8080/tfs/46407190-89f3-4e58-9bad-783cbf2637fb_/_apis/Directory/Members?license=Optimal&amp;localGroups=S-1-9-1551374245-1204400969-2402986413-2179408616-0-0-0-0-1&amp;propertiesToReturn=LocalDescriptor] (POST)Members[Directory] E2EId: 55332a8b-61b8-4ccb-81ee-20069fef768c&#xD;
00:00.157  Web method response: [http://v-nagab77931a:8080/tfs/46407190-89f3-4e58-9bad-783cbf2637fb_/_apis/Directory/Members?license=Optimal&amp;localGroups=S-1-9-1551374245-1204400969-2402986413-2179408616-0-0-0-0-1&amp;propertiesToReturn=LocalDescriptor] (POST)Members[Directory] E2EId: 55332a8b-61b8-4ccb-81ee-20069fef768c, ActivityId: 68e9575a-022d-4bd6-90df-91127d95539f 111 ms&#xD;
00:00.158  DirectoryHttpClient.AddMemberAsync returned {"$type":"Microsoft.VisualStudio.Services.Directories.DirectoryEntityResult, Microsoft.VisualStudio.Services.WebApi","Entity":{"$type":"Microsoft.VisualStudio.Services.Directories.DirectoryUser, Microsoft.VisualStudio.Services.WebApi","EntityId":"vss.ds.v1.ims.user.52ca5b656cd7466eb6238ca9d8528450","EntityType":"User","OriginDirectory":"vsd","OriginId":"52ca5b65-6cd7-466e-b623-8ca9d8528450","LocalDirectory":"vsd","LocalId":"52ca5b65-6cd7-466e-b623-8ca9d8528450","principalName":"fake-vsd-74ca2409-6eea-4b00-b806-7e115129bf5a","displayName":"fake-vsd-74ca2409-6eea-4b00-b806-7e115129bf5a","localDescriptor":"System.Security.Principal.WindowsIdentity;S-1-5-21-1389882523-1725124155-1294357522-3206365011-1258598247-795121842-2096579149"},"EntityState":"LocalCreate","Status":"Success"}&#xD;
00:00.240  Web method running: [http://v-nagab77931a:8080/tfs/46407190-89f3-4e58-9bad-783cbf2637fb_/_apis/Identities/52ca5b65-6cd7-466e-b623-8ca9d8528450?queryMembership=Direct] (GET)52ca5b65-6cd7-466e-b623-8ca9d8528450[Identities] E2EId: 1e3aa75c-0410-4415-bbae-ce77ffd9c569&#xD;
00:00.255  Web method response: [http://v-nagab77931a:8080/tfs/46407190-89f3-4e58-9bad-783cbf2637fb_/_apis/Identities/52ca5b65-6cd7-466e-b623-8ca9d8528450?queryMembership=Direct] (GET)52ca5b65-6cd7-466e-b623-8ca9d8528450[Identities] E2EId: 1e3aa75c-0410-4415-bbae-ce77ffd9c569, ActivityId: 68e9575b-022d-4bd6-90df-91127d95539f 14 ms&#xD;
00:00.255  TimeoutScope 'CreateUser:218' ended after '00:00:00.2473053'.&#xD;
00:00.255  TimeoutScope, 'Test: StaticSuiteModifyEntries:216', has been resumed at 00:00:00.0078668.&#xD;
00:00.255  IdentityHelperClient.CreateUser called service and returned {"$type":"Microsoft.VisualStudio.Services.Identity.Identity, Microsoft.VisualStudio.Services.WebApi","Id":"52ca5b65-6cd7-466e-b623-8ca9d8528450","Descriptor":"System.Security.Principal.WindowsIdentity;S-1-5-21-1389882523-1725124155-1294357522-3206365011-1258598247-795121842-2096579149","SubjectDescriptor":"win.Uy0xLTUtMjEtMTM4OTg4MjUyMy0xNzI1MTI0MTU1LTEyOTQzNTc1MjItMzIwNjM2NTAxMS0xMjU4NTk4MjQ3LTc5NTEyMTg0Mi0yMDk2NTc5MTQ5","ProviderDisplayName":"fake-vsd-74ca2409-6eea-4b00-b806-7e115129bf5a","IsActive":true,"Members":[],"MemberOf":["Microsoft.TeamFoundation.Identity;S-1-9-1551374245-4119793886-2834581577-2985046343-3005158501-0-0-0-0-1"],"MemberIds":[],"MasterId":"ffffffff-ffff-ffff-ffff-ffffffffffff","Properties":{"$type":"Microsoft.VisualStudio.Services.WebApi.PropertiesCollection, Microsoft.VisualStudio.Services.WebApi","SchemaClassName":{"$type":"System.String","$value":"User"},"Description":{"$type":"System.String","$value":"L2"},"Domain":{"$type":"System.String","$value":"L2"},"Account":{"$type":"System.String","$value":"fake-vsd-74ca2409-6eea-4b00-b806-7e115129bf5a"},"DN":{"$type":"System.String","$value":""},"Mail":{"$type":"System.String","$value":"fake-vsd-74ca2409-6eea-4b00-b806-7e115129bf5a@someprovider.com"},"SpecialType":{"$type":"System.String","$value":"Generic"},"ComplianceValidated":{"$type":"System.DateTime","$value":"2018-07-03T00:00:00Z"},"DirectoryAlias":{"$type":"System.String","$value":"fake-vsd-74ca2409-6eea-4b00-b806-7e115129bf5a"}},"ResourceVersion":2,"MetaTypeId":255}&#xD;
00:00.255  Created User successfully.&#xD;
00:00.255  Client Credentials called.&#xD;
Getting credentials for descriptor 'System.Security.Principal.WindowsIdentity;S-1-5-21-1389882523-1725124155-1294357522-3206365011-1258598247-795121842-2096579149' =&gt; Authorization: Bearer eyJ0eXAiOiJKV1QiLCJhbGciOiJOb25lIn0.eyJuYW1laWQiOiJTLTEtNS0yMS0xMzg5ODgyNTIzLTE3MjUxMjQxNTUtMTI5NDM1NzUyMi0zMjA2MzY1MDExLTEyNTg1OTgyNDctNzk1MTIxODQyLTIwOTY1NzkxNDkiLCJJZGVudGl0eVR5cGVDbGFpbSI6IlN5c3RlbS5TZWN1cml0eS5QcmluY2lwYWwuV2luZG93c0lkZW50aXR5IiwiaXNzIjoiTDIiLCJhdWQiOiJMMiIsIm5iZiI6MTUzMDU4NzcyOCwiZXhwIjoyNTM0MDIzMDA4MDB9.&#xD;
00:00.255  Client Credentials received successfully.&#xD;
Getting credentials for descriptor 'System.Security.Principal.WindowsIdentity;S-1-5-21-1389882523-1725124155-1294357522-3206365011-1258598247-795121842-2096579149' =&gt; Authorization: Bearer eyJ0eXAiOiJKV1QiLCJhbGciOiJOb25lIn0.eyJuYW1laWQiOiJTLTEtNS0yMS0xMzg5ODgyNTIzLTE3MjUxMjQxNTUtMTI5NDM1NzUyMi0zMjA2MzY1MDExLTEyNTg1OTgyNDctNzk1MTIxODQyLTIwOTY1NzkxNDkiLCJJZGVudGl0eVR5cGVDbGFpbSI6IlN5c3RlbS5TZWN1cml0eS5QcmluY2lwYWwuV2luZG93c0lkZW50aXR5IiwiaXNzIjoiTDIiLCJhdWQiOiJMMiIsIm5iZiI6MTUzMDU4NzcyOCwiZXhwIjoyNTM0MDIzMDA4MDB9.&#xD;
00:00.366  Created new TimeoutScope, 'RefreshWorkItemStoreCache:219@1', for 00:01:00 on thread 16.&#xD;
00:00.366  TimeoutScope, 'Test: StaticSuiteModifyEntries:216', has been paused after 00:00:00.1187890.&#xD;
00:00.723  TimeoutScope 'RefreshWorkItemStoreCache:219' ended after '00:00:00.3568537'.&#xD;
00:00.723  TimeoutScope, 'Test: StaticSuiteModifyEntries:216', has been resumed at 00:00:00.1187901.&#xD;
00:04.348  Performing CommonTestBase Cleanup...&#xD;
00:04.348  TimeoutScope 'Test: StaticSuiteModifyEntries:216' ended after '00:00:03.7436620'.&#xD;
00:06.745  Created new TimeoutScope, 'TestFrameworkTestCleanup:220@0', for 00:00:10 on thread 16.&#xD;
00:06.745  TimeoutScope 'TestFrameworkTestCleanup:220' ended after '00:00:00.0000851'.&#xD;
00:06.745  Test End: 7/2/2018 8:15:34 PM (local) / 7/3/2018 3:15:34 AM (UTC).</StdOut></Output></UnitTestResult><UnitTestResult executionId="41251e7b-0713-4d04-9a6a-c102bbbce573" testId="578475d1-8a58-8d09-4f48-569acb0816ca" testName="SuiteUpdateOnSettingConfiguration" computerName="V-NAGAB77931A" duration="00:00:03.1044154" startTime="2018-07-02T20:13:23.4351482-07:00" endTime="2018-07-02T20:13:26.5339287-07:00" testType="13cdc9d9-ddb5-4fa4-a97d-d965ccfc6d4b" outcome="Passed" testListId="8c84fa94-04c1-424b-9868-57a2d4851a1d" relativeResultsDirectory="41251e7b-0713-4d04-9a6a-c102bbbce573"><Output><StdOut>Audit : Assigned these test configurations: 5,6,7&#xD;
Audit : Added these test cases: 57,58&#xD;
Audit : Inherited test configuration from parent&#xD;
&#xD;


Debug Trace:
00:00.000  Test Start: 7/2/2018 8:13:23 PM (local) / 7/3/2018 3:13:23 AM (UTC)&#xD;
00:00.000  Random Seed for this test: 1129814394&#xD;
00:00.000  Created new TimeoutScope, 'Test: SuiteUpdateOnSettingConfiguration:71@0', for 00:00:30 on thread 16.&#xD;
00:00.000  Created new TimeoutScope, 'TestFrameworkTestInitialize:72@1', for 00:00:10 on thread 16.&#xD;
00:00.000  TimeoutScope, 'Test: SuiteUpdateOnSettingConfiguration:71', has been paused after 00:00:00.0000273.&#xD;
00:00.000  TimeoutScope 'TestFrameworkTestInitialize:72' ended after '00:00:00.0000101'.&#xD;
00:00.000  TimeoutScope, 'Test: SuiteUpdateOnSettingConfiguration:71', has been resumed at 00:00:00.0000279.&#xD;
00:00.000  TagHelper is getting a tag 'Project.PrivateAgileGit' on host 'de108ff5-f4a8-4948-b1ec-3147b31f1465'.&#xD;
00:00.000  TagHelper found cached tag 'Project.PrivateAgileGit' on host 'de108ff5-f4a8-4948-b1ec-3147b31f1465' with value '05e49bc7-ac67-4dc4-b85e-4a41b611b532'.&#xD;
00:00.000  Searching for project '05e49bc7-ac67-4dc4-b85e-4a41b611b532'.&#xD;
00:00.001  Web method running: [http://v-nagab77931a:8080/tfs/46407190-89f3-4e58-9bad-783cbf2637fb_/_apis/projects/05e49bc7-ac67-4dc4-b85e-4a41b611b532?includeHistory=False] (GET)05e49bc7-ac67-4dc4-b85e-4a41b611b532[projects] E2EId: 90859a29-ea9d-4d01-9c1b-6009f5b6fecf&#xD;
00:00.007  Web method response: [http://v-nagab77931a:8080/tfs/46407190-89f3-4e58-9bad-783cbf2637fb_/_apis/projects/05e49bc7-ac67-4dc4-b85e-4a41b611b532?includeHistory=False] (GET)05e49bc7-ac67-4dc4-b85e-4a41b611b532[projects] E2EId: 90859a29-ea9d-4d01-9c1b-6009f5b6fecf, ActivityId: 68e9508f-022d-4bd6-90df-91127d95539f 6 ms&#xD;
00:00.008  Found matching project 'sdentifies people online. Impllowssy!n8d5e05805548ee6' (05e49bc7-ac67-4dc4-b85e-4a41b611b532).&#xD;
00:00.008  Create User called.&#xD;
00:00.008  IdentityHelperClient.CreateUser called with user properties {"$type":"Vssf.TestFramework.Client.Common.CreateUserProperties, Vssf.TestFramework.Client.Common","EntityType":"User","OriginDirectory":null,"HomeDirectory":null,"TenantId":null,"OriginId":"00000000-0000-0000-0000-000000000000","LocalId":"00000000-0000-0000-0000-000000000000","MasterId":"00000000-0000-0000-0000-000000000000","PrincipalName":null,"DisplayName":null,"Profile":null,"License":4,"LocalGroups":[{"$type":"Vssf.TestFramework.Client.Common.GroupReference, Vssf.TestFramework.Client.Common","Identifier":"S-1-9-1551374245-1204400969-2402986413-2179408616-0-0-0-0-1"}],"LocalPermissions":null,"UserType":0,"CreateUserTranslations":null}&#xD;
00:00.008  Created new TimeoutScope, 'CreateUser:73@1', for 00:00:30 on thread 16.&#xD;
00:00.008  TimeoutScope, 'Test: SuiteUpdateOnSettingConfiguration:71', has been paused after 00:00:00.0079992.&#xD;
00:00.008  IdentityHelperClient.AddMember was called with parameters {"$type":"Vssf.TestFramework.Client.L2.Identity.AddMemberRequest, Vssf.TestFramework.Client.L2","EntityDescriptor":{"$type":"Microsoft.VisualStudio.Services.Directories.DirectoryEntityDescriptor, Microsoft.VisualStudio.Services.WebApi","entityType":"User","originDirectory":null,"localId":null,"originId":null,"invitationMethod":"CreateUser@TeamFoundationServer","createIfNotFound":true},"Profile":null,"License":"Optimal","LocalGroups":["S-1-9-1551374245-1204400969-2402986413-2179408616-0-0-0-0-1"]}&#xD;
00:00.080  Web method running: [http://v-nagab77931a:8080/tfs/46407190-89f3-4e58-9bad-783cbf2637fb_/_apis/Directory/Members?license=Optimal&amp;localGroups=S-1-9-1551374245-1204400969-2402986413-2179408616-0-0-0-0-1&amp;propertiesToReturn=LocalDescriptor] (POST)Members[Directory] E2EId: ae4159dd-3c78-43ab-bccb-acf99edad24c&#xD;
00:00.263  Web method response: [http://v-nagab77931a:8080/tfs/46407190-89f3-4e58-9bad-783cbf2637fb_/_apis/Directory/Members?license=Optimal&amp;localGroups=S-1-9-1551374245-1204400969-2402986413-2179408616-0-0-0-0-1&amp;propertiesToReturn=LocalDescriptor] (POST)Members[Directory] E2EId: ae4159dd-3c78-43ab-bccb-acf99edad24c, ActivityId: 68e95370-022d-4bd6-90df-91127d95539f 183 ms&#xD;
00:00.264  DirectoryHttpClient.AddMemberAsync returned {"$type":"Microsoft.VisualStudio.Services.Directories.DirectoryEntityResult, Microsoft.VisualStudio.Services.WebApi","Entity":{"$type":"Microsoft.VisualStudio.Services.Directories.DirectoryUser, Microsoft.VisualStudio.Services.WebApi","EntityId":"vss.ds.v1.ims.user.f10a9eb8f3764d459df688662289b0dd","EntityType":"User","OriginDirectory":"vsd","OriginId":"f10a9eb8-f376-4d45-9df6-88662289b0dd","LocalDirectory":"vsd","LocalId":"f10a9eb8-f376-4d45-9df6-88662289b0dd","principalName":"fake-vsd-a57b9a01-7f38-4918-8baa-a7dd55b1f713","displayName":"fake-vsd-a57b9a01-7f38-4918-8baa-a7dd55b1f713","localDescriptor":"System.Security.Principal.WindowsIdentity;S-1-5-21-1389882523-1725124155-1294357522-3198441862-1229102198-3874251187-2660451102"},"EntityState":"LocalCreate","Status":"Success"}&#xD;
00:00.301  Web method running: [http://v-nagab77931a:8080/tfs/46407190-89f3-4e58-9bad-783cbf2637fb_/_apis/Identities/f10a9eb8-f376-4d45-9df6-88662289b0dd?queryMembership=Direct] (GET)f10a9eb8-f376-4d45-9df6-88662289b0dd[Identities] E2EId: 1834d05d-b637-4903-8854-f128b284e6df&#xD;
00:00.314  Web method response: [http://v-nagab77931a:8080/tfs/46407190-89f3-4e58-9bad-783cbf2637fb_/_apis/Identities/f10a9eb8-f376-4d45-9df6-88662289b0dd?queryMembership=Direct] (GET)f10a9eb8-f376-4d45-9df6-88662289b0dd[Identities] E2EId: 1834d05d-b637-4903-8854-f128b284e6df, ActivityId: 68e95371-022d-4bd6-90df-91127d95539f 12 ms&#xD;
00:00.314  TimeoutScope 'CreateUser:73' ended after '00:00:00.3060385'.&#xD;
00:00.314  TimeoutScope, 'Test: SuiteUpdateOnSettingConfiguration:71', has been resumed at 00:00:00.0080002.&#xD;
00:00.314  IdentityHelperClient.CreateUser called service and returned {"$type":"Microsoft.VisualStudio.Services.Identity.Identity, Microsoft.VisualStudio.Services.WebApi","Id":"f10a9eb8-f376-4d45-9df6-88662289b0dd","Descriptor":"System.Security.Principal.WindowsIdentity;S-1-5-21-1389882523-1725124155-1294357522-3198441862-1229102198-3874251187-2660451102","SubjectDescriptor":"win.Uy0xLTUtMjEtMTM4OTg4MjUyMy0xNzI1MTI0MTU1LTEyOTQzNTc1MjItMzE5ODQ0MTg2Mi0xMjI5MTAyMTk4LTM4NzQyNTExODctMjY2MDQ1MTEwMg","ProviderDisplayName":"fake-vsd-a57b9a01-7f38-4918-8baa-a7dd55b1f713","IsActive":true,"Members":[],"MemberOf":["Microsoft.TeamFoundation.Identity;S-1-9-1551374245-4119793886-2834581577-2985046343-3005158501-0-0-0-0-1"],"MemberIds":[],"MasterId":"ffffffff-ffff-ffff-ffff-ffffffffffff","Properties":{"$type":"Microsoft.VisualStudio.Services.WebApi.PropertiesCollection, Microsoft.VisualStudio.Services.WebApi","SchemaClassName":{"$type":"System.String","$value":"User"},"Description":{"$type":"System.String","$value":"L2"},"Domain":{"$type":"System.String","$value":"L2"},"Account":{"$type":"System.String","$value":"fake-vsd-a57b9a01-7f38-4918-8baa-a7dd55b1f713"},"DN":{"$type":"System.String","$value":""},"Mail":{"$type":"System.String","$value":"fake-vsd-a57b9a01-7f38-4918-8baa-a7dd55b1f713@someprovider.com"},"SpecialType":{"$type":"System.String","$value":"Generic"},"ComplianceValidated":{"$type":"System.DateTime","$value":"2018-07-03T00:00:00Z"},"DirectoryAlias":{"$type":"System.String","$value":"fake-vsd-a57b9a01-7f38-4918-8baa-a7dd55b1f713"}},"ResourceVersion":2,"MetaTypeId":255}&#xD;
00:00.314  Created User successfully.&#xD;
00:00.314  Client Credentials called.&#xD;
Getting credentials for descriptor 'System.Security.Principal.WindowsIdentity;S-1-5-21-1389882523-1725124155-1294357522-3198441862-1229102198-3874251187-2660451102' =&gt; Authorization: Bearer eyJ0eXAiOiJKV1QiLCJhbGciOiJOb25lIn0.eyJuYW1laWQiOiJTLTEtNS0yMS0xMzg5ODgyNTIzLTE3MjUxMjQxNTUtMTI5NDM1NzUyMi0zMTk4NDQxODYyLTEyMjkxMDIxOTgtMzg3NDI1MTE4Ny0yNjYwNDUxMTAyIiwiSWRlbnRpdHlUeXBlQ2xhaW0iOiJTeXN0ZW0uU2VjdXJpdHkuUHJpbmNpcGFsLldpbmRvd3NJZGVudGl0eSIsImlzcyI6IkwyIiwiYXVkIjoiTDIiLCJuYmYiOjE1MzA1ODc2MDQsImV4cCI6MjUzNDAyMzAwODAwfQ.&#xD;
00:00.314  Client Credentials received successfully.&#xD;
Getting credentials for descriptor 'System.Security.Principal.WindowsIdentity;S-1-5-21-1389882523-1725124155-1294357522-3198441862-1229102198-3874251187-2660451102' =&gt; Authorization: Bearer eyJ0eXAiOiJKV1QiLCJhbGciOiJOb25lIn0.eyJuYW1laWQiOiJTLTEtNS0yMS0xMzg5ODgyNTIzLTE3MjUxMjQxNTUtMTI5NDM1NzUyMi0zMTk4NDQxODYyLTEyMjkxMDIxOTgtMzg3NDI1MTE4Ny0yNjYwNDUxMTAyIiwiSWRlbnRpdHlUeXBlQ2xhaW0iOiJTeXN0ZW0uU2VjdXJpdHkuUHJpbmNpcGFsLldpbmRvd3NJZGVudGl0eSIsImlzcyI6IkwyIiwiYXVkIjoiTDIiLCJuYmYiOjE1MzA1ODc2MDQsImV4cCI6MjUzNDAyMzAwODAwfQ.&#xD;
00:00.393  Created new TimeoutScope, 'RefreshWorkItemStoreCache:74@1', for 00:01:00 on thread 16.&#xD;
00:00.393  TimeoutScope, 'Test: SuiteUpdateOnSettingConfiguration:71', has been paused after 00:00:00.0873964.&#xD;
00:00.514  TimeoutScope 'RefreshWorkItemStoreCache:74' ended after '00:00:00.1204600'.&#xD;
00:00.514  TimeoutScope, 'Test: SuiteUpdateOnSettingConfiguration:71', has been resumed at 00:00:00.0873973.&#xD;
00:02.037  Performing CommonTestBase Cleanup...&#xD;
00:02.037  TimeoutScope 'Test: SuiteUpdateOnSettingConfiguration:71' ended after '00:00:01.6104698'.&#xD;
00:03.104  Created new TimeoutScope, 'TestFrameworkTestCleanup:75@0', for 00:00:10 on thread 16.&#xD;
00:03.104  TimeoutScope 'TestFrameworkTestCleanup:75' ended after '00:00:00.0000460'.&#xD;
00:03.104  Test End: 7/2/2018 8:13:26 PM (local) / 7/3/2018 3:13:26 AM (UTC).</StdOut></Output></UnitTestResult><UnitTestResult executionId="1718dc42-945d-4cb7-9f36-d45c16247889" testId="840f3ba2-0f00-43b7-9f0e-ca316c7b07ca" testName="DynamicHierarchicalSuiteRepopulate" computerName="V-NAGAB77931A" duration="00:00:05.3010064" startTime="2018-07-02T20:13:47.6772932-07:00" endTime="2018-07-02T20:13:52.9721914-07:00" testType="13cdc9d9-ddb5-4fa4-a97d-d965ccfc6d4b" outcome="Passed" testListId="8c84fa94-04c1-424b-9868-57a2d4851a1d" relativeResultsDirectory="1718dc42-945d-4cb7-9f36-d45c16247889"><Output><StdOut>Debug Trace:
00:00.000  Test Start: 7/2/2018 8:13:47 PM (local) / 7/3/2018 3:13:47 AM (UTC)&#xD;
00:00.000  Random Seed for this test: 1372235844&#xD;
00:00.000  Created new TimeoutScope, 'Test: DynamicHierarchicalSuiteRepopulate:111@0', for 00:00:30 on thread 16.&#xD;
00:00.000  Created new TimeoutScope, 'TestFrameworkTestInitialize:112@1', for 00:00:10 on thread 16.&#xD;
00:00.000  TimeoutScope, 'Test: DynamicHierarchicalSuiteRepopulate:111', has been paused after 00:00:00.0000294.&#xD;
00:00.000  TimeoutScope 'TestFrameworkTestInitialize:112' ended after '00:00:00.0000106'.&#xD;
00:00.000  TimeoutScope, 'Test: DynamicHierarchicalSuiteRepopulate:111', has been resumed at 00:00:00.0000300.&#xD;
00:00.000  TagHelper is getting a tag 'Project.PrivateAgileGit' on host 'de108ff5-f4a8-4948-b1ec-3147b31f1465'.&#xD;
00:00.000  TagHelper found cached tag 'Project.PrivateAgileGit' on host 'de108ff5-f4a8-4948-b1ec-3147b31f1465' with value '05e49bc7-ac67-4dc4-b85e-4a41b611b532'.&#xD;
00:00.000  Searching for project '05e49bc7-ac67-4dc4-b85e-4a41b611b532'.&#xD;
00:00.001  Web method running: [http://v-nagab77931a:8080/tfs/46407190-89f3-4e58-9bad-783cbf2637fb_/_apis/projects/05e49bc7-ac67-4dc4-b85e-4a41b611b532?includeHistory=False] (GET)05e49bc7-ac67-4dc4-b85e-4a41b611b532[projects] E2EId: 1b1d402d-dc35-4a61-8623-5c41066abc33&#xD;
00:00.007  Web method response: [http://v-nagab77931a:8080/tfs/46407190-89f3-4e58-9bad-783cbf2637fb_/_apis/projects/05e49bc7-ac67-4dc4-b85e-4a41b611b532?includeHistory=False] (GET)05e49bc7-ac67-4dc4-b85e-4a41b611b532[projects] E2EId: 1b1d402d-dc35-4a61-8623-5c41066abc33, ActivityId: 68e95269-022d-4bd6-90df-91127d95539f 6 ms&#xD;
00:00.008  Found matching project 'sdentifies people online. Impllowssy!n8d5e05805548ee6' (05e49bc7-ac67-4dc4-b85e-4a41b611b532).&#xD;
00:00.008  Create User called.&#xD;
00:00.008  IdentityHelperClient.CreateUser called with user properties {"$type":"Vssf.TestFramework.Client.Common.CreateUserProperties, Vssf.TestFramework.Client.Common","EntityType":"User","OriginDirectory":null,"HomeDirectory":null,"TenantId":null,"OriginId":"00000000-0000-0000-0000-000000000000","LocalId":"00000000-0000-0000-0000-000000000000","MasterId":"00000000-0000-0000-0000-000000000000","PrincipalName":null,"DisplayName":null,"Profile":null,"License":4,"LocalGroups":[{"$type":"Vssf.TestFramework.Client.Common.GroupReference, Vssf.TestFramework.Client.Common","Identifier":"S-1-9-1551374245-1204400969-2402986413-2179408616-0-0-0-0-1"}],"LocalPermissions":null,"UserType":0,"CreateUserTranslations":null}&#xD;
00:00.008  Created new TimeoutScope, 'CreateUser:113@1', for 00:00:30 on thread 16.&#xD;
00:00.008  TimeoutScope, 'Test: DynamicHierarchicalSuiteRepopulate:111', has been paused after 00:00:00.0078923.&#xD;
00:00.008  IdentityHelperClient.AddMember was called with parameters {"$type":"Vssf.TestFramework.Client.L2.Identity.AddMemberRequest, Vssf.TestFramework.Client.L2","EntityDescriptor":{"$type":"Microsoft.VisualStudio.Services.Directories.DirectoryEntityDescriptor, Microsoft.VisualStudio.Services.WebApi","entityType":"User","originDirectory":null,"localId":null,"originId":null,"invitationMethod":"CreateUser@TeamFoundationServer","createIfNotFound":true},"Profile":null,"License":"Optimal","LocalGroups":["S-1-9-1551374245-1204400969-2402986413-2179408616-0-0-0-0-1"]}&#xD;
00:00.083  Web method running: [http://v-nagab77931a:8080/tfs/46407190-89f3-4e58-9bad-783cbf2637fb_/_apis/Directory/Members?license=Optimal&amp;localGroups=S-1-9-1551374245-1204400969-2402986413-2179408616-0-0-0-0-1&amp;propertiesToReturn=LocalDescriptor] (POST)Members[Directory] E2EId: 27b32467-5b38-4154-b9b3-e9ab7af05a54&#xD;
00:00.194  Web method response: [http://v-nagab77931a:8080/tfs/46407190-89f3-4e58-9bad-783cbf2637fb_/_apis/Directory/Members?license=Optimal&amp;localGroups=S-1-9-1551374245-1204400969-2402986413-2179408616-0-0-0-0-1&amp;propertiesToReturn=LocalDescriptor] (POST)Members[Directory] E2EId: 27b32467-5b38-4154-b9b3-e9ab7af05a54, ActivityId: 68e9526a-022d-4bd6-90df-91127d95539f 110 ms&#xD;
00:00.195  DirectoryHttpClient.AddMemberAsync returned {"$type":"Microsoft.VisualStudio.Services.Directories.DirectoryEntityResult, Microsoft.VisualStudio.Services.WebApi","Entity":{"$type":"Microsoft.VisualStudio.Services.Directories.DirectoryUser, Microsoft.VisualStudio.Services.WebApi","EntityId":"vss.ds.v1.ims.user.604bce418e9a4787ad5532d11dcb0eee","EntityType":"User","OriginDirectory":"vsd","OriginId":"604bce41-8e9a-4787-ad55-32d11dcb0eee","LocalDirectory":"vsd","LocalId":"604bce41-8e9a-4787-ad55-32d11dcb0eee","principalName":"fake-vsd-159b419c-ff92-4e03-8ddf-bd0c446d7e92","displayName":"fake-vsd-159b419c-ff92-4e03-8ddf-bd0c446d7e92","localDescriptor":"System.Security.Principal.WindowsIdentity;S-1-5-21-1389882523-1725124155-1294357522-247700728-1086524724-3609796751-3043650397"},"EntityState":"LocalCreate","Status":"Success"}&#xD;
00:00.232  Web method running: [http://v-nagab77931a:8080/tfs/46407190-89f3-4e58-9bad-783cbf2637fb_/_apis/Identities/604bce41-8e9a-4787-ad55-32d11dcb0eee?queryMembership=Direct] (GET)604bce41-8e9a-4787-ad55-32d11dcb0eee[Identities] E2EId: 8a5033e9-0825-43af-89d0-02e11ab81add&#xD;
00:00.244  Web method response: [http://v-nagab77931a:8080/tfs/46407190-89f3-4e58-9bad-783cbf2637fb_/_apis/Identities/604bce41-8e9a-4787-ad55-32d11dcb0eee?queryMembership=Direct] (GET)604bce41-8e9a-4787-ad55-32d11dcb0eee[Identities] E2EId: 8a5033e9-0825-43af-89d0-02e11ab81add, ActivityId: 68e9526b-022d-4bd6-90df-91127d95539f 11 ms&#xD;
00:00.244  TimeoutScope 'CreateUser:113' ended after '00:00:00.2367391'.&#xD;
00:00.245  TimeoutScope, 'Test: DynamicHierarchicalSuiteRepopulate:111', has been resumed at 00:00:00.0078933.&#xD;
00:00.245  IdentityHelperClient.CreateUser called service and returned {"$type":"Microsoft.VisualStudio.Services.Identity.Identity, Microsoft.VisualStudio.Services.WebApi","Id":"604bce41-8e9a-4787-ad55-32d11dcb0eee","Descriptor":"System.Security.Principal.WindowsIdentity;S-1-5-21-1389882523-1725124155-1294357522-247700728-1086524724-3609796751-3043650397","SubjectDescriptor":"win.Uy0xLTUtMjEtMTM4OTg4MjUyMy0xNzI1MTI0MTU1LTEyOTQzNTc1MjItMjQ3NzAwNzI4LTEwODY1MjQ3MjQtMzYwOTc5Njc1MS0zMDQzNjUwMzk3","ProviderDisplayName":"fake-vsd-159b419c-ff92-4e03-8ddf-bd0c446d7e92","IsActive":true,"Members":[],"MemberOf":["Microsoft.TeamFoundation.Identity;S-1-9-1551374245-4119793886-2834581577-2985046343-3005158501-0-0-0-0-1"],"MemberIds":[],"MasterId":"ffffffff-ffff-ffff-ffff-ffffffffffff","Properties":{"$type":"Microsoft.VisualStudio.Services.WebApi.PropertiesCollection, Microsoft.VisualStudio.Services.WebApi","SchemaClassName":{"$type":"System.String","$value":"User"},"Description":{"$type":"System.String","$value":"L2"},"Domain":{"$type":"System.String","$value":"L2"},"Account":{"$type":"System.String","$value":"fake-vsd-159b419c-ff92-4e03-8ddf-bd0c446d7e92"},"DN":{"$type":"System.String","$value":""},"Mail":{"$type":"System.String","$value":"fake-vsd-159b419c-ff92-4e03-8ddf-bd0c446d7e92@someprovider.com"},"SpecialType":{"$type":"System.String","$value":"Generic"},"ComplianceValidated":{"$type":"System.DateTime","$value":"2018-07-03T00:00:00Z"},"DirectoryAlias":{"$type":"System.String","$value":"fake-vsd-159b419c-ff92-4e03-8ddf-bd0c446d7e92"}},"ResourceVersion":2,"MetaTypeId":255}&#xD;
00:00.245  Created User successfully.&#xD;
00:00.245  Client Credentials called.&#xD;
Getting credentials for descriptor 'System.Security.Principal.WindowsIdentity;S-1-5-21-1389882523-1725124155-1294357522-247700728-1086524724-3609796751-3043650397' =&gt; Authorization: Bearer eyJ0eXAiOiJKV1QiLCJhbGciOiJOb25lIn0.eyJuYW1laWQiOiJTLTEtNS0yMS0xMzg5ODgyNTIzLTE3MjUxMjQxNTUtMTI5NDM1NzUyMi0yNDc3MDA3MjgtMTA4NjUyNDcyNC0zNjA5Nzk2NzUxLTMwNDM2NTAzOTciLCJJZGVudGl0eVR5cGVDbGFpbSI6IlN5c3RlbS5TZWN1cml0eS5QcmluY2lwYWwuV2luZG93c0lkZW50aXR5IiwiaXNzIjoiTDIiLCJhdWQiOiJMMiIsIm5iZiI6MTUzMDU4NzYyOCwiZXhwIjoyNTM0MDIzMDA4MDB9.&#xD;
00:00.245  Client Credentials received successfully.&#xD;
Getting credentials for descriptor 'System.Security.Principal.WindowsIdentity;S-1-5-21-1389882523-1725124155-1294357522-247700728-1086524724-3609796751-3043650397' =&gt; Authorization: Bearer eyJ0eXAiOiJKV1QiLCJhbGciOiJOb25lIn0.eyJuYW1laWQiOiJTLTEtNS0yMS0xMzg5ODgyNTIzLTE3MjUxMjQxNTUtMTI5NDM1NzUyMi0yNDc3MDA3MjgtMTA4NjUyNDcyNC0zNjA5Nzk2NzUxLTMwNDM2NTAzOTciLCJJZGVudGl0eVR5cGVDbGFpbSI6IlN5c3RlbS5TZWN1cml0eS5QcmluY2lwYWwuV2luZG93c0lkZW50aXR5IiwiaXNzIjoiTDIiLCJhdWQiOiJMMiIsIm5iZiI6MTUzMDU4NzYyOCwiZXhwIjoyNTM0MDIzMDA4MDB9.&#xD;
00:00.319  Created new TimeoutScope, 'RefreshWorkItemStoreCache:114@1', for 00:01:00 on thread 16.&#xD;
00:00.319  TimeoutScope, 'Test: DynamicHierarchicalSuiteRepopulate:111', has been paused after 00:00:00.0823311.&#xD;
00:00.465  TimeoutScope 'RefreshWorkItemStoreCache:114' ended after '00:00:00.1458553'.&#xD;
00:00.465  TimeoutScope, 'Test: DynamicHierarchicalSuiteRepopulate:111', has been resumed at 00:00:00.0823320.&#xD;
00:03.284  Performing CommonTestBase Cleanup...&#xD;
00:03.284  TimeoutScope 'Test: DynamicHierarchicalSuiteRepopulate:111' ended after '00:00:02.9011602'.&#xD;
00:05.300  Created new TimeoutScope, 'TestFrameworkTestCleanup:115@0', for 00:00:10 on thread 16.&#xD;
00:05.300  TimeoutScope 'TestFrameworkTestCleanup:115' ended after '00:00:00.0000473'.&#xD;
00:05.300  Test End: 7/2/2018 8:13:52 PM (local) / 7/3/2018 3:13:52 AM (UTC).</StdOut></Output></UnitTestResult><UnitTestResult executionId="474dffb8-ed12-4920-9e2f-1db98a0db780" testId="80356364-6815-b5ae-c91d-bce3b5ac34be" testName="SuiteParentTest" computerName="V-NAGAB77931A" duration="00:00:02.3464098" startTime="2018-07-02T20:12:42.9641794-07:00" endTime="2018-07-02T20:12:45.3122039-07:00" testType="13cdc9d9-ddb5-4fa4-a97d-d965ccfc6d4b" outcome="Passed" testListId="8c84fa94-04c1-424b-9868-57a2d4851a1d" relativeResultsDirectory="474dffb8-ed12-4920-9e2f-1db98a0db780"><Output><StdOut>Debug Trace:
00:00.000  Test Start: 7/2/2018 8:12:42 PM (local) / 7/3/2018 3:12:42 AM (UTC)&#xD;
00:00.000  Random Seed for this test: 725104706&#xD;
00:00.000  Created new TimeoutScope, 'Test: SuiteParentTest:11@0', for 00:01:00 on thread 16.&#xD;
00:00.000  Created new TimeoutScope, 'TestFrameworkTestInitialize:12@1', for 00:00:10 on thread 16.&#xD;
00:00.000  TimeoutScope, 'Test: SuiteParentTest:11', has been paused after 00:00:00.0000497.&#xD;
00:00.000  TimeoutScope 'TestFrameworkTestInitialize:12' ended after '00:00:00.0000125'.&#xD;
00:00.000  TimeoutScope, 'Test: SuiteParentTest:11', has been resumed at 00:00:00.0000504.&#xD;
00:00.004  TagHelper is getting a tag 'Project.PrivateAgileGit' on host 'de108ff5-f4a8-4948-b1ec-3147b31f1465'.&#xD;
00:00.004  TagHelper found cached tag 'Project.PrivateAgileGit' on host 'de108ff5-f4a8-4948-b1ec-3147b31f1465' with value '05e49bc7-ac67-4dc4-b85e-4a41b611b532'.&#xD;
00:00.004  Searching for project '05e49bc7-ac67-4dc4-b85e-4a41b611b532'.&#xD;
00:00.004  Web method running: [http://v-nagab77931a:8080/tfs/46407190-89f3-4e58-9bad-783cbf2637fb_/_apis/projects/05e49bc7-ac67-4dc4-b85e-4a41b611b532?includeHistory=False] (GET)05e49bc7-ac67-4dc4-b85e-4a41b611b532[projects] E2EId: e201c663-cac8-4c82-93e4-552efd644bd5&#xD;
00:00.013  Web method response: [http://v-nagab77931a:8080/tfs/46407190-89f3-4e58-9bad-783cbf2637fb_/_apis/projects/05e49bc7-ac67-4dc4-b85e-4a41b611b532?includeHistory=False] (GET)05e49bc7-ac67-4dc4-b85e-4a41b611b532[projects] E2EId: e201c663-cac8-4c82-93e4-552efd644bd5, ActivityId: 68e9512d-022d-4bd6-90df-91127d95539f 8 ms&#xD;
00:00.013  Found matching project 'sdentifies people online. Impllowssy!n8d5e05805548ee6' (05e49bc7-ac67-4dc4-b85e-4a41b611b532).&#xD;
00:00.013  Create User called.&#xD;
00:00.013  IdentityHelperClient.CreateUser called with user properties {"$type":"Vssf.TestFramework.Client.Common.CreateUserProperties, Vssf.TestFramework.Client.Common","EntityType":"User","OriginDirectory":null,"HomeDirectory":null,"TenantId":null,"OriginId":"00000000-0000-0000-0000-000000000000","LocalId":"00000000-0000-0000-0000-000000000000","MasterId":"00000000-0000-0000-0000-000000000000","PrincipalName":null,"DisplayName":null,"Profile":null,"License":4,"LocalGroups":[{"$type":"Vssf.TestFramework.Client.Common.GroupReference, Vssf.TestFramework.Client.Common","Identifier":"S-1-9-1551374245-1204400969-2402986413-2179408616-0-0-0-0-1"}],"LocalPermissions":null,"UserType":0,"CreateUserTranslations":null}&#xD;
00:00.013  Created new TimeoutScope, 'CreateUser:13@1', for 00:00:30 on thread 16.&#xD;
00:00.013  TimeoutScope, 'Test: SuiteParentTest:11', has been paused after 00:00:00.0133233.&#xD;
00:00.013  IdentityHelperClient.AddMember was called with parameters {"$type":"Vssf.TestFramework.Client.L2.Identity.AddMemberRequest, Vssf.TestFramework.Client.L2","EntityDescriptor":{"$type":"Microsoft.VisualStudio.Services.Directories.DirectoryEntityDescriptor, Microsoft.VisualStudio.Services.WebApi","entityType":"User","originDirectory":null,"localId":null,"originId":null,"invitationMethod":"CreateUser@TeamFoundationServer","createIfNotFound":true},"Profile":null,"License":"Optimal","LocalGroups":["S-1-9-1551374245-1204400969-2402986413-2179408616-0-0-0-0-1"]}&#xD;
00:00.054  Web method running: [http://v-nagab77931a:8080/tfs/46407190-89f3-4e58-9bad-783cbf2637fb_/_apis/Directory/Members?license=Optimal&amp;localGroups=S-1-9-1551374245-1204400969-2402986413-2179408616-0-0-0-0-1&amp;propertiesToReturn=LocalDescriptor] (POST)Members[Directory] E2EId: 761779cb-9224-4675-9635-ab0aabb1f9b4&#xD;
00:00.205  Web method response: [http://v-nagab77931a:8080/tfs/46407190-89f3-4e58-9bad-783cbf2637fb_/_apis/Directory/Members?license=Optimal&amp;localGroups=S-1-9-1551374245-1204400969-2402986413-2179408616-0-0-0-0-1&amp;propertiesToReturn=LocalDescriptor] (POST)Members[Directory] E2EId: 761779cb-9224-4675-9635-ab0aabb1f9b4, ActivityId: 68e9512e-022d-4bd6-90df-91127d95539f 150 ms&#xD;
00:00.205  DirectoryHttpClient.AddMemberAsync returned {"$type":"Microsoft.VisualStudio.Services.Directories.DirectoryEntityResult, Microsoft.VisualStudio.Services.WebApi","Entity":{"$type":"Microsoft.VisualStudio.Services.Directories.DirectoryUser, Microsoft.VisualStudio.Services.WebApi","EntityId":"vss.ds.v1.ims.user.6a8627ade5a940cfa85db98c5d30cd6d","EntityType":"User","OriginDirectory":"vsd","OriginId":"6a8627ad-e5a9-40cf-a85d-b98c5d30cd6d","LocalDirectory":"vsd","LocalId":"6a8627ad-e5a9-40cf-a85d-b98c5d30cd6d","principalName":"fake-vsd-dffc2d4e-525f-442c-97bb-2fc4476f06b8","displayName":"fake-vsd-dffc2d4e-525f-442c-97bb-2fc4476f06b8","localDescriptor":"System.Security.Principal.WindowsIdentity;S-1-5-21-1389882523-1725124155-1294357522-2888928873-1213404553-3472799392-3477431004"},"EntityState":"LocalCreate","Status":"Success"}&#xD;
00:00.245  Web method running: [http://v-nagab77931a:8080/tfs/46407190-89f3-4e58-9bad-783cbf2637fb_/_apis/Identities/6a8627ad-e5a9-40cf-a85d-b98c5d30cd6d?queryMembership=Direct] (GET)6a8627ad-e5a9-40cf-a85d-b98c5d30cd6d[Identities] E2EId: 30924ee1-484e-4e13-b9ce-edd9286a00af&#xD;
00:00.258  Web method response: [http://v-nagab77931a:8080/tfs/46407190-89f3-4e58-9bad-783cbf2637fb_/_apis/Identities/6a8627ad-e5a9-40cf-a85d-b98c5d30cd6d?queryMembership=Direct] (GET)6a8627ad-e5a9-40cf-a85d-b98c5d30cd6d[Identities] E2EId: 30924ee1-484e-4e13-b9ce-edd9286a00af, ActivityId: 68e9512f-022d-4bd6-90df-91127d95539f 12 ms&#xD;
00:00.258  TimeoutScope 'CreateUser:13' ended after '00:00:00.2450055'.&#xD;
00:00.258  TimeoutScope, 'Test: SuiteParentTest:11', has been resumed at 00:00:00.0133242.&#xD;
00:00.258  IdentityHelperClient.CreateUser called service and returned {"$type":"Microsoft.VisualStudio.Services.Identity.Identity, Microsoft.VisualStudio.Services.WebApi","Id":"6a8627ad-e5a9-40cf-a85d-b98c5d30cd6d","Descriptor":"System.Security.Principal.WindowsIdentity;S-1-5-21-1389882523-1725124155-1294357522-2888928873-1213404553-3472799392-3477431004","SubjectDescriptor":"win.Uy0xLTUtMjEtMTM4OTg4MjUyMy0xNzI1MTI0MTU1LTEyOTQzNTc1MjItMjg4ODkyODg3My0xMjEzNDA0NTUzLTM0NzI3OTkzOTItMzQ3NzQzMTAwNA","ProviderDisplayName":"fake-vsd-dffc2d4e-525f-442c-97bb-2fc4476f06b8","IsActive":true,"Members":[],"MemberOf":["Microsoft.TeamFoundation.Identity;S-1-9-1551374245-4119793886-2834581577-2985046343-3005158501-0-0-0-0-1"],"MemberIds":[],"MasterId":"ffffffff-ffff-ffff-ffff-ffffffffffff","Properties":{"$type":"Microsoft.VisualStudio.Services.WebApi.PropertiesCollection, Microsoft.VisualStudio.Services.WebApi","SchemaClassName":{"$type":"System.String","$value":"User"},"Description":{"$type":"System.String","$value":"L2"},"Domain":{"$type":"System.String","$value":"L2"},"Account":{"$type":"System.String","$value":"fake-vsd-dffc2d4e-525f-442c-97bb-2fc4476f06b8"},"DN":{"$type":"System.String","$value":""},"Mail":{"$type":"System.String","$value":"fake-vsd-dffc2d4e-525f-442c-97bb-2fc4476f06b8@someprovider.com"},"SpecialType":{"$type":"System.String","$value":"Generic"},"ComplianceValidated":{"$type":"System.DateTime","$value":"2018-07-03T00:00:00Z"},"DirectoryAlias":{"$type":"System.String","$value":"fake-vsd-dffc2d4e-525f-442c-97bb-2fc4476f06b8"}},"ResourceVersion":2,"MetaTypeId":255}&#xD;
00:00.258  Created User successfully.&#xD;
00:00.258  Client Credentials called.&#xD;
Getting credentials for descriptor 'System.Security.Principal.WindowsIdentity;S-1-5-21-1389882523-1725124155-1294357522-2888928873-1213404553-3472799392-3477431004' =&gt; Authorization: Bearer eyJ0eXAiOiJKV1QiLCJhbGciOiJOb25lIn0.eyJuYW1laWQiOiJTLTEtNS0yMS0xMzg5ODgyNTIzLTE3MjUxMjQxNTUtMTI5NDM1NzUyMi0yODg4OTI4ODczLTEyMTM0MDQ1NTMtMzQ3Mjc5OTM5Mi0zNDc3NDMxMDA0IiwiSWRlbnRpdHlUeXBlQ2xhaW0iOiJTeXN0ZW0uU2VjdXJpdHkuUHJpbmNpcGFsLldpbmRvd3NJZGVudGl0eSIsImlzcyI6IkwyIiwiYXVkIjoiTDIiLCJuYmYiOjE1MzA1ODc1NjMsImV4cCI6MjUzNDAyMzAwODAwfQ.&#xD;
00:00.258  Client Credentials received successfully.&#xD;
Getting credentials for descriptor 'System.Security.Principal.WindowsIdentity;S-1-5-21-1389882523-1725124155-1294357522-2888928873-1213404553-3472799392-3477431004' =&gt; Authorization: Bearer eyJ0eXAiOiJKV1QiLCJhbGciOiJOb25lIn0.eyJuYW1laWQiOiJTLTEtNS0yMS0xMzg5ODgyNTIzLTE3MjUxMjQxNTUtMTI5NDM1NzUyMi0yODg4OTI4ODczLTEyMTM0MDQ1NTMtMzQ3Mjc5OTM5Mi0zNDc3NDMxMDA0IiwiSWRlbnRpdHlUeXBlQ2xhaW0iOiJTeXN0ZW0uU2VjdXJpdHkuUHJpbmNpcGFsLldpbmRvd3NJZGVudGl0eSIsImlzcyI6IkwyIiwiYXVkIjoiTDIiLCJuYmYiOjE1MzA1ODc1NjMsImV4cCI6MjUzNDAyMzAwODAwfQ.&#xD;
00:00.534  Created new TimeoutScope, 'RefreshWorkItemStoreCache:14@1', for 00:01:00 on thread 16.&#xD;
00:00.534  TimeoutScope, 'Test: SuiteParentTest:11', has been paused after 00:00:00.2890540.&#xD;
00:00.672  TimeoutScope 'RefreshWorkItemStoreCache:14' ended after '00:00:00.1384706'.&#xD;
00:00.672  TimeoutScope, 'Test: SuiteParentTest:11', has been resumed at 00:00:00.2890552.&#xD;
00:02.041  Reparenting Suite&#xD;
00:02.346  Performing CommonTestBase Cleanup...&#xD;
00:02.346  TimeoutScope 'Test: SuiteParentTest:11' ended after '00:00:01.9623066'.&#xD;
00:02.346  Created new TimeoutScope, 'TestFrameworkTestCleanup:15@0', for 00:00:10 on thread 16.&#xD;
00:02.346  TimeoutScope 'TestFrameworkTestCleanup:15' ended after '00:00:00.0000942'.&#xD;
00:02.346  Test End: 7/2/2018 8:12:45 PM (local) / 7/3/2018 3:12:45 AM (UTC).</StdOut></Output></UnitTestResult><UnitTestResult executionId="98b84430-457f-4034-ae25-3b9d11261276" testId="a596c63c-39b0-cc40-00a3-9525f0e71712" testName="TestSuiteReparentingCheckingRevision" computerName="V-NAGAB77931A" duration="00:00:06.5603868" startTime="2018-07-02T20:15:50.6033212-07:00" endTime="2018-07-02T20:15:57.1739094-07:00" testType="13cdc9d9-ddb5-4fa4-a97d-d965ccfc6d4b" outcome="Passed" testListId="8c84fa94-04c1-424b-9868-57a2d4851a1d" relativeResultsDirectory="98b84430-457f-4034-ae25-3b9d11261276"><Output><StdOut>Debug Trace:
00:00.000  Test Start: 7/2/2018 8:15:50 PM (local) / 7/3/2018 3:15:50 AM (UTC)&#xD;
00:00.000  Random Seed for this test: -1693471172&#xD;
00:00.000  Created new TimeoutScope, 'Test: TestSuiteReparentingCheckingRevision:241@0', for 00:00:30 on thread 16.&#xD;
00:00.000  Created new TimeoutScope, 'TestFrameworkTestInitialize:242@1', for 00:00:10 on thread 16.&#xD;
00:00.000  TimeoutScope, 'Test: TestSuiteReparentingCheckingRevision:241', has been paused after 00:00:00.0000295.&#xD;
00:00.000  TimeoutScope 'TestFrameworkTestInitialize:242' ended after '00:00:00.0000124'.&#xD;
00:00.000  TimeoutScope, 'Test: TestSuiteReparentingCheckingRevision:241', has been resumed at 00:00:00.0000302.&#xD;
00:00.000  TagHelper is getting a tag 'Project.PrivateAgileGit' on host 'de108ff5-f4a8-4948-b1ec-3147b31f1465'.&#xD;
00:00.000  TagHelper found cached tag 'Project.PrivateAgileGit' on host 'de108ff5-f4a8-4948-b1ec-3147b31f1465' with value '05e49bc7-ac67-4dc4-b85e-4a41b611b532'.&#xD;
00:00.000  Searching for project '05e49bc7-ac67-4dc4-b85e-4a41b611b532'.&#xD;
00:00.001  Web method running: [http://v-nagab77931a:8080/tfs/46407190-89f3-4e58-9bad-783cbf2637fb_/_apis/projects/05e49bc7-ac67-4dc4-b85e-4a41b611b532?includeHistory=False] (GET)05e49bc7-ac67-4dc4-b85e-4a41b611b532[projects] E2EId: 893bc9f3-af35-4c0b-8cf1-d7f8a5590932&#xD;
00:00.013  Web method response: [http://v-nagab77931a:8080/tfs/46407190-89f3-4e58-9bad-783cbf2637fb_/_apis/projects/05e49bc7-ac67-4dc4-b85e-4a41b611b532?includeHistory=False] (GET)05e49bc7-ac67-4dc4-b85e-4a41b611b532[projects] E2EId: 893bc9f3-af35-4c0b-8cf1-d7f8a5590932, ActivityId: 68e95785-022d-4bd6-90df-91127d95539f 12 ms&#xD;
00:00.014  Found matching project 'sdentifies people online. Impllowssy!n8d5e05805548ee6' (05e49bc7-ac67-4dc4-b85e-4a41b611b532).&#xD;
00:00.014  Create User called.&#xD;
00:00.014  IdentityHelperClient.CreateUser called with user properties {"$type":"Vssf.TestFramework.Client.Common.CreateUserProperties, Vssf.TestFramework.Client.Common","EntityType":"User","OriginDirectory":null,"HomeDirectory":null,"TenantId":null,"OriginId":"00000000-0000-0000-0000-000000000000","LocalId":"00000000-0000-0000-0000-000000000000","MasterId":"00000000-0000-0000-0000-000000000000","PrincipalName":null,"DisplayName":null,"Profile":null,"License":4,"LocalGroups":[{"$type":"Vssf.TestFramework.Client.Common.GroupReference, Vssf.TestFramework.Client.Common","Identifier":"S-1-9-1551374245-1204400969-2402986413-2179408616-0-0-0-0-1"}],"LocalPermissions":null,"UserType":0,"CreateUserTranslations":null}&#xD;
00:00.014  Created new TimeoutScope, 'CreateUser:243@1', for 00:00:30 on thread 16.&#xD;
00:00.014  TimeoutScope, 'Test: TestSuiteReparentingCheckingRevision:241', has been paused after 00:00:00.0141886.&#xD;
00:00.014  IdentityHelperClient.AddMember was called with parameters {"$type":"Vssf.TestFramework.Client.L2.Identity.AddMemberRequest, Vssf.TestFramework.Client.L2","EntityDescriptor":{"$type":"Microsoft.VisualStudio.Services.Directories.DirectoryEntityDescriptor, Microsoft.VisualStudio.Services.WebApi","entityType":"User","originDirectory":null,"localId":null,"originId":null,"invitationMethod":"CreateUser@TeamFoundationServer","createIfNotFound":true},"Profile":null,"License":"Optimal","LocalGroups":["S-1-9-1551374245-1204400969-2402986413-2179408616-0-0-0-0-1"]}&#xD;
00:00.098  Web method running: [http://v-nagab77931a:8080/tfs/46407190-89f3-4e58-9bad-783cbf2637fb_/_apis/Directory/Members?license=Optimal&amp;localGroups=S-1-9-1551374245-1204400969-2402986413-2179408616-0-0-0-0-1&amp;propertiesToReturn=LocalDescriptor] (POST)Members[Directory] E2EId: b5e29acf-9ade-4be1-8ad6-7deb17e5b02e&#xD;
00:00.271  Web method response: [http://v-nagab77931a:8080/tfs/46407190-89f3-4e58-9bad-783cbf2637fb_/_apis/Directory/Members?license=Optimal&amp;localGroups=S-1-9-1551374245-1204400969-2402986413-2179408616-0-0-0-0-1&amp;propertiesToReturn=LocalDescriptor] (POST)Members[Directory] E2EId: b5e29acf-9ade-4be1-8ad6-7deb17e5b02e, ActivityId: 68e95786-022d-4bd6-90df-91127d95539f 172 ms&#xD;
00:00.271  DirectoryHttpClient.AddMemberAsync returned {"$type":"Microsoft.VisualStudio.Services.Directories.DirectoryEntityResult, Microsoft.VisualStudio.Services.WebApi","Entity":{"$type":"Microsoft.VisualStudio.Services.Directories.DirectoryUser, Microsoft.VisualStudio.Services.WebApi","EntityId":"vss.ds.v1.ims.user.fb938df47709488da52446b184ede7ec","EntityType":"User","OriginDirectory":"vsd","OriginId":"fb938df4-7709-488d-a524-46b184ede7ec","LocalDirectory":"vsd","LocalId":"fb938df4-7709-488d-a524-46b184ede7ec","principalName":"fake-vsd-d9ae5630-924c-4924-97fe-3e56f037038b","displayName":"fake-vsd-d9ae5630-924c-4924-97fe-3e56f037038b","localDescriptor":"System.Security.Principal.WindowsIdentity;S-1-5-21-1389882523-1725124155-1294357522-1119993147-1325698140-490545301-1636048446"},"EntityState":"LocalCreate","Status":"Success"}&#xD;
00:00.310  Web method running: [http://v-nagab77931a:8080/tfs/46407190-89f3-4e58-9bad-783cbf2637fb_/_apis/Identities/fb938df4-7709-488d-a524-46b184ede7ec?queryMembership=Direct] (GET)fb938df4-7709-488d-a524-46b184ede7ec[Identities] E2EId: fa705532-a7d5-4796-a6a5-46e8aa457c4a&#xD;
00:00.323  Web method response: [http://v-nagab77931a:8080/tfs/46407190-89f3-4e58-9bad-783cbf2637fb_/_apis/Identities/fb938df4-7709-488d-a524-46b184ede7ec?queryMembership=Direct] (GET)fb938df4-7709-488d-a524-46b184ede7ec[Identities] E2EId: fa705532-a7d5-4796-a6a5-46e8aa457c4a, ActivityId: 68e95787-022d-4bd6-90df-91127d95539f 12 ms&#xD;
00:00.324  TimeoutScope 'CreateUser:243' ended after '00:00:00.3095239'.&#xD;
00:00.324  TimeoutScope, 'Test: TestSuiteReparentingCheckingRevision:241', has been resumed at 00:00:00.0141895.&#xD;
00:00.324  IdentityHelperClient.CreateUser called service and returned {"$type":"Microsoft.VisualStudio.Services.Identity.Identity, Microsoft.VisualStudio.Services.WebApi","Id":"fb938df4-7709-488d-a524-46b184ede7ec","Descriptor":"System.Security.Principal.WindowsIdentity;S-1-5-21-1389882523-1725124155-1294357522-1119993147-1325698140-490545301-1636048446","SubjectDescriptor":"win.Uy0xLTUtMjEtMTM4OTg4MjUyMy0xNzI1MTI0MTU1LTEyOTQzNTc1MjItMTExOTk5MzE0Ny0xMzI1Njk4MTQwLTQ5MDU0NTMwMS0xNjM2MDQ4NDQ2","ProviderDisplayName":"fake-vsd-d9ae5630-924c-4924-97fe-3e56f037038b","IsActive":true,"Members":[],"MemberOf":["Microsoft.TeamFoundation.Identity;S-1-9-1551374245-4119793886-2834581577-2985046343-3005158501-0-0-0-0-1"],"MemberIds":[],"MasterId":"ffffffff-ffff-ffff-ffff-ffffffffffff","Properties":{"$type":"Microsoft.VisualStudio.Services.WebApi.PropertiesCollection, Microsoft.VisualStudio.Services.WebApi","SchemaClassName":{"$type":"System.String","$value":"User"},"Description":{"$type":"System.String","$value":"L2"},"Domain":{"$type":"System.String","$value":"L2"},"Account":{"$type":"System.String","$value":"fake-vsd-d9ae5630-924c-4924-97fe-3e56f037038b"},"DN":{"$type":"System.String","$value":""},"Mail":{"$type":"System.String","$value":"fake-vsd-d9ae5630-924c-4924-97fe-3e56f037038b@someprovider.com"},"SpecialType":{"$type":"System.String","$value":"Generic"},"ComplianceValidated":{"$type":"System.DateTime","$value":"2018-07-03T00:00:00Z"},"DirectoryAlias":{"$type":"System.String","$value":"fake-vsd-d9ae5630-924c-4924-97fe-3e56f037038b"}},"ResourceVersion":2,"MetaTypeId":255}&#xD;
00:00.324  Created User successfully.&#xD;
00:00.324  Client Credentials called.&#xD;
Getting credentials for descriptor 'System.Security.Principal.WindowsIdentity;S-1-5-21-1389882523-1725124155-1294357522-1119993147-1325698140-490545301-1636048446' =&gt; Authorization: Bearer eyJ0eXAiOiJKV1QiLCJhbGciOiJOb25lIn0.eyJuYW1laWQiOiJTLTEtNS0yMS0xMzg5ODgyNTIzLTE3MjUxMjQxNTUtMTI5NDM1NzUyMi0xMTE5OTkzMTQ3LTEzMjU2OTgxNDAtNDkwNTQ1MzAxLTE2MzYwNDg0NDYiLCJJZGVudGl0eVR5cGVDbGFpbSI6IlN5c3RlbS5TZWN1cml0eS5QcmluY2lwYWwuV2luZG93c0lkZW50aXR5IiwiaXNzIjoiTDIiLCJhdWQiOiJMMiIsIm5iZiI6MTUzMDU4Nzc1MSwiZXhwIjoyNTM0MDIzMDA4MDB9.&#xD;
00:00.324  Client Credentials received successfully.&#xD;
Getting credentials for descriptor 'System.Security.Principal.WindowsIdentity;S-1-5-21-1389882523-1725124155-1294357522-1119993147-1325698140-490545301-1636048446' =&gt; Authorization: Bearer eyJ0eXAiOiJKV1QiLCJhbGciOiJOb25lIn0.eyJuYW1laWQiOiJTLTEtNS0yMS0xMzg5ODgyNTIzLTE3MjUxMjQxNTUtMTI5NDM1NzUyMi0xMTE5OTkzMTQ3LTEzMjU2OTgxNDAtNDkwNTQ1MzAxLTE2MzYwNDg0NDYiLCJJZGVudGl0eVR5cGVDbGFpbSI6IlN5c3RlbS5TZWN1cml0eS5QcmluY2lwYWwuV2luZG93c0lkZW50aXR5IiwiaXNzIjoiTDIiLCJhdWQiOiJMMiIsIm5iZiI6MTUzMDU4Nzc1MSwiZXhwIjoyNTM0MDIzMDA4MDB9.&#xD;
00:00.546  Created new TimeoutScope, 'RefreshWorkItemStoreCache:244@1', for 00:01:00 on thread 16.&#xD;
00:00.546  TimeoutScope, 'Test: TestSuiteReparentingCheckingRevision:241', has been paused after 00:00:00.2369980.&#xD;
00:00.679  TimeoutScope 'RefreshWorkItemStoreCache:244' ended after '00:00:00.1327210'.&#xD;
00:00.679  TimeoutScope, 'Test: TestSuiteReparentingCheckingRevision:241', has been resumed at 00:00:00.2369989.&#xD;
00:02.996  Performing CommonTestBase Cleanup...&#xD;
00:02.996  TimeoutScope 'Test: TestSuiteReparentingCheckingRevision:241' ended after '00:00:02.5537574'.&#xD;
00:06.560  Created new TimeoutScope, 'TestFrameworkTestCleanup:245@0', for 00:00:10 on thread 16.&#xD;
00:06.560  TimeoutScope 'TestFrameworkTestCleanup:245' ended after '00:00:00.0000587'.&#xD;
00:06.560  Test End: 7/2/2018 8:15:57 PM (local) / 7/3/2018 3:15:57 AM (UTC).</StdOut></Output></UnitTestResult><UnitTestResult executionId="ccb52e92-52ea-4822-95ad-39029df11499" testId="768e0ded-c758-fefb-0593-d4aefaf8cfc0" testName="RootSuiteUpdateOnUpdatingplan" computerName="V-NAGAB77931A" duration="00:00:04.5176234" startTime="2018-07-02T20:13:16.7945443-07:00" endTime="2018-07-02T20:13:21.3257592-07:00" testType="13cdc9d9-ddb5-4fa4-a97d-d965ccfc6d4b" outcome="Passed" testListId="8c84fa94-04c1-424b-9868-57a2d4851a1d" relativeResultsDirectory="ccb52e92-52ea-4822-95ad-39029df11499"><Output><StdOut>Test plan id = 66, name = CreateBasicWitTestPlan&#xD;
&#xD;


Debug Trace:
00:00.000  Test Start: 7/2/2018 8:13:16 PM (local) / 7/3/2018 3:13:16 AM (UTC)&#xD;
00:00.000  Random Seed for this test: 1063408355&#xD;
00:00.000  Created new TimeoutScope, 'Test: RootSuiteUpdateOnUpdatingplan:61@0', for 00:00:30 on thread 16.&#xD;
00:00.000  Created new TimeoutScope, 'TestFrameworkTestInitialize:62@1', for 00:00:10 on thread 16.&#xD;
00:00.000  TimeoutScope, 'Test: RootSuiteUpdateOnUpdatingplan:61', has been paused after 00:00:00.0000304.&#xD;
00:00.000  TimeoutScope 'TestFrameworkTestInitialize:62' ended after '00:00:00.0000111'.&#xD;
00:00.000  TimeoutScope, 'Test: RootSuiteUpdateOnUpdatingplan:61', has been resumed at 00:00:00.0000319.&#xD;
00:00.000  TagHelper is getting a tag 'Project.PrivateAgileGit' on host 'de108ff5-f4a8-4948-b1ec-3147b31f1465'.&#xD;
00:00.000  TagHelper found cached tag 'Project.PrivateAgileGit' on host 'de108ff5-f4a8-4948-b1ec-3147b31f1465' with value '05e49bc7-ac67-4dc4-b85e-4a41b611b532'.&#xD;
00:00.000  Searching for project '05e49bc7-ac67-4dc4-b85e-4a41b611b532'.&#xD;
00:00.001  Web method running: [http://v-nagab77931a:8080/tfs/46407190-89f3-4e58-9bad-783cbf2637fb_/_apis/projects/05e49bc7-ac67-4dc4-b85e-4a41b611b532?includeHistory=False] (GET)05e49bc7-ac67-4dc4-b85e-4a41b611b532[projects] E2EId: 749cb60f-47bf-4f01-a668-3ad97166d5c7&#xD;
00:00.127  Web method response: [http://v-nagab77931a:8080/tfs/46407190-89f3-4e58-9bad-783cbf2637fb_/_apis/projects/05e49bc7-ac67-4dc4-b85e-4a41b611b532?includeHistory=False] (GET)05e49bc7-ac67-4dc4-b85e-4a41b611b532[projects] E2EId: 749cb60f-47bf-4f01-a668-3ad97166d5c7, ActivityId: 68e950b6-022d-4bd6-90df-91127d95539f 125 ms&#xD;
00:00.127  Found matching project 'sdentifies people online. Impllowssy!n8d5e05805548ee6' (05e49bc7-ac67-4dc4-b85e-4a41b611b532).&#xD;
00:00.127  Create User called.&#xD;
00:00.127  IdentityHelperClient.CreateUser called with user properties {"$type":"Vssf.TestFramework.Client.Common.CreateUserProperties, Vssf.TestFramework.Client.Common","EntityType":"User","OriginDirectory":null,"HomeDirectory":null,"TenantId":null,"OriginId":"00000000-0000-0000-0000-000000000000","LocalId":"00000000-0000-0000-0000-000000000000","MasterId":"00000000-0000-0000-0000-000000000000","PrincipalName":null,"DisplayName":null,"Profile":null,"License":4,"LocalGroups":[{"$type":"Vssf.TestFramework.Client.Common.GroupReference, Vssf.TestFramework.Client.Common","Identifier":"S-1-9-1551374245-1204400969-2402986413-2179408616-0-0-0-0-1"}],"LocalPermissions":null,"UserType":0,"CreateUserTranslations":null}&#xD;
00:00.127  Created new TimeoutScope, 'CreateUser:63@1', for 00:00:30 on thread 16.&#xD;
00:00.127  TimeoutScope, 'Test: RootSuiteUpdateOnUpdatingplan:61', has been paused after 00:00:00.1273498.&#xD;
00:00.127  IdentityHelperClient.AddMember was called with parameters {"$type":"Vssf.TestFramework.Client.L2.Identity.AddMemberRequest, Vssf.TestFramework.Client.L2","EntityDescriptor":{"$type":"Microsoft.VisualStudio.Services.Directories.DirectoryEntityDescriptor, Microsoft.VisualStudio.Services.WebApi","entityType":"User","originDirectory":null,"localId":null,"originId":null,"invitationMethod":"CreateUser@TeamFoundationServer","createIfNotFound":true},"Profile":null,"License":"Optimal","LocalGroups":["S-1-9-1551374245-1204400969-2402986413-2179408616-0-0-0-0-1"]}&#xD;
00:00.179  Web method running: [http://v-nagab77931a:8080/tfs/46407190-89f3-4e58-9bad-783cbf2637fb_/_apis/Directory/Members?license=Optimal&amp;localGroups=S-1-9-1551374245-1204400969-2402986413-2179408616-0-0-0-0-1&amp;propertiesToReturn=LocalDescriptor] (POST)Members[Directory] E2EId: cbb86140-f41b-4b57-ae3d-a88811bcff91&#xD;
00:00.656  Web method response: [http://v-nagab77931a:8080/tfs/46407190-89f3-4e58-9bad-783cbf2637fb_/_apis/Directory/Members?license=Optimal&amp;localGroups=S-1-9-1551374245-1204400969-2402986413-2179408616-0-0-0-0-1&amp;propertiesToReturn=LocalDescriptor] (POST)Members[Directory] E2EId: cbb86140-f41b-4b57-ae3d-a88811bcff91, ActivityId: 68e950b7-022d-4bd6-90df-91127d95539f 476 ms&#xD;
00:00.656  DirectoryHttpClient.AddMemberAsync returned {"$type":"Microsoft.VisualStudio.Services.Directories.DirectoryEntityResult, Microsoft.VisualStudio.Services.WebApi","Entity":{"$type":"Microsoft.VisualStudio.Services.Directories.DirectoryUser, Microsoft.VisualStudio.Services.WebApi","EntityId":"vss.ds.v1.ims.user.454f8795c6a3489780fe6258fe8568f1","EntityType":"User","OriginDirectory":"vsd","OriginId":"454f8795-c6a3-4897-80fe-6258fe8568f1","LocalDirectory":"vsd","LocalId":"454f8795-c6a3-4897-80fe-6258fe8568f1","principalName":"fake-vsd-96bd6d9f-fb41-40da-8b31-d4ff626f8cd7","displayName":"fake-vsd-96bd6d9f-fb41-40da-8b31-d4ff626f8cd7","localDescriptor":"System.Security.Principal.WindowsIdentity;S-1-5-21-1389882523-1725124155-1294357522-3998825867-1203179711-2581429168-617352390"},"EntityState":"LocalCreate","Status":"Success"}&#xD;
00:00.694  Web method running: [http://v-nagab77931a:8080/tfs/46407190-89f3-4e58-9bad-783cbf2637fb_/_apis/Identities/454f8795-c6a3-4897-80fe-6258fe8568f1?queryMembership=Direct] (GET)454f8795-c6a3-4897-80fe-6258fe8568f1[Identities] E2EId: faa96beb-cc66-4c40-9f3c-4731383299b8&#xD;
00:00.706  Web method response: [http://v-nagab77931a:8080/tfs/46407190-89f3-4e58-9bad-783cbf2637fb_/_apis/Identities/454f8795-c6a3-4897-80fe-6258fe8568f1?queryMembership=Direct] (GET)454f8795-c6a3-4897-80fe-6258fe8568f1[Identities] E2EId: faa96beb-cc66-4c40-9f3c-4731383299b8, ActivityId: 68e950b8-022d-4bd6-90df-91127d95539f 12 ms&#xD;
00:00.707  TimeoutScope 'CreateUser:63' ended after '00:00:00.5794186'.&#xD;
00:00.707  TimeoutScope, 'Test: RootSuiteUpdateOnUpdatingplan:61', has been resumed at 00:00:00.1273507.&#xD;
00:00.707  IdentityHelperClient.CreateUser called service and returned {"$type":"Microsoft.VisualStudio.Services.Identity.Identity, Microsoft.VisualStudio.Services.WebApi","Id":"454f8795-c6a3-4897-80fe-6258fe8568f1","Descriptor":"System.Security.Principal.WindowsIdentity;S-1-5-21-1389882523-1725124155-1294357522-3998825867-1203179711-2581429168-617352390","SubjectDescriptor":"win.Uy0xLTUtMjEtMTM4OTg4MjUyMy0xNzI1MTI0MTU1LTEyOTQzNTc1MjItMzk5ODgyNTg2Ny0xMjAzMTc5NzExLTI1ODE0MjkxNjgtNjE3MzUyMzkw","ProviderDisplayName":"fake-vsd-96bd6d9f-fb41-40da-8b31-d4ff626f8cd7","IsActive":true,"Members":[],"MemberOf":["Microsoft.TeamFoundation.Identity;S-1-9-1551374245-4119793886-2834581577-2985046343-3005158501-0-0-0-0-1"],"MemberIds":[],"MasterId":"ffffffff-ffff-ffff-ffff-ffffffffffff","Properties":{"$type":"Microsoft.VisualStudio.Services.WebApi.PropertiesCollection, Microsoft.VisualStudio.Services.WebApi","SchemaClassName":{"$type":"System.String","$value":"User"},"Description":{"$type":"System.String","$value":"L2"},"Domain":{"$type":"System.String","$value":"L2"},"Account":{"$type":"System.String","$value":"fake-vsd-96bd6d9f-fb41-40da-8b31-d4ff626f8cd7"},"DN":{"$type":"System.String","$value":""},"Mail":{"$type":"System.String","$value":"fake-vsd-96bd6d9f-fb41-40da-8b31-d4ff626f8cd7@someprovider.com"},"SpecialType":{"$type":"System.String","$value":"Generic"},"ComplianceValidated":{"$type":"System.DateTime","$value":"2018-07-03T00:00:00Z"},"DirectoryAlias":{"$type":"System.String","$value":"fake-vsd-96bd6d9f-fb41-40da-8b31-d4ff626f8cd7"}},"ResourceVersion":2,"MetaTypeId":255}&#xD;
00:00.707  Created User successfully.&#xD;
00:00.707  Client Credentials called.&#xD;
Getting credentials for descriptor 'System.Security.Principal.WindowsIdentity;S-1-5-21-1389882523-1725124155-1294357522-3998825867-1203179711-2581429168-617352390' =&gt; Authorization: Bearer eyJ0eXAiOiJKV1QiLCJhbGciOiJOb25lIn0.eyJuYW1laWQiOiJTLTEtNS0yMS0xMzg5ODgyNTIzLTE3MjUxMjQxNTUtMTI5NDM1NzUyMi0zOTk4ODI1ODY3LTEyMDMxNzk3MTEtMjU4MTQyOTE2OC02MTczNTIzOTAiLCJJZGVudGl0eVR5cGVDbGFpbSI6IlN5c3RlbS5TZWN1cml0eS5QcmluY2lwYWwuV2luZG93c0lkZW50aXR5IiwiaXNzIjoiTDIiLCJhdWQiOiJMMiIsIm5iZiI6MTUzMDU4NzU5OCwiZXhwIjoyNTM0MDIzMDA4MDB9.&#xD;
00:00.707  Client Credentials received successfully.&#xD;
Getting credentials for descriptor 'System.Security.Principal.WindowsIdentity;S-1-5-21-1389882523-1725124155-1294357522-3998825867-1203179711-2581429168-617352390' =&gt; Authorization: Bearer eyJ0eXAiOiJKV1QiLCJhbGciOiJOb25lIn0.eyJuYW1laWQiOiJTLTEtNS0yMS0xMzg5ODgyNTIzLTE3MjUxMjQxNTUtMTI5NDM1NzUyMi0zOTk4ODI1ODY3LTEyMDMxNzk3MTEtMjU4MTQyOTE2OC02MTczNTIzOTAiLCJJZGVudGl0eVR5cGVDbGFpbSI6IlN5c3RlbS5TZWN1cml0eS5QcmluY2lwYWwuV2luZG93c0lkZW50aXR5IiwiaXNzIjoiTDIiLCJhdWQiOiJMMiIsIm5iZiI6MTUzMDU4NzU5OCwiZXhwIjoyNTM0MDIzMDA4MDB9.&#xD;
00:00.874  Created new TimeoutScope, 'RefreshWorkItemStoreCache:64@1', for 00:01:00 on thread 16.&#xD;
00:00.874  TimeoutScope, 'Test: RootSuiteUpdateOnUpdatingplan:61', has been paused after 00:00:00.2945729.&#xD;
00:00.985  TimeoutScope 'RefreshWorkItemStoreCache:64' ended after '00:00:00.1108389'.&#xD;
00:00.985  TimeoutScope, 'Test: RootSuiteUpdateOnUpdatingplan:61', has been resumed at 00:00:00.2945737.&#xD;
00:02.211  Performing CommonTestBase Cleanup...&#xD;
00:02.211  TimeoutScope 'Test: RootSuiteUpdateOnUpdatingplan:61' ended after '00:00:01.5205239'.&#xD;
00:04.517  Created new TimeoutScope, 'TestFrameworkTestCleanup:65@0', for 00:00:10 on thread 16.&#xD;
00:04.517  TimeoutScope 'TestFrameworkTestCleanup:65' ended after '00:00:00.0000974'.&#xD;
00:04.517  Test End: 7/2/2018 8:13:21 PM (local) / 7/3/2018 3:13:21 AM (UTC).</StdOut></Output></UnitTestResult><UnitTestResult executionId="5bcd11d8-453a-4121-a305-56a36fb31d24" testId="819d8530-a49d-7066-2460-f196337e87cb" testName="DynamicSuiteRefreshNoSave" computerName="V-NAGAB77931A" duration="00:00:01.8926779" startTime="2018-07-02T20:14:47.0516196-07:00" endTime="2018-07-02T20:14:48.9422628-07:00" testType="13cdc9d9-ddb5-4fa4-a97d-d965ccfc6d4b" outcome="Passed" testListId="8c84fa94-04c1-424b-9868-57a2d4851a1d" relativeResultsDirectory="5bcd11d8-453a-4121-a305-56a36fb31d24"><Output><StdOut>Debug Trace:
00:00.000  Test Start: 7/2/2018 8:14:47 PM (local) / 7/3/2018 3:14:47 AM (UTC)&#xD;
00:00.000  Random Seed for this test: 1965979108&#xD;
00:00.000  Created new TimeoutScope, 'Test: DynamicSuiteRefreshNoSave:196@0', for 00:00:30 on thread 16.&#xD;
00:00.000  Created new TimeoutScope, 'TestFrameworkTestInitialize:197@1', for 00:00:10 on thread 16.&#xD;
00:00.000  TimeoutScope, 'Test: DynamicSuiteRefreshNoSave:196', has been paused after 00:00:00.0000279.&#xD;
00:00.000  TimeoutScope 'TestFrameworkTestInitialize:197' ended after '00:00:00.0000101'.&#xD;
00:00.000  TimeoutScope, 'Test: DynamicSuiteRefreshNoSave:196', has been resumed at 00:00:00.0000285.&#xD;
00:00.000  TagHelper is getting a tag 'Project.PrivateAgileGit' on host 'de108ff5-f4a8-4948-b1ec-3147b31f1465'.&#xD;
00:00.000  TagHelper found cached tag 'Project.PrivateAgileGit' on host 'de108ff5-f4a8-4948-b1ec-3147b31f1465' with value '05e49bc7-ac67-4dc4-b85e-4a41b611b532'.&#xD;
00:00.000  Searching for project '05e49bc7-ac67-4dc4-b85e-4a41b611b532'.&#xD;
00:00.000  Web method running: [http://v-nagab77931a:8080/tfs/46407190-89f3-4e58-9bad-783cbf2637fb_/_apis/projects/05e49bc7-ac67-4dc4-b85e-4a41b611b532?includeHistory=False] (GET)05e49bc7-ac67-4dc4-b85e-4a41b611b532[projects] E2EId: 84353f38-4755-4ee0-b1ae-ff9b6e03ba23&#xD;
00:00.032  Web method response: [http://v-nagab77931a:8080/tfs/46407190-89f3-4e58-9bad-783cbf2637fb_/_apis/projects/05e49bc7-ac67-4dc4-b85e-4a41b611b532?includeHistory=False] (GET)05e49bc7-ac67-4dc4-b85e-4a41b611b532[projects] E2EId: 84353f38-4755-4ee0-b1ae-ff9b6e03ba23, ActivityId: 68e954b2-022d-4bd6-90df-91127d95539f 31 ms&#xD;
00:00.032  Found matching project 'sdentifies people online. Impllowssy!n8d5e05805548ee6' (05e49bc7-ac67-4dc4-b85e-4a41b611b532).&#xD;
00:00.032  Create User called.&#xD;
00:00.032  IdentityHelperClient.CreateUser called with user properties {"$type":"Vssf.TestFramework.Client.Common.CreateUserProperties, Vssf.TestFramework.Client.Common","EntityType":"User","OriginDirectory":null,"HomeDirectory":null,"TenantId":null,"OriginId":"00000000-0000-0000-0000-000000000000","LocalId":"00000000-0000-0000-0000-000000000000","MasterId":"00000000-0000-0000-0000-000000000000","PrincipalName":null,"DisplayName":null,"Profile":null,"License":4,"LocalGroups":[{"$type":"Vssf.TestFramework.Client.Common.GroupReference, Vssf.TestFramework.Client.Common","Identifier":"S-1-9-1551374245-1204400969-2402986413-2179408616-0-0-0-0-1"}],"LocalPermissions":null,"UserType":0,"CreateUserTranslations":null}&#xD;
00:00.032  Created new TimeoutScope, 'CreateUser:198@1', for 00:00:30 on thread 16.&#xD;
00:00.032  TimeoutScope, 'Test: DynamicSuiteRefreshNoSave:196', has been paused after 00:00:00.0326517.&#xD;
00:00.033  IdentityHelperClient.AddMember was called with parameters {"$type":"Vssf.TestFramework.Client.L2.Identity.AddMemberRequest, Vssf.TestFramework.Client.L2","EntityDescriptor":{"$type":"Microsoft.VisualStudio.Services.Directories.DirectoryEntityDescriptor, Microsoft.VisualStudio.Services.WebApi","entityType":"User","originDirectory":null,"localId":null,"originId":null,"invitationMethod":"CreateUser@TeamFoundationServer","createIfNotFound":true},"Profile":null,"License":"Optimal","LocalGroups":["S-1-9-1551374245-1204400969-2402986413-2179408616-0-0-0-0-1"]}&#xD;
00:00.072  Web method running: [http://v-nagab77931a:8080/tfs/46407190-89f3-4e58-9bad-783cbf2637fb_/_apis/Directory/Members?license=Optimal&amp;localGroups=S-1-9-1551374245-1204400969-2402986413-2179408616-0-0-0-0-1&amp;propertiesToReturn=LocalDescriptor] (POST)Members[Directory] E2EId: 17a1462f-c479-41c1-b55f-dcfd719e28ad&#xD;
00:00.170  Web method response: [http://v-nagab77931a:8080/tfs/46407190-89f3-4e58-9bad-783cbf2637fb_/_apis/Directory/Members?license=Optimal&amp;localGroups=S-1-9-1551374245-1204400969-2402986413-2179408616-0-0-0-0-1&amp;propertiesToReturn=LocalDescriptor] (POST)Members[Directory] E2EId: 17a1462f-c479-41c1-b55f-dcfd719e28ad, ActivityId: 68e954b3-022d-4bd6-90df-91127d95539f 98 ms&#xD;
00:00.170  DirectoryHttpClient.AddMemberAsync returned {"$type":"Microsoft.VisualStudio.Services.Directories.DirectoryEntityResult, Microsoft.VisualStudio.Services.WebApi","Entity":{"$type":"Microsoft.VisualStudio.Services.Directories.DirectoryUser, Microsoft.VisualStudio.Services.WebApi","EntityId":"vss.ds.v1.ims.user.1873d84fce974f42987f7bb6408807c7","EntityType":"User","OriginDirectory":"vsd","OriginId":"1873d84f-ce97-4f42-987f-7bb6408807c7","LocalDirectory":"vsd","LocalId":"1873d84f-ce97-4f42-987f-7bb6408807c7","principalName":"fake-vsd-fecd52aa-96c2-48c4-b685-d46db242cb1d","displayName":"fake-vsd-fecd52aa-96c2-48c4-b685-d46db242cb1d","localDescriptor":"System.Security.Principal.WindowsIdentity;S-1-5-21-1389882523-1725124155-1294357522-475830725-1083675738-3401987490-776778417"},"EntityState":"LocalCreate","Status":"Success"}&#xD;
00:00.253  Web method running: [http://v-nagab77931a:8080/tfs/46407190-89f3-4e58-9bad-783cbf2637fb_/_apis/Identities/1873d84f-ce97-4f42-987f-7bb6408807c7?queryMembership=Direct] (GET)1873d84f-ce97-4f42-987f-7bb6408807c7[Identities] E2EId: 7ec4aad7-e6a6-4e3f-8d38-36a3bb085aae&#xD;
00:00.266  Web method response: [http://v-nagab77931a:8080/tfs/46407190-89f3-4e58-9bad-783cbf2637fb_/_apis/Identities/1873d84f-ce97-4f42-987f-7bb6408807c7?queryMembership=Direct] (GET)1873d84f-ce97-4f42-987f-7bb6408807c7[Identities] E2EId: 7ec4aad7-e6a6-4e3f-8d38-36a3bb085aae, ActivityId: 68e954b4-022d-4bd6-90df-91127d95539f 13 ms&#xD;
00:00.267  TimeoutScope 'CreateUser:198' ended after '00:00:00.2341834'.&#xD;
00:00.267  TimeoutScope, 'Test: DynamicSuiteRefreshNoSave:196', has been resumed at 00:00:00.0326528.&#xD;
00:00.267  IdentityHelperClient.CreateUser called service and returned {"$type":"Microsoft.VisualStudio.Services.Identity.Identity, Microsoft.VisualStudio.Services.WebApi","Id":"1873d84f-ce97-4f42-987f-7bb6408807c7","Descriptor":"System.Security.Principal.WindowsIdentity;S-1-5-21-1389882523-1725124155-1294357522-475830725-1083675738-3401987490-776778417","SubjectDescriptor":"win.Uy0xLTUtMjEtMTM4OTg4MjUyMy0xNzI1MTI0MTU1LTEyOTQzNTc1MjItNDc1ODMwNzI1LTEwODM2NzU3MzgtMzQwMTk4NzQ5MC03NzY3Nzg0MTc","ProviderDisplayName":"fake-vsd-fecd52aa-96c2-48c4-b685-d46db242cb1d","IsActive":true,"Members":[],"MemberOf":["Microsoft.TeamFoundation.Identity;S-1-9-1551374245-4119793886-2834581577-2985046343-3005158501-0-0-0-0-1"],"MemberIds":[],"MasterId":"ffffffff-ffff-ffff-ffff-ffffffffffff","Properties":{"$type":"Microsoft.VisualStudio.Services.WebApi.PropertiesCollection, Microsoft.VisualStudio.Services.WebApi","SchemaClassName":{"$type":"System.String","$value":"User"},"Description":{"$type":"System.String","$value":"L2"},"Domain":{"$type":"System.String","$value":"L2"},"Account":{"$type":"System.String","$value":"fake-vsd-fecd52aa-96c2-48c4-b685-d46db242cb1d"},"DN":{"$type":"System.String","$value":""},"Mail":{"$type":"System.String","$value":"fake-vsd-fecd52aa-96c2-48c4-b685-d46db242cb1d@someprovider.com"},"SpecialType":{"$type":"System.String","$value":"Generic"},"ComplianceValidated":{"$type":"System.DateTime","$value":"2018-07-03T00:00:00Z"},"DirectoryAlias":{"$type":"System.String","$value":"fake-vsd-fecd52aa-96c2-48c4-b685-d46db242cb1d"}},"ResourceVersion":2,"MetaTypeId":255}&#xD;
00:00.267  Created User successfully.&#xD;
00:00.267  Client Credentials called.&#xD;
Getting credentials for descriptor 'System.Security.Principal.WindowsIdentity;S-1-5-21-1389882523-1725124155-1294357522-475830725-1083675738-3401987490-776778417' =&gt; Authorization: Bearer eyJ0eXAiOiJKV1QiLCJhbGciOiJOb25lIn0.eyJuYW1laWQiOiJTLTEtNS0yMS0xMzg5ODgyNTIzLTE3MjUxMjQxNTUtMTI5NDM1NzUyMi00NzU4MzA3MjUtMTA4MzY3NTczOC0zNDAxOTg3NDkwLTc3Njc3ODQxNyIsIklkZW50aXR5VHlwZUNsYWltIjoiU3lzdGVtLlNlY3VyaXR5LlByaW5jaXBhbC5XaW5kb3dzSWRlbnRpdHkiLCJpc3MiOiJMMiIsImF1ZCI6IkwyIiwibmJmIjoxNTMwNTg3Njg3LCJleHAiOjI1MzQwMjMwMDgwMH0.&#xD;
00:00.267  Client Credentials received successfully.&#xD;
Getting credentials for descriptor 'System.Security.Principal.WindowsIdentity;S-1-5-21-1389882523-1725124155-1294357522-475830725-1083675738-3401987490-776778417' =&gt; Authorization: Bearer eyJ0eXAiOiJKV1QiLCJhbGciOiJOb25lIn0.eyJuYW1laWQiOiJTLTEtNS0yMS0xMzg5ODgyNTIzLTE3MjUxMjQxNTUtMTI5NDM1NzUyMi00NzU4MzA3MjUtMTA4MzY3NTczOC0zNDAxOTg3NDkwLTc3Njc3ODQxNyIsIklkZW50aXR5VHlwZUNsYWltIjoiU3lzdGVtLlNlY3VyaXR5LlByaW5jaXBhbC5XaW5kb3dzSWRlbnRpdHkiLCJpc3MiOiJMMiIsImF1ZCI6IkwyIiwibmJmIjoxNTMwNTg3Njg3LCJleHAiOjI1MzQwMjMwMDgwMH0.&#xD;
00:00.344  Created new TimeoutScope, 'RefreshWorkItemStoreCache:199@1', for 00:01:00 on thread 16.&#xD;
00:00.344  TimeoutScope, 'Test: DynamicSuiteRefreshNoSave:196', has been paused after 00:00:00.1103871.&#xD;
00:00.464  TimeoutScope 'RefreshWorkItemStoreCache:199' ended after '00:00:00.1194509'.&#xD;
00:00.464  TimeoutScope, 'Test: DynamicSuiteRefreshNoSave:196', has been resumed at 00:00:00.1103881.&#xD;
00:00.914  Performing CommonTestBase Cleanup...&#xD;
00:00.914  TimeoutScope 'Test: DynamicSuiteRefreshNoSave:196' ended after '00:00:00.5602670'.&#xD;
00:01.892  Created new TimeoutScope, 'TestFrameworkTestCleanup:200@0', for 00:00:10 on thread 16.&#xD;
00:01.892  TimeoutScope 'TestFrameworkTestCleanup:200' ended after '00:00:00.0000465'.&#xD;
00:01.892  Test End: 7/2/2018 8:14:48 PM (local) / 7/3/2018 3:14:48 AM (UTC).</StdOut></Output></UnitTestResult><UnitTestResult executionId="c88fa093-1547-40ef-933b-b991fd3691bb" testId="c693bc95-c0a2-3b0b-5ee0-e7b23af2ffff" testName="NameValidationChildWithSameNameAsParent" computerName="V-NAGAB77931A" duration="00:00:03.5976945" startTime="2018-07-02T20:15:47.0145179-07:00" endTime="2018-07-02T20:15:50.6033212-07:00" testType="13cdc9d9-ddb5-4fa4-a97d-d965ccfc6d4b" outcome="Passed" testListId="8c84fa94-04c1-424b-9868-57a2d4851a1d" relativeResultsDirectory="c88fa093-1547-40ef-933b-b991fd3691bb"><Output><StdOut>Debug Trace:
00:00.000  Test Start: 7/2/2018 8:15:47 PM (local) / 7/3/2018 3:15:47 AM (UTC)&#xD;
00:00.000  Random Seed for this test: -1729359205&#xD;
00:00.000  Created new TimeoutScope, 'Test: NameValidationChildWithSameNameAsParent:236@0', for 00:01:00 on thread 16.&#xD;
00:00.000  Created new TimeoutScope, 'TestFrameworkTestInitialize:237@1', for 00:00:10 on thread 16.&#xD;
00:00.000  TimeoutScope, 'Test: NameValidationChildWithSameNameAsParent:236', has been paused after 00:00:00.0000285.&#xD;
00:00.000  TimeoutScope 'TestFrameworkTestInitialize:237' ended after '00:00:00.0000127'.&#xD;
00:00.000  TimeoutScope, 'Test: NameValidationChildWithSameNameAsParent:236', has been resumed at 00:00:00.0000291.&#xD;
00:00.000  TagHelper is getting a tag 'Project.PrivateAgileGit' on host 'de108ff5-f4a8-4948-b1ec-3147b31f1465'.&#xD;
00:00.000  TagHelper found cached tag 'Project.PrivateAgileGit' on host 'de108ff5-f4a8-4948-b1ec-3147b31f1465' with value '05e49bc7-ac67-4dc4-b85e-4a41b611b532'.&#xD;
00:00.000  Searching for project '05e49bc7-ac67-4dc4-b85e-4a41b611b532'.&#xD;
00:00.001  Web method running: [http://v-nagab77931a:8080/tfs/46407190-89f3-4e58-9bad-783cbf2637fb_/_apis/projects/05e49bc7-ac67-4dc4-b85e-4a41b611b532?includeHistory=False] (GET)05e49bc7-ac67-4dc4-b85e-4a41b611b532[projects] E2EId: 718e0731-4c69-4c3a-b0e6-3d6771042e1c&#xD;
00:00.010  Web method response: [http://v-nagab77931a:8080/tfs/46407190-89f3-4e58-9bad-783cbf2637fb_/_apis/projects/05e49bc7-ac67-4dc4-b85e-4a41b611b532?includeHistory=False] (GET)05e49bc7-ac67-4dc4-b85e-4a41b611b532[projects] E2EId: 718e0731-4c69-4c3a-b0e6-3d6771042e1c, ActivityId: 68e957a1-022d-4bd6-90df-91127d95539f 9 ms&#xD;
00:00.010  Found matching project 'sdentifies people online. Impllowssy!n8d5e05805548ee6' (05e49bc7-ac67-4dc4-b85e-4a41b611b532).&#xD;
00:00.010  Create User called.&#xD;
00:00.010  IdentityHelperClient.CreateUser called with user properties {"$type":"Vssf.TestFramework.Client.Common.CreateUserProperties, Vssf.TestFramework.Client.Common","EntityType":"User","OriginDirectory":null,"HomeDirectory":null,"TenantId":null,"OriginId":"00000000-0000-0000-0000-000000000000","LocalId":"00000000-0000-0000-0000-000000000000","MasterId":"00000000-0000-0000-0000-000000000000","PrincipalName":null,"DisplayName":null,"Profile":null,"License":4,"LocalGroups":[{"$type":"Vssf.TestFramework.Client.Common.GroupReference, Vssf.TestFramework.Client.Common","Identifier":"S-1-9-1551374245-1204400969-2402986413-2179408616-0-0-0-0-1"}],"LocalPermissions":null,"UserType":0,"CreateUserTranslations":null}&#xD;
00:00.010  Created new TimeoutScope, 'CreateUser:238@1', for 00:00:30 on thread 16.&#xD;
00:00.010  TimeoutScope, 'Test: NameValidationChildWithSameNameAsParent:236', has been paused after 00:00:00.0102477.&#xD;
00:00.010  IdentityHelperClient.AddMember was called with parameters {"$type":"Vssf.TestFramework.Client.L2.Identity.AddMemberRequest, Vssf.TestFramework.Client.L2","EntityDescriptor":{"$type":"Microsoft.VisualStudio.Services.Directories.DirectoryEntityDescriptor, Microsoft.VisualStudio.Services.WebApi","entityType":"User","originDirectory":null,"localId":null,"originId":null,"invitationMethod":"CreateUser@TeamFoundationServer","createIfNotFound":true},"Profile":null,"License":"Optimal","LocalGroups":["S-1-9-1551374245-1204400969-2402986413-2179408616-0-0-0-0-1"]}&#xD;
00:00.076  Web method running: [http://v-nagab77931a:8080/tfs/46407190-89f3-4e58-9bad-783cbf2637fb_/_apis/Directory/Members?license=Optimal&amp;localGroups=S-1-9-1551374245-1204400969-2402986413-2179408616-0-0-0-0-1&amp;propertiesToReturn=LocalDescriptor] (POST)Members[Directory] E2EId: 1526ae75-9e84-48d9-a216-f4467ac3d8f7&#xD;
00:00.188  Web method response: [http://v-nagab77931a:8080/tfs/46407190-89f3-4e58-9bad-783cbf2637fb_/_apis/Directory/Members?license=Optimal&amp;localGroups=S-1-9-1551374245-1204400969-2402986413-2179408616-0-0-0-0-1&amp;propertiesToReturn=LocalDescriptor] (POST)Members[Directory] E2EId: 1526ae75-9e84-48d9-a216-f4467ac3d8f7, ActivityId: 68e957a2-022d-4bd6-90df-91127d95539f 112 ms&#xD;
00:00.189  DirectoryHttpClient.AddMemberAsync returned {"$type":"Microsoft.VisualStudio.Services.Directories.DirectoryEntityResult, Microsoft.VisualStudio.Services.WebApi","Entity":{"$type":"Microsoft.VisualStudio.Services.Directories.DirectoryUser, Microsoft.VisualStudio.Services.WebApi","EntityId":"vss.ds.v1.ims.user.9fe29b7ae5ee4c218854b3444d4985a8","EntityType":"User","OriginDirectory":"vsd","OriginId":"9fe29b7a-e5ee-4c21-8854-b3444d4985a8","LocalDirectory":"vsd","LocalId":"9fe29b7a-e5ee-4c21-8854-b3444d4985a8","principalName":"fake-vsd-e4c5702a-a108-47ed-ac83-56bf2fd7a3c0","displayName":"fake-vsd-e4c5702a-a108-47ed-ac83-56bf2fd7a3c0","localDescriptor":"System.Security.Principal.WindowsIdentity;S-1-5-21-1389882523-1725124155-1294357522-2012513637-1173082592-2327790245-3520789847"},"EntityState":"LocalCreate","Status":"Success"}&#xD;
00:00.227  Web method running: [http://v-nagab77931a:8080/tfs/46407190-89f3-4e58-9bad-783cbf2637fb_/_apis/Identities/9fe29b7a-e5ee-4c21-8854-b3444d4985a8?queryMembership=Direct] (GET)9fe29b7a-e5ee-4c21-8854-b3444d4985a8[Identities] E2EId: 3c00dfe2-3118-44f6-80b4-d37321e1dd66&#xD;
00:00.239  Web method response: [http://v-nagab77931a:8080/tfs/46407190-89f3-4e58-9bad-783cbf2637fb_/_apis/Identities/9fe29b7a-e5ee-4c21-8854-b3444d4985a8?queryMembership=Direct] (GET)9fe29b7a-e5ee-4c21-8854-b3444d4985a8[Identities] E2EId: 3c00dfe2-3118-44f6-80b4-d37321e1dd66, ActivityId: 68e957a3-022d-4bd6-90df-91127d95539f 12 ms&#xD;
00:00.240  TimeoutScope 'CreateUser:238' ended after '00:00:00.2296768'.&#xD;
00:00.240  TimeoutScope, 'Test: NameValidationChildWithSameNameAsParent:236', has been resumed at 00:00:00.0102494.&#xD;
00:00.240  IdentityHelperClient.CreateUser called service and returned {"$type":"Microsoft.VisualStudio.Services.Identity.Identity, Microsoft.VisualStudio.Services.WebApi","Id":"9fe29b7a-e5ee-4c21-8854-b3444d4985a8","Descriptor":"System.Security.Principal.WindowsIdentity;S-1-5-21-1389882523-1725124155-1294357522-2012513637-1173082592-2327790245-3520789847","SubjectDescriptor":"win.Uy0xLTUtMjEtMTM4OTg4MjUyMy0xNzI1MTI0MTU1LTEyOTQzNTc1MjItMjAxMjUxMzYzNy0xMTczMDgyNTkyLTIzMjc3OTAyNDUtMzUyMDc4OTg0Nw","ProviderDisplayName":"fake-vsd-e4c5702a-a108-47ed-ac83-56bf2fd7a3c0","IsActive":true,"Members":[],"MemberOf":["Microsoft.TeamFoundation.Identity;S-1-9-1551374245-4119793886-2834581577-2985046343-3005158501-0-0-0-0-1"],"MemberIds":[],"MasterId":"ffffffff-ffff-ffff-ffff-ffffffffffff","Properties":{"$type":"Microsoft.VisualStudio.Services.WebApi.PropertiesCollection, Microsoft.VisualStudio.Services.WebApi","SchemaClassName":{"$type":"System.String","$value":"User"},"Description":{"$type":"System.String","$value":"L2"},"Domain":{"$type":"System.String","$value":"L2"},"Account":{"$type":"System.String","$value":"fake-vsd-e4c5702a-a108-47ed-ac83-56bf2fd7a3c0"},"DN":{"$type":"System.String","$value":""},"Mail":{"$type":"System.String","$value":"fake-vsd-e4c5702a-a108-47ed-ac83-56bf2fd7a3c0@someprovider.com"},"SpecialType":{"$type":"System.String","$value":"Generic"},"ComplianceValidated":{"$type":"System.DateTime","$value":"2018-07-03T00:00:00Z"},"DirectoryAlias":{"$type":"System.String","$value":"fake-vsd-e4c5702a-a108-47ed-ac83-56bf2fd7a3c0"}},"ResourceVersion":2,"MetaTypeId":255}&#xD;
00:00.240  Created User successfully.&#xD;
00:00.240  Client Credentials called.&#xD;
Getting credentials for descriptor 'System.Security.Principal.WindowsIdentity;S-1-5-21-1389882523-1725124155-1294357522-2012513637-1173082592-2327790245-3520789847' =&gt; Authorization: Bearer eyJ0eXAiOiJKV1QiLCJhbGciOiJOb25lIn0.eyJuYW1laWQiOiJTLTEtNS0yMS0xMzg5ODgyNTIzLTE3MjUxMjQxNTUtMTI5NDM1NzUyMi0yMDEyNTEzNjM3LTExNzMwODI1OTItMjMyNzc5MDI0NS0zNTIwNzg5ODQ3IiwiSWRlbnRpdHlUeXBlQ2xhaW0iOiJTeXN0ZW0uU2VjdXJpdHkuUHJpbmNpcGFsLldpbmRvd3NJZGVudGl0eSIsImlzcyI6IkwyIiwiYXVkIjoiTDIiLCJuYmYiOjE1MzA1ODc3NDcsImV4cCI6MjUzNDAyMzAwODAwfQ.&#xD;
00:00.240  Client Credentials received successfully.&#xD;
Getting credentials for descriptor 'System.Security.Principal.WindowsIdentity;S-1-5-21-1389882523-1725124155-1294357522-2012513637-1173082592-2327790245-3520789847' =&gt; Authorization: Bearer eyJ0eXAiOiJKV1QiLCJhbGciOiJOb25lIn0.eyJuYW1laWQiOiJTLTEtNS0yMS0xMzg5ODgyNTIzLTE3MjUxMjQxNTUtMTI5NDM1NzUyMi0yMDEyNTEzNjM3LTExNzMwODI1OTItMjMyNzc5MDI0NS0zNTIwNzg5ODQ3IiwiSWRlbnRpdHlUeXBlQ2xhaW0iOiJTeXN0ZW0uU2VjdXJpdHkuUHJpbmNpcGFsLldpbmRvd3NJZGVudGl0eSIsImlzcyI6IkwyIiwiYXVkIjoiTDIiLCJuYmYiOjE1MzA1ODc3NDcsImV4cCI6MjUzNDAyMzAwODAwfQ.&#xD;
00:00.378  Created new TimeoutScope, 'RefreshWorkItemStoreCache:239@1', for 00:01:00 on thread 16.&#xD;
00:00.378  TimeoutScope, 'Test: NameValidationChildWithSameNameAsParent:236', has been paused after 00:00:00.1483830.&#xD;
00:00.510  TimeoutScope 'RefreshWorkItemStoreCache:239' ended after '00:00:00.1323818'.&#xD;
00:00.510  TimeoutScope, 'Test: NameValidationChildWithSameNameAsParent:236', has been resumed at 00:00:00.1483840.&#xD;
00:01.129  Adding Child Suite to Root&#xD;
00:01.409  Added Child Suite to Root and Validated&#xD;
00:01.634  Added Child Suite to s0 and Validated&#xD;
00:01.771  Added Child Suite to s1 and Validated&#xD;
00:01.849  Performing CommonTestBase Cleanup...&#xD;
00:01.849  TimeoutScope 'Test: NameValidationChildWithSameNameAsParent:236' ended after '00:00:01.4874235'.&#xD;
00:03.597  Created new TimeoutScope, 'TestFrameworkTestCleanup:240@0', for 00:00:10 on thread 16.&#xD;
00:03.597  TimeoutScope 'TestFrameworkTestCleanup:240' ended after '00:00:00.0000880'.&#xD;
00:03.597  Test End: 7/2/2018 8:15:50 PM (local) / 7/3/2018 3:15:50 AM (UTC).</StdOut></Output></UnitTestResult><UnitTestResult executionId="1d686b84-6099-461d-acfb-374632781c30" testId="712ffe21-f87e-2a3d-4218-695b0b0bb55a" testName="StaticIndirectCycle" computerName="V-NAGAB77931A" duration="00:00:02.7636468" startTime="2018-07-02T20:14:30.5630401-07:00" endTime="2018-07-02T20:14:33.3287183-07:00" testType="13cdc9d9-ddb5-4fa4-a97d-d965ccfc6d4b" outcome="Passed" testListId="8c84fa94-04c1-424b-9868-57a2d4851a1d" relativeResultsDirectory="1d686b84-6099-461d-acfb-374632781c30"><Output><StdOut>Debug Trace:
00:00.000  Test Start: 7/2/2018 8:14:30 PM (local) / 7/3/2018 3:14:30 AM (UTC)&#xD;
00:00.000  Random Seed for this test: 1801093313&#xD;
00:00.000  Created new TimeoutScope, 'Test: StaticIndirectCycle:166@0', for 00:00:30 on thread 16.&#xD;
00:00.000  Created new TimeoutScope, 'TestFrameworkTestInitialize:167@1', for 00:00:10 on thread 16.&#xD;
00:00.000  TimeoutScope, 'Test: StaticIndirectCycle:166', has been paused after 00:00:00.0000369.&#xD;
00:00.000  TimeoutScope 'TestFrameworkTestInitialize:167' ended after '00:00:00.0000332'.&#xD;
00:00.000  TimeoutScope, 'Test: StaticIndirectCycle:166', has been resumed at 00:00:00.0000375.&#xD;
00:00.000  TagHelper is getting a tag 'Project.PrivateAgileGit' on host 'de108ff5-f4a8-4948-b1ec-3147b31f1465'.&#xD;
00:00.000  TagHelper found cached tag 'Project.PrivateAgileGit' on host 'de108ff5-f4a8-4948-b1ec-3147b31f1465' with value '05e49bc7-ac67-4dc4-b85e-4a41b611b532'.&#xD;
00:00.000  Searching for project '05e49bc7-ac67-4dc4-b85e-4a41b611b532'.&#xD;
00:00.001  Web method running: [http://v-nagab77931a:8080/tfs/46407190-89f3-4e58-9bad-783cbf2637fb_/_apis/projects/05e49bc7-ac67-4dc4-b85e-4a41b611b532?includeHistory=False] (GET)05e49bc7-ac67-4dc4-b85e-4a41b611b532[projects] E2EId: 9e26531a-cd33-434b-b824-3c7f83bf5b67&#xD;
00:00.007  Web method response: [http://v-nagab77931a:8080/tfs/46407190-89f3-4e58-9bad-783cbf2637fb_/_apis/projects/05e49bc7-ac67-4dc4-b85e-4a41b611b532?includeHistory=False] (GET)05e49bc7-ac67-4dc4-b85e-4a41b611b532[projects] E2EId: 9e26531a-cd33-434b-b824-3c7f83bf5b67, ActivityId: 68e95597-022d-4bd6-90df-91127d95539f 6 ms&#xD;
00:00.007  Found matching project 'sdentifies people online. Impllowssy!n8d5e05805548ee6' (05e49bc7-ac67-4dc4-b85e-4a41b611b532).&#xD;
00:00.007  Create User called.&#xD;
00:00.008  IdentityHelperClient.CreateUser called with user properties {"$type":"Vssf.TestFramework.Client.Common.CreateUserProperties, Vssf.TestFramework.Client.Common","EntityType":"User","OriginDirectory":null,"HomeDirectory":null,"TenantId":null,"OriginId":"00000000-0000-0000-0000-000000000000","LocalId":"00000000-0000-0000-0000-000000000000","MasterId":"00000000-0000-0000-0000-000000000000","PrincipalName":null,"DisplayName":null,"Profile":null,"License":4,"LocalGroups":[{"$type":"Vssf.TestFramework.Client.Common.GroupReference, Vssf.TestFramework.Client.Common","Identifier":"S-1-9-1551374245-1204400969-2402986413-2179408616-0-0-0-0-1"}],"LocalPermissions":null,"UserType":0,"CreateUserTranslations":null}&#xD;
00:00.008  Created new TimeoutScope, 'CreateUser:168@1', for 00:00:30 on thread 16.&#xD;
00:00.008  TimeoutScope, 'Test: StaticIndirectCycle:166', has been paused after 00:00:00.0077597.&#xD;
00:00.008  IdentityHelperClient.AddMember was called with parameters {"$type":"Vssf.TestFramework.Client.L2.Identity.AddMemberRequest, Vssf.TestFramework.Client.L2","EntityDescriptor":{"$type":"Microsoft.VisualStudio.Services.Directories.DirectoryEntityDescriptor, Microsoft.VisualStudio.Services.WebApi","entityType":"User","originDirectory":null,"localId":null,"originId":null,"invitationMethod":"CreateUser@TeamFoundationServer","createIfNotFound":true},"Profile":null,"License":"Optimal","LocalGroups":["S-1-9-1551374245-1204400969-2402986413-2179408616-0-0-0-0-1"]}&#xD;
00:00.046  Web method running: [http://v-nagab77931a:8080/tfs/46407190-89f3-4e58-9bad-783cbf2637fb_/_apis/Directory/Members?license=Optimal&amp;localGroups=S-1-9-1551374245-1204400969-2402986413-2179408616-0-0-0-0-1&amp;propertiesToReturn=LocalDescriptor] (POST)Members[Directory] E2EId: 8458edb6-f26c-446a-9ada-4a744a5630cd&#xD;
00:00.165  Web method response: [http://v-nagab77931a:8080/tfs/46407190-89f3-4e58-9bad-783cbf2637fb_/_apis/Directory/Members?license=Optimal&amp;localGroups=S-1-9-1551374245-1204400969-2402986413-2179408616-0-0-0-0-1&amp;propertiesToReturn=LocalDescriptor] (POST)Members[Directory] E2EId: 8458edb6-f26c-446a-9ada-4a744a5630cd, ActivityId: 68e95598-022d-4bd6-90df-91127d95539f 118 ms&#xD;
00:00.165  DirectoryHttpClient.AddMemberAsync returned {"$type":"Microsoft.VisualStudio.Services.Directories.DirectoryEntityResult, Microsoft.VisualStudio.Services.WebApi","Entity":{"$type":"Microsoft.VisualStudio.Services.Directories.DirectoryUser, Microsoft.VisualStudio.Services.WebApi","EntityId":"vss.ds.v1.ims.user.93900213c7da4183913b00e96532efc7","EntityType":"User","OriginDirectory":"vsd","OriginId":"93900213-c7da-4183-913b-00e96532efc7","LocalDirectory":"vsd","LocalId":"93900213-c7da-4183-913b-00e96532efc7","principalName":"fake-vsd-527e3062-5a66-46d3-b722-94acc2125552","displayName":"fake-vsd-527e3062-5a66-46d3-b722-94acc2125552","localDescriptor":"System.Security.Principal.WindowsIdentity;S-1-5-21-1389882523-1725124155-1294357522-1395294277-1185692527-443131302-58412002"},"EntityState":"LocalCreate","Status":"Success"}&#xD;
00:00.244  Web method running: [http://v-nagab77931a:8080/tfs/46407190-89f3-4e58-9bad-783cbf2637fb_/_apis/Identities/93900213-c7da-4183-913b-00e96532efc7?queryMembership=Direct] (GET)93900213-c7da-4183-913b-00e96532efc7[Identities] E2EId: 7abba318-c9f8-4a56-bff5-0afb2d355ad9&#xD;
00:00.257  Web method response: [http://v-nagab77931a:8080/tfs/46407190-89f3-4e58-9bad-783cbf2637fb_/_apis/Identities/93900213-c7da-4183-913b-00e96532efc7?queryMembership=Direct] (GET)93900213-c7da-4183-913b-00e96532efc7[Identities] E2EId: 7abba318-c9f8-4a56-bff5-0afb2d355ad9, ActivityId: 68e95599-022d-4bd6-90df-91127d95539f 13 ms&#xD;
00:00.257  TimeoutScope 'CreateUser:168' ended after '00:00:00.2496165'.&#xD;
00:00.257  TimeoutScope, 'Test: StaticIndirectCycle:166', has been resumed at 00:00:00.0077607.&#xD;
00:00.257  IdentityHelperClient.CreateUser called service and returned {"$type":"Microsoft.VisualStudio.Services.Identity.Identity, Microsoft.VisualStudio.Services.WebApi","Id":"93900213-c7da-4183-913b-00e96532efc7","Descriptor":"System.Security.Principal.WindowsIdentity;S-1-5-21-1389882523-1725124155-1294357522-1395294277-1185692527-443131302-58412002","SubjectDescriptor":"win.Uy0xLTUtMjEtMTM4OTg4MjUyMy0xNzI1MTI0MTU1LTEyOTQzNTc1MjItMTM5NTI5NDI3Ny0xMTg1NjkyNTI3LTQ0MzEzMTMwMi01ODQxMjAwMg","ProviderDisplayName":"fake-vsd-527e3062-5a66-46d3-b722-94acc2125552","IsActive":true,"Members":[],"MemberOf":["Microsoft.TeamFoundation.Identity;S-1-9-1551374245-4119793886-2834581577-2985046343-3005158501-0-0-0-0-1"],"MemberIds":[],"MasterId":"ffffffff-ffff-ffff-ffff-ffffffffffff","Properties":{"$type":"Microsoft.VisualStudio.Services.WebApi.PropertiesCollection, Microsoft.VisualStudio.Services.WebApi","SchemaClassName":{"$type":"System.String","$value":"User"},"Description":{"$type":"System.String","$value":"L2"},"Domain":{"$type":"System.String","$value":"L2"},"Account":{"$type":"System.String","$value":"fake-vsd-527e3062-5a66-46d3-b722-94acc2125552"},"DN":{"$type":"System.String","$value":""},"Mail":{"$type":"System.String","$value":"fake-vsd-527e3062-5a66-46d3-b722-94acc2125552@someprovider.com"},"SpecialType":{"$type":"System.String","$value":"Generic"},"ComplianceValidated":{"$type":"System.DateTime","$value":"2018-07-03T00:00:00Z"},"DirectoryAlias":{"$type":"System.String","$value":"fake-vsd-527e3062-5a66-46d3-b722-94acc2125552"}},"ResourceVersion":2,"MetaTypeId":255}&#xD;
00:00.257  Created User successfully.&#xD;
00:00.257  Client Credentials called.&#xD;
Getting credentials for descriptor 'System.Security.Principal.WindowsIdentity;S-1-5-21-1389882523-1725124155-1294357522-1395294277-1185692527-443131302-58412002' =&gt; Authorization: Bearer eyJ0eXAiOiJKV1QiLCJhbGciOiJOb25lIn0.eyJuYW1laWQiOiJTLTEtNS0yMS0xMzg5ODgyNTIzLTE3MjUxMjQxNTUtMTI5NDM1NzUyMi0xMzk1Mjk0Mjc3LTExODU2OTI1MjctNDQzMTMxMzAyLTU4NDEyMDAyIiwiSWRlbnRpdHlUeXBlQ2xhaW0iOiJTeXN0ZW0uU2VjdXJpdHkuUHJpbmNpcGFsLldpbmRvd3NJZGVudGl0eSIsImlzcyI6IkwyIiwiYXVkIjoiTDIiLCJuYmYiOjE1MzA1ODc2NzEsImV4cCI6MjUzNDAyMzAwODAwfQ.&#xD;
00:00.257  Client Credentials received successfully.&#xD;
Getting credentials for descriptor 'System.Security.Principal.WindowsIdentity;S-1-5-21-1389882523-1725124155-1294357522-1395294277-1185692527-443131302-58412002' =&gt; Authorization: Bearer eyJ0eXAiOiJKV1QiLCJhbGciOiJOb25lIn0.eyJuYW1laWQiOiJTLTEtNS0yMS0xMzg5ODgyNTIzLTE3MjUxMjQxNTUtMTI5NDM1NzUyMi0xMzk1Mjk0Mjc3LTExODU2OTI1MjctNDQzMTMxMzAyLTU4NDEyMDAyIiwiSWRlbnRpdHlUeXBlQ2xhaW0iOiJTeXN0ZW0uU2VjdXJpdHkuUHJpbmNpcGFsLldpbmRvd3NJZGVudGl0eSIsImlzcyI6IkwyIiwiYXVkIjoiTDIiLCJuYmYiOjE1MzA1ODc2NzEsImV4cCI6MjUzNDAyMzAwODAwfQ.&#xD;
00:00.469  Created new TimeoutScope, 'RefreshWorkItemStoreCache:169@1', for 00:01:00 on thread 16.&#xD;
00:00.469  TimeoutScope, 'Test: StaticIndirectCycle:166', has been paused after 00:00:00.2198435.&#xD;
00:00.605  TimeoutScope 'RefreshWorkItemStoreCache:169' ended after '00:00:00.1357929'.&#xD;
00:00.605  TimeoutScope, 'Test: StaticIndirectCycle:166', has been resumed at 00:00:00.2198445.&#xD;
00:01.637  Performing CommonTestBase Cleanup...&#xD;
00:01.637  TimeoutScope 'Test: StaticIndirectCycle:166' ended after '00:00:01.2512377'.&#xD;
00:02.763  Created new TimeoutScope, 'TestFrameworkTestCleanup:170@0', for 00:00:10 on thread 16.&#xD;
00:02.763  TimeoutScope 'TestFrameworkTestCleanup:170' ended after '00:00:00.0000458'.&#xD;
00:02.763  Test End: 7/2/2018 8:14:33 PM (local) / 7/3/2018 3:14:33 AM (UTC).</StdOut></Output></UnitTestResult><UnitTestResult executionId="481addda-1419-485c-962f-8e921d04bb7a" testId="c6073141-e400-55f3-54e3-63fd9e23a57e" testName="VerifyTestCaseCount" computerName="V-NAGAB77931A" duration="00:00:02.8137243" startTime="2018-07-02T20:12:55.2042919-07:00" endTime="2018-07-02T20:12:58.0167944-07:00" testType="13cdc9d9-ddb5-4fa4-a97d-d965ccfc6d4b" outcome="Passed" testListId="8c84fa94-04c1-424b-9868-57a2d4851a1d" relativeResultsDirectory="481addda-1419-485c-962f-8e921d04bb7a"><Output><StdOut>Debug Trace:
00:00.000  Test Start: 7/2/2018 8:12:55 PM (local) / 7/3/2018 3:12:55 AM (UTC)&#xD;
00:00.000  Random Seed for this test: 847505831&#xD;
00:00.000  Created new TimeoutScope, 'Test: VerifyTestCaseCount:31@0', for 00:00:30 on thread 16.&#xD;
00:00.000  Created new TimeoutScope, 'TestFrameworkTestInitialize:32@1', for 00:00:10 on thread 16.&#xD;
00:00.000  TimeoutScope, 'Test: VerifyTestCaseCount:31', has been paused after 00:00:00.0000306.&#xD;
00:00.000  TimeoutScope 'TestFrameworkTestInitialize:32' ended after '00:00:00.0000112'.&#xD;
00:00.000  TimeoutScope, 'Test: VerifyTestCaseCount:31', has been resumed at 00:00:00.0000313.&#xD;
00:00.000  TagHelper is getting a tag 'Project.PrivateAgileGit' on host 'de108ff5-f4a8-4948-b1ec-3147b31f1465'.&#xD;
00:00.000  TagHelper found cached tag 'Project.PrivateAgileGit' on host 'de108ff5-f4a8-4948-b1ec-3147b31f1465' with value '05e49bc7-ac67-4dc4-b85e-4a41b611b532'.&#xD;
00:00.000  Searching for project '05e49bc7-ac67-4dc4-b85e-4a41b611b532'.&#xD;
00:00.001  Web method running: [http://v-nagab77931a:8080/tfs/46407190-89f3-4e58-9bad-783cbf2637fb_/_apis/projects/05e49bc7-ac67-4dc4-b85e-4a41b611b532?includeHistory=False] (GET)05e49bc7-ac67-4dc4-b85e-4a41b611b532[projects] E2EId: 8322987c-5ec0-4ea6-89ff-b0d49e375595&#xD;
00:00.009  Web method response: [http://v-nagab77931a:8080/tfs/46407190-89f3-4e58-9bad-783cbf2637fb_/_apis/projects/05e49bc7-ac67-4dc4-b85e-4a41b611b532?includeHistory=False] (GET)05e49bc7-ac67-4dc4-b85e-4a41b611b532[projects] E2EId: 8322987c-5ec0-4ea6-89ff-b0d49e375595, ActivityId: 68e951a4-022d-4bd6-90df-91127d95539f 8 ms&#xD;
00:00.009  Found matching project 'sdentifies people online. Impllowssy!n8d5e05805548ee6' (05e49bc7-ac67-4dc4-b85e-4a41b611b532).&#xD;
00:00.009  Create User called.&#xD;
00:00.010  IdentityHelperClient.CreateUser called with user properties {"$type":"Vssf.TestFramework.Client.Common.CreateUserProperties, Vssf.TestFramework.Client.Common","EntityType":"User","OriginDirectory":null,"HomeDirectory":null,"TenantId":null,"OriginId":"00000000-0000-0000-0000-000000000000","LocalId":"00000000-0000-0000-0000-000000000000","MasterId":"00000000-0000-0000-0000-000000000000","PrincipalName":null,"DisplayName":null,"Profile":null,"License":4,"LocalGroups":[{"$type":"Vssf.TestFramework.Client.Common.GroupReference, Vssf.TestFramework.Client.Common","Identifier":"S-1-9-1551374245-1204400969-2402986413-2179408616-0-0-0-0-1"}],"LocalPermissions":null,"UserType":0,"CreateUserTranslations":null}&#xD;
00:00.010  Created new TimeoutScope, 'CreateUser:33@1', for 00:00:30 on thread 16.&#xD;
00:00.010  TimeoutScope, 'Test: VerifyTestCaseCount:31', has been paused after 00:00:00.0097015.&#xD;
00:00.010  IdentityHelperClient.AddMember was called with parameters {"$type":"Vssf.TestFramework.Client.L2.Identity.AddMemberRequest, Vssf.TestFramework.Client.L2","EntityDescriptor":{"$type":"Microsoft.VisualStudio.Services.Directories.DirectoryEntityDescriptor, Microsoft.VisualStudio.Services.WebApi","entityType":"User","originDirectory":null,"localId":null,"originId":null,"invitationMethod":"CreateUser@TeamFoundationServer","createIfNotFound":true},"Profile":null,"License":"Optimal","LocalGroups":["S-1-9-1551374245-1204400969-2402986413-2179408616-0-0-0-0-1"]}&#xD;
00:00.078  Web method running: [http://v-nagab77931a:8080/tfs/46407190-89f3-4e58-9bad-783cbf2637fb_/_apis/Directory/Members?license=Optimal&amp;localGroups=S-1-9-1551374245-1204400969-2402986413-2179408616-0-0-0-0-1&amp;propertiesToReturn=LocalDescriptor] (POST)Members[Directory] E2EId: c310fd9d-f555-4c62-acdf-57df5d110a67&#xD;
00:00.186  Web method response: [http://v-nagab77931a:8080/tfs/46407190-89f3-4e58-9bad-783cbf2637fb_/_apis/Directory/Members?license=Optimal&amp;localGroups=S-1-9-1551374245-1204400969-2402986413-2179408616-0-0-0-0-1&amp;propertiesToReturn=LocalDescriptor] (POST)Members[Directory] E2EId: c310fd9d-f555-4c62-acdf-57df5d110a67, ActivityId: 68e951a5-022d-4bd6-90df-91127d95539f 107 ms&#xD;
00:00.187  DirectoryHttpClient.AddMemberAsync returned {"$type":"Microsoft.VisualStudio.Services.Directories.DirectoryEntityResult, Microsoft.VisualStudio.Services.WebApi","Entity":{"$type":"Microsoft.VisualStudio.Services.Directories.DirectoryUser, Microsoft.VisualStudio.Services.WebApi","EntityId":"vss.ds.v1.ims.user.35cd8e56858447cf8a89f1a3094863c8","EntityType":"User","OriginDirectory":"vsd","OriginId":"35cd8e56-8584-47cf-8a89-f1a3094863c8","LocalDirectory":"vsd","LocalId":"35cd8e56-8584-47cf-8a89-f1a3094863c8","principalName":"fake-vsd-eca1ae20-0d6d-4db4-923c-98b135ba7a98","displayName":"fake-vsd-eca1ae20-0d6d-4db4-923c-98b135ba7a98","localDescriptor":"System.Security.Principal.WindowsIdentity;S-1-5-21-1389882523-1725124155-1294357522-926692123-1342057506-1777149113-1729175390"},"EntityState":"LocalCreate","Status":"Success"}&#xD;
00:00.220  Web method running: [http://v-nagab77931a:8080/tfs/46407190-89f3-4e58-9bad-783cbf2637fb_/_apis/Identities/35cd8e56-8584-47cf-8a89-f1a3094863c8?queryMembership=Direct] (GET)35cd8e56-8584-47cf-8a89-f1a3094863c8[Identities] E2EId: de1caee1-f89d-4a57-ae5d-a6adfdd1bc72&#xD;
00:00.233  Web method response: [http://v-nagab77931a:8080/tfs/46407190-89f3-4e58-9bad-783cbf2637fb_/_apis/Identities/35cd8e56-8584-47cf-8a89-f1a3094863c8?queryMembership=Direct] (GET)35cd8e56-8584-47cf-8a89-f1a3094863c8[Identities] E2EId: de1caee1-f89d-4a57-ae5d-a6adfdd1bc72, ActivityId: 68e951a6-022d-4bd6-90df-91127d95539f 12 ms&#xD;
00:00.233  TimeoutScope 'CreateUser:33' ended after '00:00:00.2234192'.&#xD;
00:00.233  TimeoutScope, 'Test: VerifyTestCaseCount:31', has been resumed at 00:00:00.0097024.&#xD;
00:00.233  IdentityHelperClient.CreateUser called service and returned {"$type":"Microsoft.VisualStudio.Services.Identity.Identity, Microsoft.VisualStudio.Services.WebApi","Id":"35cd8e56-8584-47cf-8a89-f1a3094863c8","Descriptor":"System.Security.Principal.WindowsIdentity;S-1-5-21-1389882523-1725124155-1294357522-926692123-1342057506-1777149113-1729175390","SubjectDescriptor":"win.Uy0xLTUtMjEtMTM4OTg4MjUyMy0xNzI1MTI0MTU1LTEyOTQzNTc1MjItOTI2NjkyMTIzLTEzNDIwNTc1MDYtMTc3NzE0OTExMy0xNzI5MTc1Mzkw","ProviderDisplayName":"fake-vsd-eca1ae20-0d6d-4db4-923c-98b135ba7a98","IsActive":true,"Members":[],"MemberOf":["Microsoft.TeamFoundation.Identity;S-1-9-1551374245-4119793886-2834581577-2985046343-3005158501-0-0-0-0-1"],"MemberIds":[],"MasterId":"ffffffff-ffff-ffff-ffff-ffffffffffff","Properties":{"$type":"Microsoft.VisualStudio.Services.WebApi.PropertiesCollection, Microsoft.VisualStudio.Services.WebApi","SchemaClassName":{"$type":"System.String","$value":"User"},"Description":{"$type":"System.String","$value":"L2"},"Domain":{"$type":"System.String","$value":"L2"},"Account":{"$type":"System.String","$value":"fake-vsd-eca1ae20-0d6d-4db4-923c-98b135ba7a98"},"DN":{"$type":"System.String","$value":""},"Mail":{"$type":"System.String","$value":"fake-vsd-eca1ae20-0d6d-4db4-923c-98b135ba7a98@someprovider.com"},"SpecialType":{"$type":"System.String","$value":"Generic"},"ComplianceValidated":{"$type":"System.DateTime","$value":"2018-07-03T00:00:00Z"},"DirectoryAlias":{"$type":"System.String","$value":"fake-vsd-eca1ae20-0d6d-4db4-923c-98b135ba7a98"}},"ResourceVersion":2,"MetaTypeId":255}&#xD;
00:00.233  Created User successfully.&#xD;
00:00.233  Client Credentials called.&#xD;
Getting credentials for descriptor 'System.Security.Principal.WindowsIdentity;S-1-5-21-1389882523-1725124155-1294357522-926692123-1342057506-1777149113-1729175390' =&gt; Authorization: Bearer eyJ0eXAiOiJKV1QiLCJhbGciOiJOb25lIn0.eyJuYW1laWQiOiJTLTEtNS0yMS0xMzg5ODgyNTIzLTE3MjUxMjQxNTUtMTI5NDM1NzUyMi05MjY2OTIxMjMtMTM0MjA1NzUwNi0xNzc3MTQ5MTEzLTE3MjkxNzUzOTAiLCJJZGVudGl0eVR5cGVDbGFpbSI6IlN5c3RlbS5TZWN1cml0eS5QcmluY2lwYWwuV2luZG93c0lkZW50aXR5IiwiaXNzIjoiTDIiLCJhdWQiOiJMMiIsIm5iZiI6MTUzMDU4NzU3NSwiZXhwIjoyNTM0MDIzMDA4MDB9.&#xD;
00:00.233  Client Credentials received successfully.&#xD;
Getting credentials for descriptor 'System.Security.Principal.WindowsIdentity;S-1-5-21-1389882523-1725124155-1294357522-926692123-1342057506-1777149113-1729175390' =&gt; Authorization: Bearer eyJ0eXAiOiJKV1QiLCJhbGciOiJOb25lIn0.eyJuYW1laWQiOiJTLTEtNS0yMS0xMzg5ODgyNTIzLTE3MjUxMjQxNTUtMTI5NDM1NzUyMi05MjY2OTIxMjMtMTM0MjA1NzUwNi0xNzc3MTQ5MTEzLTE3MjkxNzUzOTAiLCJJZGVudGl0eVR5cGVDbGFpbSI6IlN5c3RlbS5TZWN1cml0eS5QcmluY2lwYWwuV2luZG93c0lkZW50aXR5IiwiaXNzIjoiTDIiLCJhdWQiOiJMMiIsIm5iZiI6MTUzMDU4NzU3NSwiZXhwIjoyNTM0MDIzMDA4MDB9.&#xD;
00:00.308  Created new TimeoutScope, 'RefreshWorkItemStoreCache:34@1', for 00:01:00 on thread 16.&#xD;
00:00.308  TimeoutScope, 'Test: VerifyTestCaseCount:31', has been paused after 00:00:00.0847779.&#xD;
00:00.411  TimeoutScope 'RefreshWorkItemStoreCache:34' ended after '00:00:00.1029039'.&#xD;
00:00.411  TimeoutScope, 'Test: VerifyTestCaseCount:31', has been resumed at 00:00:00.0847786.&#xD;
00:02.069  Performing CommonTestBase Cleanup...&#xD;
00:02.069  TimeoutScope 'Test: VerifyTestCaseCount:31' ended after '00:00:01.7423515'.&#xD;
00:02.813  Created new TimeoutScope, 'TestFrameworkTestCleanup:35@0', for 00:00:10 on thread 16.&#xD;
00:02.813  TimeoutScope 'TestFrameworkTestCleanup:35' ended after '00:00:00.0000529'.&#xD;
00:02.813  Test End: 7/2/2018 8:12:58 PM (local) / 7/3/2018 3:12:58 AM (UTC).</StdOut></Output></UnitTestResult><UnitTestResult executionId="ebd4ac4b-3b1b-4bac-91c6-285af0520308" testId="2a01c8f3-4843-5951-1384-4068422e386c" testName="DynamicSuiteGetQueryNull" computerName="V-NAGAB77931A" duration="00:00:02.2732107" startTime="2018-07-02T20:13:41.6617371-07:00" endTime="2018-07-02T20:13:43.9273392-07:00" testType="13cdc9d9-ddb5-4fa4-a97d-d965ccfc6d4b" outcome="Passed" testListId="8c84fa94-04c1-424b-9868-57a2d4851a1d" relativeResultsDirectory="ebd4ac4b-3b1b-4bac-91c6-285af0520308"><Output><StdOut>Debug Trace:
00:00.000  Test Start: 7/2/2018 8:13:41 PM (local) / 7/3/2018 3:13:41 AM (UTC)&#xD;
00:00.000  Random Seed for this test: 1312080283&#xD;
00:00.000  Created new TimeoutScope, 'Test: DynamicSuiteGetQueryNull:101@0', for 00:00:30 on thread 16.&#xD;
00:00.000  Created new TimeoutScope, 'TestFrameworkTestInitialize:102@1', for 00:00:10 on thread 16.&#xD;
00:00.000  TimeoutScope, 'Test: DynamicSuiteGetQueryNull:101', has been paused after 00:00:00.0000363.&#xD;
00:00.000  TimeoutScope 'TestFrameworkTestInitialize:102' ended after '00:00:00.0000121'.&#xD;
00:00.000  TimeoutScope, 'Test: DynamicSuiteGetQueryNull:101', has been resumed at 00:00:00.0000369.&#xD;
00:00.431  TagHelper is getting a tag 'Project.PrivateAgileGit' on host 'de108ff5-f4a8-4948-b1ec-3147b31f1465'.&#xD;
00:00.432  TagHelper found cached tag 'Project.PrivateAgileGit' on host 'de108ff5-f4a8-4948-b1ec-3147b31f1465' with value '05e49bc7-ac67-4dc4-b85e-4a41b611b532'.&#xD;
00:00.432  Searching for project '05e49bc7-ac67-4dc4-b85e-4a41b611b532'.&#xD;
00:00.432  Web method running: [http://v-nagab77931a:8080/tfs/46407190-89f3-4e58-9bad-783cbf2637fb_/_apis/projects/05e49bc7-ac67-4dc4-b85e-4a41b611b532?includeHistory=False] (GET)05e49bc7-ac67-4dc4-b85e-4a41b611b532[projects] E2EId: 6af0d123-9c05-4028-a2c2-dfc26d9c4f07&#xD;
00:00.439  Web method response: [http://v-nagab77931a:8080/tfs/46407190-89f3-4e58-9bad-783cbf2637fb_/_apis/projects/05e49bc7-ac67-4dc4-b85e-4a41b611b532?includeHistory=False] (GET)05e49bc7-ac67-4dc4-b85e-4a41b611b532[projects] E2EId: 6af0d123-9c05-4028-a2c2-dfc26d9c4f07, ActivityId: 68e953ae-022d-4bd6-90df-91127d95539f 7 ms&#xD;
00:00.439  Found matching project 'sdentifies people online. Impllowssy!n8d5e05805548ee6' (05e49bc7-ac67-4dc4-b85e-4a41b611b532).&#xD;
00:00.439  Create User called.&#xD;
00:00.440  IdentityHelperClient.CreateUser called with user properties {"$type":"Vssf.TestFramework.Client.Common.CreateUserProperties, Vssf.TestFramework.Client.Common","EntityType":"User","OriginDirectory":null,"HomeDirectory":null,"TenantId":null,"OriginId":"00000000-0000-0000-0000-000000000000","LocalId":"00000000-0000-0000-0000-000000000000","MasterId":"00000000-0000-0000-0000-000000000000","PrincipalName":null,"DisplayName":null,"Profile":null,"License":4,"LocalGroups":[{"$type":"Vssf.TestFramework.Client.Common.GroupReference, Vssf.TestFramework.Client.Common","Identifier":"S-1-9-1551374245-1204400969-2402986413-2179408616-0-0-0-0-1"}],"LocalPermissions":null,"UserType":0,"CreateUserTranslations":null}&#xD;
00:00.440  Created new TimeoutScope, 'CreateUser:103@1', for 00:00:30 on thread 16.&#xD;
00:00.440  TimeoutScope, 'Test: DynamicSuiteGetQueryNull:101', has been paused after 00:00:00.4397124.&#xD;
00:00.440  IdentityHelperClient.AddMember was called with parameters {"$type":"Vssf.TestFramework.Client.L2.Identity.AddMemberRequest, Vssf.TestFramework.Client.L2","EntityDescriptor":{"$type":"Microsoft.VisualStudio.Services.Directories.DirectoryEntityDescriptor, Microsoft.VisualStudio.Services.WebApi","entityType":"User","originDirectory":null,"localId":null,"originId":null,"invitationMethod":"CreateUser@TeamFoundationServer","createIfNotFound":true},"Profile":null,"License":"Optimal","LocalGroups":["S-1-9-1551374245-1204400969-2402986413-2179408616-0-0-0-0-1"]}&#xD;
00:00.516  Web method running: [http://v-nagab77931a:8080/tfs/46407190-89f3-4e58-9bad-783cbf2637fb_/_apis/Directory/Members?license=Optimal&amp;localGroups=S-1-9-1551374245-1204400969-2402986413-2179408616-0-0-0-0-1&amp;propertiesToReturn=LocalDescriptor] (POST)Members[Directory] E2EId: 9626ac08-de61-4699-82b6-b52090a57334&#xD;
00:00.633  Web method response: [http://v-nagab77931a:8080/tfs/46407190-89f3-4e58-9bad-783cbf2637fb_/_apis/Directory/Members?license=Optimal&amp;localGroups=S-1-9-1551374245-1204400969-2402986413-2179408616-0-0-0-0-1&amp;propertiesToReturn=LocalDescriptor] (POST)Members[Directory] E2EId: 9626ac08-de61-4699-82b6-b52090a57334, ActivityId: 68e953af-022d-4bd6-90df-91127d95539f 117 ms&#xD;
00:00.634  DirectoryHttpClient.AddMemberAsync returned {"$type":"Microsoft.VisualStudio.Services.Directories.DirectoryEntityResult, Microsoft.VisualStudio.Services.WebApi","Entity":{"$type":"Microsoft.VisualStudio.Services.Directories.DirectoryUser, Microsoft.VisualStudio.Services.WebApi","EntityId":"vss.ds.v1.ims.user.d0105ba36cd24e47b1a6d1da72e43efa","EntityType":"User","OriginDirectory":"vsd","OriginId":"d0105ba3-6cd2-4e47-b1a6-d1da72e43efa","LocalDirectory":"vsd","LocalId":"d0105ba3-6cd2-4e47-b1a6-d1da72e43efa","principalName":"fake-vsd-567b6eb2-6050-4085-88dc-df6d73e96f88","displayName":"fake-vsd-567b6eb2-6050-4085-88dc-df6d73e96f88","localDescriptor":"System.Security.Principal.WindowsIdentity;S-1-5-21-1389882523-1725124155-1294357522-191430644-1216790926-2300517022-1302616748"},"EntityState":"LocalCreate","Status":"Success"}&#xD;
00:00.674  Web method running: [http://v-nagab77931a:8080/tfs/46407190-89f3-4e58-9bad-783cbf2637fb_/_apis/Identities/d0105ba3-6cd2-4e47-b1a6-d1da72e43efa?queryMembership=Direct] (GET)d0105ba3-6cd2-4e47-b1a6-d1da72e43efa[Identities] E2EId: adc4d6cf-36f7-427e-b0a6-d7d299cb7562&#xD;
00:00.690  Web method response: [http://v-nagab77931a:8080/tfs/46407190-89f3-4e58-9bad-783cbf2637fb_/_apis/Identities/d0105ba3-6cd2-4e47-b1a6-d1da72e43efa?queryMembership=Direct] (GET)d0105ba3-6cd2-4e47-b1a6-d1da72e43efa[Identities] E2EId: adc4d6cf-36f7-427e-b0a6-d7d299cb7562, ActivityId: 68e95390-022d-4bd6-90df-91127d95539f 16 ms&#xD;
00:00.691  TimeoutScope 'CreateUser:103' ended after '00:00:00.2512833'.&#xD;
00:00.691  TimeoutScope, 'Test: DynamicSuiteGetQueryNull:101', has been resumed at 00:00:00.4397134.&#xD;
00:00.691  IdentityHelperClient.CreateUser called service and returned {"$type":"Microsoft.VisualStudio.Services.Identity.Identity, Microsoft.VisualStudio.Services.WebApi","Id":"d0105ba3-6cd2-4e47-b1a6-d1da72e43efa","Descriptor":"System.Security.Principal.WindowsIdentity;S-1-5-21-1389882523-1725124155-1294357522-191430644-1216790926-2300517022-1302616748","SubjectDescriptor":"win.Uy0xLTUtMjEtMTM4OTg4MjUyMy0xNzI1MTI0MTU1LTEyOTQzNTc1MjItMTkxNDMwNjQ0LTEyMTY3OTA5MjYtMjMwMDUxNzAyMi0xMzAyNjE2NzQ4","ProviderDisplayName":"fake-vsd-567b6eb2-6050-4085-88dc-df6d73e96f88","IsActive":true,"Members":[],"MemberOf":["Microsoft.TeamFoundation.Identity;S-1-9-1551374245-4119793886-2834581577-2985046343-3005158501-0-0-0-0-1"],"MemberIds":[],"MasterId":"ffffffff-ffff-ffff-ffff-ffffffffffff","Properties":{"$type":"Microsoft.VisualStudio.Services.WebApi.PropertiesCollection, Microsoft.VisualStudio.Services.WebApi","SchemaClassName":{"$type":"System.String","$value":"User"},"Description":{"$type":"System.String","$value":"L2"},"Domain":{"$type":"System.String","$value":"L2"},"Account":{"$type":"System.String","$value":"fake-vsd-567b6eb2-6050-4085-88dc-df6d73e96f88"},"DN":{"$type":"System.String","$value":""},"Mail":{"$type":"System.String","$value":"fake-vsd-567b6eb2-6050-4085-88dc-df6d73e96f88@someprovider.com"},"SpecialType":{"$type":"System.String","$value":"Generic"},"ComplianceValidated":{"$type":"System.DateTime","$value":"2018-07-03T00:00:00Z"},"DirectoryAlias":{"$type":"System.String","$value":"fake-vsd-567b6eb2-6050-4085-88dc-df6d73e96f88"}},"ResourceVersion":2,"MetaTypeId":255}&#xD;
00:00.691  Created User successfully.&#xD;
00:00.691  Client Credentials called.&#xD;
Getting credentials for descriptor 'System.Security.Principal.WindowsIdentity;S-1-5-21-1389882523-1725124155-1294357522-191430644-1216790926-2300517022-1302616748' =&gt; Authorization: Bearer eyJ0eXAiOiJKV1QiLCJhbGciOiJOb25lIn0.eyJuYW1laWQiOiJTLTEtNS0yMS0xMzg5ODgyNTIzLTE3MjUxMjQxNTUtMTI5NDM1NzUyMi0xOTE0MzA2NDQtMTIxNjc5MDkyNi0yMzAwNTE3MDIyLTEzMDI2MTY3NDgiLCJJZGVudGl0eVR5cGVDbGFpbSI6IlN5c3RlbS5TZWN1cml0eS5QcmluY2lwYWwuV2luZG93c0lkZW50aXR5IiwiaXNzIjoiTDIiLCJhdWQiOiJMMiIsIm5iZiI6MTUzMDU4NzYyMiwiZXhwIjoyNTM0MDIzMDA4MDB9.&#xD;
00:00.691  Client Credentials received successfully.&#xD;
Getting credentials for descriptor 'System.Security.Principal.WindowsIdentity;S-1-5-21-1389882523-1725124155-1294357522-191430644-1216790926-2300517022-1302616748' =&gt; Authorization: Bearer eyJ0eXAiOiJKV1QiLCJhbGciOiJOb25lIn0.eyJuYW1laWQiOiJTLTEtNS0yMS0xMzg5ODgyNTIzLTE3MjUxMjQxNTUtMTI5NDM1NzUyMi0xOTE0MzA2NDQtMTIxNjc5MDkyNi0yMzAwNTE3MDIyLTEzMDI2MTY3NDgiLCJJZGVudGl0eVR5cGVDbGFpbSI6IlN5c3RlbS5TZWN1cml0eS5QcmluY2lwYWwuV2luZG93c0lkZW50aXR5IiwiaXNzIjoiTDIiLCJhdWQiOiJMMiIsIm5iZiI6MTUzMDU4NzYyMiwiZXhwIjoyNTM0MDIzMDA4MDB9.&#xD;
00:00.774  Created new TimeoutScope, 'RefreshWorkItemStoreCache:104@1', for 00:01:00 on thread 16.&#xD;
00:00.774  TimeoutScope, 'Test: DynamicSuiteGetQueryNull:101', has been paused after 00:00:00.5228953.&#xD;
00:00.885  TimeoutScope 'RefreshWorkItemStoreCache:104' ended after '00:00:00.1111250'.&#xD;
00:00.885  TimeoutScope, 'Test: DynamicSuiteGetQueryNull:101', has been resumed at 00:00:00.5228963.&#xD;
00:01.318  Performing CommonTestBase Cleanup...&#xD;
00:01.318  TimeoutScope 'Test: DynamicSuiteGetQueryNull:101' ended after '00:00:00.9556542'.&#xD;
00:02.272  Created new TimeoutScope, 'TestFrameworkTestCleanup:105@0', for 00:00:10 on thread 16.&#xD;
00:02.273  TimeoutScope 'TestFrameworkTestCleanup:105' ended after '00:00:00.0000458'.&#xD;
00:02.273  Test End: 7/2/2018 8:13:43 PM (local) / 7/3/2018 3:13:43 AM (UTC).</StdOut></Output></UnitTestResult><UnitTestResult executionId="2de0ca8a-9ccc-451d-ae84-bfdd4482964a" testId="6652ef43-b5d8-d5a9-5004-766156737c9e" testName="StaticSuiteRefreshNoSave" computerName="V-NAGAB77931A" duration="00:00:01.6802633" startTime="2018-07-02T20:14:48.9422628-07:00" endTime="2018-07-02T20:14:50.6297408-07:00" testType="13cdc9d9-ddb5-4fa4-a97d-d965ccfc6d4b" outcome="Passed" testListId="8c84fa94-04c1-424b-9868-57a2d4851a1d" relativeResultsDirectory="2de0ca8a-9ccc-451d-ae84-bfdd4482964a"><Output><StdOut>Debug Trace:
00:00.000  Test Start: 7/2/2018 8:14:48 PM (local) / 7/3/2018 3:14:48 AM (UTC)&#xD;
00:00.000  Random Seed for this test: 1984885540&#xD;
00:00.000  Created new TimeoutScope, 'Test: StaticSuiteRefreshNoSave:201@0', for 00:00:30 on thread 16.&#xD;
00:00.000  Created new TimeoutScope, 'TestFrameworkTestInitialize:202@1', for 00:00:10 on thread 16.&#xD;
00:00.000  TimeoutScope, 'Test: StaticSuiteRefreshNoSave:201', has been paused after 00:00:00.0000296.&#xD;
00:00.000  TimeoutScope 'TestFrameworkTestInitialize:202' ended after '00:00:00.0000106'.&#xD;
00:00.000  TimeoutScope, 'Test: StaticSuiteRefreshNoSave:201', has been resumed at 00:00:00.0000302.&#xD;
00:00.000  TagHelper is getting a tag 'Project.PrivateAgileGit' on host 'de108ff5-f4a8-4948-b1ec-3147b31f1465'.&#xD;
00:00.000  TagHelper found cached tag 'Project.PrivateAgileGit' on host 'de108ff5-f4a8-4948-b1ec-3147b31f1465' with value '05e49bc7-ac67-4dc4-b85e-4a41b611b532'.&#xD;
00:00.000  Searching for project '05e49bc7-ac67-4dc4-b85e-4a41b611b532'.&#xD;
00:00.000  Web method running: [http://v-nagab77931a:8080/tfs/46407190-89f3-4e58-9bad-783cbf2637fb_/_apis/projects/05e49bc7-ac67-4dc4-b85e-4a41b611b532?includeHistory=False] (GET)05e49bc7-ac67-4dc4-b85e-4a41b611b532[projects] E2EId: 84779e3d-a6f0-4cf9-a46e-f178698dd9a7&#xD;
00:00.008  Web method response: [http://v-nagab77931a:8080/tfs/46407190-89f3-4e58-9bad-783cbf2637fb_/_apis/projects/05e49bc7-ac67-4dc4-b85e-4a41b611b532?includeHistory=False] (GET)05e49bc7-ac67-4dc4-b85e-4a41b611b532[projects] E2EId: 84779e3d-a6f0-4cf9-a46e-f178698dd9a7, ActivityId: 68e954a8-022d-4bd6-90df-91127d95539f 7 ms&#xD;
00:00.008  Found matching project 'sdentifies people online. Impllowssy!n8d5e05805548ee6' (05e49bc7-ac67-4dc4-b85e-4a41b611b532).&#xD;
00:00.008  Create User called.&#xD;
00:00.008  IdentityHelperClient.CreateUser called with user properties {"$type":"Vssf.TestFramework.Client.Common.CreateUserProperties, Vssf.TestFramework.Client.Common","EntityType":"User","OriginDirectory":null,"HomeDirectory":null,"TenantId":null,"OriginId":"00000000-0000-0000-0000-000000000000","LocalId":"00000000-0000-0000-0000-000000000000","MasterId":"00000000-0000-0000-0000-000000000000","PrincipalName":null,"DisplayName":null,"Profile":null,"License":4,"LocalGroups":[{"$type":"Vssf.TestFramework.Client.Common.GroupReference, Vssf.TestFramework.Client.Common","Identifier":"S-1-9-1551374245-1204400969-2402986413-2179408616-0-0-0-0-1"}],"LocalPermissions":null,"UserType":0,"CreateUserTranslations":null}&#xD;
00:00.008  Created new TimeoutScope, 'CreateUser:203@1', for 00:00:30 on thread 16.&#xD;
00:00.008  TimeoutScope, 'Test: StaticSuiteRefreshNoSave:201', has been paused after 00:00:00.0083582.&#xD;
00:00.008  IdentityHelperClient.AddMember was called with parameters {"$type":"Vssf.TestFramework.Client.L2.Identity.AddMemberRequest, Vssf.TestFramework.Client.L2","EntityDescriptor":{"$type":"Microsoft.VisualStudio.Services.Directories.DirectoryEntityDescriptor, Microsoft.VisualStudio.Services.WebApi","entityType":"User","originDirectory":null,"localId":null,"originId":null,"invitationMethod":"CreateUser@TeamFoundationServer","createIfNotFound":true},"Profile":null,"License":"Optimal","LocalGroups":["S-1-9-1551374245-1204400969-2402986413-2179408616-0-0-0-0-1"]}&#xD;
00:00.045  Web method running: [http://v-nagab77931a:8080/tfs/46407190-89f3-4e58-9bad-783cbf2637fb_/_apis/Directory/Members?license=Optimal&amp;localGroups=S-1-9-1551374245-1204400969-2402986413-2179408616-0-0-0-0-1&amp;propertiesToReturn=LocalDescriptor] (POST)Members[Directory] E2EId: 5c6d5fcf-dbe4-4182-8db1-691ab8490583&#xD;
00:00.152  Web method response: [http://v-nagab77931a:8080/tfs/46407190-89f3-4e58-9bad-783cbf2637fb_/_apis/Directory/Members?license=Optimal&amp;localGroups=S-1-9-1551374245-1204400969-2402986413-2179408616-0-0-0-0-1&amp;propertiesToReturn=LocalDescriptor] (POST)Members[Directory] E2EId: 5c6d5fcf-dbe4-4182-8db1-691ab8490583, ActivityId: 68e954a9-022d-4bd6-90df-91127d95539f 106 ms&#xD;
00:00.152  DirectoryHttpClient.AddMemberAsync returned {"$type":"Microsoft.VisualStudio.Services.Directories.DirectoryEntityResult, Microsoft.VisualStudio.Services.WebApi","Entity":{"$type":"Microsoft.VisualStudio.Services.Directories.DirectoryUser, Microsoft.VisualStudio.Services.WebApi","EntityId":"vss.ds.v1.ims.user.ece9593271e348ed96cfa789dd166132","EntityType":"User","OriginDirectory":"vsd","OriginId":"ece95932-71e3-48ed-96cf-a789dd166132","LocalDirectory":"vsd","LocalId":"ece95932-71e3-48ed-96cf-a789dd166132","principalName":"fake-vsd-94c66dbe-940d-4256-baa4-ec318bf50cbc","displayName":"fake-vsd-94c66dbe-940d-4256-baa4-ec318bf50cbc","localDescriptor":"System.Security.Principal.WindowsIdentity;S-1-5-21-1389882523-1725124155-1294357522-2496759422-1315365632-1067375257-208723762"},"EntityState":"LocalCreate","Status":"Success"}&#xD;
00:00.234  Web method running: [http://v-nagab77931a:8080/tfs/46407190-89f3-4e58-9bad-783cbf2637fb_/_apis/Identities/ece95932-71e3-48ed-96cf-a789dd166132?queryMembership=Direct] (GET)ece95932-71e3-48ed-96cf-a789dd166132[Identities] E2EId: 02dea279-879d-4f62-94f8-97dce7741ec3&#xD;
00:00.248  Web method response: [http://v-nagab77931a:8080/tfs/46407190-89f3-4e58-9bad-783cbf2637fb_/_apis/Identities/ece95932-71e3-48ed-96cf-a789dd166132?queryMembership=Direct] (GET)ece95932-71e3-48ed-96cf-a789dd166132[Identities] E2EId: 02dea279-879d-4f62-94f8-97dce7741ec3, ActivityId: 68e954aa-022d-4bd6-90df-91127d95539f 13 ms&#xD;
00:00.248  TimeoutScope 'CreateUser:203' ended after '00:00:00.2401747'.&#xD;
00:00.248  TimeoutScope, 'Test: StaticSuiteRefreshNoSave:201', has been resumed at 00:00:00.0083592.&#xD;
00:00.249  IdentityHelperClient.CreateUser called service and returned {"$type":"Microsoft.VisualStudio.Services.Identity.Identity, Microsoft.VisualStudio.Services.WebApi","Id":"ece95932-71e3-48ed-96cf-a789dd166132","Descriptor":"System.Security.Principal.WindowsIdentity;S-1-5-21-1389882523-1725124155-1294357522-2496759422-1315365632-1067375257-208723762","SubjectDescriptor":"win.Uy0xLTUtMjEtMTM4OTg4MjUyMy0xNzI1MTI0MTU1LTEyOTQzNTc1MjItMjQ5Njc1OTQyMi0xMzE1MzY1NjMyLTEwNjczNzUyNTctMjA4NzIzNzYy","ProviderDisplayName":"fake-vsd-94c66dbe-940d-4256-baa4-ec318bf50cbc","IsActive":true,"Members":[],"MemberOf":["Microsoft.TeamFoundation.Identity;S-1-9-1551374245-4119793886-2834581577-2985046343-3005158501-0-0-0-0-1"],"MemberIds":[],"MasterId":"ffffffff-ffff-ffff-ffff-ffffffffffff","Properties":{"$type":"Microsoft.VisualStudio.Services.WebApi.PropertiesCollection, Microsoft.VisualStudio.Services.WebApi","SchemaClassName":{"$type":"System.String","$value":"User"},"Description":{"$type":"System.String","$value":"L2"},"Domain":{"$type":"System.String","$value":"L2"},"Account":{"$type":"System.String","$value":"fake-vsd-94c66dbe-940d-4256-baa4-ec318bf50cbc"},"DN":{"$type":"System.String","$value":""},"Mail":{"$type":"System.String","$value":"fake-vsd-94c66dbe-940d-4256-baa4-ec318bf50cbc@someprovider.com"},"SpecialType":{"$type":"System.String","$value":"Generic"},"ComplianceValidated":{"$type":"System.DateTime","$value":"2018-07-03T00:00:00Z"},"DirectoryAlias":{"$type":"System.String","$value":"fake-vsd-94c66dbe-940d-4256-baa4-ec318bf50cbc"}},"ResourceVersion":2,"MetaTypeId":255}&#xD;
00:00.249  Created User successfully.&#xD;
00:00.249  Client Credentials called.&#xD;
Getting credentials for descriptor 'System.Security.Principal.WindowsIdentity;S-1-5-21-1389882523-1725124155-1294357522-2496759422-1315365632-1067375257-208723762' =&gt; Authorization: Bearer eyJ0eXAiOiJKV1QiLCJhbGciOiJOb25lIn0.eyJuYW1laWQiOiJTLTEtNS0yMS0xMzg5ODgyNTIzLTE3MjUxMjQxNTUtMTI5NDM1NzUyMi0yNDk2NzU5NDIyLTEzMTUzNjU2MzItMTA2NzM3NTI1Ny0yMDg3MjM3NjIiLCJJZGVudGl0eVR5cGVDbGFpbSI6IlN5c3RlbS5TZWN1cml0eS5QcmluY2lwYWwuV2luZG93c0lkZW50aXR5IiwiaXNzIjoiTDIiLCJhdWQiOiJMMiIsIm5iZiI6MTUzMDU4NzY4OSwiZXhwIjoyNTM0MDIzMDA4MDB9.&#xD;
00:00.249  Client Credentials received successfully.&#xD;
Getting credentials for descriptor 'System.Security.Principal.WindowsIdentity;S-1-5-21-1389882523-1725124155-1294357522-2496759422-1315365632-1067375257-208723762' =&gt; Authorization: Bearer eyJ0eXAiOiJKV1QiLCJhbGciOiJOb25lIn0.eyJuYW1laWQiOiJTLTEtNS0yMS0xMzg5ODgyNTIzLTE3MjUxMjQxNTUtMTI5NDM1NzUyMi0yNDk2NzU5NDIyLTEzMTUzNjU2MzItMTA2NzM3NTI1Ny0yMDg3MjM3NjIiLCJJZGVudGl0eVR5cGVDbGFpbSI6IlN5c3RlbS5TZWN1cml0eS5QcmluY2lwYWwuV2luZG93c0lkZW50aXR5IiwiaXNzIjoiTDIiLCJhdWQiOiJMMiIsIm5iZiI6MTUzMDU4NzY4OSwiZXhwIjoyNTM0MDIzMDA4MDB9.&#xD;
00:00.332  Created new TimeoutScope, 'RefreshWorkItemStoreCache:204@1', for 00:01:00 on thread 16.&#xD;
00:00.333  TimeoutScope, 'Test: StaticSuiteRefreshNoSave:201', has been paused after 00:00:00.0924656.&#xD;
00:00.453  TimeoutScope 'RefreshWorkItemStoreCache:204' ended after '00:00:00.1207775'.&#xD;
00:00.453  TimeoutScope, 'Test: StaticSuiteRefreshNoSave:201', has been resumed at 00:00:00.0924667.&#xD;
00:00.902  Performing CommonTestBase Cleanup...&#xD;
00:00.902  TimeoutScope 'Test: StaticSuiteRefreshNoSave:201' ended after '00:00:00.5413233'.&#xD;
00:01.680  Created new TimeoutScope, 'TestFrameworkTestCleanup:205@0', for 00:00:10 on thread 16.&#xD;
00:01.680  TimeoutScope 'TestFrameworkTestCleanup:205' ended after '00:00:00.0000432'.&#xD;
00:01.680  Test End: 7/2/2018 8:14:50 PM (local) / 7/3/2018 3:14:50 AM (UTC).</StdOut></Output></UnitTestResult><UnitTestResult executionId="b78148c2-b3a3-44e3-85a3-576961ef9a9d" testId="a98a83ad-d1bc-58c3-9916-66b297e900d4" testName="VerifyAuditOnDummyUpdateofSuiteWorkItem" computerName="V-NAGAB77931A" duration="00:00:02.9194566" startTime="2018-07-02T20:12:58.0167944-07:00" endTime="2018-07-02T20:13:00.9386708-07:00" testType="13cdc9d9-ddb5-4fa4-a97d-d965ccfc6d4b" outcome="Passed" testListId="8c84fa94-04c1-424b-9868-57a2d4851a1d" relativeResultsDirectory="b78148c2-b3a3-44e3-85a3-576961ef9a9d"><Output><StdOut>Debug Trace:
00:00.000  Test Start: 7/2/2018 8:12:58 PM (local) / 7/3/2018 3:12:58 AM (UTC)&#xD;
00:00.000  Random Seed for this test: 875630856&#xD;
00:00.000  Created new TimeoutScope, 'Test: VerifyAuditOnDummyUpdateofSuiteWorkItem:36@0', for 00:00:30 on thread 16.&#xD;
00:00.000  Created new TimeoutScope, 'TestFrameworkTestInitialize:37@1', for 00:00:10 on thread 16.&#xD;
00:00.000  TimeoutScope, 'Test: VerifyAuditOnDummyUpdateofSuiteWorkItem:36', has been paused after 00:00:00.0000279.&#xD;
00:00.000  TimeoutScope 'TestFrameworkTestInitialize:37' ended after '00:00:00.0000105'.&#xD;
00:00.000  TimeoutScope, 'Test: VerifyAuditOnDummyUpdateofSuiteWorkItem:36', has been resumed at 00:00:00.0000285.&#xD;
00:00.000  TagHelper is getting a tag 'Project.PrivateAgileGit' on host 'de108ff5-f4a8-4948-b1ec-3147b31f1465'.&#xD;
00:00.000  TagHelper found cached tag 'Project.PrivateAgileGit' on host 'de108ff5-f4a8-4948-b1ec-3147b31f1465' with value '05e49bc7-ac67-4dc4-b85e-4a41b611b532'.&#xD;
00:00.000  Searching for project '05e49bc7-ac67-4dc4-b85e-4a41b611b532'.&#xD;
00:00.000  Web method running: [http://v-nagab77931a:8080/tfs/46407190-89f3-4e58-9bad-783cbf2637fb_/_apis/projects/05e49bc7-ac67-4dc4-b85e-4a41b611b532?includeHistory=False] (GET)05e49bc7-ac67-4dc4-b85e-4a41b611b532[projects] E2EId: 736ffc31-90be-4a6c-943c-8b5b5b3f7868&#xD;
00:00.008  Web method response: [http://v-nagab77931a:8080/tfs/46407190-89f3-4e58-9bad-783cbf2637fb_/_apis/projects/05e49bc7-ac67-4dc4-b85e-4a41b611b532?includeHistory=False] (GET)05e49bc7-ac67-4dc4-b85e-4a41b611b532[projects] E2EId: 736ffc31-90be-4a6c-943c-8b5b5b3f7868, ActivityId: 68e95072-022d-4bd6-90df-91127d95539f 7 ms&#xD;
00:00.008  Found matching project 'sdentifies people online. Impllowssy!n8d5e05805548ee6' (05e49bc7-ac67-4dc4-b85e-4a41b611b532).&#xD;
00:00.008  Create User called.&#xD;
00:00.008  IdentityHelperClient.CreateUser called with user properties {"$type":"Vssf.TestFramework.Client.Common.CreateUserProperties, Vssf.TestFramework.Client.Common","EntityType":"User","OriginDirectory":null,"HomeDirectory":null,"TenantId":null,"OriginId":"00000000-0000-0000-0000-000000000000","LocalId":"00000000-0000-0000-0000-000000000000","MasterId":"00000000-0000-0000-0000-000000000000","PrincipalName":null,"DisplayName":null,"Profile":null,"License":4,"LocalGroups":[{"$type":"Vssf.TestFramework.Client.Common.GroupReference, Vssf.TestFramework.Client.Common","Identifier":"S-1-9-1551374245-1204400969-2402986413-2179408616-0-0-0-0-1"}],"LocalPermissions":null,"UserType":0,"CreateUserTranslations":null}&#xD;
00:00.008  Created new TimeoutScope, 'CreateUser:38@1', for 00:00:30 on thread 16.&#xD;
00:00.008  TimeoutScope, 'Test: VerifyAuditOnDummyUpdateofSuiteWorkItem:36', has been paused after 00:00:00.0082701.&#xD;
00:00.008  IdentityHelperClient.AddMember was called with parameters {"$type":"Vssf.TestFramework.Client.L2.Identity.AddMemberRequest, Vssf.TestFramework.Client.L2","EntityDescriptor":{"$type":"Microsoft.VisualStudio.Services.Directories.DirectoryEntityDescriptor, Microsoft.VisualStudio.Services.WebApi","entityType":"User","originDirectory":null,"localId":null,"originId":null,"invitationMethod":"CreateUser@TeamFoundationServer","createIfNotFound":true},"Profile":null,"License":"Optimal","LocalGroups":["S-1-9-1551374245-1204400969-2402986413-2179408616-0-0-0-0-1"]}&#xD;
00:00.053  Web method running: [http://v-nagab77931a:8080/tfs/46407190-89f3-4e58-9bad-783cbf2637fb_/_apis/Directory/Members?license=Optimal&amp;localGroups=S-1-9-1551374245-1204400969-2402986413-2179408616-0-0-0-0-1&amp;propertiesToReturn=LocalDescriptor] (POST)Members[Directory] E2EId: 76207bc0-cd45-466e-b59a-d2edf6003c81&#xD;
00:00.184  Web method response: [http://v-nagab77931a:8080/tfs/46407190-89f3-4e58-9bad-783cbf2637fb_/_apis/Directory/Members?license=Optimal&amp;localGroups=S-1-9-1551374245-1204400969-2402986413-2179408616-0-0-0-0-1&amp;propertiesToReturn=LocalDescriptor] (POST)Members[Directory] E2EId: 76207bc0-cd45-466e-b59a-d2edf6003c81, ActivityId: 68e95073-022d-4bd6-90df-91127d95539f 130 ms&#xD;
00:00.184  DirectoryHttpClient.AddMemberAsync returned {"$type":"Microsoft.VisualStudio.Services.Directories.DirectoryEntityResult, Microsoft.VisualStudio.Services.WebApi","Entity":{"$type":"Microsoft.VisualStudio.Services.Directories.DirectoryUser, Microsoft.VisualStudio.Services.WebApi","EntityId":"vss.ds.v1.ims.user.d04e1aeae38d4b12a672de8d9a46c08a","EntityType":"User","OriginDirectory":"vsd","OriginId":"d04e1aea-e38d-4b12-a672-de8d9a46c08a","LocalDirectory":"vsd","LocalId":"d04e1aea-e38d-4b12-a672-de8d9a46c08a","principalName":"fake-vsd-f4356f76-3b30-41d8-b169-955b35a22121","displayName":"fake-vsd-f4356f76-3b30-41d8-b169-955b35a22121","localDescriptor":"System.Security.Principal.WindowsIdentity;S-1-5-21-1389882523-1725124155-1294357522-4062152555-1134478742-2444042390-149187315"},"EntityState":"LocalCreate","Status":"Success"}&#xD;
00:00.222  Web method running: [http://v-nagab77931a:8080/tfs/46407190-89f3-4e58-9bad-783cbf2637fb_/_apis/Identities/d04e1aea-e38d-4b12-a672-de8d9a46c08a?queryMembership=Direct] (GET)d04e1aea-e38d-4b12-a672-de8d9a46c08a[Identities] E2EId: 53625815-cee6-4fea-852e-685aa207a278&#xD;
00:00.236  Web method response: [http://v-nagab77931a:8080/tfs/46407190-89f3-4e58-9bad-783cbf2637fb_/_apis/Identities/d04e1aea-e38d-4b12-a672-de8d9a46c08a?queryMembership=Direct] (GET)d04e1aea-e38d-4b12-a672-de8d9a46c08a[Identities] E2EId: 53625815-cee6-4fea-852e-685aa207a278, ActivityId: 68e95074-022d-4bd6-90df-91127d95539f 13 ms&#xD;
00:00.237  TimeoutScope 'CreateUser:38' ended after '00:00:00.2285078'.&#xD;
00:00.237  TimeoutScope, 'Test: VerifyAuditOnDummyUpdateofSuiteWorkItem:36', has been resumed at 00:00:00.0082714.&#xD;
00:00.237  IdentityHelperClient.CreateUser called service and returned {"$type":"Microsoft.VisualStudio.Services.Identity.Identity, Microsoft.VisualStudio.Services.WebApi","Id":"d04e1aea-e38d-4b12-a672-de8d9a46c08a","Descriptor":"System.Security.Principal.WindowsIdentity;S-1-5-21-1389882523-1725124155-1294357522-4062152555-1134478742-2444042390-149187315","SubjectDescriptor":"win.Uy0xLTUtMjEtMTM4OTg4MjUyMy0xNzI1MTI0MTU1LTEyOTQzNTc1MjItNDA2MjE1MjU1NS0xMTM0NDc4NzQyLTI0NDQwNDIzOTAtMTQ5MTg3MzE1","ProviderDisplayName":"fake-vsd-f4356f76-3b30-41d8-b169-955b35a22121","IsActive":true,"Members":[],"MemberOf":["Microsoft.TeamFoundation.Identity;S-1-9-1551374245-4119793886-2834581577-2985046343-3005158501-0-0-0-0-1"],"MemberIds":[],"MasterId":"ffffffff-ffff-ffff-ffff-ffffffffffff","Properties":{"$type":"Microsoft.VisualStudio.Services.WebApi.PropertiesCollection, Microsoft.VisualStudio.Services.WebApi","SchemaClassName":{"$type":"System.String","$value":"User"},"Description":{"$type":"System.String","$value":"L2"},"Domain":{"$type":"System.String","$value":"L2"},"Account":{"$type":"System.String","$value":"fake-vsd-f4356f76-3b30-41d8-b169-955b35a22121"},"DN":{"$type":"System.String","$value":""},"Mail":{"$type":"System.String","$value":"fake-vsd-f4356f76-3b30-41d8-b169-955b35a22121@someprovider.com"},"SpecialType":{"$type":"System.String","$value":"Generic"},"ComplianceValidated":{"$type":"System.DateTime","$value":"2018-07-03T00:00:00Z"},"DirectoryAlias":{"$type":"System.String","$value":"fake-vsd-f4356f76-3b30-41d8-b169-955b35a22121"}},"ResourceVersion":2,"MetaTypeId":255}&#xD;
00:00.237  Created User successfully.&#xD;
00:00.237  Client Credentials called.&#xD;
Getting credentials for descriptor 'System.Security.Principal.WindowsIdentity;S-1-5-21-1389882523-1725124155-1294357522-4062152555-1134478742-2444042390-149187315' =&gt; Authorization: Bearer eyJ0eXAiOiJKV1QiLCJhbGciOiJOb25lIn0.eyJuYW1laWQiOiJTLTEtNS0yMS0xMzg5ODgyNTIzLTE3MjUxMjQxNTUtMTI5NDM1NzUyMi00MDYyMTUyNTU1LTExMzQ0Nzg3NDItMjQ0NDA0MjM5MC0xNDkxODczMTUiLCJJZGVudGl0eVR5cGVDbGFpbSI6IlN5c3RlbS5TZWN1cml0eS5QcmluY2lwYWwuV2luZG93c0lkZW50aXR5IiwiaXNzIjoiTDIiLCJhdWQiOiJMMiIsIm5iZiI6MTUzMDU4NzU3OCwiZXhwIjoyNTM0MDIzMDA4MDB9.&#xD;
00:00.237  Client Credentials received successfully.&#xD;
Getting credentials for descriptor 'System.Security.Principal.WindowsIdentity;S-1-5-21-1389882523-1725124155-1294357522-4062152555-1134478742-2444042390-149187315' =&gt; Authorization: Bearer eyJ0eXAiOiJKV1QiLCJhbGciOiJOb25lIn0.eyJuYW1laWQiOiJTLTEtNS0yMS0xMzg5ODgyNTIzLTE3MjUxMjQxNTUtMTI5NDM1NzUyMi00MDYyMTUyNTU1LTExMzQ0Nzg3NDItMjQ0NDA0MjM5MC0xNDkxODczMTUiLCJJZGVudGl0eVR5cGVDbGFpbSI6IlN5c3RlbS5TZWN1cml0eS5QcmluY2lwYWwuV2luZG93c0lkZW50aXR5IiwiaXNzIjoiTDIiLCJhdWQiOiJMMiIsIm5iZiI6MTUzMDU4NzU3OCwiZXhwIjoyNTM0MDIzMDA4MDB9.&#xD;
00:00.318  Created new TimeoutScope, 'RefreshWorkItemStoreCache:39@1', for 00:01:00 on thread 16.&#xD;
00:00.318  TimeoutScope, 'Test: VerifyAuditOnDummyUpdateofSuiteWorkItem:36', has been paused after 00:00:00.0898879.&#xD;
00:00.427  TimeoutScope 'RefreshWorkItemStoreCache:39' ended after '00:00:00.1090786'.&#xD;
00:00.427  TimeoutScope, 'Test: VerifyAuditOnDummyUpdateofSuiteWorkItem:36', has been resumed at 00:00:00.0898888.&#xD;
00:01.994  Performing CommonTestBase Cleanup...&#xD;
00:01.994  TimeoutScope 'Test: VerifyAuditOnDummyUpdateofSuiteWorkItem:36' ended after '00:00:01.6563789'.&#xD;
00:02.919  Created new TimeoutScope, 'TestFrameworkTestCleanup:40@0', for 00:00:10 on thread 16.&#xD;
00:02.919  TimeoutScope 'TestFrameworkTestCleanup:40' ended after '00:00:00.0000586'.&#xD;
00:02.919  Test End: 7/2/2018 8:13:00 PM (local) / 7/3/2018 3:13:00 AM (UTC).</StdOut></Output></UnitTestResult><UnitTestResult executionId="3e006521-26e1-40a8-80be-c61ca23352c1" testId="bae31334-fcd9-f8db-ff1c-5f03ba937678" testName="TestSuiteEntryEqualsTest" computerName="V-NAGAB77931A" duration="00:00:04.4509498" startTime="2018-07-02T20:15:57.1739094-07:00" endTime="2018-07-02T20:16:01.6169762-07:00" testType="13cdc9d9-ddb5-4fa4-a97d-d965ccfc6d4b" outcome="Passed" testListId="8c84fa94-04c1-424b-9868-57a2d4851a1d" relativeResultsDirectory="3e006521-26e1-40a8-80be-c61ca23352c1"><Output><StdOut>Debug Trace:
00:00.000  Test Start: 7/2/2018 8:15:57 PM (local) / 7/3/2018 3:15:57 AM (UTC)&#xD;
00:00.000  Random Seed for this test: -1627765290&#xD;
00:00.000  Created new TimeoutScope, 'Test: TestSuiteEntryEqualsTest:246@0', for 00:00:30 on thread 16.&#xD;
00:00.000  Created new TimeoutScope, 'TestFrameworkTestInitialize:247@1', for 00:00:10 on thread 16.&#xD;
00:00.000  TimeoutScope, 'Test: TestSuiteEntryEqualsTest:246', has been paused after 00:00:00.0000294.&#xD;
00:00.000  TimeoutScope 'TestFrameworkTestInitialize:247' ended after '00:00:00.0000110'.&#xD;
00:00.000  TimeoutScope, 'Test: TestSuiteEntryEqualsTest:246', has been resumed at 00:00:00.0000300.&#xD;
00:00.000  TagHelper is getting a tag 'Project.PrivateAgileGit' on host 'de108ff5-f4a8-4948-b1ec-3147b31f1465'.&#xD;
00:00.000  TagHelper found cached tag 'Project.PrivateAgileGit' on host 'de108ff5-f4a8-4948-b1ec-3147b31f1465' with value '05e49bc7-ac67-4dc4-b85e-4a41b611b532'.&#xD;
00:00.000  Searching for project '05e49bc7-ac67-4dc4-b85e-4a41b611b532'.&#xD;
00:00.001  Web method running: [http://v-nagab77931a:8080/tfs/46407190-89f3-4e58-9bad-783cbf2637fb_/_apis/projects/05e49bc7-ac67-4dc4-b85e-4a41b611b532?includeHistory=False] (GET)05e49bc7-ac67-4dc4-b85e-4a41b611b532[projects] E2EId: 47e827a6-2f77-4aca-ac39-4d331e22e2b5&#xD;
00:00.008  Web method response: [http://v-nagab77931a:8080/tfs/46407190-89f3-4e58-9bad-783cbf2637fb_/_apis/projects/05e49bc7-ac67-4dc4-b85e-4a41b611b532?includeHistory=False] (GET)05e49bc7-ac67-4dc4-b85e-4a41b611b532[projects] E2EId: 47e827a6-2f77-4aca-ac39-4d331e22e2b5, ActivityId: 68e95652-022d-4bd6-90df-91127d95539f 7 ms&#xD;
00:00.008  Found matching project 'sdentifies people online. Impllowssy!n8d5e05805548ee6' (05e49bc7-ac67-4dc4-b85e-4a41b611b532).&#xD;
00:00.008  Create User called.&#xD;
00:00.008  IdentityHelperClient.CreateUser called with user properties {"$type":"Vssf.TestFramework.Client.Common.CreateUserProperties, Vssf.TestFramework.Client.Common","EntityType":"User","OriginDirectory":null,"HomeDirectory":null,"TenantId":null,"OriginId":"00000000-0000-0000-0000-000000000000","LocalId":"00000000-0000-0000-0000-000000000000","MasterId":"00000000-0000-0000-0000-000000000000","PrincipalName":null,"DisplayName":null,"Profile":null,"License":4,"LocalGroups":[{"$type":"Vssf.TestFramework.Client.Common.GroupReference, Vssf.TestFramework.Client.Common","Identifier":"S-1-9-1551374245-1204400969-2402986413-2179408616-0-0-0-0-1"}],"LocalPermissions":null,"UserType":0,"CreateUserTranslations":null}&#xD;
00:00.009  Created new TimeoutScope, 'CreateUser:248@1', for 00:00:30 on thread 16.&#xD;
00:00.009  TimeoutScope, 'Test: TestSuiteEntryEqualsTest:246', has been paused after 00:00:00.0086895.&#xD;
00:00.009  IdentityHelperClient.AddMember was called with parameters {"$type":"Vssf.TestFramework.Client.L2.Identity.AddMemberRequest, Vssf.TestFramework.Client.L2","EntityDescriptor":{"$type":"Microsoft.VisualStudio.Services.Directories.DirectoryEntityDescriptor, Microsoft.VisualStudio.Services.WebApi","entityType":"User","originDirectory":null,"localId":null,"originId":null,"invitationMethod":"CreateUser@TeamFoundationServer","createIfNotFound":true},"Profile":null,"License":"Optimal","LocalGroups":["S-1-9-1551374245-1204400969-2402986413-2179408616-0-0-0-0-1"]}&#xD;
00:00.051  Web method running: [http://v-nagab77931a:8080/tfs/46407190-89f3-4e58-9bad-783cbf2637fb_/_apis/Directory/Members?license=Optimal&amp;localGroups=S-1-9-1551374245-1204400969-2402986413-2179408616-0-0-0-0-1&amp;propertiesToReturn=LocalDescriptor] (POST)Members[Directory] E2EId: a1606191-bc82-4c07-b629-68f214ac9647&#xD;
00:00.378  Web method response: [http://v-nagab77931a:8080/tfs/46407190-89f3-4e58-9bad-783cbf2637fb_/_apis/Directory/Members?license=Optimal&amp;localGroups=S-1-9-1551374245-1204400969-2402986413-2179408616-0-0-0-0-1&amp;propertiesToReturn=LocalDescriptor] (POST)Members[Directory] E2EId: a1606191-bc82-4c07-b629-68f214ac9647, ActivityId: 68e95653-022d-4bd6-90df-91127d95539f 327 ms&#xD;
00:00.379  DirectoryHttpClient.AddMemberAsync returned {"$type":"Microsoft.VisualStudio.Services.Directories.DirectoryEntityResult, Microsoft.VisualStudio.Services.WebApi","Entity":{"$type":"Microsoft.VisualStudio.Services.Directories.DirectoryUser, Microsoft.VisualStudio.Services.WebApi","EntityId":"vss.ds.v1.ims.user.14794bcf7d1040278e5b77ace5509da7","EntityType":"User","OriginDirectory":"vsd","OriginId":"14794bcf-7d10-4027-8e5b-77ace5509da7","LocalDirectory":"vsd","LocalId":"14794bcf-7d10-4027-8e5b-77ace5509da7","principalName":"fake-vsd-e3891b23-6cb8-45d2-84f4-70e937f0a3a3","displayName":"fake-vsd-e3891b23-6cb8-45d2-84f4-70e937f0a3a3","localDescriptor":"System.Security.Principal.WindowsIdentity;S-1-5-21-1389882523-1725124155-1294357522-2889944186-1131186576-1125415858-38080224"},"EntityState":"LocalCreate","Status":"Success"}&#xD;
00:00.418  Web method running: [http://v-nagab77931a:8080/tfs/46407190-89f3-4e58-9bad-783cbf2637fb_/_apis/Identities/14794bcf-7d10-4027-8e5b-77ace5509da7?queryMembership=Direct] (GET)14794bcf-7d10-4027-8e5b-77ace5509da7[Identities] E2EId: 1aec2e7e-5289-435d-a11c-ebd1b96a80a6&#xD;
00:00.432  Web method response: [http://v-nagab77931a:8080/tfs/46407190-89f3-4e58-9bad-783cbf2637fb_/_apis/Identities/14794bcf-7d10-4027-8e5b-77ace5509da7?queryMembership=Direct] (GET)14794bcf-7d10-4027-8e5b-77ace5509da7[Identities] E2EId: 1aec2e7e-5289-435d-a11c-ebd1b96a80a6, ActivityId: 68e95654-022d-4bd6-90df-91127d95539f 13 ms&#xD;
00:00.432  TimeoutScope 'CreateUser:248' ended after '00:00:00.4235158'.&#xD;
00:00.432  TimeoutScope, 'Test: TestSuiteEntryEqualsTest:246', has been resumed at 00:00:00.0086905.&#xD;
00:00.432  IdentityHelperClient.CreateUser called service and returned {"$type":"Microsoft.VisualStudio.Services.Identity.Identity, Microsoft.VisualStudio.Services.WebApi","Id":"14794bcf-7d10-4027-8e5b-77ace5509da7","Descriptor":"System.Security.Principal.WindowsIdentity;S-1-5-21-1389882523-1725124155-1294357522-2889944186-1131186576-1125415858-38080224","SubjectDescriptor":"win.Uy0xLTUtMjEtMTM4OTg4MjUyMy0xNzI1MTI0MTU1LTEyOTQzNTc1MjItMjg4OTk0NDE4Ni0xMTMxMTg2NTc2LTExMjU0MTU4NTgtMzgwODAyMjQ","ProviderDisplayName":"fake-vsd-e3891b23-6cb8-45d2-84f4-70e937f0a3a3","IsActive":true,"Members":[],"MemberOf":["Microsoft.TeamFoundation.Identity;S-1-9-1551374245-4119793886-2834581577-2985046343-3005158501-0-0-0-0-1"],"MemberIds":[],"MasterId":"ffffffff-ffff-ffff-ffff-ffffffffffff","Properties":{"$type":"Microsoft.VisualStudio.Services.WebApi.PropertiesCollection, Microsoft.VisualStudio.Services.WebApi","SchemaClassName":{"$type":"System.String","$value":"User"},"Description":{"$type":"System.String","$value":"L2"},"Domain":{"$type":"System.String","$value":"L2"},"Account":{"$type":"System.String","$value":"fake-vsd-e3891b23-6cb8-45d2-84f4-70e937f0a3a3"},"DN":{"$type":"System.String","$value":""},"Mail":{"$type":"System.String","$value":"fake-vsd-e3891b23-6cb8-45d2-84f4-70e937f0a3a3@someprovider.com"},"SpecialType":{"$type":"System.String","$value":"Generic"},"ComplianceValidated":{"$type":"System.DateTime","$value":"2018-07-03T00:00:00Z"},"DirectoryAlias":{"$type":"System.String","$value":"fake-vsd-e3891b23-6cb8-45d2-84f4-70e937f0a3a3"}},"ResourceVersion":2,"MetaTypeId":255}&#xD;
00:00.432  Created User successfully.&#xD;
00:00.432  Client Credentials called.&#xD;
Getting credentials for descriptor 'System.Security.Principal.WindowsIdentity;S-1-5-21-1389882523-1725124155-1294357522-2889944186-1131186576-1125415858-38080224' =&gt; Authorization: Bearer eyJ0eXAiOiJKV1QiLCJhbGciOiJOb25lIn0.eyJuYW1laWQiOiJTLTEtNS0yMS0xMzg5ODgyNTIzLTE3MjUxMjQxNTUtMTI5NDM1NzUyMi0yODg5OTQ0MTg2LTExMzExODY1NzYtMTEyNTQxNTg1OC0zODA4MDIyNCIsIklkZW50aXR5VHlwZUNsYWltIjoiU3lzdGVtLlNlY3VyaXR5LlByaW5jaXBhbC5XaW5kb3dzSWRlbnRpdHkiLCJpc3MiOiJMMiIsImF1ZCI6IkwyIiwibmJmIjoxNTMwNTg3NzU4LCJleHAiOjI1MzQwMjMwMDgwMH0.&#xD;
00:00.432  Client Credentials received successfully.&#xD;
Getting credentials for descriptor 'System.Security.Principal.WindowsIdentity;S-1-5-21-1389882523-1725124155-1294357522-2889944186-1131186576-1125415858-38080224' =&gt; Authorization: Bearer eyJ0eXAiOiJKV1QiLCJhbGciOiJOb25lIn0.eyJuYW1laWQiOiJTLTEtNS0yMS0xMzg5ODgyNTIzLTE3MjUxMjQxNTUtMTI5NDM1NzUyMi0yODg5OTQ0MTg2LTExMzExODY1NzYtMTEyNTQxNTg1OC0zODA4MDIyNCIsIklkZW50aXR5VHlwZUNsYWltIjoiU3lzdGVtLlNlY3VyaXR5LlByaW5jaXBhbC5XaW5kb3dzSWRlbnRpdHkiLCJpc3MiOiJMMiIsImF1ZCI6IkwyIiwibmJmIjoxNTMwNTg3NzU4LCJleHAiOjI1MzQwMjMwMDgwMH0.&#xD;
00:00.598  Created new TimeoutScope, 'RefreshWorkItemStoreCache:249@1', for 00:01:00 on thread 16.&#xD;
00:00.598  TimeoutScope, 'Test: TestSuiteEntryEqualsTest:246', has been paused after 00:00:00.1748768.&#xD;
00:00.753  TimeoutScope 'RefreshWorkItemStoreCache:249' ended after '00:00:00.1544327'.&#xD;
00:00.753  TimeoutScope, 'Test: TestSuiteEntryEqualsTest:246', has been resumed at 00:00:00.1748779.&#xD;
00:01.991  Performing CommonTestBase Cleanup...&#xD;
00:01.991  TimeoutScope 'Test: TestSuiteEntryEqualsTest:246' ended after '00:00:01.4130491'.&#xD;
00:04.450  Created new TimeoutScope, 'TestFrameworkTestCleanup:250@0', for 00:00:10 on thread 16.&#xD;
00:04.450  TimeoutScope 'TestFrameworkTestCleanup:250' ended after '00:00:00.0000576'.&#xD;
00:04.450  Test End: 7/2/2018 8:16:01 PM (local) / 7/3/2018 3:16:01 AM (UTC).</StdOut></Output></UnitTestResult><UnitTestResult executionId="6c596871-fb23-441a-923e-9257cd875029" testId="f949c239-8ea9-a2ca-994f-edce958bc068" testName="StaticSuiteQueryAfterDelete" computerName="V-NAGAB77931A" duration="00:00:03.6335436" startTime="2018-07-02T20:15:24.5233402-07:00" endTime="2018-07-02T20:15:28.1671503-07:00" testType="13cdc9d9-ddb5-4fa4-a97d-d965ccfc6d4b" outcome="Passed" testListId="8c84fa94-04c1-424b-9868-57a2d4851a1d" relativeResultsDirectory="6c596871-fb23-441a-923e-9257cd875029"><Output><StdOut>Debug Trace:
00:00.000  Test Start: 7/2/2018 8:15:24 PM (local) / 7/3/2018 3:15:24 AM (UTC)&#xD;
00:00.000  Random Seed for this test: -1954270982&#xD;
00:00.000  Created new TimeoutScope, 'Test: StaticSuiteQueryAfterDelete:211@0', for 00:00:30 on thread 16.&#xD;
00:00.000  Created new TimeoutScope, 'TestFrameworkTestInitialize:212@1', for 00:00:10 on thread 16.&#xD;
00:00.000  TimeoutScope, 'Test: StaticSuiteQueryAfterDelete:211', has been paused after 00:00:00.0000266.&#xD;
00:00.000  TimeoutScope 'TestFrameworkTestInitialize:212' ended after '00:00:00.0000129'.&#xD;
00:00.000  TimeoutScope, 'Test: StaticSuiteQueryAfterDelete:211', has been resumed at 00:00:00.0000271.&#xD;
00:00.000  TagHelper is getting a tag 'Project.PrivateAgileGit' on host 'de108ff5-f4a8-4948-b1ec-3147b31f1465'.&#xD;
00:00.000  TagHelper found cached tag 'Project.PrivateAgileGit' on host 'de108ff5-f4a8-4948-b1ec-3147b31f1465' with value '05e49bc7-ac67-4dc4-b85e-4a41b611b532'.&#xD;
00:00.000  Searching for project '05e49bc7-ac67-4dc4-b85e-4a41b611b532'.&#xD;
00:00.001  Web method running: [http://v-nagab77931a:8080/tfs/46407190-89f3-4e58-9bad-783cbf2637fb_/_apis/projects/05e49bc7-ac67-4dc4-b85e-4a41b611b532?includeHistory=False] (GET)05e49bc7-ac67-4dc4-b85e-4a41b611b532[projects] E2EId: adc1451e-ee93-4b1f-bbd2-4d663e4e5099&#xD;
00:00.007  Web method response: [http://v-nagab77931a:8080/tfs/46407190-89f3-4e58-9bad-783cbf2637fb_/_apis/projects/05e49bc7-ac67-4dc4-b85e-4a41b611b532?includeHistory=False] (GET)05e49bc7-ac67-4dc4-b85e-4a41b611b532[projects] E2EId: adc1451e-ee93-4b1f-bbd2-4d663e4e5099, ActivityId: 68e9577c-022d-4bd6-90df-91127d95539f 6 ms&#xD;
00:00.008  Found matching project 'sdentifies people online. Impllowssy!n8d5e05805548ee6' (05e49bc7-ac67-4dc4-b85e-4a41b611b532).&#xD;
00:00.008  Create User called.&#xD;
00:00.008  IdentityHelperClient.CreateUser called with user properties {"$type":"Vssf.TestFramework.Client.Common.CreateUserProperties, Vssf.TestFramework.Client.Common","EntityType":"User","OriginDirectory":null,"HomeDirectory":null,"TenantId":null,"OriginId":"00000000-0000-0000-0000-000000000000","LocalId":"00000000-0000-0000-0000-000000000000","MasterId":"00000000-0000-0000-0000-000000000000","PrincipalName":null,"DisplayName":null,"Profile":null,"License":4,"LocalGroups":[{"$type":"Vssf.TestFramework.Client.Common.GroupReference, Vssf.TestFramework.Client.Common","Identifier":"S-1-9-1551374245-1204400969-2402986413-2179408616-0-0-0-0-1"}],"LocalPermissions":null,"UserType":0,"CreateUserTranslations":null}&#xD;
00:00.008  Created new TimeoutScope, 'CreateUser:213@1', for 00:00:30 on thread 16.&#xD;
00:00.008  TimeoutScope, 'Test: StaticSuiteQueryAfterDelete:211', has been paused after 00:00:00.0081620.&#xD;
00:00.008  IdentityHelperClient.AddMember was called with parameters {"$type":"Vssf.TestFramework.Client.L2.Identity.AddMemberRequest, Vssf.TestFramework.Client.L2","EntityDescriptor":{"$type":"Microsoft.VisualStudio.Services.Directories.DirectoryEntityDescriptor, Microsoft.VisualStudio.Services.WebApi","entityType":"User","originDirectory":null,"localId":null,"originId":null,"invitationMethod":"CreateUser@TeamFoundationServer","createIfNotFound":true},"Profile":null,"License":"Optimal","LocalGroups":["S-1-9-1551374245-1204400969-2402986413-2179408616-0-0-0-0-1"]}&#xD;
00:00.047  Web method running: [http://v-nagab77931a:8080/tfs/46407190-89f3-4e58-9bad-783cbf2637fb_/_apis/Directory/Members?license=Optimal&amp;localGroups=S-1-9-1551374245-1204400969-2402986413-2179408616-0-0-0-0-1&amp;propertiesToReturn=LocalDescriptor] (POST)Members[Directory] E2EId: e2e84080-6101-419f-94fe-bb13ed904e32&#xD;
00:00.194  Web method response: [http://v-nagab77931a:8080/tfs/46407190-89f3-4e58-9bad-783cbf2637fb_/_apis/Directory/Members?license=Optimal&amp;localGroups=S-1-9-1551374245-1204400969-2402986413-2179408616-0-0-0-0-1&amp;propertiesToReturn=LocalDescriptor] (POST)Members[Directory] E2EId: e2e84080-6101-419f-94fe-bb13ed904e32, ActivityId: 68e9577d-022d-4bd6-90df-91127d95539f 146 ms&#xD;
00:00.195  DirectoryHttpClient.AddMemberAsync returned {"$type":"Microsoft.VisualStudio.Services.Directories.DirectoryEntityResult, Microsoft.VisualStudio.Services.WebApi","Entity":{"$type":"Microsoft.VisualStudio.Services.Directories.DirectoryUser, Microsoft.VisualStudio.Services.WebApi","EntityId":"vss.ds.v1.ims.user.9e76041d3edf4578a080784096b31e9b","EntityType":"User","OriginDirectory":"vsd","OriginId":"9e76041d-3edf-4578-a080-784096b31e9b","LocalDirectory":"vsd","LocalId":"9e76041d-3edf-4578-a080-784096b31e9b","principalName":"fake-vsd-83c16bea-6476-404f-8336-37b4fc70dbb4","displayName":"fake-vsd-83c16bea-6476-404f-8336-37b4fc70dbb4","localDescriptor":"System.Security.Principal.WindowsIdentity;S-1-5-21-1389882523-1725124155-1294357522-2852492793-1114988937-4160266143-2988948436"},"EntityState":"LocalCreate","Status":"Success"}&#xD;
00:00.243  Web method running: [http://v-nagab77931a:8080/tfs/46407190-89f3-4e58-9bad-783cbf2637fb_/_apis/Identities/9e76041d-3edf-4578-a080-784096b31e9b?queryMembership=Direct] (GET)9e76041d-3edf-4578-a080-784096b31e9b[Identities] E2EId: a53b1772-3f8d-42bd-99ef-8334beb498a5&#xD;
00:00.255  Web method response: [http://v-nagab77931a:8080/tfs/46407190-89f3-4e58-9bad-783cbf2637fb_/_apis/Identities/9e76041d-3edf-4578-a080-784096b31e9b?queryMembership=Direct] (GET)9e76041d-3edf-4578-a080-784096b31e9b[Identities] E2EId: a53b1772-3f8d-42bd-99ef-8334beb498a5, ActivityId: 68e9577e-022d-4bd6-90df-91127d95539f 12 ms&#xD;
00:00.255  TimeoutScope 'CreateUser:213' ended after '00:00:00.2473589'.&#xD;
00:00.255  TimeoutScope, 'Test: StaticSuiteQueryAfterDelete:211', has been resumed at 00:00:00.0081630.&#xD;
00:00.256  IdentityHelperClient.CreateUser called service and returned {"$type":"Microsoft.VisualStudio.Services.Identity.Identity, Microsoft.VisualStudio.Services.WebApi","Id":"9e76041d-3edf-4578-a080-784096b31e9b","Descriptor":"System.Security.Principal.WindowsIdentity;S-1-5-21-1389882523-1725124155-1294357522-2852492793-1114988937-4160266143-2988948436","SubjectDescriptor":"win.Uy0xLTUtMjEtMTM4OTg4MjUyMy0xNzI1MTI0MTU1LTEyOTQzNTc1MjItMjg1MjQ5Mjc5My0xMTE0OTg4OTM3LTQxNjAyNjYxNDMtMjk4ODk0ODQzNg","ProviderDisplayName":"fake-vsd-83c16bea-6476-404f-8336-37b4fc70dbb4","IsActive":true,"Members":[],"MemberOf":["Microsoft.TeamFoundation.Identity;S-1-9-1551374245-4119793886-2834581577-2985046343-3005158501-0-0-0-0-1"],"MemberIds":[],"MasterId":"ffffffff-ffff-ffff-ffff-ffffffffffff","Properties":{"$type":"Microsoft.VisualStudio.Services.WebApi.PropertiesCollection, Microsoft.VisualStudio.Services.WebApi","SchemaClassName":{"$type":"System.String","$value":"User"},"Description":{"$type":"System.String","$value":"L2"},"Domain":{"$type":"System.String","$value":"L2"},"Account":{"$type":"System.String","$value":"fake-vsd-83c16bea-6476-404f-8336-37b4fc70dbb4"},"DN":{"$type":"System.String","$value":""},"Mail":{"$type":"System.String","$value":"fake-vsd-83c16bea-6476-404f-8336-37b4fc70dbb4@someprovider.com"},"SpecialType":{"$type":"System.String","$value":"Generic"},"ComplianceValidated":{"$type":"System.DateTime","$value":"2018-07-03T00:00:00Z"},"DirectoryAlias":{"$type":"System.String","$value":"fake-vsd-83c16bea-6476-404f-8336-37b4fc70dbb4"}},"ResourceVersion":2,"MetaTypeId":255}&#xD;
00:00.256  Created User successfully.&#xD;
00:00.256  Client Credentials called.&#xD;
Getting credentials for descriptor 'System.Security.Principal.WindowsIdentity;S-1-5-21-1389882523-1725124155-1294357522-2852492793-1114988937-4160266143-2988948436' =&gt; Authorization: Bearer eyJ0eXAiOiJKV1QiLCJhbGciOiJOb25lIn0.eyJuYW1laWQiOiJTLTEtNS0yMS0xMzg5ODgyNTIzLTE3MjUxMjQxNTUtMTI5NDM1NzUyMi0yODUyNDkyNzkzLTExMTQ5ODg5MzctNDE2MDI2NjE0My0yOTg4OTQ4NDM2IiwiSWRlbnRpdHlUeXBlQ2xhaW0iOiJTeXN0ZW0uU2VjdXJpdHkuUHJpbmNpcGFsLldpbmRvd3NJZGVudGl0eSIsImlzcyI6IkwyIiwiYXVkIjoiTDIiLCJuYmYiOjE1MzA1ODc3MjUsImV4cCI6MjUzNDAyMzAwODAwfQ.&#xD;
00:00.256  Client Credentials received successfully.&#xD;
Getting credentials for descriptor 'System.Security.Principal.WindowsIdentity;S-1-5-21-1389882523-1725124155-1294357522-2852492793-1114988937-4160266143-2988948436' =&gt; Authorization: Bearer eyJ0eXAiOiJKV1QiLCJhbGciOiJOb25lIn0.eyJuYW1laWQiOiJTLTEtNS0yMS0xMzg5ODgyNTIzLTE3MjUxMjQxNTUtMTI5NDM1NzUyMi0yODUyNDkyNzkzLTExMTQ5ODg5MzctNDE2MDI2NjE0My0yOTg4OTQ4NDM2IiwiSWRlbnRpdHlUeXBlQ2xhaW0iOiJTeXN0ZW0uU2VjdXJpdHkuUHJpbmNpcGFsLldpbmRvd3NJZGVudGl0eSIsImlzcyI6IkwyIiwiYXVkIjoiTDIiLCJuYmYiOjE1MzA1ODc3MjUsImV4cCI6MjUzNDAyMzAwODAwfQ.&#xD;
00:00.332  Created new TimeoutScope, 'RefreshWorkItemStoreCache:214@1', for 00:01:00 on thread 16.&#xD;
00:00.333  TimeoutScope, 'Test: StaticSuiteQueryAfterDelete:211', has been paused after 00:00:00.0852249.&#xD;
00:00.456  TimeoutScope 'RefreshWorkItemStoreCache:214' ended after '00:00:00.1239386'.&#xD;
00:00.457  TimeoutScope, 'Test: StaticSuiteQueryAfterDelete:211', has been resumed at 00:00:00.0852259.&#xD;
00:01.578  Performing CommonTestBase Cleanup...&#xD;
00:01.578  TimeoutScope 'Test: StaticSuiteQueryAfterDelete:211' ended after '00:00:01.2069835'.&#xD;
00:03.633  Created new TimeoutScope, 'TestFrameworkTestCleanup:215@0', for 00:00:10 on thread 16.&#xD;
00:03.633  TimeoutScope 'TestFrameworkTestCleanup:215' ended after '00:00:00.0000480'.&#xD;
00:03.633  Test End: 7/2/2018 8:15:28 PM (local) / 7/3/2018 3:15:28 AM (UTC).</StdOut></Output></UnitTestResult></Results><TestDefinitions><UnitTest name="DynamicSuiteQueryAfterDelete" storage="c:\t1\_work\t\tcm extendedclient l2 onprem\tcm.tfs.extendedclient.l2.tests.dll" priority="2" id="c89763c0-20d2-9881-6fb5-3100cb355d01"><Owners><Owner name="vstlmtcm" /></Owners><TestCategory><TestCategoryItem TestCategory="Requires.OnPremises" /><TestCategoryItem TestCategory="TestTarget.Tfs" /><TestCategoryItem TestCategory="Team.TCM" /></TestCategory><Execution id="affefc92-f814-488e-9f5e-b098de5f7077" /><TestMethod codeBase="C:\t1\_work\t\TCM ExtendedClient L2 OnPrem\Tcm.Tfs.ExtendedClient.L2.Tests.dll" adapterTypeName="executor://mstestadapter/v2" className="Tcm.Tfs.ExtendedClient.L2.Tests.SuiteTests" name="DynamicSuiteQueryAfterDelete" /></UnitTest><UnitTest name="StaticDirectCycle" storage="c:\t1\_work\t\tcm extendedclient l2 onprem\tcm.tfs.extendedclient.l2.tests.dll" priority="2" id="10ee8bc0-2536-08ae-6704-007a275264b4"><Owners><Owner name="vstlmtcm" /></Owners><TestCategory><TestCategoryItem TestCategory="Requires.OnPremises" /><TestCategoryItem TestCategory="TestTarget.Tfs" /><TestCategoryItem TestCategory="Team.TCM" /></TestCategory><Execution id="b2b2c00d-6a32-4bf1-b4e3-445eb100d2a9" /><TestMethod codeBase="C:\t1\_work\t\TCM ExtendedClient L2 OnPrem\Tcm.Tfs.ExtendedClient.L2.Tests.dll" adapterTypeName="executor://mstestadapter/v2" className="Tcm.Tfs.ExtendedClient.L2.Tests.SuiteTests" name="StaticDirectCycle" /></UnitTest><UnitTest name="SuiteUpdate" storage="c:\t1\_work\t\tcm extendedclient l2 onprem\tcm.tfs.extendedclient.l2.tests.dll" priority="2" id="7ba8efab-a80a-92f1-7a75-601f23212762"><Owners><Owner name="vstlmtcm" /></Owners><TestCategory><TestCategoryItem TestCategory="Requires.OnPremises" /><TestCategoryItem TestCategory="TestTarget.Tfs" /><TestCategoryItem TestCategory="Team.TCM" /></TestCategory><Execution id="6fb64c84-a7e4-4bb6-a3d7-5bbc243be77b" /><TestMethod codeBase="C:\t1\_work\t\TCM ExtendedClient L2 OnPrem\Tcm.Tfs.ExtendedClient.L2.Tests.dll" adapterTypeName="executor://mstestadapter/v2" className="Tcm.Tfs.ExtendedClient.L2.Tests.SuiteTests" name="SuiteUpdate" /></UnitTest><UnitTest name="StaticSuiteModifyEntries" storage="c:\t1\_work\t\tcm extendedclient l2 onprem\tcm.tfs.extendedclient.l2.tests.dll" priority="2" id="e967b3f7-fd05-f81f-973d-b8b86a89ccf7"><Owners><Owner name="vstlmtcm" /></Owners><TestCategory><TestCategoryItem TestCategory="Requires.OnPremises" /><TestCategoryItem TestCategory="TestTarget.Tfs" /><TestCategoryItem TestCategory="Team.TCM" /></TestCategory><Execution id="88256f7e-9c13-4f0a-8bc3-d0e0c78700d2" /><TestMethod codeBase="C:\t1\_work\t\TCM ExtendedClient L2 OnPrem\Tcm.Tfs.ExtendedClient.L2.Tests.dll" adapterTypeName="executor://mstestadapter/v2" className="Tcm.Tfs.ExtendedClient.L2.Tests.SuiteTests" name="StaticSuiteModifyEntries" /></UnitTest><UnitTest name="SuiteUpdateBackChanneling" storage="c:\t1\_work\t\tcm extendedclient l2 onprem\tcm.tfs.extendedclient.l2.tests.dll" priority="2" id="9e00dc12-4c33-4794-1377-7fc305abdbb9"><Owners><Owner name="vstlmtcm" /></Owners><TestCategory><TestCategoryItem TestCategory="Requires.OnPremises" /><TestCategoryItem TestCategory="TestTarget.Tfs" /><TestCategoryItem TestCategory="Team.TCM" /></TestCategory><Execution id="8161c587-9ebf-40ef-9668-276f91ae0d64" /><TestMethod codeBase="C:\t1\_work\t\TCM ExtendedClient L2 OnPrem\Tcm.Tfs.ExtendedClient.L2.Tests.dll" adapterTypeName="executor://mstestadapter/v2" className="Tcm.Tfs.ExtendedClient.L2.Tests.SuiteTests" name="SuiteUpdateBackChanneling" /></UnitTest><UnitTest name="QueryTestSuitesReferencingTestCaseEmpty" storage="c:\t1\_work\t\tcm extendedclient l2 onprem\tcm.tfs.extendedclient.l2.tests.dll" priority="2" id="ec00b749-44b9-8127-0075-02ab0586bbb7"><Owners><Owner name="vstlmtcm" /></Owners><TestCategory><TestCategoryItem TestCategory="Requires.OnPremises" /><TestCategoryItem TestCategory="TestTarget.Tfs" /><TestCategoryItem TestCategory="Team.TCM" /></TestCategory><Execution id="22049378-ac91-49a5-850a-a17fd661bc12" /><TestMethod codeBase="C:\t1\_work\t\TCM ExtendedClient L2 OnPrem\Tcm.Tfs.ExtendedClient.L2.Tests.dll" adapterTypeName="executor://mstestadapter/v2" className="Tcm.Tfs.ExtendedClient.L2.Tests.SuiteTests" name="QueryTestSuitesReferencingTestCaseEmpty" /></UnitTest><UnitTest name="UpdatingSuiteUpdatesWit" storage="c:\t1\_work\t\tcm extendedclient l2 onprem\tcm.tfs.extendedclient.l2.tests.dll" priority="2" id="c92cd6b5-9e2f-fdcd-5039-fbe2b403e491"><Owners><Owner name="vstlmtcm" /></Owners><TestCategory><TestCategoryItem TestCategory="Requires.OnPremises" /><TestCategoryItem TestCategory="TestTarget.Tfs" /><TestCategoryItem TestCategory="Team.TCM" /></TestCategory><Execution id="4c0b2aaf-5aa6-46f1-891d-e15653923bb2" /><TestMethod codeBase="C:\t1\_work\t\TCM ExtendedClient L2 OnPrem\Tcm.Tfs.ExtendedClient.L2.Tests.dll" adapterTypeName="executor://mstestadapter/v2" className="Tcm.Tfs.ExtendedClient.L2.Tests.SuiteTests" name="UpdatingSuiteUpdatesWit" /></UnitTest><UnitTest name="DynamicSuiteRefreshNoSave" storage="c:\t1\_work\t\tcm extendedclient l2 onprem\tcm.tfs.extendedclient.l2.tests.dll" priority="2" id="819d8530-a49d-7066-2460-f196337e87cb"><Owners><Owner name="vstlmtcm" /></Owners><TestCategory><TestCategoryItem TestCategory="Requires.OnPremises" /><TestCategoryItem TestCategory="TestTarget.Tfs" /><TestCategoryItem TestCategory="Team.TCM" /></TestCategory><Execution id="5bcd11d8-453a-4121-a305-56a36fb31d24" /><TestMethod codeBase="C:\t1\_work\t\TCM ExtendedClient L2 OnPrem\Tcm.Tfs.ExtendedClient.L2.Tests.dll" adapterTypeName="executor://mstestadapter/v2" className="Tcm.Tfs.ExtendedClient.L2.Tests.SuiteTests" name="DynamicSuiteRefreshNoSave" /></UnitTest><UnitTest name="StaticSuiteDelete" storage="c:\t1\_work\t\tcm extendedclient l2 onprem\tcm.tfs.extendedclient.l2.tests.dll" priority="2" id="33fa5a02-52de-7791-e3fd-cdf8aa9d0717"><Owners><Owner name="vstlmtcm" /></Owners><TestCategory><TestCategoryItem TestCategory="Requires.OnPremises" /><TestCategoryItem TestCategory="TestTarget.Tfs" /><TestCategoryItem TestCategory="Team.TCM" /></TestCategory><Execution id="6cb487fc-6606-495b-a867-50acb7aeff0e" /><TestMethod codeBase="C:\t1\_work\t\TCM ExtendedClient L2 OnPrem\Tcm.Tfs.ExtendedClient.L2.Tests.dll" adapterTypeName="executor://mstestadapter/v2" className="Tcm.Tfs.ExtendedClient.L2.Tests.SuiteTests" name="StaticSuiteDelete" /></UnitTest><UnitTest name="DynamicHierarchicalSuiteWithMustContainAndRepopulate" storage="c:\t1\_work\t\tcm extendedclient l2 onprem\tcm.tfs.extendedclient.l2.tests.dll" priority="2" id="f6373077-429c-be76-9520-54772584698e"><Owners><Owner name="vstlmtcm" /></Owners><TestCategory><TestCategoryItem TestCategory="Requires.OnPremises" /><TestCategoryItem TestCategory="TestTarget.Tfs" /><TestCategoryItem TestCategory="Team.TCM" /></TestCategory><Execution id="55c24087-3d03-48b0-a969-78ef391494d7" /><TestMethod codeBase="C:\t1\_work\t\TCM ExtendedClient L2 OnPrem\Tcm.Tfs.ExtendedClient.L2.Tests.dll" adapterTypeName="executor://mstestadapter/v2" className="Tcm.Tfs.ExtendedClient.L2.Tests.SuiteTests" name="DynamicHierarchicalSuiteWithMustContainAndRepopulate" /></UnitTest><UnitTest name="TestSuiteEntryEqualsTest" storage="c:\t1\_work\t\tcm extendedclient l2 onprem\tcm.tfs.extendedclient.l2.tests.dll" priority="2" id="bae31334-fcd9-f8db-ff1c-5f03ba937678"><Owners><Owner name="vstlmtcm" /></Owners><TestCategory><TestCategoryItem TestCategory="Requires.OnPremises" /><TestCategoryItem TestCategory="TestTarget.Tfs" /><TestCategoryItem TestCategory="Team.TCM" /></TestCategory><Execution id="3e006521-26e1-40a8-80be-c61ca23352c1" /><TestMethod codeBase="C:\t1\_work\t\TCM ExtendedClient L2 OnPrem\Tcm.Tfs.ExtendedClient.L2.Tests.dll" adapterTypeName="executor://mstestadapter/v2" className="Tcm.Tfs.ExtendedClient.L2.Tests.SuiteTests" name="TestSuiteEntryEqualsTest" /></UnitTest><UnitTest name="BulkMoveCopy" storage="c:\t1\_work\t\tcm extendedclient l2 onprem\tcm.tfs.extendedclient.l2.tests.dll" priority="2" id="d5c833bf-4363-d9d0-7179-fb0050d83d20"><Owners><Owner name="vstlmtcm" /></Owners><TestCategory><TestCategoryItem TestCategory="Requires.OnPremises" /><TestCategoryItem TestCategory="TestTarget.Tfs" /><TestCategoryItem TestCategory="Team.TCM" /></TestCategory><Execution id="6482dfe8-e1f0-46ca-bdd6-c28ee2052633" /><TestMethod codeBase="C:\t1\_work\t\TCM ExtendedClient L2 OnPrem\Tcm.Tfs.ExtendedClient.L2.Tests.dll" adapterTypeName="executor://mstestadapter/v2" className="Tcm.Tfs.ExtendedClient.L2.Tests.SuiteTests" name="BulkMoveCopy" /></UnitTest><UnitTest name="StaticSuiteDeleteChildSuitesRefresh" storage="c:\t1\_work\t\tcm extendedclient l2 onprem\tcm.tfs.extendedclient.l2.tests.dll" priority="2" id="08bffca8-de32-4b19-555f-37bf56091639"><Owners><Owner name="vstlmtcm" /></Owners><TestCategory><TestCategoryItem TestCategory="Requires.OnPremises" /><TestCategoryItem TestCategory="TestTarget.Tfs" /><TestCategoryItem TestCategory="Team.TCM" /></TestCategory><Execution id="d29a3e85-002f-413b-8c3d-f2ea4941223a" /><TestMethod codeBase="C:\t1\_work\t\TCM ExtendedClient L2 OnPrem\Tcm.Tfs.ExtendedClient.L2.Tests.dll" adapterTypeName="executor://mstestadapter/v2" className="Tcm.Tfs.ExtendedClient.L2.Tests.SuiteTests" name="StaticSuiteDeleteChildSuitesRefresh" /></UnitTest><UnitTest name="DynamicSuiteGetQueryNull" storage="c:\t1\_work\t\tcm extendedclient l2 onprem\tcm.tfs.extendedclient.l2.tests.dll" priority="2" id="2a01c8f3-4843-5951-1384-4068422e386c"><Owners><Owner name="vstlmtcm" /></Owners><TestCategory><TestCategoryItem TestCategory="Requires.OnPremises" /><TestCategoryItem TestCategory="TestTarget.Tfs" /><TestCategoryItem TestCategory="Team.TCM" /></TestCategory><Execution id="ebd4ac4b-3b1b-4bac-91c6-285af0520308" /><TestMethod codeBase="C:\t1\_work\t\TCM ExtendedClient L2 OnPrem\Tcm.Tfs.ExtendedClient.L2.Tests.dll" adapterTypeName="executor://mstestadapter/v2" className="Tcm.Tfs.ExtendedClient.L2.Tests.SuiteTests" name="DynamicSuiteGetQueryNull" /></UnitTest><UnitTest name="VerifyAuditOnDummyUpdateofSuiteWorkItem" storage="c:\t1\_work\t\tcm extendedclient l2 onprem\tcm.tfs.extendedclient.l2.tests.dll" priority="2" id="a98a83ad-d1bc-58c3-9916-66b297e900d4"><Owners><Owner name="vstlmtcm" /></Owners><TestCategory><TestCategoryItem TestCategory="Requires.OnPremises" /><TestCategoryItem TestCategory="TestTarget.Tfs" /><TestCategoryItem TestCategory="Team.TCM" /></TestCategory><Execution id="b78148c2-b3a3-44e3-85a3-576961ef9a9d" /><TestMethod codeBase="C:\t1\_work\t\TCM ExtendedClient L2 OnPrem\Tcm.Tfs.ExtendedClient.L2.Tests.dll" adapterTypeName="executor://mstestadapter/v2" className="Tcm.Tfs.ExtendedClient.L2.Tests.SuiteTests" name="VerifyAuditOnDummyUpdateofSuiteWorkItem" /></UnitTest><UnitTest name="FetchSuitesForPlanTest" storage="c:\t1\_work\t\tcm extendedclient l2 onprem\tcm.tfs.extendedclient.l2.tests.dll" priority="2" id="ea82e3a0-0456-64fe-31a1-03b45b9c06bc"><Owners><Owner name="vstlmtcm" /></Owners><TestCategory><TestCategoryItem TestCategory="Requires.OnPremises" /><TestCategoryItem TestCategory="TestTarget.Tfs" /><TestCategoryItem TestCategory="Team.TCM" /></TestCategory><Execution id="c5cec12f-31b2-499f-93b1-8ddabccac83a" /><TestMethod codeBase="C:\t1\_work\t\TCM ExtendedClient L2 OnPrem\Tcm.Tfs.ExtendedClient.L2.Tests.dll" adapterTypeName="executor://mstestadapter/v2" className="Tcm.Tfs.ExtendedClient.L2.Tests.SuiteTests" name="FetchSuitesForPlanTest" /></UnitTest><UnitTest name="TestSuiteReparentingCheckingRevision" storage="c:\t1\_work\t\tcm extendedclient l2 onprem\tcm.tfs.extendedclient.l2.tests.dll" priority="2" id="a596c63c-39b0-cc40-00a3-9525f0e71712"><Owners><Owner name="vstlmtcm" /></Owners><TestCategory><TestCategoryItem TestCategory="Requires.OnPremises" /><TestCategoryItem TestCategory="TestTarget.Tfs" /><TestCategoryItem TestCategory="Team.TCM" /></TestCategory><Execution id="98b84430-457f-4034-ae25-3b9d11261276" /><TestMethod codeBase="C:\t1\_work\t\TCM ExtendedClient L2 OnPrem\Tcm.Tfs.ExtendedClient.L2.Tests.dll" adapterTypeName="executor://mstestadapter/v2" className="Tcm.Tfs.ExtendedClient.L2.Tests.SuiteTests" name="TestSuiteReparentingCheckingRevision" /></UnitTest><UnitTest name="RootSuiteUpdateOnUpdatingplan" storage="c:\t1\_work\t\tcm extendedclient l2 onprem\tcm.tfs.extendedclient.l2.tests.dll" priority="2" id="768e0ded-c758-fefb-0593-d4aefaf8cfc0"><Owners><Owner name="vstlmtcm" /></Owners><TestCategory><TestCategoryItem TestCategory="Requires.OnPremises" /><TestCategoryItem TestCategory="TestTarget.Tfs" /><TestCategoryItem TestCategory="Team.TCM" /></TestCategory><Execution id="ccb52e92-52ea-4822-95ad-39029df11499" /><TestMethod codeBase="C:\t1\_work\t\TCM ExtendedClient L2 OnPrem\Tcm.Tfs.ExtendedClient.L2.Tests.dll" adapterTypeName="executor://mstestadapter/v2" className="Tcm.Tfs.ExtendedClient.L2.Tests.SuiteTests" name="RootSuiteUpdateOnUpdatingplan" /></UnitTest><UnitTest name="ModifyRootSuiteDefaultConfigs" storage="c:\t1\_work\t\tcm extendedclient l2 onprem\tcm.tfs.extendedclient.l2.tests.dll" priority="2" id="91ab37d7-abfe-8687-3d46-c233c0e7d7ab"><Owners><Owner name="vstlmtcm" /></Owners><TestCategory><TestCategoryItem TestCategory="Team.TCM" /><TestCategoryItem TestCategory="TestTarget.Tfs" /></TestCategory><Execution id="737cc33e-a886-4669-bc1a-dbcef8bc3ecf" /><TestMethod codeBase="C:\t1\_work\t\TCM ExtendedClient L2 OnPrem\Tcm.Tfs.ExtendedClient.L2.Tests.dll" adapterTypeName="executor://mstestadapter/v2" className="Tcm.Tfs.ExtendedClient.L2.Tests.RootSuiteTests" name="ModifyRootSuiteDefaultConfigs" /></UnitTest><UnitTest name="StaticSuiteEntries" storage="c:\t1\_work\t\tcm extendedclient l2 onprem\tcm.tfs.extendedclient.l2.tests.dll" priority="2" id="efe40946-9872-fd54-1d1c-6fab503f703b"><Owners><Owner name="vstlmtcm" /></Owners><TestCategory><TestCategoryItem TestCategory="Requires.OnPremises" /><TestCategoryItem TestCategory="TestTarget.Tfs" /><TestCategoryItem TestCategory="Team.TCM" /></TestCategory><Execution id="3517fdda-39c4-4547-bf04-111d0a62ed67" /><TestMethod codeBase="C:\t1\_work\t\TCM ExtendedClient L2 OnPrem\Tcm.Tfs.ExtendedClient.L2.Tests.dll" adapterTypeName="executor://mstestadapter/v2" className="Tcm.Tfs.ExtendedClient.L2.Tests.SuiteTests" name="StaticSuiteEntries" /></UnitTest><UnitTest name="TwoLevelNesting" storage="c:\t1\_work\t\tcm extendedclient l2 onprem\tcm.tfs.extendedclient.l2.tests.dll" priority="2" id="8e2ddff8-3348-fe77-b0c2-776443e3b5f0"><Owners><Owner name="vstlmtcm" /></Owners><TestCategory><TestCategoryItem TestCategory="Requires.OnPremises" /><TestCategoryItem TestCategory="TestTarget.Tfs" /><TestCategoryItem TestCategory="Team.TCM" /></TestCategory><Execution id="25bcba4c-071f-4d4b-9d7c-e6679f9c54de" /><TestMethod codeBase="C:\t1\_work\t\TCM ExtendedClient L2 OnPrem\Tcm.Tfs.ExtendedClient.L2.Tests.dll" adapterTypeName="executor://mstestadapter/v2" className="Tcm.Tfs.ExtendedClient.L2.Tests.SuiteTests" name="TwoLevelNesting" /></UnitTest><UnitTest name="DynamicHierarchicalSuiteRepopulate" storage="c:\t1\_work\t\tcm extendedclient l2 onprem\tcm.tfs.extendedclient.l2.tests.dll" priority="2" id="840f3ba2-0f00-43b7-9f0e-ca316c7b07ca"><Owners><Owner name="vstlmtcm" /></Owners><TestCategory><TestCategoryItem TestCategory="Requires.OnPremises" /><TestCategoryItem TestCategory="TestTarget.Tfs" /><TestCategoryItem TestCategory="Team.TCM" /></TestCategory><Execution id="1718dc42-945d-4cb7-9f36-d45c16247889" /><TestMethod codeBase="C:\t1\_work\t\TCM ExtendedClient L2 OnPrem\Tcm.Tfs.ExtendedClient.L2.Tests.dll" adapterTypeName="executor://mstestadapter/v2" className="Tcm.Tfs.ExtendedClient.L2.Tests.SuiteTests" name="DynamicHierarchicalSuiteRepopulate" /></UnitTest><UnitTest name="SuiteRefreshInDisparateUpdate" storage="c:\t1\_work\t\tcm extendedclient l2 onprem\tcm.tfs.extendedclient.l2.tests.dll" priority="2" id="18a3a438-4fd5-6eb4-8077-9afee3bc226e"><Owners><Owner name="vstlmtcm" /></Owners><TestCategory><TestCategoryItem TestCategory="Requires.OnPremises" /><TestCategoryItem TestCategory="TestTarget.Tfs" /><TestCategoryItem TestCategory="Team.TCM" /></TestCategory><Execution id="db0d8669-7c54-4d0d-a77d-0e27e0f3f0b7" /><TestMethod codeBase="C:\t1\_work\t\TCM ExtendedClient L2 OnPrem\Tcm.Tfs.ExtendedClient.L2.Tests.dll" adapterTypeName="executor://mstestadapter/v2" className="Tcm.Tfs.ExtendedClient.L2.Tests.SuiteTests" name="SuiteRefreshInDisparateUpdate" /></UnitTest><UnitTest name="VerifyTestSuiteStateWithMultipleWitStates" storage="c:\t1\_work\t\tcm extendedclient l2 onprem\tcm.tfs.extendedclient.l2.tests.dll" priority="2" id="85f9e471-f34a-aff7-12c5-c0a788c5aed3"><Owners><Owner name="vstlmtcm" /></Owners><TestCategory><TestCategoryItem TestCategory="Requires.OnPremises" /><TestCategoryItem TestCategory="TestTarget.Tfs" /><TestCategoryItem TestCategory="Team.TCM" /></TestCategory><Execution id="a002739a-1e4e-49b2-bf4a-7776a229e602" /><TestMethod codeBase="C:\t1\_work\t\TCM ExtendedClient L2 OnPrem\Tcm.Tfs.ExtendedClient.L2.Tests.dll" adapterTypeName="executor://mstestadapter/v2" className="Tcm.Tfs.ExtendedClient.L2.Tests.SuiteTests" name="VerifyTestSuiteStateWithMultipleWitStates" /></UnitTest><UnitTest name="QueryTestSuitesReferencingCase" storage="c:\t1\_work\t\tcm extendedclient l2 onprem\tcm.tfs.extendedclient.l2.tests.dll" priority="2" id="f9057581-aedc-99aa-b856-2f016e802061"><Owners><Owner name="vstlmtcm" /></Owners><TestCategory><TestCategoryItem TestCategory="Requires.OnPremises" /><TestCategoryItem TestCategory="TestTarget.Tfs" /><TestCategoryItem TestCategory="Team.TCM" /></TestCategory><Execution id="6c27b3e7-6e3a-424a-bcac-a33018c579d2" /><TestMethod codeBase="C:\t1\_work\t\TCM ExtendedClient L2 OnPrem\Tcm.Tfs.ExtendedClient.L2.Tests.dll" adapterTypeName="executor://mstestadapter/v2" className="Tcm.Tfs.ExtendedClient.L2.Tests.SuiteTests" name="QueryTestSuitesReferencingCase" /></UnitTest><UnitTest name="UpdateMultipleTestSuiteFromWit" storage="c:\t1\_work\t\tcm extendedclient l2 onprem\tcm.tfs.extendedclient.l2.tests.dll" priority="2" id="1b45cd4f-5fd6-5e97-888f-9c82dbfb18c2"><Owners><Owner name="vstlmtcm" /></Owners><TestCategory><TestCategoryItem TestCategory="Requires.OnPremises" /><TestCategoryItem TestCategory="TestTarget.Tfs" /><TestCategoryItem TestCategory="Team.TCM" /></TestCategory><Execution id="86f3c87b-1332-41aa-885d-e359dddcb119" /><TestMethod codeBase="C:\t1\_work\t\TCM ExtendedClient L2 OnPrem\Tcm.Tfs.ExtendedClient.L2.Tests.dll" adapterTypeName="executor://mstestadapter/v2" className="Tcm.Tfs.ExtendedClient.L2.Tests.SuiteTests" name="UpdateMultipleTestSuiteFromWit" /></UnitTest><UnitTest name="EnsureUserDataFiresPropertyChanged" storage="c:\t1\_work\t\tcm extendedclient l2 onprem\tcm.tfs.extendedclient.l2.tests.dll" priority="2" id="08d5ff04-c3f6-f4e5-9a99-b8d24bda2439"><Owners><Owner name="vstlmtcm" /></Owners><TestCategory><TestCategoryItem TestCategory="Requires.OnPremises" /><TestCategoryItem TestCategory="TestTarget.Tfs" /><TestCategoryItem TestCategory="Team.TCM" /></TestCategory><Execution id="febd0618-3963-4dbb-b056-f8cde8705cb7" /><TestMethod codeBase="C:\t1\_work\t\TCM ExtendedClient L2 OnPrem\Tcm.Tfs.ExtendedClient.L2.Tests.dll" adapterTypeName="executor://mstestadapter/v2" className="Tcm.Tfs.ExtendedClient.L2.Tests.SuiteTests" name="EnsureUserDataFiresPropertyChanged" /></UnitTest><UnitTest name="StaticSuiteQueryAfterDelete" storage="c:\t1\_work\t\tcm extendedclient l2 onprem\tcm.tfs.extendedclient.l2.tests.dll" priority="2" id="f949c239-8ea9-a2ca-994f-edce958bc068"><Owners><Owner name="vstlmtcm" /></Owners><TestCategory><TestCategoryItem TestCategory="Requires.OnPremises" /><TestCategoryItem TestCategory="TestTarget.Tfs" /><TestCategoryItem TestCategory="Team.TCM" /></TestCategory><Execution id="6c596871-fb23-441a-923e-9257cd875029" /><TestMethod codeBase="C:\t1\_work\t\TCM ExtendedClient L2 OnPrem\Tcm.Tfs.ExtendedClient.L2.Tests.dll" adapterTypeName="executor://mstestadapter/v2" className="Tcm.Tfs.ExtendedClient.L2.Tests.SuiteTests" name="StaticSuiteQueryAfterDelete" /></UnitTest><UnitTest name="AddTestcasesToRootSuite" storage="c:\t1\_work\t\tcm extendedclient l2 onprem\tcm.tfs.extendedclient.l2.tests.dll" priority="2" id="a9a6a987-2186-23b2-456a-70960f444b9f"><Owners><Owner name="vstlmtcm" /></Owners><TestCategory><TestCategoryItem TestCategory="Team.TCM" /><TestCategoryItem TestCategory="TestTarget.Tfs" /></TestCategory><Execution id="7b9c184a-53b8-4adb-83ab-ec25501133f5" /><TestMethod codeBase="C:\t1\_work\t\TCM ExtendedClient L2 OnPrem\Tcm.Tfs.ExtendedClient.L2.Tests.dll" adapterTypeName="executor://mstestadapter/v2" className="Tcm.Tfs.ExtendedClient.L2.Tests.RootSuiteTests" name="AddTestcasesToRootSuite" /></UnitTest><UnitTest name="TcmAuthoringScenario" storage="c:\t1\_work\t\tcm extendedclient l2 onprem\tcm.tfs.extendedclient.l2.tests.dll" priority="1" id="330ea7ae-0b9e-9937-8450-c46be5e213c5"><Owners><Owner name="vstlmtcm" /></Owners><TestCategory><TestCategoryItem TestCategory="Team.TCM" /><TestCategoryItem TestCategory="TestTarget.Tfs" /></TestCategory><Execution id="c511d265-f6d8-4240-b127-767c05da7169" /><TestMethod codeBase="C:\t1\_work\t\TCM ExtendedClient L2 OnPrem\Tcm.Tfs.ExtendedClient.L2.Tests.dll" adapterTypeName="executor://mstestadapter/v2" className="Tcm.Tfs.ExtendedClient.L2.Tests.TestManagementBasics" name="TcmAuthoringScenario" /></UnitTest><UnitTest name="StaticSuiteRefreshNoSave" storage="c:\t1\_work\t\tcm extendedclient l2 onprem\tcm.tfs.extendedclient.l2.tests.dll" priority="2" id="6652ef43-b5d8-d5a9-5004-766156737c9e"><Owners><Owner name="vstlmtcm" /></Owners><TestCategory><TestCategoryItem TestCategory="Requires.OnPremises" /><TestCategoryItem TestCategory="TestTarget.Tfs" /><TestCategoryItem TestCategory="Team.TCM" /></TestCategory><Execution id="2de0ca8a-9ccc-451d-ae84-bfdd4482964a" /><TestMethod codeBase="C:\t1\_work\t\TCM ExtendedClient L2 OnPrem\Tcm.Tfs.ExtendedClient.L2.Tests.dll" adapterTypeName="executor://mstestadapter/v2" className="Tcm.Tfs.ExtendedClient.L2.Tests.SuiteTests" name="StaticSuiteRefreshNoSave" /></UnitTest><UnitTest name="SuiteState" storage="c:\t1\_work\t\tcm extendedclient l2 onprem\tcm.tfs.extendedclient.l2.tests.dll" priority="2" id="60bf5eec-aefc-c280-4f69-3dceb41a2f6b"><Owners><Owner name="vstlmtcm" /></Owners><TestCategory><TestCategoryItem TestCategory="Requires.OnPremises" /><TestCategoryItem TestCategory="TestTarget.Tfs" /><TestCategoryItem TestCategory="Team.TCM" /></TestCategory><Execution id="756d2429-3957-4e51-8e64-3d1e441893c2" /><TestMethod codeBase="C:\t1\_work\t\TCM ExtendedClient L2 OnPrem\Tcm.Tfs.ExtendedClient.L2.Tests.dll" adapterTypeName="executor://mstestadapter/v2" className="Tcm.Tfs.ExtendedClient.L2.Tests.SuiteTests" name="SuiteState" /></UnitTest><UnitTest name="TcmXTSession" storage="c:\t1\_work\t\tcm extendedclient l2 onprem\tcm.tfs.extendedclient.l2.tests.dll" priority="2" id="09088c1b-fb8f-7112-e2dc-4ccad4f0caf3"><Owners><Owner name="vstlmtcm" /></Owners><TestCategory><TestCategoryItem TestCategory="Team.TCM" /><TestCategoryItem TestCategory="TestTarget.Tfs" /></TestCategory><Execution id="339c5d3b-b5ba-4ed3-a6b5-a5d90f63673e" /><TestMethod codeBase="C:\t1\_work\t\TCM ExtendedClient L2 OnPrem\Tcm.Tfs.ExtendedClient.L2.Tests.dll" adapterTypeName="executor://mstestadapter/v2" className="Tcm.Tfs.ExtendedClient.L2.Tests.TestManagementBasics" name="TcmXTSession" /></UnitTest><UnitTest name="StaticIndirectCycle" storage="c:\t1\_work\t\tcm extendedclient l2 onprem\tcm.tfs.extendedclient.l2.tests.dll" priority="2" id="712ffe21-f87e-2a3d-4218-695b0b0bb55a"><Owners><Owner name="vstlmtcm" /></Owners><TestCategory><TestCategoryItem TestCategory="Requires.OnPremises" /><TestCategoryItem TestCategory="TestTarget.Tfs" /><TestCategoryItem TestCategory="Team.TCM" /></TestCategory><Execution id="1d686b84-6099-461d-acfb-374632781c30" /><TestMethod codeBase="C:\t1\_work\t\TCM ExtendedClient L2 OnPrem\Tcm.Tfs.ExtendedClient.L2.Tests.dll" adapterTypeName="executor://mstestadapter/v2" className="Tcm.Tfs.ExtendedClient.L2.Tests.SuiteTests" name="StaticIndirectCycle" /></UnitTest><UnitTest name="SuiteUpdateOnSettingConfiguration" storage="c:\t1\_work\t\tcm extendedclient l2 onprem\tcm.tfs.extendedclient.l2.tests.dll" priority="2" id="578475d1-8a58-8d09-4f48-569acb0816ca"><Owners><Owner name="vstlmtcm" /></Owners><TestCategory><TestCategoryItem TestCategory="Requires.OnPremises" /><TestCategoryItem TestCategory="TestTarget.Tfs" /><TestCategoryItem TestCategory="Team.TCM" /></TestCategory><Execution id="41251e7b-0713-4d04-9a6a-c102bbbce573" /><TestMethod codeBase="C:\t1\_work\t\TCM ExtendedClient L2 OnPrem\Tcm.Tfs.ExtendedClient.L2.Tests.dll" adapterTypeName="executor://mstestadapter/v2" className="Tcm.Tfs.ExtendedClient.L2.Tests.SuiteTests" name="SuiteUpdateOnSettingConfiguration" /></UnitTest><UnitTest name="ChildDynamicSuiteUpdate" storage="c:\t1\_work\t\tcm extendedclient l2 onprem\tcm.tfs.extendedclient.l2.tests.dll" priority="2" id="ecdadaa1-faaf-1d51-621f-0fe5c301d7d4"><Owners><Owner name="vstlmtcm" /></Owners><TestCategory><TestCategoryItem TestCategory="Requires.OnPremises" /><TestCategoryItem TestCategory="TestTarget.Tfs" /><TestCategoryItem TestCategory="Team.TCM" /></TestCategory><Execution id="51879758-de74-425d-9f03-803892709d37" /><TestMethod codeBase="C:\t1\_work\t\TCM ExtendedClient L2 OnPrem\Tcm.Tfs.ExtendedClient.L2.Tests.dll" adapterTypeName="executor://mstestadapter/v2" className="Tcm.Tfs.ExtendedClient.L2.Tests.SuiteTests" name="ChildDynamicSuiteUpdate" /></UnitTest><UnitTest name="SuiteParentTest" storage="c:\t1\_work\t\tcm extendedclient l2 onprem\tcm.tfs.extendedclient.l2.tests.dll" priority="2" id="80356364-6815-b5ae-c91d-bce3b5ac34be"><Owners><Owner name="vstlmtcm" /></Owners><TestCategory><TestCategoryItem TestCategory="Team.TCM" /><TestCategoryItem TestCategory="TestTarget.Tfs" /></TestCategory><Execution id="474dffb8-ed12-4920-9e2f-1db98a0db780" /><TestMethod codeBase="C:\t1\_work\t\TCM ExtendedClient L2 OnPrem\Tcm.Tfs.ExtendedClient.L2.Tests.dll" adapterTypeName="executor://mstestadapter/v2" className="Tcm.Tfs.ExtendedClient.L2.Tests.RootSuiteTests" name="SuiteParentTest" /></UnitTest><UnitTest name="TcmManualTestRunScenario" storage="c:\t1\_work\t\tcm extendedclient l2 onprem\tcm.tfs.extendedclient.l2.tests.dll" priority="1" id="beddc6f9-932e-dcaf-f7c5-3cfa4dd96756"><Owners><Owner name="vstlmtcm" /></Owners><TestCategory><TestCategoryItem TestCategory="Team.TCM" /><TestCategoryItem TestCategory="TestTarget.Tfs" /></TestCategory><Execution id="e709e330-7732-4d6f-a365-424edffcf765" /><TestMethod codeBase="C:\t1\_work\t\TCM ExtendedClient L2 OnPrem\Tcm.Tfs.ExtendedClient.L2.Tests.dll" adapterTypeName="executor://mstestadapter/v2" className="Tcm.Tfs.ExtendedClient.L2.Tests.TestManagementBasics" name="TcmManualTestRunScenario" /></UnitTest><UnitTest name="DynamicSuiteNoRepopulate" storage="c:\t1\_work\t\tcm extendedclient l2 onprem\tcm.tfs.extendedclient.l2.tests.dll" priority="2" id="c6c18ecb-c51f-2bb2-547b-200e667ae060"><Owners><Owner name="vstlmtcm" /></Owners><TestCategory><TestCategoryItem TestCategory="Requires.OnPremises" /><TestCategoryItem TestCategory="TestTarget.Tfs" /><TestCategoryItem TestCategory="Team.TCM" /></TestCategory><Execution id="20989c22-de0b-4960-a9b0-9df8cf146920" /><TestMethod codeBase="C:\t1\_work\t\TCM ExtendedClient L2 OnPrem\Tcm.Tfs.ExtendedClient.L2.Tests.dll" adapterTypeName="executor://mstestadapter/v2" className="Tcm.Tfs.ExtendedClient.L2.Tests.SuiteTests" name="DynamicSuiteNoRepopulate" /></UnitTest><UnitTest name="UpdateSingleTestSuiteFromWit" storage="c:\t1\_work\t\tcm extendedclient l2 onprem\tcm.tfs.extendedclient.l2.tests.dll" priority="2" id="f75e153f-e7fd-0a73-5eac-e4f2cf80ace4"><Owners><Owner name="vstlmtcm" /></Owners><TestCategory><TestCategoryItem TestCategory="Requires.OnPremises" /><TestCategoryItem TestCategory="TestTarget.Tfs" /><TestCategoryItem TestCategory="Team.TCM" /></TestCategory><Execution id="cd07ee24-d5f9-4e6e-a59d-d5252d4f3b04" /><TestMethod codeBase="C:\t1\_work\t\TCM ExtendedClient L2 OnPrem\Tcm.Tfs.ExtendedClient.L2.Tests.dll" adapterTypeName="executor://mstestadapter/v2" className="Tcm.Tfs.ExtendedClient.L2.Tests.SuiteTests" name="UpdateSingleTestSuiteFromWit" /></UnitTest><UnitTest name="QueryTestSuitesReferencingTestCaseNoReference" storage="c:\t1\_work\t\tcm extendedclient l2 onprem\tcm.tfs.extendedclient.l2.tests.dll" priority="2" id="efd02bb1-9870-ea93-8102-48824f358f1f"><Owners><Owner name="vstlmtcm" /></Owners><TestCategory><TestCategoryItem TestCategory="Requires.OnPremises" /><TestCategoryItem TestCategory="TestTarget.Tfs" /><TestCategoryItem TestCategory="Team.TCM" /></TestCategory><Execution id="88b97475-3da6-4648-a04d-f3f07134da5e" /><TestMethod codeBase="C:\t1\_work\t\TCM ExtendedClient L2 OnPrem\Tcm.Tfs.ExtendedClient.L2.Tests.dll" adapterTypeName="executor://mstestadapter/v2" className="Tcm.Tfs.ExtendedClient.L2.Tests.SuiteTests" name="QueryTestSuitesReferencingTestCaseNoReference" /></UnitTest><UnitTest name="NameValidationChildWithSameNameAsParent" storage="c:\t1\_work\t\tcm extendedclient l2 onprem\tcm.tfs.extendedclient.l2.tests.dll" priority="2" id="c693bc95-c0a2-3b0b-5ee0-e7b23af2ffff"><Owners><Owner name="vstlmtcm" /></Owners><TestCategory><TestCategoryItem TestCategory="Requires.OnPremises" /><TestCategoryItem TestCategory="TestTarget.Tfs" /><TestCategoryItem TestCategory="Team.TCM" /></TestCategory><Execution id="c88fa093-1547-40ef-933b-b991fd3691bb" /><TestMethod codeBase="C:\t1\_work\t\TCM ExtendedClient L2 OnPrem\Tcm.Tfs.ExtendedClient.L2.Tests.dll" adapterTypeName="executor://mstestadapter/v2" className="Tcm.Tfs.ExtendedClient.L2.Tests.SuiteTests" name="NameValidationChildWithSameNameAsParent" /></UnitTest><UnitTest name="StaticSuiteCreateInvalidTestCaseEntry" storage="c:\t1\_work\t\tcm extendedclient l2 onprem\tcm.tfs.extendedclient.l2.tests.dll" priority="2" id="76300605-2793-0614-85fd-355b4b8e6a03"><Owners><Owner name="vstlmtcm" /></Owners><TestCategory><TestCategoryItem TestCategory="Requires.OnPremises" /><TestCategoryItem TestCategory="TestTarget.Tfs" /><TestCategoryItem TestCategory="Team.TCM" /></TestCategory><Execution id="59f7c74a-583b-42b0-b82d-a58bf980be7d" /><TestMethod codeBase="C:\t1\_work\t\TCM ExtendedClient L2 OnPrem\Tcm.Tfs.ExtendedClient.L2.Tests.dll" adapterTypeName="executor://mstestadapter/v2" className="Tcm.Tfs.ExtendedClient.L2.Tests.SuiteTests" name="StaticSuiteCreateInvalidTestCaseEntry" /></UnitTest><UnitTest name="TcmConfigSettings" storage="c:\t1\_work\t\tcm extendedclient l2 onprem\tcm.tfs.extendedclient.l2.tests.dll" priority="2" id="a5db2561-2567-ad67-fd50-a50413f13a8d"><Owners><Owner name="vstlmtcm" /></Owners><TestCategory><TestCategoryItem TestCategory="Team.TCM" /><TestCategoryItem TestCategory="TestTarget.Tfs" /></TestCategory><Execution id="440bb4de-bf76-41d1-a6ee-39ee0035b758" /><TestMethod codeBase="C:\t1\_work\t\TCM ExtendedClient L2 OnPrem\Tcm.Tfs.ExtendedClient.L2.Tests.dll" adapterTypeName="executor://mstestadapter/v2" className="Tcm.Tfs.ExtendedClient.L2.Tests.TestManagementBasics" name="TcmConfigSettings" /></UnitTest><UnitTest name="TestSuiteDeleteCheckingRevision" storage="c:\t1\_work\t\tcm extendedclient l2 onprem\tcm.tfs.extendedclient.l2.tests.dll" priority="2" id="d091fb9f-6a31-7a25-1817-893b9681639d"><Owners><Owner name="vstlmtcm" /></Owners><TestCategory><TestCategoryItem TestCategory="Requires.OnPremises" /><TestCategoryItem TestCategory="TestTarget.Tfs" /><TestCategoryItem TestCategory="Team.TCM" /></TestCategory><Execution id="100cbb92-f5b7-40a0-9239-a21b32ab6e69" /><TestMethod codeBase="C:\t1\_work\t\TCM ExtendedClient L2 OnPrem\Tcm.Tfs.ExtendedClient.L2.Tests.dll" adapterTypeName="executor://mstestadapter/v2" className="Tcm.Tfs.ExtendedClient.L2.Tests.SuiteTests" name="TestSuiteDeleteCheckingRevision" /></UnitTest><UnitTest name="VerifyTestSuiteState" storage="c:\t1\_work\t\tcm extendedclient l2 onprem\tcm.tfs.extendedclient.l2.tests.dll" priority="2" id="2b5715b9-0363-c6aa-22fa-6e55c981f339"><Owners><Owner name="vstlmtcm" /></Owners><TestCategory><TestCategoryItem TestCategory="Requires.OnPremises" /><TestCategoryItem TestCategory="TestTarget.Tfs" /><TestCategoryItem TestCategory="Team.TCM" /></TestCategory><Execution id="6e8121e9-29f5-41aa-a0a0-35b897675df7" /><TestMethod codeBase="C:\t1\_work\t\TCM ExtendedClient L2 OnPrem\Tcm.Tfs.ExtendedClient.L2.Tests.dll" adapterTypeName="executor://mstestadapter/v2" className="Tcm.Tfs.ExtendedClient.L2.Tests.SuiteTests" name="VerifyTestSuiteState" /></UnitTest><UnitTest name="QueryTestSuitesReferencingDuplicateTestCase" storage="c:\t1\_work\t\tcm extendedclient l2 onprem\tcm.tfs.extendedclient.l2.tests.dll" priority="2" id="596d5f49-2b57-ef61-a518-abc98035e919"><Owners><Owner name="vstlmtcm" /></Owners><TestCategory><TestCategoryItem TestCategory="Requires.OnPremises" /><TestCategoryItem TestCategory="TestTarget.Tfs" /><TestCategoryItem TestCategory="Team.TCM" /></TestCategory><Execution id="8121f42c-c433-44eb-bc69-e49ab598c1c9" /><TestMethod codeBase="C:\t1\_work\t\TCM ExtendedClient L2 OnPrem\Tcm.Tfs.ExtendedClient.L2.Tests.dll" adapterTypeName="executor://mstestadapter/v2" className="Tcm.Tfs.ExtendedClient.L2.Tests.SuiteTests" name="QueryTestSuitesReferencingDuplicateTestCase" /></UnitTest><UnitTest name="StaticSuiteGetEntriesNull" storage="c:\t1\_work\t\tcm extendedclient l2 onprem\tcm.tfs.extendedclient.l2.tests.dll" priority="2" id="55aca388-0022-77b8-bb53-ce4db7574b2a"><Owners><Owner name="vstlmtcm" /></Owners><TestCategory><TestCategoryItem TestCategory="Requires.OnPremises" /><TestCategoryItem TestCategory="TestTarget.Tfs" /><TestCategoryItem TestCategory="Team.TCM" /></TestCategory><Execution id="602c9d7b-4aa7-4063-a769-59249c919977" /><TestMethod codeBase="C:\t1\_work\t\TCM ExtendedClient L2 OnPrem\Tcm.Tfs.ExtendedClient.L2.Tests.dll" adapterTypeName="executor://mstestadapter/v2" className="Tcm.Tfs.ExtendedClient.L2.Tests.SuiteTests" name="StaticSuiteGetEntriesNull" /></UnitTest><UnitTest name="NestedSuites" storage="c:\t1\_work\t\tcm extendedclient l2 onprem\tcm.tfs.extendedclient.l2.tests.dll" priority="2" id="0e4139e8-61f9-59cd-b189-6bdb185be76e"><Owners><Owner name="vstlmtcm" /></Owners><TestCategory><TestCategoryItem TestCategory="Requires.OnPremises" /><TestCategoryItem TestCategory="TestTarget.Tfs" /><TestCategoryItem TestCategory="Team.TCM" /></TestCategory><Execution id="a80e3d91-a341-46e5-bb52-84f3e5d3b62b" /><TestMethod codeBase="C:\t1\_work\t\TCM ExtendedClient L2 OnPrem\Tcm.Tfs.ExtendedClient.L2.Tests.dll" adapterTypeName="executor://mstestadapter/v2" className="Tcm.Tfs.ExtendedClient.L2.Tests.SuiteTests" name="NestedSuites" /></UnitTest><UnitTest name="SuiteCreatesUpdatesParent" storage="c:\t1\_work\t\tcm extendedclient l2 onprem\tcm.tfs.extendedclient.l2.tests.dll" priority="2" id="ddf78c3d-ab16-17cb-fc38-42f98c325a12"><Owners><Owner name="vstlmtcm" /></Owners><TestCategory><TestCategoryItem TestCategory="Requires.OnPremises" /><TestCategoryItem TestCategory="TestTarget.Tfs" /><TestCategoryItem TestCategory="Team.TCM" /></TestCategory><Execution id="638d5c59-f149-4b23-9adc-656a17c779ae" /><TestMethod codeBase="C:\t1\_work\t\TCM ExtendedClient L2 OnPrem\Tcm.Tfs.ExtendedClient.L2.Tests.dll" adapterTypeName="executor://mstestadapter/v2" className="Tcm.Tfs.ExtendedClient.L2.Tests.SuiteTests" name="SuiteCreatesUpdatesParent" /></UnitTest><UnitTest name="VerifyTestCaseCount" storage="c:\t1\_work\t\tcm extendedclient l2 onprem\tcm.tfs.extendedclient.l2.tests.dll" priority="2" id="c6073141-e400-55f3-54e3-63fd9e23a57e"><Owners><Owner name="vstlmtcm" /></Owners><TestCategory><TestCategoryItem TestCategory="Requires.OnPremises" /><TestCategoryItem TestCategory="TestTarget.Tfs" /><TestCategoryItem TestCategory="Team.TCM" /></TestCategory><Execution id="481addda-1419-485c-962f-8e921d04bb7a" /><TestMethod codeBase="C:\t1\_work\t\TCM ExtendedClient L2 OnPrem\Tcm.Tfs.ExtendedClient.L2.Tests.dll" adapterTypeName="executor://mstestadapter/v2" className="Tcm.Tfs.ExtendedClient.L2.Tests.SuiteTests" name="VerifyTestCaseCount" /></UnitTest><UnitTest name="DynamicSuiteRepopulate" storage="c:\t1\_work\t\tcm extendedclient l2 onprem\tcm.tfs.extendedclient.l2.tests.dll" priority="2" id="dcc48eb0-a844-762d-71e0-5299c2181aa3"><Owners><Owner name="vstlmtcm" /></Owners><TestCategory><TestCategoryItem TestCategory="Requires.OnPremises" /><TestCategoryItem TestCategory="TestTarget.Tfs" /><TestCategoryItem TestCategory="Team.TCM" /></TestCategory><Execution id="946dff9c-29c8-4165-8e89-deb26203162c" /><TestMethod codeBase="C:\t1\_work\t\TCM ExtendedClient L2 OnPrem\Tcm.Tfs.ExtendedClient.L2.Tests.dll" adapterTypeName="executor://mstestadapter/v2" className="Tcm.Tfs.ExtendedClient.L2.Tests.SuiteTests" name="DynamicSuiteRepopulate" /></UnitTest><UnitTest name="DynamicHierarchicalSuiteWithQueryReturningBugsAndTestCases" storage="c:\t1\_work\t\tcm extendedclient l2 onprem\tcm.tfs.extendedclient.l2.tests.dll" priority="2" id="e4f84835-01eb-e75c-515e-8656faaeddd7"><Owners><Owner name="vstlmtcm" /></Owners><TestCategory><TestCategoryItem TestCategory="Requires.OnPremises" /><TestCategoryItem TestCategory="TestTarget.Tfs" /><TestCategoryItem TestCategory="Team.TCM" /></TestCategory><Execution id="d116cbee-07ed-46a1-8994-1b3360420784" /><TestMethod codeBase="C:\t1\_work\t\TCM ExtendedClient L2 OnPrem\Tcm.Tfs.ExtendedClient.L2.Tests.dll" adapterTypeName="executor://mstestadapter/v2" className="Tcm.Tfs.ExtendedClient.L2.Tests.SuiteTests" name="DynamicHierarchicalSuiteWithQueryReturningBugsAndTestCases" /></UnitTest><UnitTest name="FindTestSuite" storage="c:\t1\_work\t\tcm extendedclient l2 onprem\tcm.tfs.extendedclient.l2.tests.dll" priority="2" id="bb3fc108-e107-0f83-889c-b176c596eecc"><Owners><Owner name="vstlmtcm" /></Owners><TestCategory><TestCategoryItem TestCategory="Requires.OnPremises" /><TestCategoryItem TestCategory="TestTarget.Tfs" /><TestCategoryItem TestCategory="Team.TCM" /></TestCategory><Execution id="c7853c60-0811-43f5-89ab-320550a6aead" /><TestMethod codeBase="C:\t1\_work\t\TCM ExtendedClient L2 OnPrem\Tcm.Tfs.ExtendedClient.L2.Tests.dll" adapterTypeName="executor://mstestadapter/v2" className="Tcm.Tfs.ExtendedClient.L2.Tests.SuiteTests" name="FindTestSuite" /></UnitTest><UnitTest name="AddDuplicateTestCases" storage="c:\t1\_work\t\tcm extendedclient l2 onprem\tcm.tfs.extendedclient.l2.tests.dll" priority="2" id="8d87850f-5b1b-0c9c-e0a0-c56889c0fae5"><Owners><Owner name="vstlmtcm" /></Owners><TestCategory><TestCategoryItem TestCategory="Requires.OnPremises" /><TestCategoryItem TestCategory="TestTarget.Tfs" /><TestCategoryItem TestCategory="Team.TCM" /></TestCategory><Execution id="e7d2c712-cb2a-4e9a-8753-63fbaabe49fa" /><TestMethod codeBase="C:\t1\_work\t\TCM ExtendedClient L2 OnPrem\Tcm.Tfs.ExtendedClient.L2.Tests.dll" adapterTypeName="executor://mstestadapter/v2" className="Tcm.Tfs.ExtendedClient.L2.Tests.SuiteTests" name="AddDuplicateTestCases" /></UnitTest><UnitTest name="TcmFeedback" storage="c:\t1\_work\t\tcm extendedclient l2 onprem\tcm.tfs.extendedclient.l2.tests.dll" priority="2" id="a772556d-25d1-5723-2662-abee54c10cd6"><Owners><Owner name="vstlmtcm" /></Owners><TestCategory><TestCategoryItem TestCategory="Team.TCM" /><TestCategoryItem TestCategory="TestTarget.Tfs" /></TestCategory><Execution id="bd39db2b-7811-46f6-abe7-40caa7a01f11" /><TestMethod codeBase="C:\t1\_work\t\TCM ExtendedClient L2 OnPrem\Tcm.Tfs.ExtendedClient.L2.Tests.dll" adapterTypeName="executor://mstestadapter/v2" className="Tcm.Tfs.ExtendedClient.L2.Tests.TestManagementBasics" name="TcmFeedback" /></UnitTest></TestDefinitions><TestEntries><TestEntry testId="a9a6a987-2186-23b2-456a-70960f444b9f" executionId="7b9c184a-53b8-4adb-83ab-ec25501133f5" testListId="8c84fa94-04c1-424b-9868-57a2d4851a1d" /><TestEntry testId="60bf5eec-aefc-c280-4f69-3dceb41a2f6b" executionId="756d2429-3957-4e51-8e64-3d1e441893c2" testListId="8c84fa94-04c1-424b-9868-57a2d4851a1d" /><TestEntry testId="bb3fc108-e107-0f83-889c-b176c596eecc" executionId="c7853c60-0811-43f5-89ab-320550a6aead" testListId="8c84fa94-04c1-424b-9868-57a2d4851a1d" /><TestEntry testId="7ba8efab-a80a-92f1-7a75-601f23212762" executionId="6fb64c84-a7e4-4bb6-a3d7-5bbc243be77b" testListId="8c84fa94-04c1-424b-9868-57a2d4851a1d" /><TestEntry testId="f9057581-aedc-99aa-b856-2f016e802061" executionId="6c27b3e7-6e3a-424a-bcac-a33018c579d2" testListId="8c84fa94-04c1-424b-9868-57a2d4851a1d" /><TestEntry testId="596d5f49-2b57-ef61-a518-abc98035e919" executionId="8121f42c-c433-44eb-bc69-e49ab598c1c9" testListId="8c84fa94-04c1-424b-9868-57a2d4851a1d" /><TestEntry testId="ec00b749-44b9-8127-0075-02ab0586bbb7" executionId="22049378-ac91-49a5-850a-a17fd661bc12" testListId="8c84fa94-04c1-424b-9868-57a2d4851a1d" /><TestEntry testId="8e2ddff8-3348-fe77-b0c2-776443e3b5f0" executionId="25bcba4c-071f-4d4b-9d7c-e6679f9c54de" testListId="8c84fa94-04c1-424b-9868-57a2d4851a1d" /><TestEntry testId="55aca388-0022-77b8-bb53-ce4db7574b2a" executionId="602c9d7b-4aa7-4063-a769-59249c919977" testListId="8c84fa94-04c1-424b-9868-57a2d4851a1d" /><TestEntry testId="85f9e471-f34a-aff7-12c5-c0a788c5aed3" executionId="a002739a-1e4e-49b2-bf4a-7776a229e602" testListId="8c84fa94-04c1-424b-9868-57a2d4851a1d" /><TestEntry testId="9e00dc12-4c33-4794-1377-7fc305abdbb9" executionId="8161c587-9ebf-40ef-9668-276f91ae0d64" testListId="8c84fa94-04c1-424b-9868-57a2d4851a1d" /><TestEntry testId="08bffca8-de32-4b19-555f-37bf56091639" executionId="d29a3e85-002f-413b-8c3d-f2ea4941223a" testListId="8c84fa94-04c1-424b-9868-57a2d4851a1d" /><TestEntry testId="a5db2561-2567-ad67-fd50-a50413f13a8d" executionId="440bb4de-bf76-41d1-a6ee-39ee0035b758" testListId="8c84fa94-04c1-424b-9868-57a2d4851a1d" /><TestEntry testId="dcc48eb0-a844-762d-71e0-5299c2181aa3" executionId="946dff9c-29c8-4165-8e89-deb26203162c" testListId="8c84fa94-04c1-424b-9868-57a2d4851a1d" /><TestEntry testId="f75e153f-e7fd-0a73-5eac-e4f2cf80ace4" executionId="cd07ee24-d5f9-4e6e-a59d-d5252d4f3b04" testListId="8c84fa94-04c1-424b-9868-57a2d4851a1d" /><TestEntry testId="ea82e3a0-0456-64fe-31a1-03b45b9c06bc" executionId="c5cec12f-31b2-499f-93b1-8ddabccac83a" testListId="8c84fa94-04c1-424b-9868-57a2d4851a1d" /><TestEntry testId="d5c833bf-4363-d9d0-7179-fb0050d83d20" executionId="6482dfe8-e1f0-46ca-bdd6-c28ee2052633" testListId="8c84fa94-04c1-424b-9868-57a2d4851a1d" /><TestEntry testId="d091fb9f-6a31-7a25-1817-893b9681639d" executionId="100cbb92-f5b7-40a0-9239-a21b32ab6e69" testListId="8c84fa94-04c1-424b-9868-57a2d4851a1d" /><TestEntry testId="0e4139e8-61f9-59cd-b189-6bdb185be76e" executionId="a80e3d91-a341-46e5-bb52-84f3e5d3b62b" testListId="8c84fa94-04c1-424b-9868-57a2d4851a1d" /><TestEntry testId="e4f84835-01eb-e75c-515e-8656faaeddd7" executionId="d116cbee-07ed-46a1-8994-1b3360420784" testListId="8c84fa94-04c1-424b-9868-57a2d4851a1d" /><TestEntry testId="18a3a438-4fd5-6eb4-8077-9afee3bc226e" executionId="db0d8669-7c54-4d0d-a77d-0e27e0f3f0b7" testListId="8c84fa94-04c1-424b-9868-57a2d4851a1d" /><TestEntry testId="efe40946-9872-fd54-1d1c-6fab503f703b" executionId="3517fdda-39c4-4547-bf04-111d0a62ed67" testListId="8c84fa94-04c1-424b-9868-57a2d4851a1d" /><TestEntry testId="a772556d-25d1-5723-2662-abee54c10cd6" executionId="bd39db2b-7811-46f6-abe7-40caa7a01f11" testListId="8c84fa94-04c1-424b-9868-57a2d4851a1d" /><TestEntry testId="c6c18ecb-c51f-2bb2-547b-200e667ae060" executionId="20989c22-de0b-4960-a9b0-9df8cf146920" testListId="8c84fa94-04c1-424b-9868-57a2d4851a1d" /><TestEntry testId="33fa5a02-52de-7791-e3fd-cdf8aa9d0717" executionId="6cb487fc-6606-495b-a867-50acb7aeff0e" testListId="8c84fa94-04c1-424b-9868-57a2d4851a1d" /><TestEntry testId="ecdadaa1-faaf-1d51-621f-0fe5c301d7d4" executionId="51879758-de74-425d-9f03-803892709d37" testListId="8c84fa94-04c1-424b-9868-57a2d4851a1d" /><TestEntry testId="10ee8bc0-2536-08ae-6704-007a275264b4" executionId="b2b2c00d-6a32-4bf1-b4e3-445eb100d2a9" testListId="8c84fa94-04c1-424b-9868-57a2d4851a1d" /><TestEntry testId="beddc6f9-932e-dcaf-f7c5-3cfa4dd96756" executionId="e709e330-7732-4d6f-a365-424edffcf765" testListId="8c84fa94-04c1-424b-9868-57a2d4851a1d" /><TestEntry testId="330ea7ae-0b9e-9937-8450-c46be5e213c5" executionId="c511d265-f6d8-4240-b127-767c05da7169" testListId="8c84fa94-04c1-424b-9868-57a2d4851a1d" /><TestEntry testId="91ab37d7-abfe-8687-3d46-c233c0e7d7ab" executionId="737cc33e-a886-4669-bc1a-dbcef8bc3ecf" testListId="8c84fa94-04c1-424b-9868-57a2d4851a1d" /><TestEntry testId="1b45cd4f-5fd6-5e97-888f-9c82dbfb18c2" executionId="86f3c87b-1332-41aa-885d-e359dddcb119" testListId="8c84fa94-04c1-424b-9868-57a2d4851a1d" /><TestEntry testId="ddf78c3d-ab16-17cb-fc38-42f98c325a12" executionId="638d5c59-f149-4b23-9adc-656a17c779ae" testListId="8c84fa94-04c1-424b-9868-57a2d4851a1d" /><TestEntry testId="08d5ff04-c3f6-f4e5-9a99-b8d24bda2439" executionId="febd0618-3963-4dbb-b056-f8cde8705cb7" testListId="8c84fa94-04c1-424b-9868-57a2d4851a1d" /><TestEntry testId="c92cd6b5-9e2f-fdcd-5039-fbe2b403e491" executionId="4c0b2aaf-5aa6-46f1-891d-e15653923bb2" testListId="8c84fa94-04c1-424b-9868-57a2d4851a1d" /><TestEntry testId="f6373077-429c-be76-9520-54772584698e" executionId="55c24087-3d03-48b0-a969-78ef391494d7" testListId="8c84fa94-04c1-424b-9868-57a2d4851a1d" /><TestEntry testId="76300605-2793-0614-85fd-355b4b8e6a03" executionId="59f7c74a-583b-42b0-b82d-a58bf980be7d" testListId="8c84fa94-04c1-424b-9868-57a2d4851a1d" /><TestEntry testId="efd02bb1-9870-ea93-8102-48824f358f1f" executionId="88b97475-3da6-4648-a04d-f3f07134da5e" testListId="8c84fa94-04c1-424b-9868-57a2d4851a1d" /><TestEntry testId="8d87850f-5b1b-0c9c-e0a0-c56889c0fae5" executionId="e7d2c712-cb2a-4e9a-8753-63fbaabe49fa" testListId="8c84fa94-04c1-424b-9868-57a2d4851a1d" /><TestEntry testId="c89763c0-20d2-9881-6fb5-3100cb355d01" executionId="affefc92-f814-488e-9f5e-b098de5f7077" testListId="8c84fa94-04c1-424b-9868-57a2d4851a1d" /><TestEntry testId="2b5715b9-0363-c6aa-22fa-6e55c981f339" executionId="6e8121e9-29f5-41aa-a0a0-35b897675df7" testListId="8c84fa94-04c1-424b-9868-57a2d4851a1d" /><TestEntry testId="09088c1b-fb8f-7112-e2dc-4ccad4f0caf3" executionId="339c5d3b-b5ba-4ed3-a6b5-a5d90f63673e" testListId="8c84fa94-04c1-424b-9868-57a2d4851a1d" /><TestEntry testId="e967b3f7-fd05-f81f-973d-b8b86a89ccf7" executionId="88256f7e-9c13-4f0a-8bc3-d0e0c78700d2" testListId="8c84fa94-04c1-424b-9868-57a2d4851a1d" /><TestEntry testId="578475d1-8a58-8d09-4f48-569acb0816ca" executionId="41251e7b-0713-4d04-9a6a-c102bbbce573" testListId="8c84fa94-04c1-424b-9868-57a2d4851a1d" /><TestEntry testId="840f3ba2-0f00-43b7-9f0e-ca316c7b07ca" executionId="1718dc42-945d-4cb7-9f36-d45c16247889" testListId="8c84fa94-04c1-424b-9868-57a2d4851a1d" /><TestEntry testId="80356364-6815-b5ae-c91d-bce3b5ac34be" executionId="474dffb8-ed12-4920-9e2f-1db98a0db780" testListId="8c84fa94-04c1-424b-9868-57a2d4851a1d" /><TestEntry testId="a596c63c-39b0-cc40-00a3-9525f0e71712" executionId="98b84430-457f-4034-ae25-3b9d11261276" testListId="8c84fa94-04c1-424b-9868-57a2d4851a1d" /><TestEntry testId="768e0ded-c758-fefb-0593-d4aefaf8cfc0" executionId="ccb52e92-52ea-4822-95ad-39029df11499" testListId="8c84fa94-04c1-424b-9868-57a2d4851a1d" /><TestEntry testId="819d8530-a49d-7066-2460-f196337e87cb" executionId="5bcd11d8-453a-4121-a305-56a36fb31d24" testListId="8c84fa94-04c1-424b-9868-57a2d4851a1d" /><TestEntry testId="c693bc95-c0a2-3b0b-5ee0-e7b23af2ffff" executionId="c88fa093-1547-40ef-933b-b991fd3691bb" testListId="8c84fa94-04c1-424b-9868-57a2d4851a1d" /><TestEntry testId="712ffe21-f87e-2a3d-4218-695b0b0bb55a" executionId="1d686b84-6099-461d-acfb-374632781c30" testListId="8c84fa94-04c1-424b-9868-57a2d4851a1d" /><TestEntry testId="c6073141-e400-55f3-54e3-63fd9e23a57e" executionId="481addda-1419-485c-962f-8e921d04bb7a" testListId="8c84fa94-04c1-424b-9868-57a2d4851a1d" /><TestEntry testId="2a01c8f3-4843-5951-1384-4068422e386c" executionId="ebd4ac4b-3b1b-4bac-91c6-285af0520308" testListId="8c84fa94-04c1-424b-9868-57a2d4851a1d" /><TestEntry testId="6652ef43-b5d8-d5a9-5004-766156737c9e" executionId="2de0ca8a-9ccc-451d-ae84-bfdd4482964a" testListId="8c84fa94-04c1-424b-9868-57a2d4851a1d" /><TestEntry testId="a98a83ad-d1bc-58c3-9916-66b297e900d4" executionId="b78148c2-b3a3-44e3-85a3-576961ef9a9d" testListId="8c84fa94-04c1-424b-9868-57a2d4851a1d" /><TestEntry testId="bae31334-fcd9-f8db-ff1c-5f03ba937678" executionId="3e006521-26e1-40a8-80be-c61ca23352c1" testListId="8c84fa94-04c1-424b-9868-57a2d4851a1d" /><TestEntry testId="f949c239-8ea9-a2ca-994f-edce958bc068" executionId="6c596871-fb23-441a-923e-9257cd875029" testListId="8c84fa94-04c1-424b-9868-57a2d4851a1d" /></TestEntries><TestLists><TestList name="Results Not in a List" id="8c84fa94-04c1-424b-9868-57a2d4851a1d" /><TestList name="All Loaded Results" id="19431567-8539-422a-85d7-44ee4e166bda" /></TestLists><ResultSummary outcome="Completed"><Counters total="56" executed="55" passed="55" failed="0" error="0" timeout="0" aborted="0" inconclusive="0" passedButRunAborted="0" notRunnable="0" notExecuted="0" disconnected="0" warning="0" completed="0" inProgress="0" pending="0" /><Output><StdOut>Test 'TcmManualTestRunScenario' was skipped in the test run.</StdOut></Output></ResultSummary></TestRun>